. 2023-10-16 08:58:19.287 --------------------------------------------------------------------------
. 2023-10-16 08:58:19.287 WinSCP Versione 6.1.1 (Build 13736 2023-06-21) (OS 10.0.17763 – Windows Server 2019 Standard)
. 2023-10-16 08:58:19.287 Configuration: HKCU\Software\Martin Prikryl\WinSCP 2\
. 2023-10-16 08:58:19.287 Log level: Normal
. 2023-10-16 08:58:19.287 Local account: DB-BI\Administrator
. 2023-10-16 08:58:19.287 Working directory: C:\VOC
. 2023-10-16 08:58:19.287 Process ID: 6996
. 2023-10-16 08:58:19.302 Ancestor processes: cmd, explorer, ...
. 2023-10-16 08:58:19.302 Command-line: "C:\Program Files (x86)\WinSCP\WinSCP.exe"  /log="C:\VOC\log.log" /command "open sftp://uniongas:***@sftp.sandsiv.com -hostkey=*"     "lcd C:\VOC\download"     "cd /uniongas/InputFiles"     "put *"     "close"     "exit"
. 2023-10-16 08:58:19.302 Time zone: Current: GMT+2, Standard: GMT+1 (ora solare Europa occidentale), DST: GMT+2 (ora legale Europa occidentale), DST Start: 26/03/2023, DST End: 29/10/2023
. 2023-10-16 08:58:19.302 Login time: lunedì 16 ottobre 2023 08:58:19
. 2023-10-16 08:58:19.302 --------------------------------------------------------------------------
. 2023-10-16 08:58:19.302 Script: Retrospectively logging previous script records:
> 2023-10-16 08:58:19.302 Script: open sftp://uniongas:***@sftp.sandsiv.com -hostkey=*
. 2023-10-16 08:58:19.302 --------------------------------------------------------------------------
. 2023-10-16 08:58:19.302 Session name: uniongas@sftp.sandsiv.com (Ad-Hoc site)
. 2023-10-16 08:58:19.302 Host name: sftp.sandsiv.com (Port: 22)
. 2023-10-16 08:58:19.302 User name: uniongas (Password: Yes, Key file: No, Passphrase: No)
. 2023-10-16 08:58:19.302 Tunnel: No
. 2023-10-16 08:58:19.302 Transfer Protocol: SFTP
. 2023-10-16 08:58:19.302 Ping type: Off, Ping interval: 30 sec; Timeout: 15 sec
. 2023-10-16 08:58:19.302 Disable Nagle: No
. 2023-10-16 08:58:19.302 Proxy: None
. 2023-10-16 08:58:19.302 Send buffer: 262144
. 2023-10-16 08:58:19.302 Compression: No
. 2023-10-16 08:58:19.302 Bypass authentication: No
. 2023-10-16 08:58:19.302 Try agent: Yes; Agent forwarding: No; KI: Yes; GSSAPI: Yes
. 2023-10-16 08:58:19.302 GSSAPI: KEX: No; Forwarding: No; Libs: gssapi32,sspi,custom; Custom: 
. 2023-10-16 08:58:19.302 Ciphers: aes,chacha20,aesgcm,3des,WARN,des,blowfish,arcfour; Ssh2DES: No
. 2023-10-16 08:58:19.302 KEX: ntru-curve25519,ecdh,dh-gex-sha1,dh-group18-sha512,dh-group17-sha512,dh-group16-sha512,dh-group15-sha512,dh-group14-sha1,rsa,WARN,dh-group1-sha1
. 2023-10-16 08:58:19.302 SSH Bugs: Auto,Auto,Auto,Auto,Auto,Auto,Auto,Auto,Auto,Auto
. 2023-10-16 08:58:19.302 Simple channel: Yes
. 2023-10-16 08:58:19.302 Return code variable: Autodetect; Lookup user groups: Auto
. 2023-10-16 08:58:19.302 Shell: default
. 2023-10-16 08:58:19.302 EOL: LF, UTF: Auto
. 2023-10-16 08:58:19.302 Clear aliases: Yes, Unset nat.vars: Yes, Resolve symlinks: Yes; Follow directory symlinks: No
. 2023-10-16 08:58:19.302 LS: ls -la, Ign LS warn: Yes, Scp1 Comp: No; Exit code 1 is error: No
. 2023-10-16 08:58:19.302 SFTP Bugs: Auto,Auto
. 2023-10-16 08:58:19.302 SFTP Server: default
. 2023-10-16 08:58:19.302 Local directory: default, Remote directory: home, Update: Yes, Cache: Yes
. 2023-10-16 08:58:19.302 Cache directory changes: Yes, Permanent: Yes
. 2023-10-16 08:58:19.302 Recycle bin: Delete to: No, Overwritten to: No, Bin path: 
. 2023-10-16 08:58:19.302 DST mode: Unix
. 2023-10-16 08:58:19.302 --------------------------------------------------------------------------
< 2023-10-16 08:58:19.302 Script: Ricerca host ...
. 2023-10-16 08:58:19.302 Looking up host "sftp.sandsiv.com" for SSH connection
. 2023-10-16 08:58:19.302 Connecting to 77.109.144.51 port 22
. 2023-10-16 08:58:19.365 Connected to 77.109.144.51
< 2023-10-16 08:58:19.365 Script: Connessione host ...
. 2023-10-16 08:58:19.365 We claim version: SSH-2.0-WinSCP_release_6.1.1
. 2023-10-16 08:58:19.365 Connected to 77.109.144.51
. 2023-10-16 08:58:19.443 Remote version: SSH-2.0-OpenSSH_5.3
. 2023-10-16 08:58:19.443 We believe remote version has SSH-2 channel request bug
. 2023-10-16 08:58:19.443 Using SSH protocol version 2
. 2023-10-16 08:58:19.490 Doing Diffie-Hellman group exchange
. 2023-10-16 08:58:19.537 Doing Diffie-Hellman key exchange using 4096-bit modulus and hash SHA-256 with a server-supplied group
. 2023-10-16 08:58:21.821 Server also has ssh-dss host key, but we don't know it
. 2023-10-16 08:58:21.821 Host key fingerprint is:
. 2023-10-16 08:58:21.821 ssh-rsa 2048 SHA256:eelF88eFuOlODwKGUpnnqatJdFSTRhBSqEJAos67GqQ
< 2023-10-16 08:58:21.821 Script: Autenticazione ...
< 2023-10-16 08:58:21.821 Script: ATTENZIONE! Stai rinunciando alla sicurezza e accettando ogni chiave come configurato!
* 2023-10-16 08:58:21.821 ATTENZIONE! Stai rinunciando alla sicurezza e accettando ogni chiave come configurato!
. 2023-10-16 08:58:21.821 Initialised AES-256 SDCTR (unaccelerated) [aes256-ctr] outbound encryption
. 2023-10-16 08:58:21.821 Initialised HMAC-SHA-256 outbound MAC algorithm
. 2023-10-16 08:58:21.821 Initialised AES-256 SDCTR (unaccelerated) [aes256-ctr] inbound encryption
. 2023-10-16 08:58:21.821 Initialised HMAC-SHA-256 inbound MAC algorithm
! 2023-10-16 08:58:21.899 Using username "uniongas".
< 2023-10-16 08:58:21.899 Script: Usa nome utente "uniongas".
. 2023-10-16 08:58:22.291 Server offered these authentication methods: publickey,gssapi-keyex,gssapi-with-mic,password
. 2023-10-16 08:58:22.291 Using SSPI from SECUR32.DLL
. 2023-10-16 08:58:22.291 Trying gssapi-with-mic...
. 2023-10-16 08:58:22.291 Attempting GSSAPI authentication
. 2023-10-16 08:58:22.401 GSSAPI authentication request refused
. 2023-10-16 08:58:22.401 Server offered these authentication methods: publickey,gssapi-keyex,gssapi-with-mic,password
. 2023-10-16 08:58:22.401 Prompt (password, "SSH password", <no instructions>, "&Password: ")
. 2023-10-16 08:58:22.401 Using stored password.
< 2023-10-16 08:58:22.401 Script: Autenticazione con password preimpostata
. 2023-10-16 08:58:22.401 Sent password
. 2023-10-16 08:58:22.572 Access granted
. 2023-10-16 08:58:22.572 Opening main session channel
. 2023-10-16 08:58:22.729 Opened main channel
. 2023-10-16 08:58:22.822 Started a shell/command
< 2023-10-16 08:58:22.822 Script: Autenticato.
. 2023-10-16 08:58:22.822 --------------------------------------------------------------------------
. 2023-10-16 08:58:22.822 Using SFTP protocol.
. 2023-10-16 08:58:22.822 Doing startup conversation with host.
< 2023-10-16 08:58:22.822 Script: Avvio sessione ...
> 2023-10-16 08:58:22.822 Type: SSH_FXP_INIT, Size: 5, Number: -1
< 2023-10-16 08:58:22.932 Type: SSH_FXP_VERSION, Size: 95, Number: -1
. 2023-10-16 08:58:22.932 SFTP version 3 negotiated.
. 2023-10-16 08:58:22.932 Unknown server extension posix-rename@openssh.com="1"
. 2023-10-16 08:58:22.932 Supports statvfs@openssh.com extension version 2
. 2023-10-16 08:58:22.932 Unknown server extension fstatvfs@openssh.com="2"
. 2023-10-16 08:58:22.932 We believe the server has signed timestamps bug
. 2023-10-16 08:58:22.932 We will use UTF-8 strings until server sends an invalid UTF-8 string as with SFTP version 3 and older UTF-8 strings are not mandatory
. 2023-10-16 08:58:22.932 Limiting packet size to OpenSSH sftp-server limit of 262148 bytes
. 2023-10-16 08:58:22.932 Getting current directory name.
. 2023-10-16 08:58:22.932 Getting real path for '.'
> 2023-10-16 08:58:22.932 Type: SSH_FXP_REALPATH, Size: 10, Number: 16
< 2023-10-16 08:58:23.026 Type: SSH_FXP_NAME, Size: 39, Number: 16
. 2023-10-16 08:58:23.026 Real path is '/uniongas'
. 2023-10-16 08:58:23.026 Startup conversation with host finished.
< 2023-10-16 08:58:23.026 Script: Sessione avviata.
< 2023-10-16 08:58:23.026 Script: Sessione attiva: [1] uniongas@sftp.sandsiv.com
> 2023-10-16 08:58:23.026 Script: lcd C:\VOC\download
< 2023-10-16 08:58:23.026 Script: C:\VOC\download
> 2023-10-16 08:58:23.026 Script: cd /uniongas/InputFiles
. 2023-10-16 08:58:23.026 Cached directory change via "/uniongas/InputFiles" to "/uniongas/InputFiles".
. 2023-10-16 08:58:23.026 Getting current directory name.
< 2023-10-16 08:58:23.026 Script: /uniongas/InputFiles
> 2023-10-16 08:58:23.026 Script: put *
. 2023-10-16 08:58:23.026 Copying 1 files/directories to remote directory "/uniongas/InputFiles" - total size: 233.116
. 2023-10-16 08:58:23.026   PrTime: Yes; PrRO: No; Rght: rw-r--r--; PrR: No (No); FnCs: N; RIC: 0100; Resume: S (102400); CalcS: No; Mask: 
. 2023-10-16 08:58:23.026   TM: B; ClAr: No; RemEOF: No; RemBOM: No; CPS: 0; NewerOnly: No; EncryptNewFiles: Yes; ExcludeHiddenFiles: No; ExcludeEmptyDirectories: No; InclM: ; ResumeL: 0
. 2023-10-16 08:58:23.026   AscM: *.*html; *.htm; *.txt; *.php; *.php3; *.cgi; *.c; *.cpp; *.h; *.pas; *.bas; *.tex; *.pl; *.js; .htaccess; *.xtml; *.css; *.cfg; *.ini; *.sh; *.xml
. 2023-10-16 08:58:23.026 File: 'switchout_231016.csv' [2023-10-16T08:58:09.000Z] [233116]
. 2023-10-16 08:58:23.026 Copying "switchout_231016.csv" to remote directory started.
. 2023-10-16 08:58:23.026 Binary transfer mode selected.
. 2023-10-16 08:58:23.026 Checking existence of file.
> 2023-10-16 08:58:23.026 Type: SSH_FXP_LSTAT, Size: 50, Number: 263
< 2023-10-16 08:58:23.135 Type: SSH_FXP_STATUS, Size: 29, Number: 263
< 2023-10-16 08:58:23.135 Status code: 2
. 2023-10-16 08:58:23.135 Checking existence of partially transferred file.
> 2023-10-16 08:58:23.135 Type: SSH_FXP_LSTAT, Size: 59, Number: 519
< 2023-10-16 08:58:23.244 Type: SSH_FXP_STATUS, Size: 29, Number: 519
< 2023-10-16 08:58:23.244 Status code: 2
. 2023-10-16 08:58:23.244 Opening remote file.
> 2023-10-16 08:58:23.244 Type: SSH_FXP_OPEN, Size: 75, Number: 771
< 2023-10-16 08:58:23.339 Type: SSH_FXP_HANDLE, Size: 13, Number: 771
> 2023-10-16 08:58:23.339 Type: SSH_FXP_WRITE, Size: 32761, Number: 1286
. 2023-10-16 08:58:23.339 Skipped 7 SSH_FXP_WRITE packets
> 2023-10-16 08:58:23.339 Type: SSH_FXP_CLOSE, Size: 13, Number: 3332
< 2023-10-16 08:58:23.527 Type: SSH_FXP_STATUS, Size: 24, Number: 1286
< 2023-10-16 08:58:23.527 Status code: 0
. 2023-10-16 08:58:23.918 Skipped 7 SSH_FXP_STATUS packets
< 2023-10-16 08:58:23.918 Type: SSH_FXP_STATUS, Size: 24, Number: 3332
< 2023-10-16 08:58:23.918 Status code: 0
> 2023-10-16 08:58:23.918 Type: SSH_FXP_RENAME, Size: 104, Number: 3602
< 2023-10-16 08:58:24.027 Type: SSH_FXP_STATUS, Size: 24, Number: 3602
< 2023-10-16 08:58:24.027 Status code: 0
. 2023-10-16 08:58:24.027 Preserving timestamp [2023-10-16T08:58:09.000Z]
> 2023-10-16 08:58:24.027 Type: SSH_FXP_SETSTAT, Size: 62, Number: 1033
< 2023-10-16 08:58:24.121 Type: SSH_FXP_STATUS, Size: 24, Number: 1033
< 2023-10-16 08:58:24.121 Status code: 0
. 2023-10-16 08:58:24.121 Transfer done: 'switchout_231016.csv' => '/uniongas/InputFiles/switchout_231016.csv' [233116]
. 2023-10-16 08:58:24.121 Copying finished: Transferred: 233.116, Elapsed: 0:00:01, CPS: 212.891/s
> 2023-10-16 08:58:24.121 Script: close
. 2023-10-16 08:58:24.121 Closing connection.
. 2023-10-16 08:58:24.121 Sending special code: 1
. 2023-10-16 08:58:24.230 Session sent command exit status 0
. 2023-10-16 08:58:24.230 Main session channel closed
. 2023-10-16 08:58:24.230 All channels closed
. 2023-10-16 08:58:24.327 --------------------------------------------------------------------------
. 2023-10-16 08:58:24.327 WinSCP Versione 6.1.1 (Build 13736 2023-06-21) (OS 10.0.17763 – Windows Server 2019 Standard)
. 2023-10-16 08:58:24.327 Configuration: HKCU\Software\Martin Prikryl\WinSCP 2\
. 2023-10-16 08:58:24.327 Log level: Normal
. 2023-10-16 08:58:24.327 Local account: DB-BI\Administrator
. 2023-10-16 08:58:24.327 Working directory: C:\VOC
. 2023-10-16 08:58:24.327 Process ID: 7100
. 2023-10-16 08:58:24.327 Ancestor processes: cmd, explorer, ...
. 2023-10-16 08:58:24.327 Command-line: "C:\Program Files (x86)\WinSCP\WinSCP.exe"  /log="C:\VOC\log.log" /command "open sftp://uniongas:***@sftp.sandsiv.com -hostkey=*" 	"cd /uniongas/InputFiles"     "ls" 	"close"     "exit"
. 2023-10-16 08:58:24.327 Time zone: Current: GMT+2, Standard: GMT+1 (ora solare Europa occidentale), DST: GMT+2 (ora legale Europa occidentale), DST Start: 26/03/2023, DST End: 29/10/2023
. 2023-10-16 08:58:24.327 Login time: lunedì 16 ottobre 2023 08:58:24
. 2023-10-16 08:58:24.327 --------------------------------------------------------------------------
. 2023-10-16 08:58:24.327 Script: Retrospectively logging previous script records:
> 2023-10-16 08:58:24.327 Script: open sftp://uniongas:***@sftp.sandsiv.com -hostkey=*
. 2023-10-16 08:58:24.327 --------------------------------------------------------------------------
. 2023-10-16 08:58:24.327 Session name: uniongas@sftp.sandsiv.com (Ad-Hoc site)
. 2023-10-16 08:58:24.327 Host name: sftp.sandsiv.com (Port: 22)
. 2023-10-16 08:58:24.327 User name: uniongas (Password: Yes, Key file: No, Passphrase: No)
. 2023-10-16 08:58:24.327 Tunnel: No
. 2023-10-16 08:58:24.327 Transfer Protocol: SFTP
. 2023-10-16 08:58:24.327 Ping type: Off, Ping interval: 30 sec; Timeout: 15 sec
. 2023-10-16 08:58:24.327 Disable Nagle: No
. 2023-10-16 08:58:24.327 Proxy: None
. 2023-10-16 08:58:24.327 Send buffer: 262144
. 2023-10-16 08:58:24.327 Compression: No
. 2023-10-16 08:58:24.327 Bypass authentication: No
. 2023-10-16 08:58:24.327 Try agent: Yes; Agent forwarding: No; KI: Yes; GSSAPI: Yes
. 2023-10-16 08:58:24.327 GSSAPI: KEX: No; Forwarding: No; Libs: gssapi32,sspi,custom; Custom: 
. 2023-10-16 08:58:24.327 Ciphers: aes,chacha20,aesgcm,3des,WARN,des,blowfish,arcfour; Ssh2DES: No
. 2023-10-16 08:58:24.327 KEX: ntru-curve25519,ecdh,dh-gex-sha1,dh-group18-sha512,dh-group17-sha512,dh-group16-sha512,dh-group15-sha512,dh-group14-sha1,rsa,WARN,dh-group1-sha1
. 2023-10-16 08:58:24.327 SSH Bugs: Auto,Auto,Auto,Auto,Auto,Auto,Auto,Auto,Auto,Auto
. 2023-10-16 08:58:24.327 Simple channel: Yes
. 2023-10-16 08:58:24.327 Return code variable: Autodetect; Lookup user groups: Auto
. 2023-10-16 08:58:24.327 Shell: default
. 2023-10-16 08:58:24.327 EOL: LF, UTF: Auto
. 2023-10-16 08:58:24.327 Clear aliases: Yes, Unset nat.vars: Yes, Resolve symlinks: Yes; Follow directory symlinks: No
. 2023-10-16 08:58:24.327 LS: ls -la, Ign LS warn: Yes, Scp1 Comp: No; Exit code 1 is error: No
. 2023-10-16 08:58:24.327 SFTP Bugs: Auto,Auto
. 2023-10-16 08:58:24.327 SFTP Server: default
. 2023-10-16 08:58:24.327 Local directory: default, Remote directory: home, Update: Yes, Cache: Yes
. 2023-10-16 08:58:24.327 Cache directory changes: Yes, Permanent: Yes
. 2023-10-16 08:58:24.327 Recycle bin: Delete to: No, Overwritten to: No, Bin path: 
. 2023-10-16 08:58:24.327 DST mode: Unix
. 2023-10-16 08:58:24.327 --------------------------------------------------------------------------
< 2023-10-16 08:58:24.327 Script: Ricerca host ...
. 2023-10-16 08:58:24.327 Looking up host "sftp.sandsiv.com" for SSH connection
. 2023-10-16 08:58:24.343 Connecting to 77.109.144.51 port 22
. 2023-10-16 08:58:24.421 Connected to 77.109.144.51
< 2023-10-16 08:58:24.421 Script: Connessione host ...
. 2023-10-16 08:58:24.421 We claim version: SSH-2.0-WinSCP_release_6.1.1
. 2023-10-16 08:58:24.421 Connected to 77.109.144.51
. 2023-10-16 08:58:24.515 Remote version: SSH-2.0-OpenSSH_5.3
. 2023-10-16 08:58:24.515 We believe remote version has SSH-2 channel request bug
. 2023-10-16 08:58:24.515 Using SSH protocol version 2
. 2023-10-16 08:58:24.608 Doing Diffie-Hellman group exchange
. 2023-10-16 08:58:24.671 Doing Diffie-Hellman key exchange using 4096-bit modulus and hash SHA-256 with a server-supplied group
. 2023-10-16 08:58:26.939 Server also has ssh-dss host key, but we don't know it
. 2023-10-16 08:58:26.939 Host key fingerprint is:
. 2023-10-16 08:58:26.939 ssh-rsa 2048 SHA256:eelF88eFuOlODwKGUpnnqatJdFSTRhBSqEJAos67GqQ
< 2023-10-16 08:58:26.939 Script: Autenticazione ...
< 2023-10-16 08:58:26.939 Script: ATTENZIONE! Stai rinunciando alla sicurezza e accettando ogni chiave come configurato!
* 2023-10-16 08:58:26.939 ATTENZIONE! Stai rinunciando alla sicurezza e accettando ogni chiave come configurato!
. 2023-10-16 08:58:26.939 Initialised AES-256 SDCTR (unaccelerated) [aes256-ctr] outbound encryption
. 2023-10-16 08:58:26.939 Initialised HMAC-SHA-256 outbound MAC algorithm
. 2023-10-16 08:58:26.939 Initialised AES-256 SDCTR (unaccelerated) [aes256-ctr] inbound encryption
. 2023-10-16 08:58:26.939 Initialised HMAC-SHA-256 inbound MAC algorithm
! 2023-10-16 08:58:27.033 Using username "uniongas".
< 2023-10-16 08:58:27.033 Script: Usa nome utente "uniongas".
. 2023-10-16 08:58:27.111 Server offered these authentication methods: publickey,gssapi-keyex,gssapi-with-mic,password
. 2023-10-16 08:58:27.111 Using SSPI from SECUR32.DLL
. 2023-10-16 08:58:27.111 Trying gssapi-with-mic...
. 2023-10-16 08:58:27.111 Attempting GSSAPI authentication
. 2023-10-16 08:58:27.204 GSSAPI authentication request refused
. 2023-10-16 08:58:27.204 Server offered these authentication methods: publickey,gssapi-keyex,gssapi-with-mic,password
. 2023-10-16 08:58:27.204 Prompt (password, "SSH password", <no instructions>, "&Password: ")
. 2023-10-16 08:58:27.204 Using stored password.
< 2023-10-16 08:58:27.204 Script: Autenticazione con password preimpostata
. 2023-10-16 08:58:27.204 Sent password
. 2023-10-16 08:58:27.346 Access granted
. 2023-10-16 08:58:27.346 Opening main session channel
. 2023-10-16 08:58:27.487 Opened main channel
. 2023-10-16 08:58:27.565 Started a shell/command
< 2023-10-16 08:58:27.565 Script: Autenticato.
. 2023-10-16 08:58:27.565 --------------------------------------------------------------------------
. 2023-10-16 08:58:27.565 Using SFTP protocol.
. 2023-10-16 08:58:27.565 Doing startup conversation with host.
< 2023-10-16 08:58:27.565 Script: Avvio sessione ...
> 2023-10-16 08:58:27.565 Type: SSH_FXP_INIT, Size: 5, Number: -1
< 2023-10-16 08:58:27.659 Type: SSH_FXP_VERSION, Size: 95, Number: -1
. 2023-10-16 08:58:27.659 SFTP version 3 negotiated.
. 2023-10-16 08:58:27.659 Unknown server extension posix-rename@openssh.com="1"
. 2023-10-16 08:58:27.659 Supports statvfs@openssh.com extension version 2
. 2023-10-16 08:58:27.659 Unknown server extension fstatvfs@openssh.com="2"
. 2023-10-16 08:58:27.659 We believe the server has signed timestamps bug
. 2023-10-16 08:58:27.659 We will use UTF-8 strings until server sends an invalid UTF-8 string as with SFTP version 3 and older UTF-8 strings are not mandatory
. 2023-10-16 08:58:27.659 Limiting packet size to OpenSSH sftp-server limit of 262148 bytes
. 2023-10-16 08:58:27.659 Getting current directory name.
. 2023-10-16 08:58:27.659 Getting real path for '.'
> 2023-10-16 08:58:27.659 Type: SSH_FXP_REALPATH, Size: 10, Number: 16
< 2023-10-16 08:58:27.753 Type: SSH_FXP_NAME, Size: 39, Number: 16
. 2023-10-16 08:58:27.753 Real path is '/uniongas'
. 2023-10-16 08:58:27.753 Startup conversation with host finished.
< 2023-10-16 08:58:27.753 Script: Sessione avviata.
< 2023-10-16 08:58:27.753 Script: Sessione attiva: [1] uniongas@sftp.sandsiv.com
> 2023-10-16 08:58:27.753 Script: cd /uniongas/InputFiles
. 2023-10-16 08:58:27.753 Cached directory change via "/uniongas/InputFiles" to "/uniongas/InputFiles".
. 2023-10-16 08:58:27.753 Getting current directory name.
< 2023-10-16 08:58:27.753 Script: /uniongas/InputFiles
> 2023-10-16 08:58:27.753 Script: ls
. 2023-10-16 08:58:27.753 Listing directory "/uniongas/InputFiles".
> 2023-10-16 08:58:27.753 Type: SSH_FXP_OPENDIR, Size: 29, Number: 267
< 2023-10-16 08:58:27.846 Type: SSH_FXP_HANDLE, Size: 13, Number: 267
> 2023-10-16 08:58:27.846 Type: SSH_FXP_READDIR, Size: 13, Number: 524
< 2023-10-16 08:58:27.956 Type: SSH_FXP_NAME, Size: 743, Number: 524
> 2023-10-16 08:58:27.956 Type: SSH_FXP_READDIR, Size: 13, Number: 780
< 2023-10-16 08:58:28.035 Type: SSH_FXP_STATUS, Size: 28, Number: 780
< 2023-10-16 08:58:28.035 Status code: 1
> 2023-10-16 08:58:28.035 Type: SSH_FXP_CLOSE, Size: 13, Number: 1028
. 2023-10-16 08:58:28.035 .;d;0;2023-10-16T06:58:23.000Z;4;"760" [760];"768" [768];rwxrwx---;0
. 2023-10-16 08:58:28.035 ..;d;0;2023-06-21T14:45:19.000Z;4;"760" [760];"768" [768];rwxrwx---;0
. 2023-10-16 08:58:28.035 switchin_231016.csv;-;78429;2023-10-16T08:57:33.000Z;4;"760" [760];"753" [753];rw-r--r--;0
. 2023-10-16 08:58:28.035 switchout_231016.csv;-;233116;2023-10-16T08:58:09.000Z;4;"760" [760];"753" [753];rw-r--r--;0
. 2023-10-16 08:58:28.035 voltura_231016.csv;-;581;2023-10-16T08:57:33.000Z;4;"760" [760];"753" [753];rw-r--r--;0
. 2023-10-16 08:58:28.035 subentro_231016.csv;-;31534;2023-10-16T08:57:33.000Z;4;"760" [760];"753" [753];rw-r--r--;0
< 2023-10-16 08:58:28.035 Script: drwxrwx---   2 760      768           4096 Oct 16  8:58:23 2023 .
< 2023-10-16 08:58:28.035 Script: drwxrwx---   5 760      768           4096 Jun 21 16:45:19 2023 ..
< 2023-10-16 08:58:28.035 Script: -rw-r--r--   1 760      753          78429 Oct 16 10:57:33 2023 switchin_231016.csv
< 2023-10-16 08:58:28.035 Script: -rw-r--r--   1 760      753         233116 Oct 16 10:58:09 2023 switchout_231016.csv
< 2023-10-16 08:58:28.050 Script: -rw-r--r--   1 760      753            581 Oct 16 10:57:33 2023 voltura_231016.csv
< 2023-10-16 08:58:28.050 Script: -rw-r--r--   1 760      753          31534 Oct 16 10:57:33 2023 subentro_231016.csv
> 2023-10-16 08:58:28.050 Script: close
. 2023-10-16 08:58:28.050 Closing connection.
. 2023-10-16 08:58:28.050 Sending special code: 1
. 2023-10-16 08:58:28.206 Session sent command exit status 0
. 2023-10-16 08:58:28.206 Main session channel closed
. 2023-10-16 08:58:28.206 All channels closed
