. 2023-09-01 17:11:42.083 --------------------------------------------------------------------------
. 2023-09-01 17:11:42.083 WinSCP Versione 6.1.1 (Build 13736 2023-06-21) (OS 10.0.17763 – Windows Server 2019 Standard)
. 2023-09-01 17:11:42.083 Configuration: HKCU\Software\Martin Prikryl\WinSCP 2\
. 2023-09-01 17:11:42.083 Log level: Normal
. 2023-09-01 17:11:42.083 Local account: DB-BI\Administrator
. 2023-09-01 17:11:42.083 Working directory: C:\VOC
. 2023-09-01 17:11:42.083 Process ID: 9344
. 2023-09-01 17:11:42.083 Ancestor processes: cmd, explorer, ...
. 2023-09-01 17:11:42.083 Command-line: "C:\Program Files (x86)\WinSCP\WinSCP.exe"  /log="C:\VOC\log.log" /command "open sftp://uniongas:***@sftp.sandsiv.com -hostkey=*"     "lcd C:\VOC\download"     "cd /uniongas/InputFiles"     "put *"     "close"     "exit"
. 2023-09-01 17:11:42.083 Time zone: Current: GMT+2, Standard: GMT+1 (ora solare Europa occidentale), DST: GMT+2 (ora legale Europa occidentale), DST Start: 26/03/2023, DST End: 29/10/2023
. 2023-09-01 17:11:42.083 Login time: venerdì 1 settembre 2023 17:11:42
. 2023-09-01 17:11:42.083 --------------------------------------------------------------------------
. 2023-09-01 17:11:42.083 Script: Retrospectively logging previous script records:
> 2023-09-01 17:11:42.083 Script: open sftp://uniongas:***@sftp.sandsiv.com -hostkey=*
. 2023-09-01 17:11:42.083 --------------------------------------------------------------------------
. 2023-09-01 17:11:42.083 Session name: uniongas@sftp.sandsiv.com (Ad-Hoc site)
. 2023-09-01 17:11:42.083 Host name: sftp.sandsiv.com (Port: 22)
. 2023-09-01 17:11:42.083 User name: uniongas (Password: Yes, Key file: No, Passphrase: No)
. 2023-09-01 17:11:42.083 Tunnel: No
. 2023-09-01 17:11:42.083 Transfer Protocol: SFTP
. 2023-09-01 17:11:42.083 Ping type: Off, Ping interval: 30 sec; Timeout: 15 sec
. 2023-09-01 17:11:42.083 Disable Nagle: No
. 2023-09-01 17:11:42.083 Proxy: None
. 2023-09-01 17:11:42.083 Send buffer: 262144
. 2023-09-01 17:11:42.083 Compression: No
. 2023-09-01 17:11:42.083 Bypass authentication: No
. 2023-09-01 17:11:42.083 Try agent: Yes; Agent forwarding: No; KI: Yes; GSSAPI: Yes
. 2023-09-01 17:11:42.083 GSSAPI: KEX: No; Forwarding: No; Libs: gssapi32,sspi,custom; Custom: 
. 2023-09-01 17:11:42.083 Ciphers: aes,chacha20,aesgcm,3des,WARN,des,blowfish,arcfour; Ssh2DES: No
. 2023-09-01 17:11:42.083 KEX: ntru-curve25519,ecdh,dh-gex-sha1,dh-group18-sha512,dh-group17-sha512,dh-group16-sha512,dh-group15-sha512,dh-group14-sha1,rsa,WARN,dh-group1-sha1
. 2023-09-01 17:11:42.083 SSH Bugs: Auto,Auto,Auto,Auto,Auto,Auto,Auto,Auto,Auto,Auto
. 2023-09-01 17:11:42.083 Simple channel: Yes
. 2023-09-01 17:11:42.083 Return code variable: Autodetect; Lookup user groups: Auto
. 2023-09-01 17:11:42.083 Shell: default
. 2023-09-01 17:11:42.083 EOL: LF, UTF: Auto
. 2023-09-01 17:11:42.083 Clear aliases: Yes, Unset nat.vars: Yes, Resolve symlinks: Yes; Follow directory symlinks: No
. 2023-09-01 17:11:42.083 LS: ls -la, Ign LS warn: Yes, Scp1 Comp: No; Exit code 1 is error: No
. 2023-09-01 17:11:42.083 SFTP Bugs: Auto,Auto
. 2023-09-01 17:11:42.083 SFTP Server: default
. 2023-09-01 17:11:42.083 Local directory: default, Remote directory: home, Update: Yes, Cache: Yes
. 2023-09-01 17:11:42.083 Cache directory changes: Yes, Permanent: Yes
. 2023-09-01 17:11:42.083 Recycle bin: Delete to: No, Overwritten to: No, Bin path: 
. 2023-09-01 17:11:42.083 DST mode: Unix
. 2023-09-01 17:11:42.083 --------------------------------------------------------------------------
< 2023-09-01 17:11:42.083 Script: Ricerca host ...
. 2023-09-01 17:11:42.083 Looking up host "sftp.sandsiv.com" for SSH connection
. 2023-09-01 17:11:42.083 Connecting to 77.109.144.51 port 22
. 2023-09-01 17:11:42.099 Connected to 77.109.144.51
< 2023-09-01 17:11:42.099 Script: Connessione host ...
. 2023-09-01 17:11:42.099 We claim version: SSH-2.0-WinSCP_release_6.1.1
. 2023-09-01 17:11:42.099 Connected to 77.109.144.51
. 2023-09-01 17:11:42.146 Remote version: SSH-2.0-OpenSSH_5.3
. 2023-09-01 17:11:42.146 We believe remote version has SSH-2 channel request bug
. 2023-09-01 17:11:42.146 Using SSH protocol version 2
. 2023-09-01 17:11:42.161 Doing Diffie-Hellman group exchange
. 2023-09-01 17:11:42.177 Doing Diffie-Hellman key exchange using 4096-bit modulus and hash SHA-256 with a server-supplied group
. 2023-09-01 17:11:44.272 Server also has ssh-dss host key, but we don't know it
. 2023-09-01 17:11:44.272 Host key fingerprint is:
. 2023-09-01 17:11:44.272 ssh-rsa 2048 SHA256:eelF88eFuOlODwKGUpnnqatJdFSTRhBSqEJAos67GqQ
< 2023-09-01 17:11:44.272 Script: Autenticazione ...
< 2023-09-01 17:11:44.272 Script: ATTENZIONE! Stai rinunciando alla sicurezza e accettando ogni chiave come configurato!
* 2023-09-01 17:11:44.272 ATTENZIONE! Stai rinunciando alla sicurezza e accettando ogni chiave come configurato!
. 2023-09-01 17:11:44.272 Initialised AES-256 SDCTR (unaccelerated) [aes256-ctr] outbound encryption
. 2023-09-01 17:11:44.272 Initialised HMAC-SHA-256 outbound MAC algorithm
. 2023-09-01 17:11:44.272 Initialised AES-256 SDCTR (unaccelerated) [aes256-ctr] inbound encryption
. 2023-09-01 17:11:44.272 Initialised HMAC-SHA-256 inbound MAC algorithm
! 2023-09-01 17:11:44.288 Using username "uniongas".
< 2023-09-01 17:11:44.288 Script: Usa nome utente "uniongas".
. 2023-09-01 17:11:44.303 Server offered these authentication methods: publickey,gssapi-keyex,gssapi-with-mic,password
. 2023-09-01 17:11:44.303 Using SSPI from SECUR32.DLL
. 2023-09-01 17:11:44.303 Trying gssapi-with-mic...
. 2023-09-01 17:11:44.303 Attempting GSSAPI authentication
. 2023-09-01 17:11:44.336 GSSAPI authentication request refused
. 2023-09-01 17:11:44.336 Server offered these authentication methods: publickey,gssapi-keyex,gssapi-with-mic,password
. 2023-09-01 17:11:44.336 Prompt (password, "SSH password", <no instructions>, "&Password: ")
. 2023-09-01 17:11:44.336 Using stored password.
< 2023-09-01 17:11:44.336 Script: Autenticazione con password preimpostata
. 2023-09-01 17:11:44.336 Sent password
. 2023-09-01 17:11:44.383 Access granted
. 2023-09-01 17:11:44.383 Opening main session channel
. 2023-09-01 17:11:44.555 Opened main channel
. 2023-09-01 17:11:44.586 Started a shell/command
< 2023-09-01 17:11:44.586 Script: Autenticato.
. 2023-09-01 17:11:44.586 --------------------------------------------------------------------------
. 2023-09-01 17:11:44.586 Using SFTP protocol.
. 2023-09-01 17:11:44.586 Doing startup conversation with host.
< 2023-09-01 17:11:44.586 Script: Avvio sessione ...
> 2023-09-01 17:11:44.586 Type: SSH_FXP_INIT, Size: 5, Number: -1
< 2023-09-01 17:11:44.602 Type: SSH_FXP_VERSION, Size: 95, Number: -1
. 2023-09-01 17:11:44.602 SFTP version 3 negotiated.
. 2023-09-01 17:11:44.602 Unknown server extension posix-rename@openssh.com="1"
. 2023-09-01 17:11:44.602 Supports statvfs@openssh.com extension version 2
. 2023-09-01 17:11:44.602 Unknown server extension fstatvfs@openssh.com="2"
. 2023-09-01 17:11:44.602 We believe the server has signed timestamps bug
. 2023-09-01 17:11:44.602 We will use UTF-8 strings until server sends an invalid UTF-8 string as with SFTP version 3 and older UTF-8 strings are not mandatory
. 2023-09-01 17:11:44.602 Limiting packet size to OpenSSH sftp-server limit of 262148 bytes
. 2023-09-01 17:11:44.602 Getting current directory name.
. 2023-09-01 17:11:44.602 Getting real path for '.'
> 2023-09-01 17:11:44.602 Type: SSH_FXP_REALPATH, Size: 10, Number: 16
< 2023-09-01 17:11:44.617 Type: SSH_FXP_NAME, Size: 39, Number: 16
. 2023-09-01 17:11:44.617 Real path is '/uniongas'
. 2023-09-01 17:11:44.617 Startup conversation with host finished.
< 2023-09-01 17:11:44.617 Script: Sessione avviata.
< 2023-09-01 17:11:44.617 Script: Sessione attiva: [1] uniongas@sftp.sandsiv.com
> 2023-09-01 17:11:44.617 Script: lcd C:\VOC\download
< 2023-09-01 17:11:44.617 Script: C:\VOC\download
> 2023-09-01 17:11:44.617 Script: cd /uniongas/InputFiles
. 2023-09-01 17:11:44.617 Cached directory change via "/uniongas/InputFiles" to "/uniongas/InputFiles".
. 2023-09-01 17:11:44.617 Getting current directory name.
< 2023-09-01 17:11:44.617 Script: /uniongas/InputFiles
> 2023-09-01 17:11:44.617 Script: put *
. 2023-09-01 17:11:44.617 Copying 3 files/directories to remote directory "/uniongas/InputFiles" - total size: 31.198
. 2023-09-01 17:11:44.617   PrTime: Yes; PrRO: No; Rght: rw-r--r--; PrR: No (No); FnCs: N; RIC: 0100; Resume: S (102400); CalcS: No; Mask: 
. 2023-09-01 17:11:44.617   TM: B; ClAr: No; RemEOF: No; RemBOM: No; CPS: 0; NewerOnly: No; EncryptNewFiles: Yes; ExcludeHiddenFiles: No; ExcludeEmptyDirectories: No; InclM: ; ResumeL: 0
. 2023-09-01 17:11:44.617   AscM: *.*html; *.htm; *.txt; *.php; *.php3; *.cgi; *.c; *.cpp; *.h; *.pas; *.bas; *.tex; *.pl; *.js; .htaccess; *.xtml; *.css; *.cfg; *.ini; *.sh; *.xml
. 2023-09-01 17:11:44.617 File: 'subentro_230901.csv' [2023-09-01T17:11:40.000Z] [1544]
. 2023-09-01 17:11:44.617 Copying "subentro_230901.csv" to remote directory started.
. 2023-09-01 17:11:44.617 Binary transfer mode selected.
. 2023-09-01 17:11:44.617 Opening remote file.
> 2023-09-01 17:11:44.617 Type: SSH_FXP_OPEN, Size: 65, Number: 259
< 2023-09-01 17:11:44.648 Type: SSH_FXP_HANDLE, Size: 13, Number: 259
> 2023-09-01 17:11:44.648 Type: SSH_FXP_WRITE, Size: 1569, Number: 774
> 2023-09-01 17:11:44.648 Type: SSH_FXP_CLOSE, Size: 13, Number: 1028
> 2023-09-01 17:11:44.648 Type: SSH_FXP_SETSTAT, Size: 61, Number: 521
< 2023-09-01 17:11:44.680 Type: SSH_FXP_STATUS, Size: 24, Number: 774
< 2023-09-01 17:11:44.680 Status code: 0
< 2023-09-01 17:11:44.695 Type: SSH_FXP_STATUS, Size: 24, Number: 1028
< 2023-09-01 17:11:44.695 Status code: 0
. 2023-09-01 17:11:44.695 Preserving timestamp [2023-09-01T17:11:40.000Z]
< 2023-09-01 17:11:44.711 Type: SSH_FXP_STATUS, Size: 24, Number: 521
< 2023-09-01 17:11:44.711 Status code: 0
. 2023-09-01 17:11:44.711 Transfer done: 'subentro_230901.csv' => '/uniongas/InputFiles/subentro_230901.csv' [1544]
. 2023-09-01 17:11:44.711 File: 'switchin_230901.csv' [2023-09-01T17:11:40.000Z] [28631]
. 2023-09-01 17:11:44.711 Copying "switchin_230901.csv" to remote directory started.
. 2023-09-01 17:11:44.711 Binary transfer mode selected.
. 2023-09-01 17:11:44.711 Opening remote file.
> 2023-09-01 17:11:44.711 Type: SSH_FXP_OPEN, Size: 65, Number: 1283
< 2023-09-01 17:11:44.742 Type: SSH_FXP_HANDLE, Size: 13, Number: 1283
> 2023-09-01 17:11:44.742 Type: SSH_FXP_WRITE, Size: 28656, Number: 1798
> 2023-09-01 17:11:44.742 Type: SSH_FXP_CLOSE, Size: 13, Number: 2052
> 2023-09-01 17:11:44.742 Type: SSH_FXP_SETSTAT, Size: 61, Number: 1545
< 2023-09-01 17:11:44.773 Type: SSH_FXP_STATUS, Size: 24, Number: 1798
< 2023-09-01 17:11:44.773 Status code: 0
< 2023-09-01 17:11:44.805 Type: SSH_FXP_STATUS, Size: 24, Number: 2052
< 2023-09-01 17:11:44.805 Status code: 0
. 2023-09-01 17:11:44.805 Preserving timestamp [2023-09-01T17:11:40.000Z]
< 2023-09-01 17:11:44.820 Type: SSH_FXP_STATUS, Size: 24, Number: 1545
< 2023-09-01 17:11:44.820 Status code: 0
. 2023-09-01 17:11:44.820 Transfer done: 'switchin_230901.csv' => '/uniongas/InputFiles/switchin_230901.csv' [28631]
. 2023-09-01 17:11:44.820 File: 'voltura_230901.csv' [2023-09-01T17:11:40.000Z] [1023]
. 2023-09-01 17:11:44.820 Copying "voltura_230901.csv" to remote directory started.
. 2023-09-01 17:11:44.820 Binary transfer mode selected.
. 2023-09-01 17:11:44.820 Opening remote file.
> 2023-09-01 17:11:44.820 Type: SSH_FXP_OPEN, Size: 64, Number: 2307
< 2023-09-01 17:11:44.836 Type: SSH_FXP_HANDLE, Size: 13, Number: 2307
> 2023-09-01 17:11:44.836 Type: SSH_FXP_WRITE, Size: 1048, Number: 2822
> 2023-09-01 17:11:44.836 Type: SSH_FXP_CLOSE, Size: 13, Number: 3076
> 2023-09-01 17:11:44.836 Type: SSH_FXP_SETSTAT, Size: 60, Number: 2569
< 2023-09-01 17:11:44.867 Type: SSH_FXP_STATUS, Size: 24, Number: 2822
< 2023-09-01 17:11:44.867 Status code: 0
< 2023-09-01 17:11:44.883 Type: SSH_FXP_STATUS, Size: 24, Number: 3076
< 2023-09-01 17:11:44.883 Status code: 0
. 2023-09-01 17:11:44.883 Preserving timestamp [2023-09-01T17:11:40.000Z]
< 2023-09-01 17:11:44.898 Type: SSH_FXP_STATUS, Size: 24, Number: 2569
< 2023-09-01 17:11:44.898 Status code: 0
. 2023-09-01 17:11:44.898 Transfer done: 'voltura_230901.csv' => '/uniongas/InputFiles/voltura_230901.csv' [1023]
. 2023-09-01 17:11:44.898 Copying finished: Transferred: 31.198, Elapsed: 0:00:00, CPS: 111.024/s
> 2023-09-01 17:11:44.898 Script: close
. 2023-09-01 17:11:44.898 Closing connection.
. 2023-09-01 17:11:44.898 Sending special code: 1
. 2023-09-01 17:11:44.914 Session sent command exit status 0
. 2023-09-01 17:11:44.914 Main session channel closed
. 2023-09-01 17:11:44.914 All channels closed
. 2023-09-01 17:11:45.023 --------------------------------------------------------------------------
. 2023-09-01 17:11:45.023 WinSCP Versione 6.1.1 (Build 13736 2023-06-21) (OS 10.0.17763 – Windows Server 2019 Standard)
. 2023-09-01 17:11:45.023 Configuration: HKCU\Software\Martin Prikryl\WinSCP 2\
. 2023-09-01 17:11:45.023 Log level: Normal
. 2023-09-01 17:11:45.023 Local account: DB-BI\Administrator
. 2023-09-01 17:11:45.023 Working directory: C:\VOC
. 2023-09-01 17:11:45.023 Process ID: 6168
. 2023-09-01 17:11:45.023 Ancestor processes: cmd, explorer, ...
. 2023-09-01 17:11:45.023 Command-line: "C:\Program Files (x86)\WinSCP\WinSCP.exe"  /log="C:\VOC\log.log" /command "open sftp://uniongas:***@sftp.sandsiv.com -hostkey=*" 	"cd /uniongas/InputFiles"     "ls" 	"close"     "exit"
. 2023-09-01 17:11:45.023 Time zone: Current: GMT+2, Standard: GMT+1 (ora solare Europa occidentale), DST: GMT+2 (ora legale Europa occidentale), DST Start: 26/03/2023, DST End: 29/10/2023
. 2023-09-01 17:11:45.023 Login time: venerdì 1 settembre 2023 17:11:45
. 2023-09-01 17:11:45.023 --------------------------------------------------------------------------
. 2023-09-01 17:11:45.023 Script: Retrospectively logging previous script records:
> 2023-09-01 17:11:45.023 Script: open sftp://uniongas:***@sftp.sandsiv.com -hostkey=*
. 2023-09-01 17:11:45.023 --------------------------------------------------------------------------
. 2023-09-01 17:11:45.023 Session name: uniongas@sftp.sandsiv.com (Ad-Hoc site)
. 2023-09-01 17:11:45.023 Host name: sftp.sandsiv.com (Port: 22)
. 2023-09-01 17:11:45.023 User name: uniongas (Password: Yes, Key file: No, Passphrase: No)
. 2023-09-01 17:11:45.023 Tunnel: No
. 2023-09-01 17:11:45.023 Transfer Protocol: SFTP
. 2023-09-01 17:11:45.023 Ping type: Off, Ping interval: 30 sec; Timeout: 15 sec
. 2023-09-01 17:11:45.023 Disable Nagle: No
. 2023-09-01 17:11:45.023 Proxy: None
. 2023-09-01 17:11:45.023 Send buffer: 262144
. 2023-09-01 17:11:45.023 Compression: No
. 2023-09-01 17:11:45.023 Bypass authentication: No
. 2023-09-01 17:11:45.023 Try agent: Yes; Agent forwarding: No; KI: Yes; GSSAPI: Yes
. 2023-09-01 17:11:45.023 GSSAPI: KEX: No; Forwarding: No; Libs: gssapi32,sspi,custom; Custom: 
. 2023-09-01 17:11:45.023 Ciphers: aes,chacha20,aesgcm,3des,WARN,des,blowfish,arcfour; Ssh2DES: No
. 2023-09-01 17:11:45.023 KEX: ntru-curve25519,ecdh,dh-gex-sha1,dh-group18-sha512,dh-group17-sha512,dh-group16-sha512,dh-group15-sha512,dh-group14-sha1,rsa,WARN,dh-group1-sha1
. 2023-09-01 17:11:45.023 SSH Bugs: Auto,Auto,Auto,Auto,Auto,Auto,Auto,Auto,Auto,Auto
. 2023-09-01 17:11:45.023 Simple channel: Yes
. 2023-09-01 17:11:45.023 Return code variable: Autodetect; Lookup user groups: Auto
. 2023-09-01 17:11:45.023 Shell: default
. 2023-09-01 17:11:45.023 EOL: LF, UTF: Auto
. 2023-09-01 17:11:45.023 Clear aliases: Yes, Unset nat.vars: Yes, Resolve symlinks: Yes; Follow directory symlinks: No
. 2023-09-01 17:11:45.023 LS: ls -la, Ign LS warn: Yes, Scp1 Comp: No; Exit code 1 is error: No
. 2023-09-01 17:11:45.023 SFTP Bugs: Auto,Auto
. 2023-09-01 17:11:45.023 SFTP Server: default
. 2023-09-01 17:11:45.023 Local directory: default, Remote directory: home, Update: Yes, Cache: Yes
. 2023-09-01 17:11:45.023 Cache directory changes: Yes, Permanent: Yes
. 2023-09-01 17:11:45.023 Recycle bin: Delete to: No, Overwritten to: No, Bin path: 
. 2023-09-01 17:11:45.023 DST mode: Unix
. 2023-09-01 17:11:45.023 --------------------------------------------------------------------------
< 2023-09-01 17:11:45.023 Script: Ricerca host ...
. 2023-09-01 17:11:45.023 Looking up host "sftp.sandsiv.com" for SSH connection
. 2023-09-01 17:11:45.023 Connecting to 77.109.144.51 port 22
. 2023-09-01 17:11:45.070 Connected to 77.109.144.51
< 2023-09-01 17:11:45.070 Script: Connessione host ...
. 2023-09-01 17:11:45.070 We claim version: SSH-2.0-WinSCP_release_6.1.1
. 2023-09-01 17:11:45.070 Connected to 77.109.144.51
. 2023-09-01 17:11:45.117 Remote version: SSH-2.0-OpenSSH_5.3
. 2023-09-01 17:11:45.117 We believe remote version has SSH-2 channel request bug
. 2023-09-01 17:11:45.117 Using SSH protocol version 2
. 2023-09-01 17:11:45.164 Doing Diffie-Hellman group exchange
. 2023-09-01 17:11:45.195 Doing Diffie-Hellman key exchange using 4096-bit modulus and hash SHA-256 with a server-supplied group
. 2023-09-01 17:11:47.349 Server also has ssh-dss host key, but we don't know it
. 2023-09-01 17:11:47.349 Host key fingerprint is:
. 2023-09-01 17:11:47.349 ssh-rsa 2048 SHA256:eelF88eFuOlODwKGUpnnqatJdFSTRhBSqEJAos67GqQ
< 2023-09-01 17:11:47.349 Script: Autenticazione ...
< 2023-09-01 17:11:47.349 Script: ATTENZIONE! Stai rinunciando alla sicurezza e accettando ogni chiave come configurato!
* 2023-09-01 17:11:47.349 ATTENZIONE! Stai rinunciando alla sicurezza e accettando ogni chiave come configurato!
. 2023-09-01 17:11:47.349 Initialised AES-256 SDCTR (unaccelerated) [aes256-ctr] outbound encryption
. 2023-09-01 17:11:47.349 Initialised HMAC-SHA-256 outbound MAC algorithm
. 2023-09-01 17:11:47.349 Initialised AES-256 SDCTR (unaccelerated) [aes256-ctr] inbound encryption
. 2023-09-01 17:11:47.349 Initialised HMAC-SHA-256 inbound MAC algorithm
! 2023-09-01 17:11:47.380 Using username "uniongas".
< 2023-09-01 17:11:47.380 Script: Usa nome utente "uniongas".
. 2023-09-01 17:11:47.427 Server offered these authentication methods: publickey,gssapi-keyex,gssapi-with-mic,password
. 2023-09-01 17:11:47.427 Using SSPI from SECUR32.DLL
. 2023-09-01 17:11:47.427 Trying gssapi-with-mic...
. 2023-09-01 17:11:47.427 Attempting GSSAPI authentication
. 2023-09-01 17:11:47.474 GSSAPI authentication request refused
. 2023-09-01 17:11:47.474 Server offered these authentication methods: publickey,gssapi-keyex,gssapi-with-mic,password
. 2023-09-01 17:11:47.474 Prompt (password, "SSH password", <no instructions>, "&Password: ")
. 2023-09-01 17:11:47.474 Using stored password.
< 2023-09-01 17:11:47.474 Script: Autenticazione con password preimpostata
. 2023-09-01 17:11:47.474 Sent password
. 2023-09-01 17:11:47.614 Access granted
. 2023-09-01 17:11:47.614 Opening main session channel
. 2023-09-01 17:11:47.709 Opened main channel
. 2023-09-01 17:11:47.756 Started a shell/command
< 2023-09-01 17:11:47.756 Script: Autenticato.
. 2023-09-01 17:11:47.756 --------------------------------------------------------------------------
. 2023-09-01 17:11:47.756 Using SFTP protocol.
. 2023-09-01 17:11:47.756 Doing startup conversation with host.
< 2023-09-01 17:11:47.756 Script: Avvio sessione ...
> 2023-09-01 17:11:47.756 Type: SSH_FXP_INIT, Size: 5, Number: -1
< 2023-09-01 17:11:47.803 Type: SSH_FXP_VERSION, Size: 95, Number: -1
. 2023-09-01 17:11:47.803 SFTP version 3 negotiated.
. 2023-09-01 17:11:47.803 Unknown server extension posix-rename@openssh.com="1"
. 2023-09-01 17:11:47.803 Supports statvfs@openssh.com extension version 2
. 2023-09-01 17:11:47.803 Unknown server extension fstatvfs@openssh.com="2"
. 2023-09-01 17:11:47.803 We believe the server has signed timestamps bug
. 2023-09-01 17:11:47.803 We will use UTF-8 strings until server sends an invalid UTF-8 string as with SFTP version 3 and older UTF-8 strings are not mandatory
. 2023-09-01 17:11:47.803 Limiting packet size to OpenSSH sftp-server limit of 262148 bytes
. 2023-09-01 17:11:47.803 Getting current directory name.
. 2023-09-01 17:11:47.803 Getting real path for '.'
> 2023-09-01 17:11:47.803 Type: SSH_FXP_REALPATH, Size: 10, Number: 16
< 2023-09-01 17:11:47.834 Type: SSH_FXP_NAME, Size: 39, Number: 16
. 2023-09-01 17:11:47.834 Real path is '/uniongas'
. 2023-09-01 17:11:47.834 Startup conversation with host finished.
< 2023-09-01 17:11:47.834 Script: Sessione avviata.
< 2023-09-01 17:11:47.834 Script: Sessione attiva: [1] uniongas@sftp.sandsiv.com
> 2023-09-01 17:11:47.834 Script: cd /uniongas/InputFiles
. 2023-09-01 17:11:47.834 Cached directory change via "/uniongas/InputFiles" to "/uniongas/InputFiles".
. 2023-09-01 17:11:47.834 Getting current directory name.
< 2023-09-01 17:11:47.834 Script: /uniongas/InputFiles
> 2023-09-01 17:11:47.834 Script: ls
. 2023-09-01 17:11:47.834 Listing directory "/uniongas/InputFiles".
> 2023-09-01 17:11:47.834 Type: SSH_FXP_OPENDIR, Size: 29, Number: 267
< 2023-09-01 17:11:47.881 Type: SSH_FXP_HANDLE, Size: 13, Number: 267
> 2023-09-01 17:11:47.881 Type: SSH_FXP_READDIR, Size: 13, Number: 524
< 2023-09-01 17:11:47.943 Type: SSH_FXP_NAME, Size: 607, Number: 524
> 2023-09-01 17:11:47.943 Type: SSH_FXP_READDIR, Size: 13, Number: 780
< 2023-09-01 17:11:47.974 Type: SSH_FXP_STATUS, Size: 28, Number: 780
< 2023-09-01 17:11:47.974 Status code: 1
> 2023-09-01 17:11:47.974 Type: SSH_FXP_CLOSE, Size: 13, Number: 1028
. 2023-09-01 17:11:47.974 .;d;0;2023-09-01T15:11:44.000Z;4;"760" [760];"768" [768];rwxrwx---;0
. 2023-09-01 17:11:47.974 ..;d;0;2023-06-21T14:45:19.000Z;4;"760" [760];"768" [768];rwxrwx---;0
. 2023-09-01 17:11:47.974 voltura_230901.csv;-;1023;2023-09-01T17:11:40.000Z;4;"760" [760];"753" [753];rw-r--r--;0
. 2023-09-01 17:11:47.974 switchin_230901.csv;-;28631;2023-09-01T17:11:40.000Z;4;"760" [760];"753" [753];rw-r--r--;0
. 2023-09-01 17:11:47.974 subentro_230901.csv;-;1544;2023-09-01T17:11:40.000Z;4;"760" [760];"753" [753];rw-r--r--;0
< 2023-09-01 17:11:47.974 Script: drwxrwx---   2 760      768           4096 Sep  1 17:11:44 2023 .
< 2023-09-01 17:11:47.974 Script: drwxrwx---   5 760      768           4096 Jun 21 16:45:19 2023 ..
< 2023-09-01 17:11:47.974 Script: -rw-r--r--   1 760      753           1023 Sep  1 19:11:40 2023 voltura_230901.csv
< 2023-09-01 17:11:47.974 Script: -rw-r--r--   1 760      753          28631 Sep  1 19:11:40 2023 switchin_230901.csv
< 2023-09-01 17:11:47.974 Script: -rw-r--r--   1 760      753           1544 Sep  1 19:11:40 2023 subentro_230901.csv
> 2023-09-01 17:11:47.974 Script: close
. 2023-09-01 17:11:47.974 Closing connection.
. 2023-09-01 17:11:47.974 Sending special code: 1
. 2023-09-01 17:11:48.053 Session sent command exit status 0
. 2023-09-01 17:11:48.053 Main session channel closed
. 2023-09-01 17:11:48.053 All channels closed
