. 2024-05-13 08:34:09.650 --------------------------------------------------------------------------
. 2024-05-13 08:34:09.650 WinSCP Versione 6.1.1 (Build 13736 2023-06-21) (OS 10.0.17763 – Windows Server 2019 Standard)
. 2024-05-13 08:34:09.650 Configuration: HKCU\Software\Martin Prikryl\WinSCP 2\
. 2024-05-13 08:34:09.650 Log level: Normal
. 2024-05-13 08:34:09.650 Local account: DB-BI\Administrator
. 2024-05-13 08:34:09.650 Working directory: C:\Windows\system32
. 2024-05-13 08:34:09.650 Process ID: 7356
. 2024-05-13 08:34:09.665 Ancestor processes: cmd, ...
. 2024-05-13 08:34:09.665 Command-line: "C:\Program Files (x86)\WinSCP\WinSCP.exe"  /log="C:\VOC_2.0\log\SETTIMANALE-log-240513.log" /command "open sftp://uniongas:***@sftp.sandsiv.com -hostkey=*"     "lcd C:\VOC_2.0\download"     "cd /uniongas/InputFiles"     "put *"     "close"     "exit"
. 2024-05-13 08:34:09.665 Time zone: Current: GMT+2, Standard: GMT+1 (ora solare Europa occidentale), DST: GMT+2 (ora legale Europa occidentale), DST Start: 31/03/2024, DST End: 27/10/2024
. 2024-05-13 08:34:09.665 Login time: lunedì 13 maggio 2024 08:34:09
. 2024-05-13 08:34:09.665 --------------------------------------------------------------------------
. 2024-05-13 08:34:09.665 Script: Retrospectively logging previous script records:
> 2024-05-13 08:34:09.665 Script: open sftp://uniongas:***@sftp.sandsiv.com -hostkey=*
. 2024-05-13 08:34:09.665 --------------------------------------------------------------------------
. 2024-05-13 08:34:09.665 Session name: uniongas@sftp.sandsiv.com (Ad-Hoc site)
. 2024-05-13 08:34:09.665 Host name: sftp.sandsiv.com (Port: 22)
. 2024-05-13 08:34:09.665 User name: uniongas (Password: Yes, Key file: No, Passphrase: No)
. 2024-05-13 08:34:09.665 Tunnel: No
. 2024-05-13 08:34:09.665 Transfer Protocol: SFTP
. 2024-05-13 08:34:09.665 Ping type: Off, Ping interval: 30 sec; Timeout: 15 sec
. 2024-05-13 08:34:09.665 Disable Nagle: No
. 2024-05-13 08:34:09.665 Proxy: None
. 2024-05-13 08:34:09.665 Send buffer: 262144
. 2024-05-13 08:34:09.665 Compression: No
. 2024-05-13 08:34:09.665 Bypass authentication: No
. 2024-05-13 08:34:09.665 Try agent: Yes; Agent forwarding: No; KI: Yes; GSSAPI: Yes
. 2024-05-13 08:34:09.665 GSSAPI: KEX: No; Forwarding: No; Libs: gssapi32,sspi,custom; Custom: 
. 2024-05-13 08:34:09.665 Ciphers: aes,chacha20,aesgcm,3des,WARN,des,blowfish,arcfour; Ssh2DES: No
. 2024-05-13 08:34:09.665 KEX: ntru-curve25519,ecdh,dh-gex-sha1,dh-group18-sha512,dh-group17-sha512,dh-group16-sha512,dh-group15-sha512,dh-group14-sha1,rsa,WARN,dh-group1-sha1
. 2024-05-13 08:34:09.665 SSH Bugs: Auto,Auto,Auto,Auto,Auto,Auto,Auto,Auto,Auto,Auto
. 2024-05-13 08:34:09.665 Simple channel: Yes
. 2024-05-13 08:34:09.665 Return code variable: Autodetect; Lookup user groups: Auto
. 2024-05-13 08:34:09.665 Shell: default
. 2024-05-13 08:34:09.665 EOL: LF, UTF: Auto
. 2024-05-13 08:34:09.665 Clear aliases: Yes, Unset nat.vars: Yes, Resolve symlinks: Yes; Follow directory symlinks: No
. 2024-05-13 08:34:09.665 LS: ls -la, Ign LS warn: Yes, Scp1 Comp: No; Exit code 1 is error: No
. 2024-05-13 08:34:09.665 SFTP Bugs: Auto,Auto
. 2024-05-13 08:34:09.665 SFTP Server: default
. 2024-05-13 08:34:09.665 Local directory: default, Remote directory: home, Update: Yes, Cache: Yes
. 2024-05-13 08:34:09.665 Cache directory changes: Yes, Permanent: Yes
. 2024-05-13 08:34:09.665 Recycle bin: Delete to: No, Overwritten to: No, Bin path: 
. 2024-05-13 08:34:09.665 DST mode: Unix
. 2024-05-13 08:34:09.665 --------------------------------------------------------------------------
< 2024-05-13 08:34:09.665 Script: Ricerca host ...
. 2024-05-13 08:34:09.665 Looking up host "sftp.sandsiv.com" for SSH connection
. 2024-05-13 08:34:09.681 Connecting to 77.109.144.51 port 22
. 2024-05-13 08:34:09.712 Connected to 77.109.144.51
< 2024-05-13 08:34:09.712 Script: Connessione host ...
. 2024-05-13 08:34:09.712 We claim version: SSH-2.0-WinSCP_release_6.1.1
. 2024-05-13 08:34:09.712 Connected to 77.109.144.51
. 2024-05-13 08:34:09.759 Remote version: SSH-2.0-OpenSSH_5.3
. 2024-05-13 08:34:09.759 We believe remote version has SSH-2 channel request bug
. 2024-05-13 08:34:09.759 Using SSH protocol version 2
. 2024-05-13 08:34:09.791 Doing Diffie-Hellman group exchange
. 2024-05-13 08:34:09.806 Doing Diffie-Hellman key exchange using 4096-bit modulus and hash SHA-256 with a server-supplied group
. 2024-05-13 08:34:12.608 Server also has ssh-dss host key, but we don't know it
. 2024-05-13 08:34:12.608 Host key fingerprint is:
. 2024-05-13 08:34:12.608 ssh-rsa 2048 SHA256:eelF88eFuOlODwKGUpnnqatJdFSTRhBSqEJAos67GqQ
< 2024-05-13 08:34:12.608 Script: Autenticazione ...
< 2024-05-13 08:34:12.608 Script: ATTENZIONE! Stai rinunciando alla sicurezza e accettando ogni chiave come configurato!
* 2024-05-13 08:34:12.608 ATTENZIONE! Stai rinunciando alla sicurezza e accettando ogni chiave come configurato!
. 2024-05-13 08:34:12.608 Initialised AES-256 SDCTR (unaccelerated) [aes256-ctr] outbound encryption
. 2024-05-13 08:34:12.608 Initialised HMAC-SHA-256 outbound MAC algorithm
. 2024-05-13 08:34:12.608 Initialised AES-256 SDCTR (unaccelerated) [aes256-ctr] inbound encryption
. 2024-05-13 08:34:12.608 Initialised HMAC-SHA-256 inbound MAC algorithm
! 2024-05-13 08:34:12.624 Using username "uniongas".
< 2024-05-13 08:34:12.624 Script: Usa nome utente "uniongas".
. 2024-05-13 08:34:12.655 Server offered these authentication methods: publickey,gssapi-keyex,gssapi-with-mic,password
. 2024-05-13 08:34:12.655 Using SSPI from SECUR32.DLL
. 2024-05-13 08:34:12.655 Trying gssapi-with-mic...
. 2024-05-13 08:34:12.655 Attempting GSSAPI authentication
. 2024-05-13 08:34:12.702 GSSAPI authentication request refused
. 2024-05-13 08:34:12.702 Server offered these authentication methods: publickey,gssapi-keyex,gssapi-with-mic,password
. 2024-05-13 08:34:12.702 Prompt (password, "SSH password", <no instructions>, "&Password: ")
. 2024-05-13 08:34:12.702 Using stored password.
< 2024-05-13 08:34:12.702 Script: Autenticazione con password preimpostata
. 2024-05-13 08:34:12.702 Sent password
. 2024-05-13 08:34:12.764 Access granted
. 2024-05-13 08:34:12.764 Opening main session channel
. 2024-05-13 08:34:12.952 Opened main channel
. 2024-05-13 08:34:12.984 Started a shell/command
< 2024-05-13 08:34:12.984 Script: Autenticato.
. 2024-05-13 08:34:12.984 --------------------------------------------------------------------------
. 2024-05-13 08:34:12.984 Using SFTP protocol.
. 2024-05-13 08:34:12.984 Doing startup conversation with host.
< 2024-05-13 08:34:12.984 Script: Avvio sessione ...
> 2024-05-13 08:34:12.984 Type: SSH_FXP_INIT, Size: 5, Number: -1
< 2024-05-13 08:34:12.999 Type: SSH_FXP_VERSION, Size: 95, Number: -1
. 2024-05-13 08:34:12.999 SFTP version 3 negotiated.
. 2024-05-13 08:34:12.999 Unknown server extension posix-rename@openssh.com="1"
. 2024-05-13 08:34:12.999 Supports statvfs@openssh.com extension version 2
. 2024-05-13 08:34:12.999 Unknown server extension fstatvfs@openssh.com="2"
. 2024-05-13 08:34:12.999 We believe the server has signed timestamps bug
. 2024-05-13 08:34:12.999 We will use UTF-8 strings until server sends an invalid UTF-8 string as with SFTP version 3 and older UTF-8 strings are not mandatory
. 2024-05-13 08:34:12.999 Limiting packet size to OpenSSH sftp-server limit of 262148 bytes
. 2024-05-13 08:34:12.999 Getting current directory name.
. 2024-05-13 08:34:12.999 Getting real path for '.'
> 2024-05-13 08:34:12.999 Type: SSH_FXP_REALPATH, Size: 10, Number: 16
< 2024-05-13 08:34:13.031 Type: SSH_FXP_NAME, Size: 39, Number: 16
. 2024-05-13 08:34:13.031 Real path is '/uniongas'
. 2024-05-13 08:34:13.031 Startup conversation with host finished.
< 2024-05-13 08:34:13.031 Script: Sessione avviata.
< 2024-05-13 08:34:13.031 Script: Sessione attiva: [1] uniongas@sftp.sandsiv.com
> 2024-05-13 08:34:13.031 Script: lcd C:\VOC_2.0\download
< 2024-05-13 08:34:13.031 Script: C:\VOC_2.0\download
> 2024-05-13 08:34:13.031 Script: cd /uniongas/InputFiles
. 2024-05-13 08:34:13.031 Cached directory change via "/uniongas/InputFiles" to "/uniongas/InputFiles".
. 2024-05-13 08:34:13.031 Getting current directory name.
< 2024-05-13 08:34:13.031 Script: /uniongas/InputFiles
> 2024-05-13 08:34:13.031 Script: put *
. 2024-05-13 08:34:13.031 Copying 3 files/directories to remote directory "/uniongas/InputFiles" - total size: 887.195
. 2024-05-13 08:34:13.031   PrTime: Yes; PrRO: No; Rght: rw-r--r--; PrR: No (No); FnCs: N; RIC: 0100; Resume: S (102400); CalcS: No; Mask: 
. 2024-05-13 08:34:13.031   TM: B; ClAr: No; RemEOF: No; RemBOM: No; CPS: 0; NewerOnly: No; EncryptNewFiles: Yes; ExcludeHiddenFiles: No; ExcludeEmptyDirectories: No; InclM: ; ResumeL: 0
. 2024-05-13 08:34:13.031   AscM: *.*html; *.htm; *.txt; *.php; *.php3; *.cgi; *.c; *.cpp; *.h; *.pas; *.bas; *.tex; *.pl; *.js; .htaccess; *.xtml; *.css; *.cfg; *.ini; *.sh; *.xml
. 2024-05-13 08:34:13.031 File: 'subentro_240513.csv' [2024-05-13T08:30:01.000Z] [348253]
. 2024-05-13 08:34:13.031 Copying "subentro_240513.csv" to remote directory started.
. 2024-05-13 08:34:13.031 Binary transfer mode selected.
. 2024-05-13 08:34:13.031 Checking existence of file.
> 2024-05-13 08:34:13.031 Type: SSH_FXP_LSTAT, Size: 49, Number: 263
< 2024-05-13 08:34:13.093 Type: SSH_FXP_STATUS, Size: 29, Number: 263
< 2024-05-13 08:34:13.093 Status code: 2
. 2024-05-13 08:34:13.093 Checking existence of partially transferred file.
> 2024-05-13 08:34:13.093 Type: SSH_FXP_LSTAT, Size: 58, Number: 519
< 2024-05-13 08:34:13.124 Type: SSH_FXP_STATUS, Size: 29, Number: 519
< 2024-05-13 08:34:13.124 Status code: 2
. 2024-05-13 08:34:13.124 Opening remote file.
> 2024-05-13 08:34:13.124 Type: SSH_FXP_OPEN, Size: 74, Number: 771
< 2024-05-13 08:34:13.171 Type: SSH_FXP_HANDLE, Size: 13, Number: 771
> 2024-05-13 08:34:13.171 Type: SSH_FXP_WRITE, Size: 32761, Number: 1286
. 2024-05-13 08:34:13.171 Skipped 10 SSH_FXP_WRITE packets
> 2024-05-13 08:34:13.171 Type: SSH_FXP_CLOSE, Size: 13, Number: 4100
< 2024-05-13 08:34:13.234 Type: SSH_FXP_STATUS, Size: 24, Number: 1286
< 2024-05-13 08:34:13.234 Status code: 0
. 2024-05-13 08:34:13.437 Skipped 10 SSH_FXP_STATUS packets
< 2024-05-13 08:34:13.437 Type: SSH_FXP_STATUS, Size: 24, Number: 4100
< 2024-05-13 08:34:13.437 Status code: 0
> 2024-05-13 08:34:13.437 Type: SSH_FXP_RENAME, Size: 102, Number: 4370
< 2024-05-13 08:34:13.484 Type: SSH_FXP_STATUS, Size: 24, Number: 4370
< 2024-05-13 08:34:13.484 Status code: 0
. 2024-05-13 08:34:13.484 Preserving timestamp [2024-05-13T08:30:01.000Z]
> 2024-05-13 08:34:13.484 Type: SSH_FXP_SETSTAT, Size: 61, Number: 1033
< 2024-05-13 08:34:13.531 Type: SSH_FXP_STATUS, Size: 24, Number: 1033
< 2024-05-13 08:34:13.531 Status code: 0
. 2024-05-13 08:34:13.531 Transfer done: 'subentro_240513.csv' => '/uniongas/InputFiles/subentro_240513.csv' [348253]
. 2024-05-13 08:34:13.531 File: 'switchin_240513.csv' [2024-05-13T08:33:06.000Z] [484406]
. 2024-05-13 08:34:13.531 Copying "switchin_240513.csv" to remote directory started.
. 2024-05-13 08:34:13.531 Binary transfer mode selected.
. 2024-05-13 08:34:13.531 Checking existence of file.
> 2024-05-13 08:34:13.531 Type: SSH_FXP_LSTAT, Size: 49, Number: 4615
< 2024-05-13 08:34:13.578 Type: SSH_FXP_STATUS, Size: 29, Number: 4615
< 2024-05-13 08:34:13.578 Status code: 2
. 2024-05-13 08:34:13.578 Checking existence of partially transferred file.
> 2024-05-13 08:34:13.578 Type: SSH_FXP_LSTAT, Size: 58, Number: 4871
< 2024-05-13 08:34:13.609 Type: SSH_FXP_STATUS, Size: 29, Number: 4871
< 2024-05-13 08:34:13.609 Status code: 2
. 2024-05-13 08:34:13.609 Opening remote file.
> 2024-05-13 08:34:13.609 Type: SSH_FXP_OPEN, Size: 74, Number: 5123
< 2024-05-13 08:34:13.641 Type: SSH_FXP_HANDLE, Size: 13, Number: 5123
> 2024-05-13 08:34:13.641 Type: SSH_FXP_WRITE, Size: 32761, Number: 5638
. 2024-05-13 08:34:13.687 Skipped 14 SSH_FXP_WRITE packets
< 2024-05-13 08:34:13.687 Type: SSH_FXP_STATUS, Size: 24, Number: 5638
< 2024-05-13 08:34:13.687 Status code: 0
. 2024-05-13 08:34:14.096 Skipped 1 SSH_FXP_STATUS packets
> 2024-05-13 08:34:14.096 Type: SSH_FXP_CLOSE, Size: 13, Number: 9476
. 2024-05-13 08:34:14.363 Skipped 13 SSH_FXP_STATUS packets
< 2024-05-13 08:34:14.363 Type: SSH_FXP_STATUS, Size: 24, Number: 9476
< 2024-05-13 08:34:14.363 Status code: 0
> 2024-05-13 08:34:14.363 Type: SSH_FXP_RENAME, Size: 102, Number: 9746
< 2024-05-13 08:34:14.425 Type: SSH_FXP_STATUS, Size: 24, Number: 9746
< 2024-05-13 08:34:14.425 Status code: 0
. 2024-05-13 08:34:14.425 Preserving timestamp [2024-05-13T08:33:06.000Z]
> 2024-05-13 08:34:14.425 Type: SSH_FXP_SETSTAT, Size: 61, Number: 5385
< 2024-05-13 08:34:14.472 Type: SSH_FXP_STATUS, Size: 24, Number: 5385
< 2024-05-13 08:34:14.472 Status code: 0
. 2024-05-13 08:34:14.472 Transfer done: 'switchin_240513.csv' => '/uniongas/InputFiles/switchin_240513.csv' [484406]
. 2024-05-13 08:34:14.472 File: 'voltura_240513.csv' [2024-05-13T08:33:49.000Z] [54536]
. 2024-05-13 08:34:14.472 Copying "voltura_240513.csv" to remote directory started.
. 2024-05-13 08:34:14.472 Binary transfer mode selected.
. 2024-05-13 08:34:14.472 Opening remote file.
> 2024-05-13 08:34:14.472 Type: SSH_FXP_OPEN, Size: 64, Number: 9987
< 2024-05-13 08:34:14.504 Type: SSH_FXP_HANDLE, Size: 13, Number: 9987
> 2024-05-13 08:34:14.504 Type: SSH_FXP_WRITE, Size: 32761, Number: 10502
. 2024-05-13 08:34:14.504 Skipped 1 SSH_FXP_WRITE packets
> 2024-05-13 08:34:14.504 Type: SSH_FXP_CLOSE, Size: 13, Number: 11012
> 2024-05-13 08:34:14.504 Type: SSH_FXP_SETSTAT, Size: 60, Number: 10249
< 2024-05-13 08:34:14.535 Type: SSH_FXP_STATUS, Size: 24, Number: 10502
< 2024-05-13 08:34:14.535 Status code: 0
. 2024-05-13 08:34:14.582 Skipped 1 SSH_FXP_STATUS packets
< 2024-05-13 08:34:14.582 Type: SSH_FXP_STATUS, Size: 24, Number: 11012
< 2024-05-13 08:34:14.582 Status code: 0
. 2024-05-13 08:34:14.582 Preserving timestamp [2024-05-13T08:33:49.000Z]
< 2024-05-13 08:34:14.598 Type: SSH_FXP_STATUS, Size: 24, Number: 10249
< 2024-05-13 08:34:14.598 Status code: 0
. 2024-05-13 08:34:14.598 Transfer done: 'voltura_240513.csv' => '/uniongas/InputFiles/voltura_240513.csv' [54536]
. 2024-05-13 08:34:14.598 Copying finished: Transferred: 887.195, Elapsed: 0:00:01, CPS: 566.174/s
> 2024-05-13 08:34:14.598 Script: close
. 2024-05-13 08:34:14.598 Closing connection.
. 2024-05-13 08:34:14.598 Sending special code: 1
. 2024-05-13 08:34:14.629 Session sent command exit status 0
. 2024-05-13 08:34:14.629 Main session channel closed
. 2024-05-13 08:34:14.629 All channels closed
. 2024-05-13 08:34:14.769 --------------------------------------------------------------------------
. 2024-05-13 08:34:14.769 WinSCP Versione 6.1.1 (Build 13736 2023-06-21) (OS 10.0.17763 – Windows Server 2019 Standard)
. 2024-05-13 08:34:14.769 Configuration: HKCU\Software\Martin Prikryl\WinSCP 2\
. 2024-05-13 08:34:14.769 Log level: Normal
. 2024-05-13 08:34:14.769 Local account: DB-BI\Administrator
. 2024-05-13 08:34:14.769 Working directory: C:\Windows\system32
. 2024-05-13 08:34:14.769 Process ID: 324
. 2024-05-13 08:34:14.769 Ancestor processes: cmd, ...
. 2024-05-13 08:34:14.769 Command-line: "C:\Program Files (x86)\WinSCP\WinSCP.exe"  /log="C:\VOC_2.0\log\SETTIMANALE-log-240513.log" /command "open sftp://uniongas:***@sftp.sandsiv.com -hostkey=*" 	"cd /uniongas/InputFiles"     "ls" 	"close"     "exit"
. 2024-05-13 08:34:14.769 Time zone: Current: GMT+2, Standard: GMT+1 (ora solare Europa occidentale), DST: GMT+2 (ora legale Europa occidentale), DST Start: 31/03/2024, DST End: 27/10/2024
. 2024-05-13 08:34:14.769 Login time: lunedì 13 maggio 2024 08:34:14
. 2024-05-13 08:34:14.769 --------------------------------------------------------------------------
. 2024-05-13 08:34:14.769 Script: Retrospectively logging previous script records:
> 2024-05-13 08:34:14.769 Script: open sftp://uniongas:***@sftp.sandsiv.com -hostkey=*
. 2024-05-13 08:34:14.769 --------------------------------------------------------------------------
. 2024-05-13 08:34:14.769 Session name: uniongas@sftp.sandsiv.com (Ad-Hoc site)
. 2024-05-13 08:34:14.769 Host name: sftp.sandsiv.com (Port: 22)
. 2024-05-13 08:34:14.769 User name: uniongas (Password: Yes, Key file: No, Passphrase: No)
. 2024-05-13 08:34:14.769 Tunnel: No
. 2024-05-13 08:34:14.769 Transfer Protocol: SFTP
. 2024-05-13 08:34:14.769 Ping type: Off, Ping interval: 30 sec; Timeout: 15 sec
. 2024-05-13 08:34:14.769 Disable Nagle: No
. 2024-05-13 08:34:14.769 Proxy: None
. 2024-05-13 08:34:14.769 Send buffer: 262144
. 2024-05-13 08:34:14.769 Compression: No
. 2024-05-13 08:34:14.769 Bypass authentication: No
. 2024-05-13 08:34:14.769 Try agent: Yes; Agent forwarding: No; KI: Yes; GSSAPI: Yes
. 2024-05-13 08:34:14.769 GSSAPI: KEX: No; Forwarding: No; Libs: gssapi32,sspi,custom; Custom: 
. 2024-05-13 08:34:14.769 Ciphers: aes,chacha20,aesgcm,3des,WARN,des,blowfish,arcfour; Ssh2DES: No
. 2024-05-13 08:34:14.769 KEX: ntru-curve25519,ecdh,dh-gex-sha1,dh-group18-sha512,dh-group17-sha512,dh-group16-sha512,dh-group15-sha512,dh-group14-sha1,rsa,WARN,dh-group1-sha1
. 2024-05-13 08:34:14.769 SSH Bugs: Auto,Auto,Auto,Auto,Auto,Auto,Auto,Auto,Auto,Auto
. 2024-05-13 08:34:14.769 Simple channel: Yes
. 2024-05-13 08:34:14.769 Return code variable: Autodetect; Lookup user groups: Auto
. 2024-05-13 08:34:14.769 Shell: default
. 2024-05-13 08:34:14.769 EOL: LF, UTF: Auto
. 2024-05-13 08:34:14.769 Clear aliases: Yes, Unset nat.vars: Yes, Resolve symlinks: Yes; Follow directory symlinks: No
. 2024-05-13 08:34:14.769 LS: ls -la, Ign LS warn: Yes, Scp1 Comp: No; Exit code 1 is error: No
. 2024-05-13 08:34:14.769 SFTP Bugs: Auto,Auto
. 2024-05-13 08:34:14.769 SFTP Server: default
. 2024-05-13 08:34:14.769 Local directory: default, Remote directory: home, Update: Yes, Cache: Yes
. 2024-05-13 08:34:14.769 Cache directory changes: Yes, Permanent: Yes
. 2024-05-13 08:34:14.769 Recycle bin: Delete to: No, Overwritten to: No, Bin path: 
. 2024-05-13 08:34:14.769 DST mode: Unix
. 2024-05-13 08:34:14.769 --------------------------------------------------------------------------
< 2024-05-13 08:34:14.769 Script: Ricerca host ...
. 2024-05-13 08:34:14.769 Looking up host "sftp.sandsiv.com" for SSH connection
. 2024-05-13 08:34:14.769 Connecting to 77.109.144.51 port 22
. 2024-05-13 08:34:14.817 Connected to 77.109.144.51
< 2024-05-13 08:34:14.817 Script: Connessione host ...
. 2024-05-13 08:34:14.817 We claim version: SSH-2.0-WinSCP_release_6.1.1
. 2024-05-13 08:34:14.817 Connected to 77.109.144.51
. 2024-05-13 08:34:14.879 Remote version: SSH-2.0-OpenSSH_5.3
. 2024-05-13 08:34:14.879 We believe remote version has SSH-2 channel request bug
. 2024-05-13 08:34:14.879 Using SSH protocol version 2
. 2024-05-13 08:34:14.926 Doing Diffie-Hellman group exchange
. 2024-05-13 08:34:14.973 Doing Diffie-Hellman key exchange using 4096-bit modulus and hash SHA-256 with a server-supplied group
. 2024-05-13 08:34:17.601 Server also has ssh-dss host key, but we don't know it
. 2024-05-13 08:34:17.601 Host key fingerprint is:
. 2024-05-13 08:34:17.601 ssh-rsa 2048 SHA256:eelF88eFuOlODwKGUpnnqatJdFSTRhBSqEJAos67GqQ
< 2024-05-13 08:34:17.601 Script: Autenticazione ...
< 2024-05-13 08:34:17.601 Script: ATTENZIONE! Stai rinunciando alla sicurezza e accettando ogni chiave come configurato!
* 2024-05-13 08:34:17.601 ATTENZIONE! Stai rinunciando alla sicurezza e accettando ogni chiave come configurato!
. 2024-05-13 08:34:17.601 Initialised AES-256 SDCTR (unaccelerated) [aes256-ctr] outbound encryption
. 2024-05-13 08:34:17.601 Initialised HMAC-SHA-256 outbound MAC algorithm
. 2024-05-13 08:34:17.601 Initialised AES-256 SDCTR (unaccelerated) [aes256-ctr] inbound encryption
. 2024-05-13 08:34:17.601 Initialised HMAC-SHA-256 inbound MAC algorithm
! 2024-05-13 08:34:17.648 Using username "uniongas".
< 2024-05-13 08:34:17.648 Script: Usa nome utente "uniongas".
. 2024-05-13 08:34:17.695 Server offered these authentication methods: publickey,gssapi-keyex,gssapi-with-mic,password
. 2024-05-13 08:34:17.695 Using SSPI from SECUR32.DLL
. 2024-05-13 08:34:17.695 Trying gssapi-with-mic...
. 2024-05-13 08:34:17.695 Attempting GSSAPI authentication
. 2024-05-13 08:34:17.742 GSSAPI authentication request refused
. 2024-05-13 08:34:17.742 Server offered these authentication methods: publickey,gssapi-keyex,gssapi-with-mic,password
. 2024-05-13 08:34:17.742 Prompt (password, "SSH password", <no instructions>, "&Password: ")
. 2024-05-13 08:34:17.742 Using stored password.
< 2024-05-13 08:34:17.742 Script: Autenticazione con password preimpostata
. 2024-05-13 08:34:17.742 Sent password
. 2024-05-13 08:34:17.821 Access granted
. 2024-05-13 08:34:17.821 Opening main session channel
. 2024-05-13 08:34:17.992 Opened main channel
. 2024-05-13 08:34:18.039 Started a shell/command
< 2024-05-13 08:34:18.039 Script: Autenticato.
. 2024-05-13 08:34:18.039 --------------------------------------------------------------------------
. 2024-05-13 08:34:18.039 Using SFTP protocol.
. 2024-05-13 08:34:18.039 Doing startup conversation with host.
< 2024-05-13 08:34:18.039 Script: Avvio sessione ...
> 2024-05-13 08:34:18.039 Type: SSH_FXP_INIT, Size: 5, Number: -1
< 2024-05-13 08:34:18.071 Type: SSH_FXP_VERSION, Size: 95, Number: -1
. 2024-05-13 08:34:18.071 SFTP version 3 negotiated.
. 2024-05-13 08:34:18.071 Unknown server extension posix-rename@openssh.com="1"
. 2024-05-13 08:34:18.071 Supports statvfs@openssh.com extension version 2
. 2024-05-13 08:34:18.071 Unknown server extension fstatvfs@openssh.com="2"
. 2024-05-13 08:34:18.071 We believe the server has signed timestamps bug
. 2024-05-13 08:34:18.071 We will use UTF-8 strings until server sends an invalid UTF-8 string as with SFTP version 3 and older UTF-8 strings are not mandatory
. 2024-05-13 08:34:18.071 Limiting packet size to OpenSSH sftp-server limit of 262148 bytes
. 2024-05-13 08:34:18.071 Getting current directory name.
. 2024-05-13 08:34:18.071 Getting real path for '.'
> 2024-05-13 08:34:18.071 Type: SSH_FXP_REALPATH, Size: 10, Number: 16
< 2024-05-13 08:34:18.117 Type: SSH_FXP_NAME, Size: 39, Number: 16
. 2024-05-13 08:34:18.117 Real path is '/uniongas'
. 2024-05-13 08:34:18.117 Startup conversation with host finished.
< 2024-05-13 08:34:18.117 Script: Sessione avviata.
< 2024-05-13 08:34:18.117 Script: Sessione attiva: [1] uniongas@sftp.sandsiv.com
> 2024-05-13 08:34:18.117 Script: cd /uniongas/InputFiles
. 2024-05-13 08:34:18.117 Cached directory change via "/uniongas/InputFiles" to "/uniongas/InputFiles".
. 2024-05-13 08:34:18.117 Getting current directory name.
< 2024-05-13 08:34:18.117 Script: /uniongas/InputFiles
> 2024-05-13 08:34:18.117 Script: ls
. 2024-05-13 08:34:18.117 Listing directory "/uniongas/InputFiles".
> 2024-05-13 08:34:18.117 Type: SSH_FXP_OPENDIR, Size: 29, Number: 267
< 2024-05-13 08:34:18.180 Type: SSH_FXP_HANDLE, Size: 13, Number: 267
> 2024-05-13 08:34:18.180 Type: SSH_FXP_READDIR, Size: 13, Number: 524
< 2024-05-13 08:34:18.227 Type: SSH_FXP_NAME, Size: 607, Number: 524
> 2024-05-13 08:34:18.227 Type: SSH_FXP_READDIR, Size: 13, Number: 780
< 2024-05-13 08:34:18.274 Type: SSH_FXP_STATUS, Size: 28, Number: 780
< 2024-05-13 08:34:18.274 Status code: 1
> 2024-05-13 08:34:18.274 Type: SSH_FXP_CLOSE, Size: 13, Number: 1028
. 2024-05-13 08:34:18.274 .;d;0;2024-05-13T06:34:14.000Z;4;"760" [760];"768" [768];rwxrwx---;0
. 2024-05-13 08:34:18.274 ..;d;0;2023-06-21T14:45:19.000Z;4;"760" [760];"768" [768];rwxrwx---;0
. 2024-05-13 08:34:18.274 switchin_240513.csv;-;484406;2024-05-13T08:33:06.000Z;4;"760" [760];"753" [753];rw-r--r--;0
. 2024-05-13 08:34:18.274 subentro_240513.csv;-;348253;2024-05-13T08:30:01.000Z;4;"760" [760];"753" [753];rw-r--r--;0
. 2024-05-13 08:34:18.274 voltura_240513.csv;-;54536;2024-05-13T08:33:49.000Z;4;"760" [760];"753" [753];rw-r--r--;0
< 2024-05-13 08:34:18.274 Script: drwxrwx---   2 760      768           4096 May 13  8:34:14 2024 .
< 2024-05-13 08:34:18.274 Script: drwxrwx---   5 760      768           4096 Jun 21 16:45:19 2023 ..
< 2024-05-13 08:34:18.274 Script: -rw-r--r--   1 760      753         484406 May 13 10:33:06 2024 switchin_240513.csv
< 2024-05-13 08:34:18.274 Script: -rw-r--r--   1 760      753         348253 May 13 10:30:01 2024 subentro_240513.csv
< 2024-05-13 08:34:18.274 Script: -rw-r--r--   1 760      753          54536 May 13 10:33:49 2024 voltura_240513.csv
> 2024-05-13 08:34:18.274 Script: close
. 2024-05-13 08:34:18.274 Closing connection.
. 2024-05-13 08:34:18.274 Sending special code: 1
. 2024-05-13 08:34:18.368 Session sent command exit status 0
. 2024-05-13 08:34:18.368 Main session channel closed
. 2024-05-13 08:34:18.368 All channels closed
