. 2024-04-08 08:11:28.844 --------------------------------------------------------------------------
. 2024-04-08 08:11:28.844 WinSCP Versione 6.1.1 (Build 13736 2023-06-21) (OS 10.0.17763 – Windows Server 2019 Standard)
. 2024-04-08 08:11:28.844 Configuration: HKCU\Software\Martin Prikryl\WinSCP 2\
. 2024-04-08 08:11:28.844 Log level: Normal
. 2024-04-08 08:11:28.844 Local account: DB-BI\Administrator
. 2024-04-08 08:11:28.844 Working directory: C:\Windows\system32
. 2024-04-08 08:11:28.844 Process ID: 8636
. 2024-04-08 08:11:28.860 Ancestor processes: cmd, ...
. 2024-04-08 08:11:28.860 Command-line: "C:\Program Files (x86)\WinSCP\WinSCP.exe"  /log="C:\VOC\log.log" /command "open sftp://uniongas:***@sftp.sandsiv.com -hostkey=*"     "lcd C:\VOC\download"     "cd /uniongas/InputFiles"     "put *"     "close"     "exit"
. 2024-04-08 08:11:29.376 Time zone: Current: GMT+2, Standard: GMT+1 (ora solare Europa occidentale), DST: GMT+2 (ora legale Europa occidentale), DST Start: 31/03/2024, DST End: 27/10/2024
. 2024-04-08 08:11:29.376 Login time: lunedì 8 aprile 2024 08:11:29
. 2024-04-08 08:11:29.376 --------------------------------------------------------------------------
. 2024-04-08 08:11:29.376 Script: Retrospectively logging previous script records:
> 2024-04-08 08:11:29.376 Script: open sftp://uniongas:***@sftp.sandsiv.com -hostkey=*
. 2024-04-08 08:11:29.376 --------------------------------------------------------------------------
. 2024-04-08 08:11:29.376 Session name: uniongas@sftp.sandsiv.com (Ad-Hoc site)
. 2024-04-08 08:11:29.376 Host name: sftp.sandsiv.com (Port: 22)
. 2024-04-08 08:11:29.376 User name: uniongas (Password: Yes, Key file: No, Passphrase: No)
. 2024-04-08 08:11:29.376 Tunnel: No
. 2024-04-08 08:11:29.376 Transfer Protocol: SFTP
. 2024-04-08 08:11:29.376 Ping type: Off, Ping interval: 30 sec; Timeout: 15 sec
. 2024-04-08 08:11:29.376 Disable Nagle: No
. 2024-04-08 08:11:29.376 Proxy: None
. 2024-04-08 08:11:29.376 Send buffer: 262144
. 2024-04-08 08:11:29.376 Compression: No
. 2024-04-08 08:11:29.376 Bypass authentication: No
. 2024-04-08 08:11:29.376 Try agent: Yes; Agent forwarding: No; KI: Yes; GSSAPI: Yes
. 2024-04-08 08:11:29.376 GSSAPI: KEX: No; Forwarding: No; Libs: gssapi32,sspi,custom; Custom: 
. 2024-04-08 08:11:29.376 Ciphers: aes,chacha20,aesgcm,3des,WARN,des,blowfish,arcfour; Ssh2DES: No
. 2024-04-08 08:11:29.376 KEX: ntru-curve25519,ecdh,dh-gex-sha1,dh-group18-sha512,dh-group17-sha512,dh-group16-sha512,dh-group15-sha512,dh-group14-sha1,rsa,WARN,dh-group1-sha1
. 2024-04-08 08:11:29.376 SSH Bugs: Auto,Auto,Auto,Auto,Auto,Auto,Auto,Auto,Auto,Auto
. 2024-04-08 08:11:29.376 Simple channel: Yes
. 2024-04-08 08:11:29.376 Return code variable: Autodetect; Lookup user groups: Auto
. 2024-04-08 08:11:29.376 Shell: default
. 2024-04-08 08:11:29.376 EOL: LF, UTF: Auto
. 2024-04-08 08:11:29.376 Clear aliases: Yes, Unset nat.vars: Yes, Resolve symlinks: Yes; Follow directory symlinks: No
. 2024-04-08 08:11:29.376 LS: ls -la, Ign LS warn: Yes, Scp1 Comp: No; Exit code 1 is error: No
. 2024-04-08 08:11:29.376 SFTP Bugs: Auto,Auto
. 2024-04-08 08:11:29.376 SFTP Server: default
. 2024-04-08 08:11:29.376 Local directory: default, Remote directory: home, Update: Yes, Cache: Yes
. 2024-04-08 08:11:29.376 Cache directory changes: Yes, Permanent: Yes
. 2024-04-08 08:11:29.376 Recycle bin: Delete to: No, Overwritten to: No, Bin path: 
. 2024-04-08 08:11:29.376 DST mode: Unix
. 2024-04-08 08:11:29.376 --------------------------------------------------------------------------
< 2024-04-08 08:11:29.376 Script: Ricerca host ...
. 2024-04-08 08:11:29.376 Looking up host "sftp.sandsiv.com" for SSH connection
. 2024-04-08 08:11:29.438 Connecting to 77.109.144.51 port 22
. 2024-04-08 08:11:29.469 Connected to 77.109.144.51
< 2024-04-08 08:11:29.469 Script: Connessione host ...
. 2024-04-08 08:11:29.469 We claim version: SSH-2.0-WinSCP_release_6.1.1
. 2024-04-08 08:11:29.469 Connected to 77.109.144.51
. 2024-04-08 08:11:29.517 Remote version: SSH-2.0-OpenSSH_5.3
. 2024-04-08 08:11:29.517 We believe remote version has SSH-2 channel request bug
. 2024-04-08 08:11:29.517 Using SSH protocol version 2
. 2024-04-08 08:11:29.550 Doing Diffie-Hellman group exchange
. 2024-04-08 08:11:29.613 Doing Diffie-Hellman key exchange using 4096-bit modulus and hash SHA-256 with a server-supplied group
. 2024-04-08 08:11:32.792 Server also has ssh-dss host key, but we don't know it
. 2024-04-08 08:11:32.792 Host key fingerprint is:
. 2024-04-08 08:11:32.792 ssh-rsa 2048 SHA256:eelF88eFuOlODwKGUpnnqatJdFSTRhBSqEJAos67GqQ
< 2024-04-08 08:11:32.792 Script: Autenticazione ...
< 2024-04-08 08:11:32.792 Script: ATTENZIONE! Stai rinunciando alla sicurezza e accettando ogni chiave come configurato!
* 2024-04-08 08:11:32.792 ATTENZIONE! Stai rinunciando alla sicurezza e accettando ogni chiave come configurato!
. 2024-04-08 08:11:32.792 Initialised AES-256 SDCTR (unaccelerated) [aes256-ctr] outbound encryption
. 2024-04-08 08:11:32.792 Initialised HMAC-SHA-256 outbound MAC algorithm
. 2024-04-08 08:11:32.792 Initialised AES-256 SDCTR (unaccelerated) [aes256-ctr] inbound encryption
. 2024-04-08 08:11:32.792 Initialised HMAC-SHA-256 inbound MAC algorithm
! 2024-04-08 08:11:32.823 Using username "uniongas".
< 2024-04-08 08:11:32.823 Script: Usa nome utente "uniongas".
. 2024-04-08 08:11:32.855 Server offered these authentication methods: publickey,gssapi-keyex,gssapi-with-mic,password
. 2024-04-08 08:11:32.855 Using SSPI from SECUR32.DLL
. 2024-04-08 08:11:32.855 Trying gssapi-with-mic...
. 2024-04-08 08:11:32.855 Attempting GSSAPI authentication
. 2024-04-08 08:11:32.886 GSSAPI authentication request refused
. 2024-04-08 08:11:32.886 Server offered these authentication methods: publickey,gssapi-keyex,gssapi-with-mic,password
. 2024-04-08 08:11:32.886 Prompt (password, "SSH password", <no instructions>, "&Password: ")
. 2024-04-08 08:11:32.886 Using stored password.
< 2024-04-08 08:11:32.886 Script: Autenticazione con password preimpostata
. 2024-04-08 08:11:32.886 Sent password
. 2024-04-08 08:11:32.953 Access granted
. 2024-04-08 08:11:32.953 Opening main session channel
. 2024-04-08 08:11:33.141 Opened main channel
. 2024-04-08 08:11:33.176 Started a shell/command
< 2024-04-08 08:11:33.176 Script: Autenticato.
. 2024-04-08 08:11:33.176 --------------------------------------------------------------------------
. 2024-04-08 08:11:33.176 Using SFTP protocol.
. 2024-04-08 08:11:33.176 Doing startup conversation with host.
< 2024-04-08 08:11:33.176 Script: Avvio sessione ...
> 2024-04-08 08:11:33.176 Type: SSH_FXP_INIT, Size: 5, Number: -1
< 2024-04-08 08:11:33.205 Type: SSH_FXP_VERSION, Size: 95, Number: -1
. 2024-04-08 08:11:33.205 SFTP version 3 negotiated.
. 2024-04-08 08:11:33.205 Unknown server extension posix-rename@openssh.com="1"
. 2024-04-08 08:11:33.205 Supports statvfs@openssh.com extension version 2
. 2024-04-08 08:11:33.205 Unknown server extension fstatvfs@openssh.com="2"
. 2024-04-08 08:11:33.205 We believe the server has signed timestamps bug
. 2024-04-08 08:11:33.205 We will use UTF-8 strings until server sends an invalid UTF-8 string as with SFTP version 3 and older UTF-8 strings are not mandatory
. 2024-04-08 08:11:33.205 Limiting packet size to OpenSSH sftp-server limit of 262148 bytes
. 2024-04-08 08:11:33.205 Getting current directory name.
. 2024-04-08 08:11:33.205 Getting real path for '.'
> 2024-04-08 08:11:33.205 Type: SSH_FXP_REALPATH, Size: 10, Number: 16
< 2024-04-08 08:11:33.234 Type: SSH_FXP_NAME, Size: 39, Number: 16
. 2024-04-08 08:11:33.234 Real path is '/uniongas'
. 2024-04-08 08:11:33.234 Startup conversation with host finished.
< 2024-04-08 08:11:33.234 Script: Sessione avviata.
< 2024-04-08 08:11:33.234 Script: Sessione attiva: [1] uniongas@sftp.sandsiv.com
> 2024-04-08 08:11:33.234 Script: lcd C:\VOC\download
< 2024-04-08 08:11:33.234 Script: C:\VOC\download
> 2024-04-08 08:11:33.234 Script: cd /uniongas/InputFiles
. 2024-04-08 08:11:33.234 Cached directory change via "/uniongas/InputFiles" to "/uniongas/InputFiles".
. 2024-04-08 08:11:33.234 Getting current directory name.
< 2024-04-08 08:11:33.234 Script: /uniongas/InputFiles
> 2024-04-08 08:11:33.234 Script: put *
. 2024-04-08 08:11:33.234 Copying 3 files/directories to remote directory "/uniongas/InputFiles" - total size: 55.730
. 2024-04-08 08:11:33.234   PrTime: Yes; PrRO: No; Rght: rw-r--r--; PrR: No (No); FnCs: N; RIC: 0100; Resume: S (102400); CalcS: No; Mask: 
. 2024-04-08 08:11:33.234   TM: B; ClAr: No; RemEOF: No; RemBOM: No; CPS: 0; NewerOnly: No; EncryptNewFiles: Yes; ExcludeHiddenFiles: No; ExcludeEmptyDirectories: No; InclM: ; ResumeL: 0
. 2024-04-08 08:11:33.234   AscM: *.*html; *.htm; *.txt; *.php; *.php3; *.cgi; *.c; *.cpp; *.h; *.pas; *.bas; *.tex; *.pl; *.js; .htaccess; *.xtml; *.css; *.cfg; *.ini; *.sh; *.xml
. 2024-04-08 08:11:33.234 File: 'subentro_240408.csv' [2024-04-08T08:00:14.000Z] [90]
. 2024-04-08 08:11:33.234 Copying "subentro_240408.csv" to remote directory started.
. 2024-04-08 08:11:33.234 Binary transfer mode selected.
. 2024-04-08 08:11:33.234 Opening remote file.
> 2024-04-08 08:11:33.234 Type: SSH_FXP_OPEN, Size: 65, Number: 259
< 2024-04-08 08:11:33.281 Type: SSH_FXP_HANDLE, Size: 13, Number: 259
> 2024-04-08 08:11:33.281 Type: SSH_FXP_WRITE, Size: 115, Number: 774
> 2024-04-08 08:11:33.281 Type: SSH_FXP_CLOSE, Size: 13, Number: 1028
> 2024-04-08 08:11:33.281 Type: SSH_FXP_SETSTAT, Size: 61, Number: 521
< 2024-04-08 08:11:33.312 Type: SSH_FXP_STATUS, Size: 24, Number: 774
< 2024-04-08 08:11:33.312 Status code: 0
< 2024-04-08 08:11:33.329 Type: SSH_FXP_STATUS, Size: 24, Number: 1028
< 2024-04-08 08:11:33.329 Status code: 0
. 2024-04-08 08:11:33.329 Preserving timestamp [2024-04-08T08:00:14.000Z]
< 2024-04-08 08:11:33.359 Type: SSH_FXP_STATUS, Size: 24, Number: 521
< 2024-04-08 08:11:33.359 Status code: 0
. 2024-04-08 08:11:33.359 Transfer done: 'subentro_240408.csv' => '/uniongas/InputFiles/subentro_240408.csv' [90]
. 2024-04-08 08:11:33.359 File: 'switchin_240408.csv' [2024-04-08T08:05:48.000Z] [90]
. 2024-04-08 08:11:33.359 Copying "switchin_240408.csv" to remote directory started.
. 2024-04-08 08:11:33.359 Binary transfer mode selected.
. 2024-04-08 08:11:33.359 Opening remote file.
> 2024-04-08 08:11:33.359 Type: SSH_FXP_OPEN, Size: 65, Number: 1283
< 2024-04-08 08:11:33.390 Type: SSH_FXP_HANDLE, Size: 13, Number: 1283
> 2024-04-08 08:11:33.390 Type: SSH_FXP_WRITE, Size: 115, Number: 1798
> 2024-04-08 08:11:33.390 Type: SSH_FXP_CLOSE, Size: 13, Number: 2052
> 2024-04-08 08:11:33.390 Type: SSH_FXP_SETSTAT, Size: 61, Number: 1545
< 2024-04-08 08:11:33.422 Type: SSH_FXP_STATUS, Size: 24, Number: 1798
< 2024-04-08 08:11:33.422 Status code: 0
< 2024-04-08 08:11:33.437 Type: SSH_FXP_STATUS, Size: 24, Number: 2052
< 2024-04-08 08:11:33.437 Status code: 0
. 2024-04-08 08:11:33.437 Preserving timestamp [2024-04-08T08:05:48.000Z]
< 2024-04-08 08:11:33.468 Type: SSH_FXP_STATUS, Size: 24, Number: 1545
< 2024-04-08 08:11:33.468 Status code: 0
. 2024-04-08 08:11:33.468 Transfer done: 'switchin_240408.csv' => '/uniongas/InputFiles/switchin_240408.csv' [90]
. 2024-04-08 08:11:33.468 File: 'voltura_240408.csv' [2024-04-08T08:05:50.000Z] [55550]
. 2024-04-08 08:11:33.468 Copying "voltura_240408.csv" to remote directory started.
. 2024-04-08 08:11:33.468 Binary transfer mode selected.
. 2024-04-08 08:11:33.468 Opening remote file.
> 2024-04-08 08:11:33.468 Type: SSH_FXP_OPEN, Size: 64, Number: 2307
< 2024-04-08 08:11:33.501 Type: SSH_FXP_HANDLE, Size: 13, Number: 2307
> 2024-04-08 08:11:33.501 Type: SSH_FXP_WRITE, Size: 32761, Number: 2822
. 2024-04-08 08:11:33.501 Skipped 1 SSH_FXP_WRITE packets
> 2024-04-08 08:11:33.501 Type: SSH_FXP_CLOSE, Size: 13, Number: 3332
> 2024-04-08 08:11:33.501 Type: SSH_FXP_SETSTAT, Size: 60, Number: 2569
< 2024-04-08 08:11:33.564 Type: SSH_FXP_STATUS, Size: 24, Number: 2822
< 2024-04-08 08:11:33.564 Status code: 0
. 2024-04-08 08:11:33.627 Skipped 1 SSH_FXP_STATUS packets
< 2024-04-08 08:11:33.627 Type: SSH_FXP_STATUS, Size: 24, Number: 3332
< 2024-04-08 08:11:33.627 Status code: 0
. 2024-04-08 08:11:33.627 Preserving timestamp [2024-04-08T08:05:50.000Z]
< 2024-04-08 08:11:33.643 Type: SSH_FXP_STATUS, Size: 24, Number: 2569
< 2024-04-08 08:11:33.643 Status code: 0
. 2024-04-08 08:11:33.643 Transfer done: 'voltura_240408.csv' => '/uniongas/InputFiles/voltura_240408.csv' [55550]
. 2024-04-08 08:11:33.643 Copying finished: Transferred: 55.730, Elapsed: 0:00:00, CPS: 136.259/s
> 2024-04-08 08:11:33.643 Script: close
. 2024-04-08 08:11:33.643 Closing connection.
. 2024-04-08 08:11:33.643 Sending special code: 1
. 2024-04-08 08:11:33.658 Session sent command exit status 0
. 2024-04-08 08:11:33.658 Main session channel closed
. 2024-04-08 08:11:33.658 All channels closed
. 2024-04-08 08:11:33.862 --------------------------------------------------------------------------
. 2024-04-08 08:11:33.862 WinSCP Versione 6.1.1 (Build 13736 2023-06-21) (OS 10.0.17763 – Windows Server 2019 Standard)
. 2024-04-08 08:11:33.862 Configuration: HKCU\Software\Martin Prikryl\WinSCP 2\
. 2024-04-08 08:11:33.862 Log level: Normal
. 2024-04-08 08:11:33.862 Local account: DB-BI\Administrator
. 2024-04-08 08:11:33.862 Working directory: C:\Windows\system32
. 2024-04-08 08:11:33.862 Process ID: 4620
. 2024-04-08 08:11:33.878 Ancestor processes: cmd, ...
. 2024-04-08 08:11:33.878 Command-line: "C:\Program Files (x86)\WinSCP\WinSCP.exe"  /log="C:\VOC\log.log" /command "open sftp://uniongas:***@sftp.sandsiv.com -hostkey=*" 	"cd /uniongas/InputFiles"     "ls" 	"close"     "exit"
. 2024-04-08 08:11:33.878 Time zone: Current: GMT+2, Standard: GMT+1 (ora solare Europa occidentale), DST: GMT+2 (ora legale Europa occidentale), DST Start: 31/03/2024, DST End: 27/10/2024
. 2024-04-08 08:11:33.878 Login time: lunedì 8 aprile 2024 08:11:33
. 2024-04-08 08:11:33.878 --------------------------------------------------------------------------
. 2024-04-08 08:11:33.878 Script: Retrospectively logging previous script records:
> 2024-04-08 08:11:33.878 Script: open sftp://uniongas:***@sftp.sandsiv.com -hostkey=*
. 2024-04-08 08:11:33.878 --------------------------------------------------------------------------
. 2024-04-08 08:11:33.878 Session name: uniongas@sftp.sandsiv.com (Ad-Hoc site)
. 2024-04-08 08:11:33.878 Host name: sftp.sandsiv.com (Port: 22)
. 2024-04-08 08:11:33.878 User name: uniongas (Password: Yes, Key file: No, Passphrase: No)
. 2024-04-08 08:11:33.878 Tunnel: No
. 2024-04-08 08:11:33.878 Transfer Protocol: SFTP
. 2024-04-08 08:11:33.878 Ping type: Off, Ping interval: 30 sec; Timeout: 15 sec
. 2024-04-08 08:11:33.878 Disable Nagle: No
. 2024-04-08 08:11:33.878 Proxy: None
. 2024-04-08 08:11:33.878 Send buffer: 262144
. 2024-04-08 08:11:33.878 Compression: No
. 2024-04-08 08:11:33.878 Bypass authentication: No
. 2024-04-08 08:11:33.878 Try agent: Yes; Agent forwarding: No; KI: Yes; GSSAPI: Yes
. 2024-04-08 08:11:33.878 GSSAPI: KEX: No; Forwarding: No; Libs: gssapi32,sspi,custom; Custom: 
. 2024-04-08 08:11:33.878 Ciphers: aes,chacha20,aesgcm,3des,WARN,des,blowfish,arcfour; Ssh2DES: No
. 2024-04-08 08:11:33.878 KEX: ntru-curve25519,ecdh,dh-gex-sha1,dh-group18-sha512,dh-group17-sha512,dh-group16-sha512,dh-group15-sha512,dh-group14-sha1,rsa,WARN,dh-group1-sha1
. 2024-04-08 08:11:33.878 SSH Bugs: Auto,Auto,Auto,Auto,Auto,Auto,Auto,Auto,Auto,Auto
. 2024-04-08 08:11:33.878 Simple channel: Yes
. 2024-04-08 08:11:33.878 Return code variable: Autodetect; Lookup user groups: Auto
. 2024-04-08 08:11:33.878 Shell: default
. 2024-04-08 08:11:33.878 EOL: LF, UTF: Auto
. 2024-04-08 08:11:33.878 Clear aliases: Yes, Unset nat.vars: Yes, Resolve symlinks: Yes; Follow directory symlinks: No
. 2024-04-08 08:11:33.878 LS: ls -la, Ign LS warn: Yes, Scp1 Comp: No; Exit code 1 is error: No
. 2024-04-08 08:11:33.878 SFTP Bugs: Auto,Auto
. 2024-04-08 08:11:33.878 SFTP Server: default
. 2024-04-08 08:11:33.878 Local directory: default, Remote directory: home, Update: Yes, Cache: Yes
. 2024-04-08 08:11:33.878 Cache directory changes: Yes, Permanent: Yes
. 2024-04-08 08:11:33.878 Recycle bin: Delete to: No, Overwritten to: No, Bin path: 
. 2024-04-08 08:11:33.878 DST mode: Unix
. 2024-04-08 08:11:33.878 --------------------------------------------------------------------------
< 2024-04-08 08:11:33.878 Script: Ricerca host ...
. 2024-04-08 08:11:33.878 Looking up host "sftp.sandsiv.com" for SSH connection
. 2024-04-08 08:11:33.878 Connecting to 77.109.144.51 port 22
. 2024-04-08 08:11:33.925 Connected to 77.109.144.51
< 2024-04-08 08:11:33.925 Script: Connessione host ...
. 2024-04-08 08:11:33.925 We claim version: SSH-2.0-WinSCP_release_6.1.1
. 2024-04-08 08:11:33.925 Connected to 77.109.144.51
. 2024-04-08 08:11:33.972 Remote version: SSH-2.0-OpenSSH_5.3
. 2024-04-08 08:11:33.972 We believe remote version has SSH-2 channel request bug
. 2024-04-08 08:11:33.972 Using SSH protocol version 2
. 2024-04-08 08:11:34.003 Doing Diffie-Hellman group exchange
. 2024-04-08 08:11:34.050 Doing Diffie-Hellman key exchange using 4096-bit modulus and hash SHA-256 with a server-supplied group
. 2024-04-08 08:11:37.335 Server also has ssh-dss host key, but we don't know it
. 2024-04-08 08:11:37.335 Host key fingerprint is:
. 2024-04-08 08:11:37.335 ssh-rsa 2048 SHA256:eelF88eFuOlODwKGUpnnqatJdFSTRhBSqEJAos67GqQ
< 2024-04-08 08:11:37.335 Script: Autenticazione ...
< 2024-04-08 08:11:37.335 Script: ATTENZIONE! Stai rinunciando alla sicurezza e accettando ogni chiave come configurato!
* 2024-04-08 08:11:37.335 ATTENZIONE! Stai rinunciando alla sicurezza e accettando ogni chiave come configurato!
. 2024-04-08 08:11:37.335 Initialised AES-256 SDCTR (unaccelerated) [aes256-ctr] outbound encryption
. 2024-04-08 08:11:37.335 Initialised HMAC-SHA-256 outbound MAC algorithm
. 2024-04-08 08:11:37.335 Initialised AES-256 SDCTR (unaccelerated) [aes256-ctr] inbound encryption
. 2024-04-08 08:11:37.335 Initialised HMAC-SHA-256 inbound MAC algorithm
! 2024-04-08 08:11:37.366 Using username "uniongas".
< 2024-04-08 08:11:37.366 Script: Usa nome utente "uniongas".
. 2024-04-08 08:11:37.428 Server offered these authentication methods: publickey,gssapi-keyex,gssapi-with-mic,password
. 2024-04-08 08:11:37.428 Using SSPI from SECUR32.DLL
. 2024-04-08 08:11:37.428 Trying gssapi-with-mic...
. 2024-04-08 08:11:37.428 Attempting GSSAPI authentication
. 2024-04-08 08:11:37.475 GSSAPI authentication request refused
. 2024-04-08 08:11:37.475 Server offered these authentication methods: publickey,gssapi-keyex,gssapi-with-mic,password
. 2024-04-08 08:11:37.475 Prompt (password, "SSH password", <no instructions>, "&Password: ")
. 2024-04-08 08:11:37.475 Using stored password.
< 2024-04-08 08:11:37.475 Script: Autenticazione con password preimpostata
. 2024-04-08 08:11:37.475 Sent password
. 2024-04-08 08:11:37.553 Access granted
. 2024-04-08 08:11:37.553 Opening main session channel
. 2024-04-08 08:11:37.710 Opened main channel
. 2024-04-08 08:11:37.761 Started a shell/command
< 2024-04-08 08:11:37.761 Script: Autenticato.
. 2024-04-08 08:11:37.761 --------------------------------------------------------------------------
. 2024-04-08 08:11:37.761 Using SFTP protocol.
. 2024-04-08 08:11:37.761 Doing startup conversation with host.
< 2024-04-08 08:11:37.761 Script: Avvio sessione ...
> 2024-04-08 08:11:37.761 Type: SSH_FXP_INIT, Size: 5, Number: -1
< 2024-04-08 08:11:37.790 Type: SSH_FXP_VERSION, Size: 95, Number: -1
. 2024-04-08 08:11:37.790 SFTP version 3 negotiated.
. 2024-04-08 08:11:37.790 Unknown server extension posix-rename@openssh.com="1"
. 2024-04-08 08:11:37.790 Supports statvfs@openssh.com extension version 2
. 2024-04-08 08:11:37.790 Unknown server extension fstatvfs@openssh.com="2"
. 2024-04-08 08:11:37.790 We believe the server has signed timestamps bug
. 2024-04-08 08:11:37.790 We will use UTF-8 strings until server sends an invalid UTF-8 string as with SFTP version 3 and older UTF-8 strings are not mandatory
. 2024-04-08 08:11:37.790 Limiting packet size to OpenSSH sftp-server limit of 262148 bytes
. 2024-04-08 08:11:37.790 Getting current directory name.
. 2024-04-08 08:11:37.790 Getting real path for '.'
> 2024-04-08 08:11:37.790 Type: SSH_FXP_REALPATH, Size: 10, Number: 16
< 2024-04-08 08:11:37.837 Type: SSH_FXP_NAME, Size: 39, Number: 16
. 2024-04-08 08:11:37.837 Real path is '/uniongas'
. 2024-04-08 08:11:37.837 Startup conversation with host finished.
< 2024-04-08 08:11:37.837 Script: Sessione avviata.
< 2024-04-08 08:11:37.837 Script: Sessione attiva: [1] uniongas@sftp.sandsiv.com
> 2024-04-08 08:11:37.837 Script: cd /uniongas/InputFiles
. 2024-04-08 08:11:37.837 Cached directory change via "/uniongas/InputFiles" to "/uniongas/InputFiles".
. 2024-04-08 08:11:37.837 Getting current directory name.
< 2024-04-08 08:11:37.837 Script: /uniongas/InputFiles
> 2024-04-08 08:11:37.837 Script: ls
. 2024-04-08 08:11:37.837 Listing directory "/uniongas/InputFiles".
> 2024-04-08 08:11:37.837 Type: SSH_FXP_OPENDIR, Size: 29, Number: 267
< 2024-04-08 08:11:37.884 Type: SSH_FXP_HANDLE, Size: 13, Number: 267
> 2024-04-08 08:11:37.884 Type: SSH_FXP_READDIR, Size: 13, Number: 524
< 2024-04-08 08:11:37.931 Type: SSH_FXP_NAME, Size: 607, Number: 524
> 2024-04-08 08:11:37.931 Type: SSH_FXP_READDIR, Size: 13, Number: 780
< 2024-04-08 08:11:37.978 Type: SSH_FXP_STATUS, Size: 28, Number: 780
< 2024-04-08 08:11:37.978 Status code: 1
> 2024-04-08 08:11:37.978 Type: SSH_FXP_CLOSE, Size: 13, Number: 1028
. 2024-04-08 08:11:37.978 .;d;0;2024-04-08T06:11:33.000Z;4;"760" [760];"768" [768];rwxrwx---;0
. 2024-04-08 08:11:37.978 ..;d;0;2023-06-21T14:45:19.000Z;4;"760" [760];"768" [768];rwxrwx---;0
. 2024-04-08 08:11:37.978 switchin_240408.csv;-;90;2024-04-08T08:05:48.000Z;4;"760" [760];"753" [753];rw-r--r--;0
. 2024-04-08 08:11:37.978 subentro_240408.csv;-;90;2024-04-08T08:00:14.000Z;4;"760" [760];"753" [753];rw-r--r--;0
. 2024-04-08 08:11:37.978 voltura_240408.csv;-;55550;2024-04-08T08:05:50.000Z;4;"760" [760];"753" [753];rw-r--r--;0
< 2024-04-08 08:11:37.978 Script: drwxrwx---   2 760      768           4096 Apr  8  8:11:33 2024 .
< 2024-04-08 08:11:37.978 Script: drwxrwx---   5 760      768           4096 Jun 21 16:45:19 2023 ..
< 2024-04-08 08:11:37.978 Script: -rw-r--r--   1 760      753             90 Apr  8 10:05:48 2024 switchin_240408.csv
< 2024-04-08 08:11:37.978 Script: -rw-r--r--   1 760      753             90 Apr  8 10:00:14 2024 subentro_240408.csv
< 2024-04-08 08:11:37.978 Script: -rw-r--r--   1 760      753          55550 Apr  8 10:05:50 2024 voltura_240408.csv
> 2024-04-08 08:11:37.978 Script: close
. 2024-04-08 08:11:37.978 Closing connection.
. 2024-04-08 08:11:37.978 Sending special code: 1
. 2024-04-08 08:11:38.056 Session sent command exit status 0
. 2024-04-08 08:11:38.056 Main session channel closed
. 2024-04-08 08:11:38.056 All channels closed
