. 2024-04-29 09:07:48.650 --------------------------------------------------------------------------
. 2024-04-29 09:07:48.650 WinSCP Versione 6.1.1 (Build 13736 2023-06-21) (OS 10.0.17763 – Windows Server 2019 Standard)
. 2024-04-29 09:07:48.650 Configuration: HKCU\Software\Martin Prikryl\WinSCP 2\
. 2024-04-29 09:07:48.650 Log level: Normal
. 2024-04-29 09:07:48.650 Local account: UGMLOCAL\administrator
. 2024-04-29 09:07:48.650 Working directory: C:\VOC_2.0
. 2024-04-29 09:07:48.650 Process ID: 4416
. 2024-04-29 09:07:48.665 Ancestor processes: cmd, explorer, ...
. 2024-04-29 09:07:48.665 Command-line: "C:\Program Files (x86)\WinSCP\WinSCP.exe"  /log="C:\VOC_2.0\log\SETTIMANALE-log-240429.log" /command "open sftp://uniongas:***@sftp.sandsiv.com -hostkey=*"     "lcd C:\VOC_2.0\download"     "cd /uniongas/InputFiles"     "put *"     "close"     "exit"
. 2024-04-29 09:07:48.665 Time zone: Current: GMT+2, Standard: GMT+1 (ora solare Europa occidentale), DST: GMT+2 (ora legale Europa occidentale), DST Start: 31/03/2024, DST End: 27/10/2024
. 2024-04-29 09:07:48.665 Login time: lunedì 29 aprile 2024 09:07:48
. 2024-04-29 09:07:48.665 --------------------------------------------------------------------------
. 2024-04-29 09:07:48.665 Script: Retrospectively logging previous script records:
> 2024-04-29 09:07:48.665 Script: open sftp://uniongas:***@sftp.sandsiv.com -hostkey=*
. 2024-04-29 09:07:48.665 --------------------------------------------------------------------------
. 2024-04-29 09:07:48.665 Session name: uniongas@sftp.sandsiv.com (Ad-Hoc site)
. 2024-04-29 09:07:48.665 Host name: sftp.sandsiv.com (Port: 22)
. 2024-04-29 09:07:48.665 User name: uniongas (Password: Yes, Key file: No, Passphrase: No)
. 2024-04-29 09:07:48.665 Tunnel: No
. 2024-04-29 09:07:48.665 Transfer Protocol: SFTP
. 2024-04-29 09:07:48.665 Ping type: Off, Ping interval: 30 sec; Timeout: 15 sec
. 2024-04-29 09:07:48.665 Disable Nagle: No
. 2024-04-29 09:07:48.665 Proxy: None
. 2024-04-29 09:07:48.665 Send buffer: 262144
. 2024-04-29 09:07:48.665 Compression: No
. 2024-04-29 09:07:48.665 Bypass authentication: No
. 2024-04-29 09:07:48.665 Try agent: Yes; Agent forwarding: No; KI: Yes; GSSAPI: Yes
. 2024-04-29 09:07:48.665 GSSAPI: KEX: No; Forwarding: No; Libs: gssapi32,sspi,custom; Custom: 
. 2024-04-29 09:07:48.665 Ciphers: aes,chacha20,aesgcm,3des,WARN,des,blowfish,arcfour; Ssh2DES: No
. 2024-04-29 09:07:48.665 KEX: ntru-curve25519,ecdh,dh-gex-sha1,dh-group18-sha512,dh-group17-sha512,dh-group16-sha512,dh-group15-sha512,dh-group14-sha1,rsa,WARN,dh-group1-sha1
. 2024-04-29 09:07:48.665 SSH Bugs: Auto,Auto,Auto,Auto,Auto,Auto,Auto,Auto,Auto,Auto
. 2024-04-29 09:07:48.665 Simple channel: Yes
. 2024-04-29 09:07:48.665 Return code variable: Autodetect; Lookup user groups: Auto
. 2024-04-29 09:07:48.665 Shell: default
. 2024-04-29 09:07:48.665 EOL: LF, UTF: Auto
. 2024-04-29 09:07:48.665 Clear aliases: Yes, Unset nat.vars: Yes, Resolve symlinks: Yes; Follow directory symlinks: No
. 2024-04-29 09:07:48.665 LS: ls -la, Ign LS warn: Yes, Scp1 Comp: No; Exit code 1 is error: No
. 2024-04-29 09:07:48.665 SFTP Bugs: Auto,Auto
. 2024-04-29 09:07:48.665 SFTP Server: default
. 2024-04-29 09:07:48.665 Local directory: default, Remote directory: home, Update: Yes, Cache: Yes
. 2024-04-29 09:07:48.665 Cache directory changes: Yes, Permanent: Yes
. 2024-04-29 09:07:48.665 Recycle bin: Delete to: No, Overwritten to: No, Bin path: 
. 2024-04-29 09:07:48.665 DST mode: Unix
. 2024-04-29 09:07:48.665 --------------------------------------------------------------------------
< 2024-04-29 09:07:48.665 Script: Ricerca host ...
. 2024-04-29 09:07:48.665 Looking up host "sftp.sandsiv.com" for SSH connection
. 2024-04-29 09:07:48.712 Connecting to 77.109.144.51 port 22
. 2024-04-29 09:07:48.743 Connected to 77.109.144.51
< 2024-04-29 09:07:48.743 Script: Connessione host ...
. 2024-04-29 09:07:48.743 We claim version: SSH-2.0-WinSCP_release_6.1.1
. 2024-04-29 09:07:48.743 Connected to 77.109.144.51
. 2024-04-29 09:07:48.775 Remote version: SSH-2.0-OpenSSH_5.3
. 2024-04-29 09:07:48.775 We believe remote version has SSH-2 channel request bug
. 2024-04-29 09:07:48.775 Using SSH protocol version 2
. 2024-04-29 09:07:48.790 Doing Diffie-Hellman group exchange
. 2024-04-29 09:07:48.806 Doing Diffie-Hellman key exchange using 4096-bit modulus and hash SHA-256 with a server-supplied group
. 2024-04-29 09:07:51.296 Server also has ssh-dss host key, but we don't know it
. 2024-04-29 09:07:51.296 Host key fingerprint is:
. 2024-04-29 09:07:51.296 ssh-rsa 2048 SHA256:eelF88eFuOlODwKGUpnnqatJdFSTRhBSqEJAos67GqQ
< 2024-04-29 09:07:51.296 Script: Autenticazione ...
< 2024-04-29 09:07:51.296 Script: ATTENZIONE! Stai rinunciando alla sicurezza e accettando ogni chiave come configurato!
* 2024-04-29 09:07:51.296 ATTENZIONE! Stai rinunciando alla sicurezza e accettando ogni chiave come configurato!
. 2024-04-29 09:07:51.296 Initialised AES-256 SDCTR (unaccelerated) [aes256-ctr] outbound encryption
. 2024-04-29 09:07:51.296 Initialised HMAC-SHA-256 outbound MAC algorithm
. 2024-04-29 09:07:51.296 Initialised AES-256 SDCTR (unaccelerated) [aes256-ctr] inbound encryption
. 2024-04-29 09:07:51.296 Initialised HMAC-SHA-256 inbound MAC algorithm
! 2024-04-29 09:07:51.328 Using username "uniongas".
< 2024-04-29 09:07:51.328 Script: Usa nome utente "uniongas".
. 2024-04-29 09:07:51.343 Server offered these authentication methods: publickey,gssapi-keyex,gssapi-with-mic,password
. 2024-04-29 09:07:51.343 Using SSPI from SECUR32.DLL
. 2024-04-29 09:07:51.343 Trying gssapi-with-mic...
. 2024-04-29 09:07:51.343 Attempting GSSAPI authentication
. 2024-04-29 09:07:51.375 GSSAPI authentication request refused
. 2024-04-29 09:07:51.375 Server offered these authentication methods: publickey,gssapi-keyex,gssapi-with-mic,password
. 2024-04-29 09:07:51.375 Prompt (password, "SSH password", <no instructions>, "&Password: ")
. 2024-04-29 09:07:51.375 Using stored password.
< 2024-04-29 09:07:51.375 Script: Autenticazione con password preimpostata
. 2024-04-29 09:07:51.375 Sent password
. 2024-04-29 09:07:51.453 Access granted
. 2024-04-29 09:07:51.453 Opening main session channel
. 2024-04-29 09:07:51.609 Opened main channel
. 2024-04-29 09:07:51.658 Started a shell/command
< 2024-04-29 09:07:51.658 Script: Autenticato.
. 2024-04-29 09:07:51.658 --------------------------------------------------------------------------
. 2024-04-29 09:07:51.658 Using SFTP protocol.
. 2024-04-29 09:07:51.658 Doing startup conversation with host.
< 2024-04-29 09:07:51.658 Script: Avvio sessione ...
> 2024-04-29 09:07:51.658 Type: SSH_FXP_INIT, Size: 5, Number: -1
< 2024-04-29 09:07:51.689 Type: SSH_FXP_VERSION, Size: 95, Number: -1
. 2024-04-29 09:07:51.689 SFTP version 3 negotiated.
. 2024-04-29 09:07:51.689 Unknown server extension posix-rename@openssh.com="1"
. 2024-04-29 09:07:51.689 Supports statvfs@openssh.com extension version 2
. 2024-04-29 09:07:51.689 Unknown server extension fstatvfs@openssh.com="2"
. 2024-04-29 09:07:51.689 We believe the server has signed timestamps bug
. 2024-04-29 09:07:51.689 We will use UTF-8 strings until server sends an invalid UTF-8 string as with SFTP version 3 and older UTF-8 strings are not mandatory
. 2024-04-29 09:07:51.689 Limiting packet size to OpenSSH sftp-server limit of 262148 bytes
. 2024-04-29 09:07:51.689 Getting current directory name.
. 2024-04-29 09:07:51.689 Getting real path for '.'
> 2024-04-29 09:07:51.689 Type: SSH_FXP_REALPATH, Size: 10, Number: 16
< 2024-04-29 09:07:51.720 Type: SSH_FXP_NAME, Size: 39, Number: 16
. 2024-04-29 09:07:51.720 Real path is '/uniongas'
. 2024-04-29 09:07:51.720 Startup conversation with host finished.
< 2024-04-29 09:07:51.720 Script: Sessione avviata.
< 2024-04-29 09:07:51.720 Script: Sessione attiva: [1] uniongas@sftp.sandsiv.com
> 2024-04-29 09:07:51.720 Script: lcd C:\VOC_2.0\download
< 2024-04-29 09:07:51.720 Script: C:\VOC_2.0\download
> 2024-04-29 09:07:51.720 Script: cd /uniongas/InputFiles
. 2024-04-29 09:07:51.720 Cached directory change via "/uniongas/InputFiles" to "/uniongas/InputFiles".
. 2024-04-29 09:07:51.720 Getting current directory name.
< 2024-04-29 09:07:51.720 Script: /uniongas/InputFiles
> 2024-04-29 09:07:51.720 Script: put *
. 2024-04-29 09:07:51.720 Copying 3 files/directories to remote directory "/uniongas/InputFiles" - total size: 685.824
. 2024-04-29 09:07:51.720   PrTime: Yes; PrRO: No; Rght: rw-r--r--; PrR: No (No); FnCs: N; RIC: 0100; Resume: S (102400); CalcS: No; Mask: 
. 2024-04-29 09:07:51.720   TM: B; ClAr: No; RemEOF: No; RemBOM: No; CPS: 0; NewerOnly: No; EncryptNewFiles: Yes; ExcludeHiddenFiles: No; ExcludeEmptyDirectories: No; InclM: ; ResumeL: 0
. 2024-04-29 09:07:51.720   AscM: *.*html; *.htm; *.txt; *.php; *.php3; *.cgi; *.c; *.cpp; *.h; *.pas; *.bas; *.tex; *.pl; *.js; .htaccess; *.xtml; *.css; *.cfg; *.ini; *.sh; *.xml
. 2024-04-29 09:07:51.720 File: 'subentro_240429.csv' [2024-04-29T07:03:25.000Z] [330475]
. 2024-04-29 09:07:51.720 Copying "subentro_240429.csv" to remote directory started.
. 2024-04-29 09:07:51.720 Binary transfer mode selected.
. 2024-04-29 09:07:51.720 Checking existence of file.
> 2024-04-29 09:07:51.720 Type: SSH_FXP_LSTAT, Size: 49, Number: 263
< 2024-04-29 09:07:51.767 Type: SSH_FXP_STATUS, Size: 29, Number: 263
< 2024-04-29 09:07:51.767 Status code: 2
. 2024-04-29 09:07:51.767 Checking existence of partially transferred file.
> 2024-04-29 09:07:51.767 Type: SSH_FXP_LSTAT, Size: 58, Number: 519
< 2024-04-29 09:07:51.799 Type: SSH_FXP_STATUS, Size: 29, Number: 519
< 2024-04-29 09:07:51.799 Status code: 2
. 2024-04-29 09:07:51.799 Opening remote file.
> 2024-04-29 09:07:51.799 Type: SSH_FXP_OPEN, Size: 74, Number: 771
< 2024-04-29 09:07:51.830 Type: SSH_FXP_HANDLE, Size: 13, Number: 771
> 2024-04-29 09:07:51.830 Type: SSH_FXP_WRITE, Size: 32761, Number: 1286
. 2024-04-29 09:07:51.845 Skipped 10 SSH_FXP_WRITE packets
> 2024-04-29 09:07:51.845 Type: SSH_FXP_CLOSE, Size: 13, Number: 4100
< 2024-04-29 09:07:51.877 Type: SSH_FXP_STATUS, Size: 24, Number: 1286
< 2024-04-29 09:07:51.877 Status code: 0
. 2024-04-29 09:07:52.096 Skipped 10 SSH_FXP_STATUS packets
< 2024-04-29 09:07:52.096 Type: SSH_FXP_STATUS, Size: 24, Number: 4100
< 2024-04-29 09:07:52.096 Status code: 0
> 2024-04-29 09:07:52.096 Type: SSH_FXP_RENAME, Size: 102, Number: 4370
< 2024-04-29 09:07:52.159 Type: SSH_FXP_STATUS, Size: 24, Number: 4370
< 2024-04-29 09:07:52.159 Status code: 0
. 2024-04-29 09:07:52.159 Preserving timestamp [2024-04-29T07:03:25.000Z]
> 2024-04-29 09:07:52.159 Type: SSH_FXP_SETSTAT, Size: 61, Number: 1033
< 2024-04-29 09:07:52.190 Type: SSH_FXP_STATUS, Size: 24, Number: 1033
< 2024-04-29 09:07:52.190 Status code: 0
. 2024-04-29 09:07:52.190 Transfer done: 'subentro_240429.csv' => '/uniongas/InputFiles/subentro_240429.csv' [330475]
. 2024-04-29 09:07:52.190 File: 'switchin_240429.csv' [2024-04-29T07:06:41.000Z] [306218]
. 2024-04-29 09:07:52.190 Copying "switchin_240429.csv" to remote directory started.
. 2024-04-29 09:07:52.190 Binary transfer mode selected.
. 2024-04-29 09:07:52.190 Checking existence of file.
> 2024-04-29 09:07:52.190 Type: SSH_FXP_LSTAT, Size: 49, Number: 4615
< 2024-04-29 09:07:52.221 Type: SSH_FXP_STATUS, Size: 29, Number: 4615
< 2024-04-29 09:07:52.221 Status code: 2
. 2024-04-29 09:07:52.221 Checking existence of partially transferred file.
> 2024-04-29 09:07:52.221 Type: SSH_FXP_LSTAT, Size: 58, Number: 4871
< 2024-04-29 09:07:52.252 Type: SSH_FXP_STATUS, Size: 29, Number: 4871
< 2024-04-29 09:07:52.252 Status code: 2
. 2024-04-29 09:07:52.252 Opening remote file.
> 2024-04-29 09:07:52.252 Type: SSH_FXP_OPEN, Size: 74, Number: 5123
< 2024-04-29 09:07:52.268 Type: SSH_FXP_HANDLE, Size: 13, Number: 5123
> 2024-04-29 09:07:52.268 Type: SSH_FXP_WRITE, Size: 32761, Number: 5638
. 2024-04-29 09:07:52.284 Skipped 9 SSH_FXP_WRITE packets
> 2024-04-29 09:07:52.284 Type: SSH_FXP_CLOSE, Size: 13, Number: 8196
< 2024-04-29 09:07:52.299 Type: SSH_FXP_STATUS, Size: 24, Number: 5638
< 2024-04-29 09:07:52.299 Status code: 0
. 2024-04-29 09:07:52.487 Skipped 9 SSH_FXP_STATUS packets
< 2024-04-29 09:07:52.487 Type: SSH_FXP_STATUS, Size: 24, Number: 8196
< 2024-04-29 09:07:52.487 Status code: 0
> 2024-04-29 09:07:52.487 Type: SSH_FXP_RENAME, Size: 102, Number: 8466
< 2024-04-29 09:07:52.534 Type: SSH_FXP_STATUS, Size: 24, Number: 8466
< 2024-04-29 09:07:52.534 Status code: 0
. 2024-04-29 09:07:52.534 Preserving timestamp [2024-04-29T07:06:41.000Z]
> 2024-04-29 09:07:52.534 Type: SSH_FXP_SETSTAT, Size: 61, Number: 5385
< 2024-04-29 09:07:52.565 Type: SSH_FXP_STATUS, Size: 24, Number: 5385
< 2024-04-29 09:07:52.565 Status code: 0
. 2024-04-29 09:07:52.565 Transfer done: 'switchin_240429.csv' => '/uniongas/InputFiles/switchin_240429.csv' [306218]
. 2024-04-29 09:07:52.565 File: 'voltura_240429.csv' [2024-04-29T07:07:25.000Z] [49131]
. 2024-04-29 09:07:52.565 Copying "voltura_240429.csv" to remote directory started.
. 2024-04-29 09:07:52.565 Binary transfer mode selected.
. 2024-04-29 09:07:52.565 Opening remote file.
> 2024-04-29 09:07:52.565 Type: SSH_FXP_OPEN, Size: 64, Number: 8707
< 2024-04-29 09:07:52.596 Type: SSH_FXP_HANDLE, Size: 13, Number: 8707
> 2024-04-29 09:07:52.596 Type: SSH_FXP_WRITE, Size: 32761, Number: 9222
. 2024-04-29 09:07:52.596 Skipped 1 SSH_FXP_WRITE packets
> 2024-04-29 09:07:52.596 Type: SSH_FXP_CLOSE, Size: 13, Number: 9732
> 2024-04-29 09:07:52.612 Type: SSH_FXP_SETSTAT, Size: 60, Number: 8969
< 2024-04-29 09:07:52.628 Type: SSH_FXP_STATUS, Size: 24, Number: 9222
< 2024-04-29 09:07:52.628 Status code: 0
. 2024-04-29 09:07:52.660 Skipped 1 SSH_FXP_STATUS packets
< 2024-04-29 09:07:52.660 Type: SSH_FXP_STATUS, Size: 24, Number: 9732
< 2024-04-29 09:07:52.660 Status code: 0
. 2024-04-29 09:07:52.660 Preserving timestamp [2024-04-29T07:07:25.000Z]
< 2024-04-29 09:07:52.676 Type: SSH_FXP_STATUS, Size: 24, Number: 8969
< 2024-04-29 09:07:52.676 Status code: 0
. 2024-04-29 09:07:52.676 Transfer done: 'voltura_240429.csv' => '/uniongas/InputFiles/voltura_240429.csv' [49131]
. 2024-04-29 09:07:52.676 Copying finished: Transferred: 685.824, Elapsed: 0:00:00, CPS: 717.389/s
> 2024-04-29 09:07:52.676 Script: close
. 2024-04-29 09:07:52.676 Closing connection.
. 2024-04-29 09:07:52.676 Sending special code: 1
. 2024-04-29 09:07:52.691 Session sent command exit status 0
. 2024-04-29 09:07:52.691 Main session channel closed
. 2024-04-29 09:07:52.691 All channels closed
. 2024-04-29 09:07:52.816 --------------------------------------------------------------------------
. 2024-04-29 09:07:52.816 WinSCP Versione 6.1.1 (Build 13736 2023-06-21) (OS 10.0.17763 – Windows Server 2019 Standard)
. 2024-04-29 09:07:52.816 Configuration: HKCU\Software\Martin Prikryl\WinSCP 2\
. 2024-04-29 09:07:52.816 Log level: Normal
. 2024-04-29 09:07:52.816 Local account: UGMLOCAL\administrator
. 2024-04-29 09:07:52.816 Working directory: C:\VOC_2.0
. 2024-04-29 09:07:52.816 Process ID: 13656
. 2024-04-29 09:07:52.816 Ancestor processes: cmd, explorer, ...
. 2024-04-29 09:07:52.816 Command-line: "C:\Program Files (x86)\WinSCP\WinSCP.exe"  /log="C:\VOC_2.0\log\SETTIMANALE-log-240429.log" /command "open sftp://uniongas:***@sftp.sandsiv.com -hostkey=*" 	"cd /uniongas/InputFiles"     "ls" 	"close"     "exit"
. 2024-04-29 09:07:52.816 Time zone: Current: GMT+2, Standard: GMT+1 (ora solare Europa occidentale), DST: GMT+2 (ora legale Europa occidentale), DST Start: 31/03/2024, DST End: 27/10/2024
. 2024-04-29 09:07:52.816 Login time: lunedì 29 aprile 2024 09:07:52
. 2024-04-29 09:07:52.816 --------------------------------------------------------------------------
. 2024-04-29 09:07:52.816 Script: Retrospectively logging previous script records:
> 2024-04-29 09:07:52.816 Script: open sftp://uniongas:***@sftp.sandsiv.com -hostkey=*
. 2024-04-29 09:07:52.816 --------------------------------------------------------------------------
. 2024-04-29 09:07:52.816 Session name: uniongas@sftp.sandsiv.com (Ad-Hoc site)
. 2024-04-29 09:07:52.816 Host name: sftp.sandsiv.com (Port: 22)
. 2024-04-29 09:07:52.816 User name: uniongas (Password: Yes, Key file: No, Passphrase: No)
. 2024-04-29 09:07:52.816 Tunnel: No
. 2024-04-29 09:07:52.816 Transfer Protocol: SFTP
. 2024-04-29 09:07:52.816 Ping type: Off, Ping interval: 30 sec; Timeout: 15 sec
. 2024-04-29 09:07:52.816 Disable Nagle: No
. 2024-04-29 09:07:52.816 Proxy: None
. 2024-04-29 09:07:52.816 Send buffer: 262144
. 2024-04-29 09:07:52.816 Compression: No
. 2024-04-29 09:07:52.816 Bypass authentication: No
. 2024-04-29 09:07:52.816 Try agent: Yes; Agent forwarding: No; KI: Yes; GSSAPI: Yes
. 2024-04-29 09:07:52.816 GSSAPI: KEX: No; Forwarding: No; Libs: gssapi32,sspi,custom; Custom: 
. 2024-04-29 09:07:52.816 Ciphers: aes,chacha20,aesgcm,3des,WARN,des,blowfish,arcfour; Ssh2DES: No
. 2024-04-29 09:07:52.816 KEX: ntru-curve25519,ecdh,dh-gex-sha1,dh-group18-sha512,dh-group17-sha512,dh-group16-sha512,dh-group15-sha512,dh-group14-sha1,rsa,WARN,dh-group1-sha1
. 2024-04-29 09:07:52.816 SSH Bugs: Auto,Auto,Auto,Auto,Auto,Auto,Auto,Auto,Auto,Auto
. 2024-04-29 09:07:52.816 Simple channel: Yes
. 2024-04-29 09:07:52.816 Return code variable: Autodetect; Lookup user groups: Auto
. 2024-04-29 09:07:52.816 Shell: default
. 2024-04-29 09:07:52.816 EOL: LF, UTF: Auto
. 2024-04-29 09:07:52.816 Clear aliases: Yes, Unset nat.vars: Yes, Resolve symlinks: Yes; Follow directory symlinks: No
. 2024-04-29 09:07:52.816 LS: ls -la, Ign LS warn: Yes, Scp1 Comp: No; Exit code 1 is error: No
. 2024-04-29 09:07:52.816 SFTP Bugs: Auto,Auto
. 2024-04-29 09:07:52.816 SFTP Server: default
. 2024-04-29 09:07:52.816 Local directory: default, Remote directory: home, Update: Yes, Cache: Yes
. 2024-04-29 09:07:52.816 Cache directory changes: Yes, Permanent: Yes
. 2024-04-29 09:07:52.816 Recycle bin: Delete to: No, Overwritten to: No, Bin path: 
. 2024-04-29 09:07:52.816 DST mode: Unix
. 2024-04-29 09:07:52.816 --------------------------------------------------------------------------
< 2024-04-29 09:07:52.816 Script: Ricerca host ...
. 2024-04-29 09:07:52.816 Looking up host "sftp.sandsiv.com" for SSH connection
. 2024-04-29 09:07:52.832 Connecting to 77.109.144.51 port 22
. 2024-04-29 09:07:52.879 Connected to 77.109.144.51
< 2024-04-29 09:07:52.879 Script: Connessione host ...
. 2024-04-29 09:07:52.879 We claim version: SSH-2.0-WinSCP_release_6.1.1
. 2024-04-29 09:07:52.879 Connected to 77.109.144.51
. 2024-04-29 09:07:52.927 Remote version: SSH-2.0-OpenSSH_5.3
. 2024-04-29 09:07:52.927 We believe remote version has SSH-2 channel request bug
. 2024-04-29 09:07:52.927 Using SSH protocol version 2
. 2024-04-29 09:07:52.974 Doing Diffie-Hellman group exchange
. 2024-04-29 09:07:53.005 Doing Diffie-Hellman key exchange using 4096-bit modulus and hash SHA-256 with a server-supplied group
. 2024-04-29 09:07:55.419 Server also has ssh-dss host key, but we don't know it
. 2024-04-29 09:07:55.419 Host key fingerprint is:
. 2024-04-29 09:07:55.419 ssh-rsa 2048 SHA256:eelF88eFuOlODwKGUpnnqatJdFSTRhBSqEJAos67GqQ
< 2024-04-29 09:07:55.419 Script: Autenticazione ...
< 2024-04-29 09:07:55.419 Script: ATTENZIONE! Stai rinunciando alla sicurezza e accettando ogni chiave come configurato!
* 2024-04-29 09:07:55.419 ATTENZIONE! Stai rinunciando alla sicurezza e accettando ogni chiave come configurato!
. 2024-04-29 09:07:55.419 Initialised AES-256 SDCTR (unaccelerated) [aes256-ctr] outbound encryption
. 2024-04-29 09:07:55.419 Initialised HMAC-SHA-256 outbound MAC algorithm
. 2024-04-29 09:07:55.419 Initialised AES-256 SDCTR (unaccelerated) [aes256-ctr] inbound encryption
. 2024-04-29 09:07:55.419 Initialised HMAC-SHA-256 inbound MAC algorithm
! 2024-04-29 09:07:55.466 Using username "uniongas".
< 2024-04-29 09:07:55.466 Script: Usa nome utente "uniongas".
. 2024-04-29 09:07:55.575 Server offered these authentication methods: publickey,gssapi-keyex,gssapi-with-mic,password
. 2024-04-29 09:07:55.575 Using SSPI from SECUR32.DLL
. 2024-04-29 09:07:55.575 Trying gssapi-with-mic...
. 2024-04-29 09:07:55.575 Attempting GSSAPI authentication
. 2024-04-29 09:07:55.686 GSSAPI authentication request refused
. 2024-04-29 09:07:55.686 Server offered these authentication methods: publickey,gssapi-keyex,gssapi-with-mic,password
. 2024-04-29 09:07:55.686 Prompt (password, "SSH password", <no instructions>, "&Password: ")
. 2024-04-29 09:07:55.686 Using stored password.
< 2024-04-29 09:07:55.686 Script: Autenticazione con password preimpostata
. 2024-04-29 09:07:55.686 Sent password
. 2024-04-29 09:07:56.093 Access granted
. 2024-04-29 09:07:56.093 Opening main session channel
. 2024-04-29 09:07:56.172 Opened main channel
. 2024-04-29 09:07:56.281 Started a shell/command
< 2024-04-29 09:07:56.281 Script: Autenticato.
. 2024-04-29 09:07:56.281 --------------------------------------------------------------------------
. 2024-04-29 09:07:56.281 Using SFTP protocol.
. 2024-04-29 09:07:56.281 Doing startup conversation with host.
< 2024-04-29 09:07:56.281 Script: Avvio sessione ...
> 2024-04-29 09:07:56.281 Type: SSH_FXP_INIT, Size: 5, Number: -1
< 2024-04-29 09:07:56.375 Type: SSH_FXP_VERSION, Size: 95, Number: -1
. 2024-04-29 09:07:56.375 SFTP version 3 negotiated.
. 2024-04-29 09:07:56.375 Unknown server extension posix-rename@openssh.com="1"
. 2024-04-29 09:07:56.375 Supports statvfs@openssh.com extension version 2
. 2024-04-29 09:07:56.375 Unknown server extension fstatvfs@openssh.com="2"
. 2024-04-29 09:07:56.375 We believe the server has signed timestamps bug
. 2024-04-29 09:07:56.375 We will use UTF-8 strings until server sends an invalid UTF-8 string as with SFTP version 3 and older UTF-8 strings are not mandatory
. 2024-04-29 09:07:56.375 Limiting packet size to OpenSSH sftp-server limit of 262148 bytes
. 2024-04-29 09:07:56.375 Getting current directory name.
. 2024-04-29 09:07:56.375 Getting real path for '.'
> 2024-04-29 09:07:56.375 Type: SSH_FXP_REALPATH, Size: 10, Number: 16
< 2024-04-29 09:07:56.453 Type: SSH_FXP_NAME, Size: 39, Number: 16
. 2024-04-29 09:07:56.453 Real path is '/uniongas'
. 2024-04-29 09:07:56.453 Startup conversation with host finished.
< 2024-04-29 09:07:56.453 Script: Sessione avviata.
< 2024-04-29 09:07:56.453 Script: Sessione attiva: [1] uniongas@sftp.sandsiv.com
> 2024-04-29 09:07:56.453 Script: cd /uniongas/InputFiles
. 2024-04-29 09:07:56.453 Cached directory change via "/uniongas/InputFiles" to "/uniongas/InputFiles".
. 2024-04-29 09:07:56.453 Getting current directory name.
< 2024-04-29 09:07:56.453 Script: /uniongas/InputFiles
> 2024-04-29 09:07:56.453 Script: ls
. 2024-04-29 09:07:56.453 Listing directory "/uniongas/InputFiles".
> 2024-04-29 09:07:56.453 Type: SSH_FXP_OPENDIR, Size: 29, Number: 267
< 2024-04-29 09:07:56.531 Type: SSH_FXP_HANDLE, Size: 13, Number: 267
> 2024-04-29 09:07:56.531 Type: SSH_FXP_READDIR, Size: 13, Number: 524
< 2024-04-29 09:07:56.609 Type: SSH_FXP_NAME, Size: 607, Number: 524
> 2024-04-29 09:07:56.609 Type: SSH_FXP_READDIR, Size: 13, Number: 780
< 2024-04-29 09:07:56.672 Type: SSH_FXP_STATUS, Size: 28, Number: 780
< 2024-04-29 09:07:56.672 Status code: 1
> 2024-04-29 09:07:56.672 Type: SSH_FXP_CLOSE, Size: 13, Number: 1028
. 2024-04-29 09:07:56.672 .;d;0;2024-04-29T07:07:52.000Z;4;"760" [760];"768" [768];rwxrwx---;0
. 2024-04-29 09:07:56.672 ..;d;0;2023-06-21T14:45:19.000Z;4;"760" [760];"768" [768];rwxrwx---;0
. 2024-04-29 09:07:56.672 voltura_240429.csv;-;49131;2024-04-29T07:07:25.000Z;4;"760" [760];"753" [753];rw-r--r--;0
. 2024-04-29 09:07:56.672 subentro_240429.csv;-;330475;2024-04-29T07:03:25.000Z;4;"760" [760];"753" [753];rw-r--r--;0
. 2024-04-29 09:07:56.672 switchin_240429.csv;-;306218;2024-04-29T07:06:41.000Z;4;"760" [760];"753" [753];rw-r--r--;0
< 2024-04-29 09:07:56.672 Script: drwxrwx---   2 760      768           4096 Apr 29  9:07:52 2024 .
< 2024-04-29 09:07:56.672 Script: drwxrwx---   5 760      768           4096 Jun 21 16:45:19 2023 ..
< 2024-04-29 09:07:56.672 Script: -rw-r--r--   1 760      753          49131 Apr 29  9:07:25 2024 voltura_240429.csv
< 2024-04-29 09:07:56.672 Script: -rw-r--r--   1 760      753         330475 Apr 29  9:03:25 2024 subentro_240429.csv
< 2024-04-29 09:07:56.672 Script: -rw-r--r--   1 760      753         306218 Apr 29  9:06:41 2024 switchin_240429.csv
> 2024-04-29 09:07:56.672 Script: close
. 2024-04-29 09:07:56.672 Closing connection.
. 2024-04-29 09:07:56.672 Sending special code: 1
. 2024-04-29 09:07:56.768 Session sent command exit status 0
. 2024-04-29 09:07:56.768 Main session channel closed
. 2024-04-29 09:07:56.768 All channels closed
