. 2023-10-30 08:01:08.795 --------------------------------------------------------------------------
. 2023-10-30 08:01:08.795 WinSCP Versione 6.1.1 (Build 13736 2023-06-21) (OS 10.0.17763 – Windows Server 2019 Standard)
. 2023-10-30 08:01:08.795 Configuration: HKCU\Software\Martin Prikryl\WinSCP 2\
. 2023-10-30 08:01:08.795 Log level: Normal
. 2023-10-30 08:01:08.795 Local account: DB-BI\Administrator
. 2023-10-30 08:01:08.795 Working directory: C:\Windows\system32
. 2023-10-30 08:01:08.795 Process ID: 364
. 2023-10-30 08:01:08.795 Ancestor processes: cmd, ...
. 2023-10-30 08:01:08.795 Command-line: "C:\Program Files (x86)\WinSCP\WinSCP.exe"  /log="C:\VOC\log.log" /command "open sftp://uniongas:***@sftp.sandsiv.com -hostkey=*"     "lcd C:\VOC\download"     "cd /uniongas/InputFiles"     "put *"     "close"     "exit"
. 2023-10-30 08:01:08.795 Time zone: Current: GMT+1, Standard: GMT+1 (ora solare Europa occidentale), DST: GMT+2 (ora legale Europa occidentale), DST Start: 26/03/2023, DST End: 29/10/2023
. 2023-10-30 08:01:08.795 Login time: lunedì 30 ottobre 2023 08:01:08
. 2023-10-30 08:01:08.795 --------------------------------------------------------------------------
. 2023-10-30 08:01:08.795 Script: Retrospectively logging previous script records:
> 2023-10-30 08:01:08.795 Script: open sftp://uniongas:***@sftp.sandsiv.com -hostkey=*
. 2023-10-30 08:01:08.795 --------------------------------------------------------------------------
. 2023-10-30 08:01:08.795 Session name: uniongas@sftp.sandsiv.com (Ad-Hoc site)
. 2023-10-30 08:01:08.795 Host name: sftp.sandsiv.com (Port: 22)
. 2023-10-30 08:01:08.795 User name: uniongas (Password: Yes, Key file: No, Passphrase: No)
. 2023-10-30 08:01:08.795 Tunnel: No
. 2023-10-30 08:01:08.795 Transfer Protocol: SFTP
. 2023-10-30 08:01:08.795 Ping type: Off, Ping interval: 30 sec; Timeout: 15 sec
. 2023-10-30 08:01:08.795 Disable Nagle: No
. 2023-10-30 08:01:08.795 Proxy: None
. 2023-10-30 08:01:08.795 Send buffer: 262144
. 2023-10-30 08:01:08.795 Compression: No
. 2023-10-30 08:01:08.795 Bypass authentication: No
. 2023-10-30 08:01:08.795 Try agent: Yes; Agent forwarding: No; KI: Yes; GSSAPI: Yes
. 2023-10-30 08:01:08.795 GSSAPI: KEX: No; Forwarding: No; Libs: gssapi32,sspi,custom; Custom: 
. 2023-10-30 08:01:08.795 Ciphers: aes,chacha20,aesgcm,3des,WARN,des,blowfish,arcfour; Ssh2DES: No
. 2023-10-30 08:01:08.795 KEX: ntru-curve25519,ecdh,dh-gex-sha1,dh-group18-sha512,dh-group17-sha512,dh-group16-sha512,dh-group15-sha512,dh-group14-sha1,rsa,WARN,dh-group1-sha1
. 2023-10-30 08:01:08.795 SSH Bugs: Auto,Auto,Auto,Auto,Auto,Auto,Auto,Auto,Auto,Auto
. 2023-10-30 08:01:08.795 Simple channel: Yes
. 2023-10-30 08:01:08.795 Return code variable: Autodetect; Lookup user groups: Auto
. 2023-10-30 08:01:08.795 Shell: default
. 2023-10-30 08:01:08.795 EOL: LF, UTF: Auto
. 2023-10-30 08:01:08.795 Clear aliases: Yes, Unset nat.vars: Yes, Resolve symlinks: Yes; Follow directory symlinks: No
. 2023-10-30 08:01:08.795 LS: ls -la, Ign LS warn: Yes, Scp1 Comp: No; Exit code 1 is error: No
. 2023-10-30 08:01:08.795 SFTP Bugs: Auto,Auto
. 2023-10-30 08:01:08.795 SFTP Server: default
. 2023-10-30 08:01:08.795 Local directory: default, Remote directory: home, Update: Yes, Cache: Yes
. 2023-10-30 08:01:08.795 Cache directory changes: Yes, Permanent: Yes
. 2023-10-30 08:01:08.795 Recycle bin: Delete to: No, Overwritten to: No, Bin path: 
. 2023-10-30 08:01:08.795 DST mode: Unix
. 2023-10-30 08:01:08.795 --------------------------------------------------------------------------
< 2023-10-30 08:01:08.795 Script: Ricerca host ...
. 2023-10-30 08:01:08.795 Looking up host "sftp.sandsiv.com" for SSH connection
. 2023-10-30 08:01:08.843 Connecting to 77.109.144.51 port 22
. 2023-10-30 08:01:08.859 Connected to 77.109.144.51
< 2023-10-30 08:01:08.859 Script: Connessione host ...
. 2023-10-30 08:01:08.859 We claim version: SSH-2.0-WinSCP_release_6.1.1
. 2023-10-30 08:01:08.859 Connected to 77.109.144.51
. 2023-10-30 08:01:08.890 Remote version: SSH-2.0-OpenSSH_5.3
. 2023-10-30 08:01:08.890 We believe remote version has SSH-2 channel request bug
. 2023-10-30 08:01:08.890 Using SSH protocol version 2
. 2023-10-30 08:01:08.922 Doing Diffie-Hellman group exchange
. 2023-10-30 08:01:08.957 Doing Diffie-Hellman key exchange using 4096-bit modulus and hash SHA-256 with a server-supplied group
. 2023-10-30 08:01:11.614 Server also has ssh-dss host key, but we don't know it
. 2023-10-30 08:01:11.614 Host key fingerprint is:
. 2023-10-30 08:01:11.614 ssh-rsa 2048 SHA256:eelF88eFuOlODwKGUpnnqatJdFSTRhBSqEJAos67GqQ
< 2023-10-30 08:01:11.614 Script: Autenticazione ...
< 2023-10-30 08:01:11.614 Script: ATTENZIONE! Stai rinunciando alla sicurezza e accettando ogni chiave come configurato!
* 2023-10-30 08:01:11.614 ATTENZIONE! Stai rinunciando alla sicurezza e accettando ogni chiave come configurato!
. 2023-10-30 08:01:11.614 Initialised AES-256 SDCTR (unaccelerated) [aes256-ctr] outbound encryption
. 2023-10-30 08:01:11.614 Initialised HMAC-SHA-256 outbound MAC algorithm
. 2023-10-30 08:01:11.614 Initialised AES-256 SDCTR (unaccelerated) [aes256-ctr] inbound encryption
. 2023-10-30 08:01:11.614 Initialised HMAC-SHA-256 inbound MAC algorithm
! 2023-10-30 08:01:11.630 Using username "uniongas".
< 2023-10-30 08:01:11.630 Script: Usa nome utente "uniongas".
. 2023-10-30 08:01:11.661 Server offered these authentication methods: publickey,gssapi-keyex,gssapi-with-mic,password
. 2023-10-30 08:01:11.661 Using SSPI from SECUR32.DLL
. 2023-10-30 08:01:11.661 Trying gssapi-with-mic...
. 2023-10-30 08:01:11.661 Attempting GSSAPI authentication
. 2023-10-30 08:01:11.677 GSSAPI authentication request refused
. 2023-10-30 08:01:11.677 Server offered these authentication methods: publickey,gssapi-keyex,gssapi-with-mic,password
. 2023-10-30 08:01:11.677 Prompt (password, "SSH password", <no instructions>, "&Password: ")
. 2023-10-30 08:01:11.677 Using stored password.
< 2023-10-30 08:01:11.677 Script: Autenticazione con password preimpostata
. 2023-10-30 08:01:11.677 Sent password
. 2023-10-30 08:01:11.739 Access granted
. 2023-10-30 08:01:11.739 Opening main session channel
. 2023-10-30 08:01:11.913 Opened main channel
. 2023-10-30 08:01:11.929 Started a shell/command
< 2023-10-30 08:01:11.929 Script: Autenticato.
. 2023-10-30 08:01:11.929 --------------------------------------------------------------------------
. 2023-10-30 08:01:11.929 Using SFTP protocol.
. 2023-10-30 08:01:11.929 Doing startup conversation with host.
< 2023-10-30 08:01:11.929 Script: Avvio sessione ...
> 2023-10-30 08:01:11.929 Type: SSH_FXP_INIT, Size: 5, Number: -1
< 2023-10-30 08:01:11.945 Type: SSH_FXP_VERSION, Size: 95, Number: -1
. 2023-10-30 08:01:11.945 SFTP version 3 negotiated.
. 2023-10-30 08:01:11.945 Unknown server extension posix-rename@openssh.com="1"
. 2023-10-30 08:01:11.945 Supports statvfs@openssh.com extension version 2
. 2023-10-30 08:01:11.945 Unknown server extension fstatvfs@openssh.com="2"
. 2023-10-30 08:01:11.945 We believe the server has signed timestamps bug
. 2023-10-30 08:01:11.945 We will use UTF-8 strings until server sends an invalid UTF-8 string as with SFTP version 3 and older UTF-8 strings are not mandatory
. 2023-10-30 08:01:11.945 Limiting packet size to OpenSSH sftp-server limit of 262148 bytes
. 2023-10-30 08:01:11.945 Getting current directory name.
. 2023-10-30 08:01:11.945 Getting real path for '.'
> 2023-10-30 08:01:11.945 Type: SSH_FXP_REALPATH, Size: 10, Number: 16
< 2023-10-30 08:01:11.976 Type: SSH_FXP_NAME, Size: 39, Number: 16
. 2023-10-30 08:01:11.976 Real path is '/uniongas'
. 2023-10-30 08:01:11.976 Startup conversation with host finished.
< 2023-10-30 08:01:11.976 Script: Sessione avviata.
< 2023-10-30 08:01:11.976 Script: Sessione attiva: [1] uniongas@sftp.sandsiv.com
> 2023-10-30 08:01:11.976 Script: lcd C:\VOC\download
< 2023-10-30 08:01:11.976 Script: C:\VOC\download
> 2023-10-30 08:01:11.976 Script: cd /uniongas/InputFiles
. 2023-10-30 08:01:11.976 Cached directory change via "/uniongas/InputFiles" to "/uniongas/InputFiles".
. 2023-10-30 08:01:11.976 Getting current directory name.
< 2023-10-30 08:01:11.976 Script: /uniongas/InputFiles
> 2023-10-30 08:01:11.976 Script: put *
. 2023-10-30 08:01:11.976 Copying 3 files/directories to remote directory "/uniongas/InputFiles" - total size: 93.664
. 2023-10-30 08:01:11.976   PrTime: Yes; PrRO: No; Rght: rw-r--r--; PrR: No (No); FnCs: N; RIC: 0100; Resume: S (102400); CalcS: No; Mask: 
. 2023-10-30 08:01:11.976   TM: B; ClAr: No; RemEOF: No; RemBOM: No; CPS: 0; NewerOnly: No; EncryptNewFiles: Yes; ExcludeHiddenFiles: No; ExcludeEmptyDirectories: No; InclM: ; ResumeL: 0
. 2023-10-30 08:01:11.976   AscM: *.*html; *.htm; *.txt; *.php; *.php3; *.cgi; *.c; *.cpp; *.h; *.pas; *.bas; *.tex; *.pl; *.js; .htaccess; *.xtml; *.css; *.cfg; *.ini; *.sh; *.xml
. 2023-10-30 08:01:11.976 File: 'subentro_231030.csv' [2023-10-30T08:00:01.000Z] [5544]
. 2023-10-30 08:01:11.976 Copying "subentro_231030.csv" to remote directory started.
. 2023-10-30 08:01:11.976 Binary transfer mode selected.
. 2023-10-30 08:01:11.976 Opening remote file.
> 2023-10-30 08:01:11.976 Type: SSH_FXP_OPEN, Size: 65, Number: 259
< 2023-10-30 08:01:12.023 Type: SSH_FXP_HANDLE, Size: 13, Number: 259
> 2023-10-30 08:01:12.023 Type: SSH_FXP_WRITE, Size: 5569, Number: 774
> 2023-10-30 08:01:12.023 Type: SSH_FXP_CLOSE, Size: 13, Number: 1028
> 2023-10-30 08:01:12.023 Type: SSH_FXP_SETSTAT, Size: 61, Number: 521
< 2023-10-30 08:01:12.038 Type: SSH_FXP_STATUS, Size: 24, Number: 774
< 2023-10-30 08:01:12.038 Status code: 0
< 2023-10-30 08:01:12.054 Type: SSH_FXP_STATUS, Size: 24, Number: 1028
< 2023-10-30 08:01:12.054 Status code: 0
. 2023-10-30 08:01:12.054 Preserving timestamp [2023-10-30T08:00:01.000Z]
< 2023-10-30 08:01:12.070 Type: SSH_FXP_STATUS, Size: 24, Number: 521
< 2023-10-30 08:01:12.070 Status code: 0
. 2023-10-30 08:01:12.070 Transfer done: 'subentro_231030.csv' => '/uniongas/InputFiles/subentro_231030.csv' [5544]
. 2023-10-30 08:01:12.070 File: 'switchin_231030.csv' [2023-10-30T08:00:23.000Z] [87089]
. 2023-10-30 08:01:12.070 Copying "switchin_231030.csv" to remote directory started.
. 2023-10-30 08:01:12.070 Binary transfer mode selected.
. 2023-10-30 08:01:12.070 Opening remote file.
> 2023-10-30 08:01:12.070 Type: SSH_FXP_OPEN, Size: 65, Number: 1283
< 2023-10-30 08:01:12.085 Type: SSH_FXP_HANDLE, Size: 13, Number: 1283
> 2023-10-30 08:01:12.085 Type: SSH_FXP_WRITE, Size: 32761, Number: 1798
. 2023-10-30 08:01:12.101 Skipped 2 SSH_FXP_WRITE packets
> 2023-10-30 08:01:12.101 Type: SSH_FXP_CLOSE, Size: 13, Number: 2564
> 2023-10-30 08:01:12.101 Type: SSH_FXP_SETSTAT, Size: 61, Number: 1545
< 2023-10-30 08:01:12.132 Type: SSH_FXP_STATUS, Size: 24, Number: 1798
< 2023-10-30 08:01:12.132 Status code: 0
. 2023-10-30 08:01:12.198 Skipped 2 SSH_FXP_STATUS packets
< 2023-10-30 08:01:12.198 Type: SSH_FXP_STATUS, Size: 24, Number: 2564
< 2023-10-30 08:01:12.198 Status code: 0
. 2023-10-30 08:01:12.198 Preserving timestamp [2023-10-30T08:00:23.000Z]
< 2023-10-30 08:01:12.210 Type: SSH_FXP_STATUS, Size: 24, Number: 1545
< 2023-10-30 08:01:12.210 Status code: 0
. 2023-10-30 08:01:12.210 Transfer done: 'switchin_231030.csv' => '/uniongas/InputFiles/switchin_231030.csv' [87089]
. 2023-10-30 08:01:12.210 File: 'voltura_231030.csv' [2023-10-30T08:00:39.000Z] [1031]
. 2023-10-30 08:01:12.210 Copying "voltura_231030.csv" to remote directory started.
. 2023-10-30 08:01:12.210 Binary transfer mode selected.
. 2023-10-30 08:01:12.210 Opening remote file.
> 2023-10-30 08:01:12.210 Type: SSH_FXP_OPEN, Size: 64, Number: 2819
< 2023-10-30 08:01:12.241 Type: SSH_FXP_HANDLE, Size: 13, Number: 2819
> 2023-10-30 08:01:12.241 Type: SSH_FXP_WRITE, Size: 1056, Number: 3334
> 2023-10-30 08:01:12.241 Type: SSH_FXP_CLOSE, Size: 13, Number: 3588
> 2023-10-30 08:01:12.241 Type: SSH_FXP_SETSTAT, Size: 60, Number: 3081
< 2023-10-30 08:01:12.257 Type: SSH_FXP_STATUS, Size: 24, Number: 3334
< 2023-10-30 08:01:12.257 Status code: 0
< 2023-10-30 08:01:12.273 Type: SSH_FXP_STATUS, Size: 24, Number: 3588
< 2023-10-30 08:01:12.273 Status code: 0
. 2023-10-30 08:01:12.273 Preserving timestamp [2023-10-30T08:00:39.000Z]
< 2023-10-30 08:01:12.288 Type: SSH_FXP_STATUS, Size: 24, Number: 3081
< 2023-10-30 08:01:12.288 Status code: 0
. 2023-10-30 08:01:12.288 Transfer done: 'voltura_231030.csv' => '/uniongas/InputFiles/voltura_231030.csv' [1031]
. 2023-10-30 08:01:12.288 Copying finished: Transferred: 93.664, Elapsed: 0:00:00, CPS: 300.205/s
> 2023-10-30 08:01:12.288 Script: close
. 2023-10-30 08:01:12.288 Closing connection.
. 2023-10-30 08:01:12.288 Sending special code: 1
. 2023-10-30 08:01:12.304 Session sent command exit status 0
. 2023-10-30 08:01:12.304 Main session channel closed
. 2023-10-30 08:01:12.304 All channels closed
. 2023-10-30 08:01:12.541 --------------------------------------------------------------------------
. 2023-10-30 08:01:12.541 WinSCP Versione 6.1.1 (Build 13736 2023-06-21) (OS 10.0.17763 – Windows Server 2019 Standard)
. 2023-10-30 08:01:12.541 Configuration: HKCU\Software\Martin Prikryl\WinSCP 2\
. 2023-10-30 08:01:12.541 Log level: Normal
. 2023-10-30 08:01:12.541 Local account: DB-BI\Administrator
. 2023-10-30 08:01:12.541 Working directory: C:\Windows\system32
. 2023-10-30 08:01:12.541 Process ID: 8564
. 2023-10-30 08:01:12.554 Ancestor processes: cmd, ...
. 2023-10-30 08:01:12.554 Command-line: "C:\Program Files (x86)\WinSCP\WinSCP.exe"  /log="C:\VOC\log.log" /command "open sftp://uniongas:***@sftp.sandsiv.com -hostkey=*" 	"cd /uniongas/InputFiles"     "ls" 	"close"     "exit"
. 2023-10-30 08:01:12.554 Time zone: Current: GMT+1, Standard: GMT+1 (ora solare Europa occidentale), DST: GMT+2 (ora legale Europa occidentale), DST Start: 26/03/2023, DST End: 29/10/2023
. 2023-10-30 08:01:12.554 Login time: lunedì 30 ottobre 2023 08:01:12
. 2023-10-30 08:01:12.554 --------------------------------------------------------------------------
. 2023-10-30 08:01:12.554 Script: Retrospectively logging previous script records:
> 2023-10-30 08:01:12.554 Script: open sftp://uniongas:***@sftp.sandsiv.com -hostkey=*
. 2023-10-30 08:01:12.554 --------------------------------------------------------------------------
. 2023-10-30 08:01:12.554 Session name: uniongas@sftp.sandsiv.com (Ad-Hoc site)
. 2023-10-30 08:01:12.554 Host name: sftp.sandsiv.com (Port: 22)
. 2023-10-30 08:01:12.554 User name: uniongas (Password: Yes, Key file: No, Passphrase: No)
. 2023-10-30 08:01:12.554 Tunnel: No
. 2023-10-30 08:01:12.554 Transfer Protocol: SFTP
. 2023-10-30 08:01:12.554 Ping type: Off, Ping interval: 30 sec; Timeout: 15 sec
. 2023-10-30 08:01:12.554 Disable Nagle: No
. 2023-10-30 08:01:12.554 Proxy: None
. 2023-10-30 08:01:12.554 Send buffer: 262144
. 2023-10-30 08:01:12.554 Compression: No
. 2023-10-30 08:01:12.554 Bypass authentication: No
. 2023-10-30 08:01:12.554 Try agent: Yes; Agent forwarding: No; KI: Yes; GSSAPI: Yes
. 2023-10-30 08:01:12.554 GSSAPI: KEX: No; Forwarding: No; Libs: gssapi32,sspi,custom; Custom: 
. 2023-10-30 08:01:12.554 Ciphers: aes,chacha20,aesgcm,3des,WARN,des,blowfish,arcfour; Ssh2DES: No
. 2023-10-30 08:01:12.554 KEX: ntru-curve25519,ecdh,dh-gex-sha1,dh-group18-sha512,dh-group17-sha512,dh-group16-sha512,dh-group15-sha512,dh-group14-sha1,rsa,WARN,dh-group1-sha1
. 2023-10-30 08:01:12.554 SSH Bugs: Auto,Auto,Auto,Auto,Auto,Auto,Auto,Auto,Auto,Auto
. 2023-10-30 08:01:12.554 Simple channel: Yes
. 2023-10-30 08:01:12.554 Return code variable: Autodetect; Lookup user groups: Auto
. 2023-10-30 08:01:12.554 Shell: default
. 2023-10-30 08:01:12.554 EOL: LF, UTF: Auto
. 2023-10-30 08:01:12.554 Clear aliases: Yes, Unset nat.vars: Yes, Resolve symlinks: Yes; Follow directory symlinks: No
. 2023-10-30 08:01:12.554 LS: ls -la, Ign LS warn: Yes, Scp1 Comp: No; Exit code 1 is error: No
. 2023-10-30 08:01:12.554 SFTP Bugs: Auto,Auto
. 2023-10-30 08:01:12.554 SFTP Server: default
. 2023-10-30 08:01:12.554 Local directory: default, Remote directory: home, Update: Yes, Cache: Yes
. 2023-10-30 08:01:12.554 Cache directory changes: Yes, Permanent: Yes
. 2023-10-30 08:01:12.554 Recycle bin: Delete to: No, Overwritten to: No, Bin path: 
. 2023-10-30 08:01:12.554 DST mode: Unix
. 2023-10-30 08:01:12.554 --------------------------------------------------------------------------
< 2023-10-30 08:01:12.554 Script: Ricerca host ...
. 2023-10-30 08:01:12.554 Looking up host "sftp.sandsiv.com" for SSH connection
. 2023-10-30 08:01:12.554 Connecting to 77.109.144.51 port 22
. 2023-10-30 08:01:12.601 Connected to 77.109.144.51
< 2023-10-30 08:01:12.601 Script: Connessione host ...
. 2023-10-30 08:01:12.601 We claim version: SSH-2.0-WinSCP_release_6.1.1
. 2023-10-30 08:01:12.601 Connected to 77.109.144.51
. 2023-10-30 08:01:12.665 Remote version: SSH-2.0-OpenSSH_5.3
. 2023-10-30 08:01:12.665 We believe remote version has SSH-2 channel request bug
. 2023-10-30 08:01:12.665 Using SSH protocol version 2
. 2023-10-30 08:01:12.695 Doing Diffie-Hellman group exchange
. 2023-10-30 08:01:12.741 Doing Diffie-Hellman key exchange using 4096-bit modulus and hash SHA-256 with a server-supplied group
. 2023-10-30 08:01:15.158 Server also has ssh-dss host key, but we don't know it
. 2023-10-30 08:01:15.158 Host key fingerprint is:
. 2023-10-30 08:01:15.158 ssh-rsa 2048 SHA256:eelF88eFuOlODwKGUpnnqatJdFSTRhBSqEJAos67GqQ
< 2023-10-30 08:01:15.158 Script: Autenticazione ...
< 2023-10-30 08:01:15.158 Script: ATTENZIONE! Stai rinunciando alla sicurezza e accettando ogni chiave come configurato!
* 2023-10-30 08:01:15.158 ATTENZIONE! Stai rinunciando alla sicurezza e accettando ogni chiave come configurato!
. 2023-10-30 08:01:15.158 Initialised AES-256 SDCTR (unaccelerated) [aes256-ctr] outbound encryption
. 2023-10-30 08:01:15.158 Initialised HMAC-SHA-256 outbound MAC algorithm
. 2023-10-30 08:01:15.158 Initialised AES-256 SDCTR (unaccelerated) [aes256-ctr] inbound encryption
. 2023-10-30 08:01:15.158 Initialised HMAC-SHA-256 inbound MAC algorithm
! 2023-10-30 08:01:15.205 Using username "uniongas".
< 2023-10-30 08:01:15.205 Script: Usa nome utente "uniongas".
. 2023-10-30 08:01:15.236 Server offered these authentication methods: publickey,gssapi-keyex,gssapi-with-mic,password
. 2023-10-30 08:01:15.236 Using SSPI from SECUR32.DLL
. 2023-10-30 08:01:15.236 Trying gssapi-with-mic...
. 2023-10-30 08:01:15.236 Attempting GSSAPI authentication
. 2023-10-30 08:01:15.283 GSSAPI authentication request refused
. 2023-10-30 08:01:15.283 Server offered these authentication methods: publickey,gssapi-keyex,gssapi-with-mic,password
. 2023-10-30 08:01:15.283 Prompt (password, "SSH password", <no instructions>, "&Password: ")
. 2023-10-30 08:01:15.283 Using stored password.
< 2023-10-30 08:01:15.283 Script: Autenticazione con password preimpostata
. 2023-10-30 08:01:15.283 Sent password
. 2023-10-30 08:01:15.361 Access granted
. 2023-10-30 08:01:15.361 Opening main session channel
. 2023-10-30 08:01:15.530 Opened main channel
. 2023-10-30 08:01:15.565 Started a shell/command
< 2023-10-30 08:01:15.565 Script: Autenticato.
. 2023-10-30 08:01:15.565 --------------------------------------------------------------------------
. 2023-10-30 08:01:15.565 Using SFTP protocol.
. 2023-10-30 08:01:15.565 Doing startup conversation with host.
< 2023-10-30 08:01:15.565 Script: Avvio sessione ...
> 2023-10-30 08:01:15.565 Type: SSH_FXP_INIT, Size: 5, Number: -1
< 2023-10-30 08:01:15.612 Type: SSH_FXP_VERSION, Size: 95, Number: -1
. 2023-10-30 08:01:15.612 SFTP version 3 negotiated.
. 2023-10-30 08:01:15.612 Unknown server extension posix-rename@openssh.com="1"
. 2023-10-30 08:01:15.612 Supports statvfs@openssh.com extension version 2
. 2023-10-30 08:01:15.612 Unknown server extension fstatvfs@openssh.com="2"
. 2023-10-30 08:01:15.612 We believe the server has signed timestamps bug
. 2023-10-30 08:01:15.612 We will use UTF-8 strings until server sends an invalid UTF-8 string as with SFTP version 3 and older UTF-8 strings are not mandatory
. 2023-10-30 08:01:15.612 Limiting packet size to OpenSSH sftp-server limit of 262148 bytes
. 2023-10-30 08:01:15.612 Getting current directory name.
. 2023-10-30 08:01:15.612 Getting real path for '.'
> 2023-10-30 08:01:15.612 Type: SSH_FXP_REALPATH, Size: 10, Number: 16
< 2023-10-30 08:01:15.694 Type: SSH_FXP_NAME, Size: 39, Number: 16
. 2023-10-30 08:01:15.694 Real path is '/uniongas'
. 2023-10-30 08:01:15.694 Startup conversation with host finished.
< 2023-10-30 08:01:15.694 Script: Sessione avviata.
< 2023-10-30 08:01:15.694 Script: Sessione attiva: [1] uniongas@sftp.sandsiv.com
> 2023-10-30 08:01:15.694 Script: cd /uniongas/InputFiles
. 2023-10-30 08:01:15.694 Cached directory change via "/uniongas/InputFiles" to "/uniongas/InputFiles".
. 2023-10-30 08:01:15.694 Getting current directory name.
< 2023-10-30 08:01:15.694 Script: /uniongas/InputFiles
> 2023-10-30 08:01:15.694 Script: ls
. 2023-10-30 08:01:15.694 Listing directory "/uniongas/InputFiles".
> 2023-10-30 08:01:15.694 Type: SSH_FXP_OPENDIR, Size: 29, Number: 267
< 2023-10-30 08:01:15.739 Type: SSH_FXP_HANDLE, Size: 13, Number: 267
> 2023-10-30 08:01:15.739 Type: SSH_FXP_READDIR, Size: 13, Number: 524
< 2023-10-30 08:01:15.800 Type: SSH_FXP_NAME, Size: 607, Number: 524
> 2023-10-30 08:01:15.800 Type: SSH_FXP_READDIR, Size: 13, Number: 780
< 2023-10-30 08:01:15.834 Type: SSH_FXP_STATUS, Size: 28, Number: 780
< 2023-10-30 08:01:15.834 Status code: 1
> 2023-10-30 08:01:15.834 Type: SSH_FXP_CLOSE, Size: 13, Number: 1028
. 2023-10-30 08:01:15.834 .;d;0;2023-10-30T07:01:12.000Z;4;"760" [760];"768" [768];rwxrwx---;0
. 2023-10-30 08:01:15.834 ..;d;0;2023-06-21T14:45:19.000Z;4;"760" [760];"768" [768];rwxrwx---;0
. 2023-10-30 08:01:15.834 subentro_231030.csv;-;5544;2023-10-30T08:00:01.000Z;4;"760" [760];"753" [753];rw-r--r--;0
. 2023-10-30 08:01:15.834 switchin_231030.csv;-;87089;2023-10-30T08:00:23.000Z;4;"760" [760];"753" [753];rw-r--r--;0
. 2023-10-30 08:01:15.834 voltura_231030.csv;-;1031;2023-10-30T08:00:39.000Z;4;"760" [760];"753" [753];rw-r--r--;0
< 2023-10-30 08:01:15.834 Script: drwxrwx---   2 760      768           4096 Oct 30  8:01:12 2023 .
< 2023-10-30 08:01:15.834 Script: drwxrwx---   5 760      768           4096 Jun 21 16:45:19 2023 ..
< 2023-10-30 08:01:15.834 Script: -rw-r--r--   1 760      753           5544 Oct 30  9:00:01 2023 subentro_231030.csv
< 2023-10-30 08:01:15.834 Script: -rw-r--r--   1 760      753          87089 Oct 30  9:00:23 2023 switchin_231030.csv
< 2023-10-30 08:01:15.834 Script: -rw-r--r--   1 760      753           1031 Oct 30  9:00:39 2023 voltura_231030.csv
> 2023-10-30 08:01:15.834 Script: close
. 2023-10-30 08:01:15.834 Closing connection.
. 2023-10-30 08:01:15.834 Sending special code: 1
. 2023-10-30 08:01:15.931 Session sent command exit status 0
. 2023-10-30 08:01:15.931 Main session channel closed
. 2023-10-30 08:01:15.931 All channels closed
