. 2023-09-14 17:23:33.792 --------------------------------------------------------------------------
. 2023-09-14 17:23:33.792 WinSCP Versione 6.1.1 (Build 13736 2023-06-21) (OS 10.0.17763 – Windows Server 2019 Standard)
. 2023-09-14 17:23:33.792 Configuration: HKCU\Software\Martin Prikryl\WinSCP 2\
. 2023-09-14 17:23:33.792 Log level: Normal
. 2023-09-14 17:23:33.792 Local account: DB-BI\Administrator
. 2023-09-14 17:23:33.792 Working directory: C:\Windows\system32
. 2023-09-14 17:23:33.792 Process ID: 9812
. 2023-09-14 17:23:33.807 Ancestor processes: cmd, ...
. 2023-09-14 17:23:33.807 Command-line: "C:\Program Files (x86)\WinSCP\WinSCP.exe"  /log="C:\VOC\log.log" /command "open sftp://uniongas:***@sftp.sandsiv.com -hostkey=*"     "lcd C:\VOC\download"     "cd /uniongas/InputFiles"     "put *"     "close"     "exit"
. 2023-09-14 17:23:33.807 Time zone: Current: GMT+2, Standard: GMT+1 (ora solare Europa occidentale), DST: GMT+2 (ora legale Europa occidentale), DST Start: 26/03/2023, DST End: 29/10/2023
. 2023-09-14 17:23:33.807 Login time: giovedì 14 settembre 2023 17:23:33
. 2023-09-14 17:23:33.807 --------------------------------------------------------------------------
. 2023-09-14 17:23:33.807 Script: Retrospectively logging previous script records:
> 2023-09-14 17:23:33.807 Script: open sftp://uniongas:***@sftp.sandsiv.com -hostkey=*
. 2023-09-14 17:23:33.807 --------------------------------------------------------------------------
. 2023-09-14 17:23:33.807 Session name: uniongas@sftp.sandsiv.com (Ad-Hoc site)
. 2023-09-14 17:23:33.807 Host name: sftp.sandsiv.com (Port: 22)
. 2023-09-14 17:23:33.807 User name: uniongas (Password: Yes, Key file: No, Passphrase: No)
. 2023-09-14 17:23:33.807 Tunnel: No
. 2023-09-14 17:23:33.807 Transfer Protocol: SFTP
. 2023-09-14 17:23:33.807 Ping type: Off, Ping interval: 30 sec; Timeout: 15 sec
. 2023-09-14 17:23:33.807 Disable Nagle: No
. 2023-09-14 17:23:33.807 Proxy: None
. 2023-09-14 17:23:33.807 Send buffer: 262144
. 2023-09-14 17:23:33.807 Compression: No
. 2023-09-14 17:23:33.807 Bypass authentication: No
. 2023-09-14 17:23:33.807 Try agent: Yes; Agent forwarding: No; KI: Yes; GSSAPI: Yes
. 2023-09-14 17:23:33.807 GSSAPI: KEX: No; Forwarding: No; Libs: gssapi32,sspi,custom; Custom: 
. 2023-09-14 17:23:33.807 Ciphers: aes,chacha20,aesgcm,3des,WARN,des,blowfish,arcfour; Ssh2DES: No
. 2023-09-14 17:23:33.807 KEX: ntru-curve25519,ecdh,dh-gex-sha1,dh-group18-sha512,dh-group17-sha512,dh-group16-sha512,dh-group15-sha512,dh-group14-sha1,rsa,WARN,dh-group1-sha1
. 2023-09-14 17:23:33.807 SSH Bugs: Auto,Auto,Auto,Auto,Auto,Auto,Auto,Auto,Auto,Auto
. 2023-09-14 17:23:33.807 Simple channel: Yes
. 2023-09-14 17:23:33.807 Return code variable: Autodetect; Lookup user groups: Auto
. 2023-09-14 17:23:33.807 Shell: default
. 2023-09-14 17:23:33.807 EOL: LF, UTF: Auto
. 2023-09-14 17:23:33.807 Clear aliases: Yes, Unset nat.vars: Yes, Resolve symlinks: Yes; Follow directory symlinks: No
. 2023-09-14 17:23:33.807 LS: ls -la, Ign LS warn: Yes, Scp1 Comp: No; Exit code 1 is error: No
. 2023-09-14 17:23:33.807 SFTP Bugs: Auto,Auto
. 2023-09-14 17:23:33.807 SFTP Server: default
. 2023-09-14 17:23:33.807 Local directory: default, Remote directory: home, Update: Yes, Cache: Yes
. 2023-09-14 17:23:33.807 Cache directory changes: Yes, Permanent: Yes
. 2023-09-14 17:23:33.807 Recycle bin: Delete to: No, Overwritten to: No, Bin path: 
. 2023-09-14 17:23:33.807 DST mode: Unix
. 2023-09-14 17:23:33.807 --------------------------------------------------------------------------
< 2023-09-14 17:23:33.807 Script: Ricerca host ...
. 2023-09-14 17:23:33.807 Looking up host "sftp.sandsiv.com" for SSH connection
. 2023-09-14 17:23:33.823 Connecting to 77.109.144.51 port 22
. 2023-09-14 17:23:33.839 Connected to 77.109.144.51
< 2023-09-14 17:23:33.839 Script: Connessione host ...
. 2023-09-14 17:23:33.839 We claim version: SSH-2.0-WinSCP_release_6.1.1
. 2023-09-14 17:23:33.839 Connected to 77.109.144.51
. 2023-09-14 17:23:33.885 Remote version: SSH-2.0-OpenSSH_5.3
. 2023-09-14 17:23:33.885 We believe remote version has SSH-2 channel request bug
. 2023-09-14 17:23:33.885 Using SSH protocol version 2
. 2023-09-14 17:23:33.917 Doing Diffie-Hellman group exchange
. 2023-09-14 17:23:33.948 Doing Diffie-Hellman key exchange using 4096-bit modulus and hash SHA-256 with a server-supplied group
. 2023-09-14 17:23:36.091 Server also has ssh-dss host key, but we don't know it
. 2023-09-14 17:23:36.091 Host key fingerprint is:
. 2023-09-14 17:23:36.091 ssh-rsa 2048 SHA256:eelF88eFuOlODwKGUpnnqatJdFSTRhBSqEJAos67GqQ
< 2023-09-14 17:23:36.091 Script: Autenticazione ...
< 2023-09-14 17:23:36.091 Script: ATTENZIONE! Stai rinunciando alla sicurezza e accettando ogni chiave come configurato!
* 2023-09-14 17:23:36.091 ATTENZIONE! Stai rinunciando alla sicurezza e accettando ogni chiave come configurato!
. 2023-09-14 17:23:36.091 Initialised AES-256 SDCTR (unaccelerated) [aes256-ctr] outbound encryption
. 2023-09-14 17:23:36.091 Initialised HMAC-SHA-256 outbound MAC algorithm
. 2023-09-14 17:23:36.091 Initialised AES-256 SDCTR (unaccelerated) [aes256-ctr] inbound encryption
. 2023-09-14 17:23:36.091 Initialised HMAC-SHA-256 inbound MAC algorithm
! 2023-09-14 17:23:36.122 Using username "uniongas".
< 2023-09-14 17:23:36.122 Script: Usa nome utente "uniongas".
. 2023-09-14 17:23:36.153 Server offered these authentication methods: publickey,gssapi-keyex,gssapi-with-mic,password
. 2023-09-14 17:23:36.153 Using SSPI from SECUR32.DLL
. 2023-09-14 17:23:36.153 Trying gssapi-with-mic...
. 2023-09-14 17:23:36.153 Attempting GSSAPI authentication
. 2023-09-14 17:23:36.185 GSSAPI authentication request refused
. 2023-09-14 17:23:36.185 Server offered these authentication methods: publickey,gssapi-keyex,gssapi-with-mic,password
. 2023-09-14 17:23:36.185 Prompt (password, "SSH password", <no instructions>, "&Password: ")
. 2023-09-14 17:23:36.185 Using stored password.
< 2023-09-14 17:23:36.185 Script: Autenticazione con password preimpostata
. 2023-09-14 17:23:36.185 Sent password
. 2023-09-14 17:23:36.247 Access granted
. 2023-09-14 17:23:36.247 Opening main session channel
. 2023-09-14 17:23:36.420 Opened main channel
. 2023-09-14 17:23:36.451 Started a shell/command
< 2023-09-14 17:23:36.451 Script: Autenticato.
. 2023-09-14 17:23:36.451 --------------------------------------------------------------------------
. 2023-09-14 17:23:36.451 Using SFTP protocol.
. 2023-09-14 17:23:36.451 Doing startup conversation with host.
< 2023-09-14 17:23:36.451 Script: Avvio sessione ...
> 2023-09-14 17:23:36.451 Type: SSH_FXP_INIT, Size: 5, Number: -1
< 2023-09-14 17:23:36.483 Type: SSH_FXP_VERSION, Size: 95, Number: -1
. 2023-09-14 17:23:36.483 SFTP version 3 negotiated.
. 2023-09-14 17:23:36.483 Unknown server extension posix-rename@openssh.com="1"
. 2023-09-14 17:23:36.483 Supports statvfs@openssh.com extension version 2
. 2023-09-14 17:23:36.483 Unknown server extension fstatvfs@openssh.com="2"
. 2023-09-14 17:23:36.483 We believe the server has signed timestamps bug
. 2023-09-14 17:23:36.483 We will use UTF-8 strings until server sends an invalid UTF-8 string as with SFTP version 3 and older UTF-8 strings are not mandatory
. 2023-09-14 17:23:36.483 Limiting packet size to OpenSSH sftp-server limit of 262148 bytes
. 2023-09-14 17:23:36.483 Getting current directory name.
. 2023-09-14 17:23:36.483 Getting real path for '.'
> 2023-09-14 17:23:36.483 Type: SSH_FXP_REALPATH, Size: 10, Number: 16
< 2023-09-14 17:23:36.498 Type: SSH_FXP_NAME, Size: 39, Number: 16
. 2023-09-14 17:23:36.498 Real path is '/uniongas'
. 2023-09-14 17:23:36.498 Startup conversation with host finished.
< 2023-09-14 17:23:36.498 Script: Sessione avviata.
< 2023-09-14 17:23:36.498 Script: Sessione attiva: [1] uniongas@sftp.sandsiv.com
> 2023-09-14 17:23:36.498 Script: lcd C:\VOC\download
< 2023-09-14 17:23:36.514 Script: C:\VOC\download
> 2023-09-14 17:23:36.514 Script: cd /uniongas/InputFiles
. 2023-09-14 17:23:36.514 Cached directory change via "/uniongas/InputFiles" to "/uniongas/InputFiles".
. 2023-09-14 17:23:36.514 Getting current directory name.
< 2023-09-14 17:23:36.514 Script: /uniongas/InputFiles
> 2023-09-14 17:23:36.514 Script: put *
. 2023-09-14 17:23:36.514 Copying 3 files/directories to remote directory "/uniongas/InputFiles" - total size: 100.206
. 2023-09-14 17:23:36.514   PrTime: Yes; PrRO: No; Rght: rw-r--r--; PrR: No (No); FnCs: N; RIC: 0100; Resume: S (102400); CalcS: No; Mask: 
. 2023-09-14 17:23:36.514   TM: B; ClAr: No; RemEOF: No; RemBOM: No; CPS: 0; NewerOnly: No; EncryptNewFiles: Yes; ExcludeHiddenFiles: No; ExcludeEmptyDirectories: No; InclM: ; ResumeL: 0
. 2023-09-14 17:23:36.514   AscM: *.*html; *.htm; *.txt; *.php; *.php3; *.cgi; *.c; *.cpp; *.h; *.pas; *.bas; *.tex; *.pl; *.js; .htaccess; *.xtml; *.css; *.cfg; *.ini; *.sh; *.xml
. 2023-09-14 17:23:36.514 File: 'subentro_230914.csv' [2023-09-14T17:14:58.000Z] [30320]
. 2023-09-14 17:23:36.514 Copying "subentro_230914.csv" to remote directory started.
. 2023-09-14 17:23:36.514 Binary transfer mode selected.
. 2023-09-14 17:23:36.514 Opening remote file.
> 2023-09-14 17:23:36.514 Type: SSH_FXP_OPEN, Size: 65, Number: 259
< 2023-09-14 17:23:36.561 Type: SSH_FXP_HANDLE, Size: 13, Number: 259
> 2023-09-14 17:23:36.561 Type: SSH_FXP_WRITE, Size: 30345, Number: 774
> 2023-09-14 17:23:36.561 Type: SSH_FXP_CLOSE, Size: 13, Number: 1028
> 2023-09-14 17:23:36.561 Type: SSH_FXP_SETSTAT, Size: 61, Number: 521
< 2023-09-14 17:23:36.623 Type: SSH_FXP_STATUS, Size: 24, Number: 774
< 2023-09-14 17:23:36.623 Status code: 0
< 2023-09-14 17:23:36.654 Type: SSH_FXP_STATUS, Size: 24, Number: 1028
< 2023-09-14 17:23:36.654 Status code: 0
. 2023-09-14 17:23:36.654 Preserving timestamp [2023-09-14T17:14:58.000Z]
< 2023-09-14 17:23:36.670 Type: SSH_FXP_STATUS, Size: 24, Number: 521
< 2023-09-14 17:23:36.670 Status code: 0
. 2023-09-14 17:23:36.670 Transfer done: 'subentro_230914.csv' => '/uniongas/InputFiles/subentro_230914.csv' [30320]
. 2023-09-14 17:23:36.670 File: 'switchin_230914.csv' [2023-09-14T17:23:23.000Z] [69096]
. 2023-09-14 17:23:36.670 Copying "switchin_230914.csv" to remote directory started.
. 2023-09-14 17:23:36.670 Binary transfer mode selected.
. 2023-09-14 17:23:36.670 Opening remote file.
> 2023-09-14 17:23:36.670 Type: SSH_FXP_OPEN, Size: 65, Number: 1283
< 2023-09-14 17:23:36.702 Type: SSH_FXP_HANDLE, Size: 13, Number: 1283
> 2023-09-14 17:23:36.702 Type: SSH_FXP_WRITE, Size: 32761, Number: 1798
. 2023-09-14 17:23:36.702 Skipped 2 SSH_FXP_WRITE packets
> 2023-09-14 17:23:36.702 Type: SSH_FXP_CLOSE, Size: 13, Number: 2564
> 2023-09-14 17:23:36.702 Type: SSH_FXP_SETSTAT, Size: 61, Number: 1545
< 2023-09-14 17:23:36.734 Type: SSH_FXP_STATUS, Size: 24, Number: 1798
< 2023-09-14 17:23:36.734 Status code: 0
. 2023-09-14 17:23:36.796 Skipped 2 SSH_FXP_STATUS packets
< 2023-09-14 17:23:36.796 Type: SSH_FXP_STATUS, Size: 24, Number: 2564
< 2023-09-14 17:23:36.796 Status code: 0
. 2023-09-14 17:23:36.796 Preserving timestamp [2023-09-14T17:23:23.000Z]
< 2023-09-14 17:23:36.812 Type: SSH_FXP_STATUS, Size: 24, Number: 1545
< 2023-09-14 17:23:36.812 Status code: 0
. 2023-09-14 17:23:36.812 Transfer done: 'switchin_230914.csv' => '/uniongas/InputFiles/switchin_230914.csv' [69096]
. 2023-09-14 17:23:36.812 File: 'voltura_230914.csv' [2023-09-14T17:23:23.000Z] [790]
. 2023-09-14 17:23:36.812 Copying "voltura_230914.csv" to remote directory started.
. 2023-09-14 17:23:36.812 Binary transfer mode selected.
. 2023-09-14 17:23:36.812 Opening remote file.
> 2023-09-14 17:23:36.812 Type: SSH_FXP_OPEN, Size: 64, Number: 2819
< 2023-09-14 17:23:36.859 Type: SSH_FXP_HANDLE, Size: 13, Number: 2819
> 2023-09-14 17:23:36.859 Type: SSH_FXP_WRITE, Size: 815, Number: 3334
> 2023-09-14 17:23:36.859 Type: SSH_FXP_CLOSE, Size: 13, Number: 3588
> 2023-09-14 17:23:36.859 Type: SSH_FXP_SETSTAT, Size: 60, Number: 3081
< 2023-09-14 17:23:36.890 Type: SSH_FXP_STATUS, Size: 24, Number: 3334
< 2023-09-14 17:23:36.890 Status code: 0
< 2023-09-14 17:23:36.906 Type: SSH_FXP_STATUS, Size: 24, Number: 3588
< 2023-09-14 17:23:36.906 Status code: 0
. 2023-09-14 17:23:36.906 Preserving timestamp [2023-09-14T17:23:23.000Z]
< 2023-09-14 17:23:36.921 Type: SSH_FXP_STATUS, Size: 24, Number: 3081
< 2023-09-14 17:23:36.921 Status code: 0
. 2023-09-14 17:23:36.921 Transfer done: 'voltura_230914.csv' => '/uniongas/InputFiles/voltura_230914.csv' [790]
. 2023-09-14 17:23:36.921 Copying finished: Transferred: 100.206, Elapsed: 0:00:00, CPS: 246.206/s
> 2023-09-14 17:23:36.921 Script: close
. 2023-09-14 17:23:36.921 Closing connection.
. 2023-09-14 17:23:36.921 Sending special code: 1
. 2023-09-14 17:23:36.952 Session sent command exit status 0
. 2023-09-14 17:23:36.952 Main session channel closed
. 2023-09-14 17:23:36.952 All channels closed
. 2023-09-14 17:23:37.062 --------------------------------------------------------------------------
. 2023-09-14 17:23:37.062 WinSCP Versione 6.1.1 (Build 13736 2023-06-21) (OS 10.0.17763 – Windows Server 2019 Standard)
. 2023-09-14 17:23:37.062 Configuration: HKCU\Software\Martin Prikryl\WinSCP 2\
. 2023-09-14 17:23:37.062 Log level: Normal
. 2023-09-14 17:23:37.062 Local account: DB-BI\Administrator
. 2023-09-14 17:23:37.062 Working directory: C:\Windows\system32
. 2023-09-14 17:23:37.062 Process ID: 2024
. 2023-09-14 17:23:37.062 Ancestor processes: cmd, ...
. 2023-09-14 17:23:37.062 Command-line: "C:\Program Files (x86)\WinSCP\WinSCP.exe"  /log="C:\VOC\log.log" /command "open sftp://uniongas:***@sftp.sandsiv.com -hostkey=*" 	"cd /uniongas/InputFiles"     "ls" 	"close"     "exit"
. 2023-09-14 17:23:37.062 Time zone: Current: GMT+2, Standard: GMT+1 (ora solare Europa occidentale), DST: GMT+2 (ora legale Europa occidentale), DST Start: 26/03/2023, DST End: 29/10/2023
. 2023-09-14 17:23:37.062 Login time: giovedì 14 settembre 2023 17:23:37
. 2023-09-14 17:23:37.062 --------------------------------------------------------------------------
. 2023-09-14 17:23:37.062 Script: Retrospectively logging previous script records:
> 2023-09-14 17:23:37.062 Script: open sftp://uniongas:***@sftp.sandsiv.com -hostkey=*
. 2023-09-14 17:23:37.062 --------------------------------------------------------------------------
. 2023-09-14 17:23:37.062 Session name: uniongas@sftp.sandsiv.com (Ad-Hoc site)
. 2023-09-14 17:23:37.062 Host name: sftp.sandsiv.com (Port: 22)
. 2023-09-14 17:23:37.062 User name: uniongas (Password: Yes, Key file: No, Passphrase: No)
. 2023-09-14 17:23:37.062 Tunnel: No
. 2023-09-14 17:23:37.062 Transfer Protocol: SFTP
. 2023-09-14 17:23:37.062 Ping type: Off, Ping interval: 30 sec; Timeout: 15 sec
. 2023-09-14 17:23:37.062 Disable Nagle: No
. 2023-09-14 17:23:37.062 Proxy: None
. 2023-09-14 17:23:37.062 Send buffer: 262144
. 2023-09-14 17:23:37.062 Compression: No
. 2023-09-14 17:23:37.062 Bypass authentication: No
. 2023-09-14 17:23:37.062 Try agent: Yes; Agent forwarding: No; KI: Yes; GSSAPI: Yes
. 2023-09-14 17:23:37.062 GSSAPI: KEX: No; Forwarding: No; Libs: gssapi32,sspi,custom; Custom: 
. 2023-09-14 17:23:37.062 Ciphers: aes,chacha20,aesgcm,3des,WARN,des,blowfish,arcfour; Ssh2DES: No
. 2023-09-14 17:23:37.062 KEX: ntru-curve25519,ecdh,dh-gex-sha1,dh-group18-sha512,dh-group17-sha512,dh-group16-sha512,dh-group15-sha512,dh-group14-sha1,rsa,WARN,dh-group1-sha1
. 2023-09-14 17:23:37.062 SSH Bugs: Auto,Auto,Auto,Auto,Auto,Auto,Auto,Auto,Auto,Auto
. 2023-09-14 17:23:37.062 Simple channel: Yes
. 2023-09-14 17:23:37.062 Return code variable: Autodetect; Lookup user groups: Auto
. 2023-09-14 17:23:37.062 Shell: default
. 2023-09-14 17:23:37.062 EOL: LF, UTF: Auto
. 2023-09-14 17:23:37.062 Clear aliases: Yes, Unset nat.vars: Yes, Resolve symlinks: Yes; Follow directory symlinks: No
. 2023-09-14 17:23:37.062 LS: ls -la, Ign LS warn: Yes, Scp1 Comp: No; Exit code 1 is error: No
. 2023-09-14 17:23:37.062 SFTP Bugs: Auto,Auto
. 2023-09-14 17:23:37.062 SFTP Server: default
. 2023-09-14 17:23:37.062 Local directory: default, Remote directory: home, Update: Yes, Cache: Yes
. 2023-09-14 17:23:37.062 Cache directory changes: Yes, Permanent: Yes
. 2023-09-14 17:23:37.062 Recycle bin: Delete to: No, Overwritten to: No, Bin path: 
. 2023-09-14 17:23:37.062 DST mode: Unix
. 2023-09-14 17:23:37.062 --------------------------------------------------------------------------
< 2023-09-14 17:23:37.062 Script: Ricerca host ...
. 2023-09-14 17:23:37.062 Looking up host "sftp.sandsiv.com" for SSH connection
. 2023-09-14 17:23:37.062 Connecting to 77.109.144.51 port 22
. 2023-09-14 17:23:37.093 Connected to 77.109.144.51
< 2023-09-14 17:23:37.093 Script: Connessione host ...
. 2023-09-14 17:23:37.093 We claim version: SSH-2.0-WinSCP_release_6.1.1
. 2023-09-14 17:23:37.093 Connected to 77.109.144.51
. 2023-09-14 17:23:37.124 Remote version: SSH-2.0-OpenSSH_5.3
. 2023-09-14 17:23:37.124 We believe remote version has SSH-2 channel request bug
. 2023-09-14 17:23:37.124 Using SSH protocol version 2
. 2023-09-14 17:23:37.140 Doing Diffie-Hellman group exchange
. 2023-09-14 17:23:37.171 Doing Diffie-Hellman key exchange using 4096-bit modulus and hash SHA-256 with a server-supplied group
. 2023-09-14 17:23:39.318 Server also has ssh-dss host key, but we don't know it
. 2023-09-14 17:23:39.318 Host key fingerprint is:
. 2023-09-14 17:23:39.318 ssh-rsa 2048 SHA256:eelF88eFuOlODwKGUpnnqatJdFSTRhBSqEJAos67GqQ
< 2023-09-14 17:23:39.318 Script: Autenticazione ...
< 2023-09-14 17:23:39.318 Script: ATTENZIONE! Stai rinunciando alla sicurezza e accettando ogni chiave come configurato!
* 2023-09-14 17:23:39.318 ATTENZIONE! Stai rinunciando alla sicurezza e accettando ogni chiave come configurato!
. 2023-09-14 17:23:39.318 Initialised AES-256 SDCTR (unaccelerated) [aes256-ctr] outbound encryption
. 2023-09-14 17:23:39.318 Initialised HMAC-SHA-256 outbound MAC algorithm
. 2023-09-14 17:23:39.318 Initialised AES-256 SDCTR (unaccelerated) [aes256-ctr] inbound encryption
. 2023-09-14 17:23:39.318 Initialised HMAC-SHA-256 inbound MAC algorithm
! 2023-09-14 17:23:39.334 Using username "uniongas".
< 2023-09-14 17:23:39.334 Script: Usa nome utente "uniongas".
. 2023-09-14 17:23:39.365 Server offered these authentication methods: publickey,gssapi-keyex,gssapi-with-mic,password
. 2023-09-14 17:23:39.365 Using SSPI from SECUR32.DLL
. 2023-09-14 17:23:39.365 Trying gssapi-with-mic...
. 2023-09-14 17:23:39.365 Attempting GSSAPI authentication
. 2023-09-14 17:23:39.381 GSSAPI authentication request refused
. 2023-09-14 17:23:39.381 Server offered these authentication methods: publickey,gssapi-keyex,gssapi-with-mic,password
. 2023-09-14 17:23:39.396 Prompt (password, "SSH password", <no instructions>, "&Password: ")
. 2023-09-14 17:23:39.396 Using stored password.
< 2023-09-14 17:23:39.396 Script: Autenticazione con password preimpostata
. 2023-09-14 17:23:39.396 Sent password
. 2023-09-14 17:23:39.443 Access granted
. 2023-09-14 17:23:39.443 Opening main session channel
. 2023-09-14 17:23:39.600 Opened main channel
. 2023-09-14 17:23:39.631 Started a shell/command
< 2023-09-14 17:23:39.631 Script: Autenticato.
. 2023-09-14 17:23:39.631 --------------------------------------------------------------------------
. 2023-09-14 17:23:39.631 Using SFTP protocol.
. 2023-09-14 17:23:39.631 Doing startup conversation with host.
< 2023-09-14 17:23:39.631 Script: Avvio sessione ...
> 2023-09-14 17:23:39.631 Type: SSH_FXP_INIT, Size: 5, Number: -1
< 2023-09-14 17:23:39.647 Type: SSH_FXP_VERSION, Size: 95, Number: -1
. 2023-09-14 17:23:39.647 SFTP version 3 negotiated.
. 2023-09-14 17:23:39.647 Unknown server extension posix-rename@openssh.com="1"
. 2023-09-14 17:23:39.647 Supports statvfs@openssh.com extension version 2
. 2023-09-14 17:23:39.647 Unknown server extension fstatvfs@openssh.com="2"
. 2023-09-14 17:23:39.647 We believe the server has signed timestamps bug
. 2023-09-14 17:23:39.647 We will use UTF-8 strings until server sends an invalid UTF-8 string as with SFTP version 3 and older UTF-8 strings are not mandatory
. 2023-09-14 17:23:39.647 Limiting packet size to OpenSSH sftp-server limit of 262148 bytes
. 2023-09-14 17:23:39.647 Getting current directory name.
. 2023-09-14 17:23:39.647 Getting real path for '.'
> 2023-09-14 17:23:39.647 Type: SSH_FXP_REALPATH, Size: 10, Number: 16
< 2023-09-14 17:23:39.663 Type: SSH_FXP_NAME, Size: 39, Number: 16
. 2023-09-14 17:23:39.663 Real path is '/uniongas'
. 2023-09-14 17:23:39.663 Startup conversation with host finished.
< 2023-09-14 17:23:39.663 Script: Sessione avviata.
< 2023-09-14 17:23:39.663 Script: Sessione attiva: [1] uniongas@sftp.sandsiv.com
> 2023-09-14 17:23:39.663 Script: cd /uniongas/InputFiles
. 2023-09-14 17:23:39.663 Cached directory change via "/uniongas/InputFiles" to "/uniongas/InputFiles".
. 2023-09-14 17:23:39.663 Getting current directory name.
< 2023-09-14 17:23:39.663 Script: /uniongas/InputFiles
> 2023-09-14 17:23:39.663 Script: ls
. 2023-09-14 17:23:39.663 Listing directory "/uniongas/InputFiles".
> 2023-09-14 17:23:39.663 Type: SSH_FXP_OPENDIR, Size: 29, Number: 267
< 2023-09-14 17:23:39.694 Type: SSH_FXP_HANDLE, Size: 13, Number: 267
> 2023-09-14 17:23:39.694 Type: SSH_FXP_READDIR, Size: 13, Number: 524
< 2023-09-14 17:23:39.732 Type: SSH_FXP_NAME, Size: 607, Number: 524
> 2023-09-14 17:23:39.732 Type: SSH_FXP_READDIR, Size: 13, Number: 780
< 2023-09-14 17:23:39.763 Type: SSH_FXP_STATUS, Size: 28, Number: 780
< 2023-09-14 17:23:39.763 Status code: 1
> 2023-09-14 17:23:39.763 Type: SSH_FXP_CLOSE, Size: 13, Number: 1028
. 2023-09-14 17:23:39.763 .;d;0;2023-09-14T15:23:36.000Z;4;"760" [760];"768" [768];rwxrwx---;0
. 2023-09-14 17:23:39.763 ..;d;0;2023-06-21T14:45:19.000Z;4;"760" [760];"768" [768];rwxrwx---;0
. 2023-09-14 17:23:39.763 voltura_230914.csv;-;790;2023-09-14T17:23:23.000Z;4;"760" [760];"753" [753];rw-r--r--;0
. 2023-09-14 17:23:39.763 subentro_230914.csv;-;30320;2023-09-14T17:14:58.000Z;4;"760" [760];"753" [753];rw-r--r--;0
. 2023-09-14 17:23:39.763 switchin_230914.csv;-;69096;2023-09-14T17:23:23.000Z;4;"760" [760];"753" [753];rw-r--r--;0
< 2023-09-14 17:23:39.763 Script: drwxrwx---   2 760      768           4096 Sep 14 17:23:36 2023 .
< 2023-09-14 17:23:39.763 Script: drwxrwx---   5 760      768           4096 Jun 21 16:45:19 2023 ..
< 2023-09-14 17:23:39.763 Script: -rw-r--r--   1 760      753            790 Sep 14 19:23:23 2023 voltura_230914.csv
< 2023-09-14 17:23:39.763 Script: -rw-r--r--   1 760      753          30320 Sep 14 19:14:58 2023 subentro_230914.csv
< 2023-09-14 17:23:39.763 Script: -rw-r--r--   1 760      753          69096 Sep 14 19:23:23 2023 switchin_230914.csv
> 2023-09-14 17:23:39.763 Script: close
. 2023-09-14 17:23:39.763 Closing connection.
. 2023-09-14 17:23:39.763 Sending special code: 1
. 2023-09-14 17:23:39.810 Session sent command exit status 0
. 2023-09-14 17:23:39.810 Main session channel closed
. 2023-09-14 17:23:39.810 All channels closed
