. 2023-11-13 08:00:42.825 --------------------------------------------------------------------------
. 2023-11-13 08:00:42.825 WinSCP Versione 6.1.1 (Build 13736 2023-06-21) (OS 10.0.17763 – Windows Server 2019 Standard)
. 2023-11-13 08:00:42.825 Configuration: HKCU\Software\Martin Prikryl\WinSCP 2\
. 2023-11-13 08:00:42.825 Log level: Normal
. 2023-11-13 08:00:42.825 Local account: DB-BI\Administrator
. 2023-11-13 08:00:42.825 Working directory: C:\Windows\system32
. 2023-11-13 08:00:42.825 Process ID: 3760
. 2023-11-13 08:00:42.840 Ancestor processes: cmd, ...
. 2023-11-13 08:00:42.840 Command-line: "C:\Program Files (x86)\WinSCP\WinSCP.exe"  /log="C:\VOC\log.log" /command "open sftp://uniongas:***@sftp.sandsiv.com -hostkey=*"     "lcd C:\VOC\download"     "cd /uniongas/InputFiles"     "put *"     "close"     "exit"
. 2023-11-13 08:00:42.840 Time zone: Current: GMT+1, Standard: GMT+1 (ora solare Europa occidentale), DST: GMT+2 (ora legale Europa occidentale), DST Start: 26/03/2023, DST End: 29/10/2023
. 2023-11-13 08:00:42.840 Login time: lunedì 13 novembre 2023 08:00:42
. 2023-11-13 08:00:42.840 --------------------------------------------------------------------------
. 2023-11-13 08:00:42.840 Script: Retrospectively logging previous script records:
> 2023-11-13 08:00:42.840 Script: open sftp://uniongas:***@sftp.sandsiv.com -hostkey=*
. 2023-11-13 08:00:42.840 --------------------------------------------------------------------------
. 2023-11-13 08:00:42.840 Session name: uniongas@sftp.sandsiv.com (Ad-Hoc site)
. 2023-11-13 08:00:42.840 Host name: sftp.sandsiv.com (Port: 22)
. 2023-11-13 08:00:42.840 User name: uniongas (Password: Yes, Key file: No, Passphrase: No)
. 2023-11-13 08:00:42.840 Tunnel: No
. 2023-11-13 08:00:42.840 Transfer Protocol: SFTP
. 2023-11-13 08:00:42.840 Ping type: Off, Ping interval: 30 sec; Timeout: 15 sec
. 2023-11-13 08:00:42.840 Disable Nagle: No
. 2023-11-13 08:00:42.840 Proxy: None
. 2023-11-13 08:00:42.840 Send buffer: 262144
. 2023-11-13 08:00:42.840 Compression: No
. 2023-11-13 08:00:42.840 Bypass authentication: No
. 2023-11-13 08:00:42.840 Try agent: Yes; Agent forwarding: No; KI: Yes; GSSAPI: Yes
. 2023-11-13 08:00:42.840 GSSAPI: KEX: No; Forwarding: No; Libs: gssapi32,sspi,custom; Custom: 
. 2023-11-13 08:00:42.840 Ciphers: aes,chacha20,aesgcm,3des,WARN,des,blowfish,arcfour; Ssh2DES: No
. 2023-11-13 08:00:42.840 KEX: ntru-curve25519,ecdh,dh-gex-sha1,dh-group18-sha512,dh-group17-sha512,dh-group16-sha512,dh-group15-sha512,dh-group14-sha1,rsa,WARN,dh-group1-sha1
. 2023-11-13 08:00:42.840 SSH Bugs: Auto,Auto,Auto,Auto,Auto,Auto,Auto,Auto,Auto,Auto
. 2023-11-13 08:00:42.840 Simple channel: Yes
. 2023-11-13 08:00:42.840 Return code variable: Autodetect; Lookup user groups: Auto
. 2023-11-13 08:00:42.840 Shell: default
. 2023-11-13 08:00:42.840 EOL: LF, UTF: Auto
. 2023-11-13 08:00:42.840 Clear aliases: Yes, Unset nat.vars: Yes, Resolve symlinks: Yes; Follow directory symlinks: No
. 2023-11-13 08:00:42.840 LS: ls -la, Ign LS warn: Yes, Scp1 Comp: No; Exit code 1 is error: No
. 2023-11-13 08:00:42.840 SFTP Bugs: Auto,Auto
. 2023-11-13 08:00:42.840 SFTP Server: default
. 2023-11-13 08:00:42.840 Local directory: default, Remote directory: home, Update: Yes, Cache: Yes
. 2023-11-13 08:00:42.840 Cache directory changes: Yes, Permanent: Yes
. 2023-11-13 08:00:42.840 Recycle bin: Delete to: No, Overwritten to: No, Bin path: 
. 2023-11-13 08:00:42.840 DST mode: Unix
. 2023-11-13 08:00:42.840 --------------------------------------------------------------------------
< 2023-11-13 08:00:42.840 Script: Ricerca host ...
. 2023-11-13 08:00:42.840 Looking up host "sftp.sandsiv.com" for SSH connection
. 2023-11-13 08:00:42.887 Connecting to 77.109.144.51 port 22
. 2023-11-13 08:00:42.918 Connected to 77.109.144.51
< 2023-11-13 08:00:42.918 Script: Connessione host ...
. 2023-11-13 08:00:42.918 We claim version: SSH-2.0-WinSCP_release_6.1.1
. 2023-11-13 08:00:42.918 Connected to 77.109.144.51
. 2023-11-13 08:00:42.965 Remote version: SSH-2.0-OpenSSH_5.3
. 2023-11-13 08:00:42.965 We believe remote version has SSH-2 channel request bug
. 2023-11-13 08:00:42.965 Using SSH protocol version 2
. 2023-11-13 08:00:42.996 Doing Diffie-Hellman group exchange
. 2023-11-13 08:00:43.060 Doing Diffie-Hellman key exchange using 4096-bit modulus and hash SHA-256 with a server-supplied group
. 2023-11-13 08:00:45.391 Server also has ssh-dss host key, but we don't know it
. 2023-11-13 08:00:45.391 Host key fingerprint is:
. 2023-11-13 08:00:45.391 ssh-rsa 2048 SHA256:eelF88eFuOlODwKGUpnnqatJdFSTRhBSqEJAos67GqQ
< 2023-11-13 08:00:45.391 Script: Autenticazione ...
< 2023-11-13 08:00:45.391 Script: ATTENZIONE! Stai rinunciando alla sicurezza e accettando ogni chiave come configurato!
* 2023-11-13 08:00:45.391 ATTENZIONE! Stai rinunciando alla sicurezza e accettando ogni chiave come configurato!
. 2023-11-13 08:00:45.391 Initialised AES-256 SDCTR (unaccelerated) [aes256-ctr] outbound encryption
. 2023-11-13 08:00:45.391 Initialised HMAC-SHA-256 outbound MAC algorithm
. 2023-11-13 08:00:45.391 Initialised AES-256 SDCTR (unaccelerated) [aes256-ctr] inbound encryption
. 2023-11-13 08:00:45.391 Initialised HMAC-SHA-256 inbound MAC algorithm
! 2023-11-13 08:00:45.406 Using username "uniongas".
< 2023-11-13 08:00:45.406 Script: Usa nome utente "uniongas".
. 2023-11-13 08:00:45.437 Server offered these authentication methods: publickey,gssapi-keyex,gssapi-with-mic,password
. 2023-11-13 08:00:45.437 Using SSPI from SECUR32.DLL
. 2023-11-13 08:00:45.437 Trying gssapi-with-mic...
. 2023-11-13 08:00:45.437 Attempting GSSAPI authentication
. 2023-11-13 08:00:45.469 GSSAPI authentication request refused
. 2023-11-13 08:00:45.469 Server offered these authentication methods: publickey,gssapi-keyex,gssapi-with-mic,password
. 2023-11-13 08:00:45.469 Prompt (password, "SSH password", <no instructions>, "&Password: ")
. 2023-11-13 08:00:45.469 Using stored password.
< 2023-11-13 08:00:45.469 Script: Autenticazione con password preimpostata
. 2023-11-13 08:00:45.469 Sent password
. 2023-11-13 08:00:45.547 Access granted
. 2023-11-13 08:00:45.547 Opening main session channel
. 2023-11-13 08:00:45.732 Opened main channel
. 2023-11-13 08:00:45.763 Started a shell/command
< 2023-11-13 08:00:45.763 Script: Autenticato.
. 2023-11-13 08:00:45.763 --------------------------------------------------------------------------
. 2023-11-13 08:00:45.763 Using SFTP protocol.
. 2023-11-13 08:00:45.763 Doing startup conversation with host.
< 2023-11-13 08:00:45.763 Script: Avvio sessione ...
> 2023-11-13 08:00:45.763 Type: SSH_FXP_INIT, Size: 5, Number: -1
< 2023-11-13 08:00:45.779 Type: SSH_FXP_VERSION, Size: 95, Number: -1
. 2023-11-13 08:00:45.779 SFTP version 3 negotiated.
. 2023-11-13 08:00:45.779 Unknown server extension posix-rename@openssh.com="1"
. 2023-11-13 08:00:45.779 Supports statvfs@openssh.com extension version 2
. 2023-11-13 08:00:45.779 Unknown server extension fstatvfs@openssh.com="2"
. 2023-11-13 08:00:45.779 We believe the server has signed timestamps bug
. 2023-11-13 08:00:45.779 We will use UTF-8 strings until server sends an invalid UTF-8 string as with SFTP version 3 and older UTF-8 strings are not mandatory
. 2023-11-13 08:00:45.779 Limiting packet size to OpenSSH sftp-server limit of 262148 bytes
. 2023-11-13 08:00:45.779 Getting current directory name.
. 2023-11-13 08:00:45.779 Getting real path for '.'
> 2023-11-13 08:00:45.779 Type: SSH_FXP_REALPATH, Size: 10, Number: 16
< 2023-11-13 08:00:45.810 Type: SSH_FXP_NAME, Size: 39, Number: 16
. 2023-11-13 08:00:45.810 Real path is '/uniongas'
. 2023-11-13 08:00:45.810 Startup conversation with host finished.
< 2023-11-13 08:00:45.810 Script: Sessione avviata.
< 2023-11-13 08:00:45.810 Script: Sessione attiva: [1] uniongas@sftp.sandsiv.com
> 2023-11-13 08:00:45.810 Script: lcd C:\VOC\download
< 2023-11-13 08:00:45.810 Script: C:\VOC\download
> 2023-11-13 08:00:45.810 Script: cd /uniongas/InputFiles
. 2023-11-13 08:00:45.810 Cached directory change via "/uniongas/InputFiles" to "/uniongas/InputFiles".
. 2023-11-13 08:00:45.810 Getting current directory name.
< 2023-11-13 08:00:45.810 Script: /uniongas/InputFiles
> 2023-11-13 08:00:45.810 Script: put *
. 2023-11-13 08:00:45.810 Copying 3 files/directories to remote directory "/uniongas/InputFiles" - total size: 681.022
. 2023-11-13 08:00:45.810   PrTime: Yes; PrRO: No; Rght: rw-r--r--; PrR: No (No); FnCs: N; RIC: 0100; Resume: S (102400); CalcS: No; Mask: 
. 2023-11-13 08:00:45.810   TM: B; ClAr: No; RemEOF: No; RemBOM: No; CPS: 0; NewerOnly: No; EncryptNewFiles: Yes; ExcludeHiddenFiles: No; ExcludeEmptyDirectories: No; InclM: ; ResumeL: 0
. 2023-11-13 08:00:45.810   AscM: *.*html; *.htm; *.txt; *.php; *.php3; *.cgi; *.c; *.cpp; *.h; *.pas; *.bas; *.tex; *.pl; *.js; .htaccess; *.xtml; *.css; *.cfg; *.ini; *.sh; *.xml
. 2023-11-13 08:00:45.810 File: 'subentro_231113.csv' [2023-11-13T08:00:01.000Z] [287727]
. 2023-11-13 08:00:45.810 Copying "subentro_231113.csv" to remote directory started.
. 2023-11-13 08:00:45.810 Binary transfer mode selected.
. 2023-11-13 08:00:45.810 Checking existence of file.
> 2023-11-13 08:00:45.810 Type: SSH_FXP_LSTAT, Size: 49, Number: 263
< 2023-11-13 08:00:45.857 Type: SSH_FXP_STATUS, Size: 29, Number: 263
< 2023-11-13 08:00:45.857 Status code: 2
. 2023-11-13 08:00:45.857 Checking existence of partially transferred file.
> 2023-11-13 08:00:45.857 Type: SSH_FXP_LSTAT, Size: 58, Number: 519
< 2023-11-13 08:00:45.904 Type: SSH_FXP_STATUS, Size: 29, Number: 519
< 2023-11-13 08:00:45.904 Status code: 2
. 2023-11-13 08:00:45.904 Opening remote file.
> 2023-11-13 08:00:45.904 Type: SSH_FXP_OPEN, Size: 74, Number: 771
< 2023-11-13 08:00:45.935 Type: SSH_FXP_HANDLE, Size: 13, Number: 771
> 2023-11-13 08:00:45.935 Type: SSH_FXP_WRITE, Size: 32761, Number: 1286
. 2023-11-13 08:00:45.950 Skipped 8 SSH_FXP_WRITE packets
> 2023-11-13 08:00:45.950 Type: SSH_FXP_CLOSE, Size: 13, Number: 3588
< 2023-11-13 08:00:45.997 Type: SSH_FXP_STATUS, Size: 24, Number: 1286
< 2023-11-13 08:00:45.997 Status code: 0
. 2023-11-13 08:00:46.171 Skipped 8 SSH_FXP_STATUS packets
< 2023-11-13 08:00:46.171 Type: SSH_FXP_STATUS, Size: 24, Number: 3588
< 2023-11-13 08:00:46.171 Status code: 0
> 2023-11-13 08:00:46.171 Type: SSH_FXP_RENAME, Size: 102, Number: 3858
< 2023-11-13 08:00:46.235 Type: SSH_FXP_STATUS, Size: 24, Number: 3858
< 2023-11-13 08:00:46.235 Status code: 0
. 2023-11-13 08:00:46.235 Preserving timestamp [2023-11-13T08:00:01.000Z]
> 2023-11-13 08:00:46.235 Type: SSH_FXP_SETSTAT, Size: 61, Number: 1033
< 2023-11-13 08:00:46.266 Type: SSH_FXP_STATUS, Size: 24, Number: 1033
< 2023-11-13 08:00:46.266 Status code: 0
. 2023-11-13 08:00:46.266 Transfer done: 'subentro_231113.csv' => '/uniongas/InputFiles/subentro_231113.csv' [287727]
. 2023-11-13 08:00:46.266 File: 'switchin_231113.csv' [2023-11-13T08:00:11.000Z] [347363]
. 2023-11-13 08:00:46.266 Copying "switchin_231113.csv" to remote directory started.
. 2023-11-13 08:00:46.266 Binary transfer mode selected.
. 2023-11-13 08:00:46.266 Checking existence of file.
> 2023-11-13 08:00:46.266 Type: SSH_FXP_LSTAT, Size: 49, Number: 4103
< 2023-11-13 08:00:46.313 Type: SSH_FXP_STATUS, Size: 29, Number: 4103
< 2023-11-13 08:00:46.313 Status code: 2
. 2023-11-13 08:00:46.313 Checking existence of partially transferred file.
> 2023-11-13 08:00:46.313 Type: SSH_FXP_LSTAT, Size: 58, Number: 4359
< 2023-11-13 08:00:46.344 Type: SSH_FXP_STATUS, Size: 29, Number: 4359
< 2023-11-13 08:00:46.344 Status code: 2
. 2023-11-13 08:00:46.344 Opening remote file.
> 2023-11-13 08:00:46.344 Type: SSH_FXP_OPEN, Size: 74, Number: 4611
< 2023-11-13 08:00:46.376 Type: SSH_FXP_HANDLE, Size: 13, Number: 4611
> 2023-11-13 08:00:46.376 Type: SSH_FXP_WRITE, Size: 32761, Number: 5126
. 2023-11-13 08:00:46.391 Skipped 10 SSH_FXP_WRITE packets
> 2023-11-13 08:00:46.391 Type: SSH_FXP_CLOSE, Size: 13, Number: 7940
< 2023-11-13 08:00:46.407 Type: SSH_FXP_STATUS, Size: 24, Number: 5126
< 2023-11-13 08:00:46.407 Status code: 0
. 2023-11-13 08:00:46.969 Skipped 10 SSH_FXP_STATUS packets
< 2023-11-13 08:00:46.969 Type: SSH_FXP_STATUS, Size: 24, Number: 7940
< 2023-11-13 08:00:46.969 Status code: 0
> 2023-11-13 08:00:46.969 Type: SSH_FXP_RENAME, Size: 102, Number: 8210
< 2023-11-13 08:00:47.033 Type: SSH_FXP_STATUS, Size: 24, Number: 8210
< 2023-11-13 08:00:47.033 Status code: 0
. 2023-11-13 08:00:47.033 Preserving timestamp [2023-11-13T08:00:11.000Z]
> 2023-11-13 08:00:47.033 Type: SSH_FXP_SETSTAT, Size: 61, Number: 4873
< 2023-11-13 08:00:47.063 Type: SSH_FXP_STATUS, Size: 24, Number: 4873
< 2023-11-13 08:00:47.063 Status code: 0
. 2023-11-13 08:00:47.063 Transfer done: 'switchin_231113.csv' => '/uniongas/InputFiles/switchin_231113.csv' [347363]
. 2023-11-13 08:00:47.063 File: 'voltura_231113.csv' [2023-11-13T08:00:20.000Z] [45932]
. 2023-11-13 08:00:47.063 Copying "voltura_231113.csv" to remote directory started.
. 2023-11-13 08:00:47.063 Binary transfer mode selected.
. 2023-11-13 08:00:47.063 Opening remote file.
> 2023-11-13 08:00:47.063 Type: SSH_FXP_OPEN, Size: 64, Number: 8451
< 2023-11-13 08:00:47.100 Type: SSH_FXP_HANDLE, Size: 13, Number: 8451
> 2023-11-13 08:00:47.100 Type: SSH_FXP_WRITE, Size: 32761, Number: 8966
. 2023-11-13 08:00:47.100 Skipped 1 SSH_FXP_WRITE packets
> 2023-11-13 08:00:47.100 Type: SSH_FXP_CLOSE, Size: 13, Number: 9476
> 2023-11-13 08:00:47.100 Type: SSH_FXP_SETSTAT, Size: 60, Number: 8713
< 2023-11-13 08:00:47.131 Type: SSH_FXP_STATUS, Size: 24, Number: 8966
< 2023-11-13 08:00:47.131 Status code: 0
. 2023-11-13 08:00:47.178 Skipped 1 SSH_FXP_STATUS packets
< 2023-11-13 08:00:47.178 Type: SSH_FXP_STATUS, Size: 24, Number: 9476
< 2023-11-13 08:00:47.178 Status code: 0
. 2023-11-13 08:00:47.178 Preserving timestamp [2023-11-13T08:00:20.000Z]
< 2023-11-13 08:00:47.194 Type: SSH_FXP_STATUS, Size: 24, Number: 8713
< 2023-11-13 08:00:47.194 Status code: 0
. 2023-11-13 08:00:47.194 Transfer done: 'voltura_231113.csv' => '/uniongas/InputFiles/voltura_231113.csv' [45932]
. 2023-11-13 08:00:47.194 Copying finished: Transferred: 681.022, Elapsed: 0:00:01, CPS: 492.067/s
> 2023-11-13 08:00:47.194 Script: close
. 2023-11-13 08:00:47.194 Closing connection.
. 2023-11-13 08:00:47.194 Sending special code: 1
. 2023-11-13 08:00:47.227 Session sent command exit status 0
. 2023-11-13 08:00:47.227 Main session channel closed
. 2023-11-13 08:00:47.227 All channels closed
. 2023-11-13 08:00:47.365 --------------------------------------------------------------------------
. 2023-11-13 08:00:47.365 WinSCP Versione 6.1.1 (Build 13736 2023-06-21) (OS 10.0.17763 – Windows Server 2019 Standard)
. 2023-11-13 08:00:47.365 Configuration: HKCU\Software\Martin Prikryl\WinSCP 2\
. 2023-11-13 08:00:47.365 Log level: Normal
. 2023-11-13 08:00:47.365 Local account: DB-BI\Administrator
. 2023-11-13 08:00:47.365 Working directory: C:\Windows\system32
. 2023-11-13 08:00:47.365 Process ID: 3784
. 2023-11-13 08:00:47.365 Ancestor processes: cmd, ...
. 2023-11-13 08:00:47.365 Command-line: "C:\Program Files (x86)\WinSCP\WinSCP.exe"  /log="C:\VOC\log.log" /command "open sftp://uniongas:***@sftp.sandsiv.com -hostkey=*" 	"cd /uniongas/InputFiles"     "ls" 	"close"     "exit"
. 2023-11-13 08:00:47.365 Time zone: Current: GMT+1, Standard: GMT+1 (ora solare Europa occidentale), DST: GMT+2 (ora legale Europa occidentale), DST Start: 26/03/2023, DST End: 29/10/2023
. 2023-11-13 08:00:47.365 Login time: lunedì 13 novembre 2023 08:00:47
. 2023-11-13 08:00:47.365 --------------------------------------------------------------------------
. 2023-11-13 08:00:47.365 Script: Retrospectively logging previous script records:
> 2023-11-13 08:00:47.365 Script: open sftp://uniongas:***@sftp.sandsiv.com -hostkey=*
. 2023-11-13 08:00:47.365 --------------------------------------------------------------------------
. 2023-11-13 08:00:47.365 Session name: uniongas@sftp.sandsiv.com (Ad-Hoc site)
. 2023-11-13 08:00:47.365 Host name: sftp.sandsiv.com (Port: 22)
. 2023-11-13 08:00:47.365 User name: uniongas (Password: Yes, Key file: No, Passphrase: No)
. 2023-11-13 08:00:47.365 Tunnel: No
. 2023-11-13 08:00:47.365 Transfer Protocol: SFTP
. 2023-11-13 08:00:47.365 Ping type: Off, Ping interval: 30 sec; Timeout: 15 sec
. 2023-11-13 08:00:47.365 Disable Nagle: No
. 2023-11-13 08:00:47.365 Proxy: None
. 2023-11-13 08:00:47.365 Send buffer: 262144
. 2023-11-13 08:00:47.365 Compression: No
. 2023-11-13 08:00:47.365 Bypass authentication: No
. 2023-11-13 08:00:47.365 Try agent: Yes; Agent forwarding: No; KI: Yes; GSSAPI: Yes
. 2023-11-13 08:00:47.365 GSSAPI: KEX: No; Forwarding: No; Libs: gssapi32,sspi,custom; Custom: 
. 2023-11-13 08:00:47.365 Ciphers: aes,chacha20,aesgcm,3des,WARN,des,blowfish,arcfour; Ssh2DES: No
. 2023-11-13 08:00:47.365 KEX: ntru-curve25519,ecdh,dh-gex-sha1,dh-group18-sha512,dh-group17-sha512,dh-group16-sha512,dh-group15-sha512,dh-group14-sha1,rsa,WARN,dh-group1-sha1
. 2023-11-13 08:00:47.365 SSH Bugs: Auto,Auto,Auto,Auto,Auto,Auto,Auto,Auto,Auto,Auto
. 2023-11-13 08:00:47.365 Simple channel: Yes
. 2023-11-13 08:00:47.365 Return code variable: Autodetect; Lookup user groups: Auto
. 2023-11-13 08:00:47.365 Shell: default
. 2023-11-13 08:00:47.365 EOL: LF, UTF: Auto
. 2023-11-13 08:00:47.365 Clear aliases: Yes, Unset nat.vars: Yes, Resolve symlinks: Yes; Follow directory symlinks: No
. 2023-11-13 08:00:47.365 LS: ls -la, Ign LS warn: Yes, Scp1 Comp: No; Exit code 1 is error: No
. 2023-11-13 08:00:47.365 SFTP Bugs: Auto,Auto
. 2023-11-13 08:00:47.365 SFTP Server: default
. 2023-11-13 08:00:47.365 Local directory: default, Remote directory: home, Update: Yes, Cache: Yes
. 2023-11-13 08:00:47.365 Cache directory changes: Yes, Permanent: Yes
. 2023-11-13 08:00:47.365 Recycle bin: Delete to: No, Overwritten to: No, Bin path: 
. 2023-11-13 08:00:47.365 DST mode: Unix
. 2023-11-13 08:00:47.365 --------------------------------------------------------------------------
< 2023-11-13 08:00:47.365 Script: Ricerca host ...
. 2023-11-13 08:00:47.365 Looking up host "sftp.sandsiv.com" for SSH connection
. 2023-11-13 08:00:47.365 Connecting to 77.109.144.51 port 22
. 2023-11-13 08:00:47.412 Connected to 77.109.144.51
< 2023-11-13 08:00:47.412 Script: Connessione host ...
. 2023-11-13 08:00:47.412 We claim version: SSH-2.0-WinSCP_release_6.1.1
. 2023-11-13 08:00:47.412 Connected to 77.109.144.51
. 2023-11-13 08:00:47.459 Remote version: SSH-2.0-OpenSSH_5.3
. 2023-11-13 08:00:47.459 We believe remote version has SSH-2 channel request bug
. 2023-11-13 08:00:47.459 Using SSH protocol version 2
. 2023-11-13 08:00:47.506 Doing Diffie-Hellman group exchange
. 2023-11-13 08:00:47.537 Doing Diffie-Hellman key exchange using 4096-bit modulus and hash SHA-256 with a server-supplied group
. 2023-11-13 08:00:49.812 Server also has ssh-dss host key, but we don't know it
. 2023-11-13 08:00:49.812 Host key fingerprint is:
. 2023-11-13 08:00:49.812 ssh-rsa 2048 SHA256:eelF88eFuOlODwKGUpnnqatJdFSTRhBSqEJAos67GqQ
< 2023-11-13 08:00:49.812 Script: Autenticazione ...
< 2023-11-13 08:00:49.812 Script: ATTENZIONE! Stai rinunciando alla sicurezza e accettando ogni chiave come configurato!
* 2023-11-13 08:00:49.812 ATTENZIONE! Stai rinunciando alla sicurezza e accettando ogni chiave come configurato!
. 2023-11-13 08:00:49.812 Initialised AES-256 SDCTR (unaccelerated) [aes256-ctr] outbound encryption
. 2023-11-13 08:00:49.812 Initialised HMAC-SHA-256 outbound MAC algorithm
. 2023-11-13 08:00:49.812 Initialised AES-256 SDCTR (unaccelerated) [aes256-ctr] inbound encryption
. 2023-11-13 08:00:49.812 Initialised HMAC-SHA-256 inbound MAC algorithm
! 2023-11-13 08:00:49.859 Using username "uniongas".
< 2023-11-13 08:00:49.859 Script: Usa nome utente "uniongas".
. 2023-11-13 08:00:49.890 Server offered these authentication methods: publickey,gssapi-keyex,gssapi-with-mic,password
. 2023-11-13 08:00:49.890 Using SSPI from SECUR32.DLL
. 2023-11-13 08:00:49.890 Trying gssapi-with-mic...
. 2023-11-13 08:00:49.890 Attempting GSSAPI authentication
. 2023-11-13 08:00:49.937 GSSAPI authentication request refused
. 2023-11-13 08:00:49.937 Server offered these authentication methods: publickey,gssapi-keyex,gssapi-with-mic,password
. 2023-11-13 08:00:49.937 Prompt (password, "SSH password", <no instructions>, "&Password: ")
. 2023-11-13 08:00:49.937 Using stored password.
< 2023-11-13 08:00:49.937 Script: Autenticazione con password preimpostata
. 2023-11-13 08:00:49.937 Sent password
. 2023-11-13 08:00:50.015 Access granted
. 2023-11-13 08:00:50.015 Opening main session channel
. 2023-11-13 08:00:50.188 Opened main channel
. 2023-11-13 08:00:50.219 Started a shell/command
< 2023-11-13 08:00:50.219 Script: Autenticato.
. 2023-11-13 08:00:50.219 --------------------------------------------------------------------------
. 2023-11-13 08:00:50.219 Using SFTP protocol.
. 2023-11-13 08:00:50.219 Doing startup conversation with host.
< 2023-11-13 08:00:50.219 Script: Avvio sessione ...
> 2023-11-13 08:00:50.219 Type: SSH_FXP_INIT, Size: 5, Number: -1
< 2023-11-13 08:00:50.266 Type: SSH_FXP_VERSION, Size: 95, Number: -1
. 2023-11-13 08:00:50.266 SFTP version 3 negotiated.
. 2023-11-13 08:00:50.266 Unknown server extension posix-rename@openssh.com="1"
. 2023-11-13 08:00:50.266 Supports statvfs@openssh.com extension version 2
. 2023-11-13 08:00:50.266 Unknown server extension fstatvfs@openssh.com="2"
. 2023-11-13 08:00:50.266 We believe the server has signed timestamps bug
. 2023-11-13 08:00:50.266 We will use UTF-8 strings until server sends an invalid UTF-8 string as with SFTP version 3 and older UTF-8 strings are not mandatory
. 2023-11-13 08:00:50.266 Limiting packet size to OpenSSH sftp-server limit of 262148 bytes
. 2023-11-13 08:00:50.266 Getting current directory name.
. 2023-11-13 08:00:50.266 Getting real path for '.'
> 2023-11-13 08:00:50.266 Type: SSH_FXP_REALPATH, Size: 10, Number: 16
< 2023-11-13 08:00:50.297 Type: SSH_FXP_NAME, Size: 39, Number: 16
. 2023-11-13 08:00:50.297 Real path is '/uniongas'
. 2023-11-13 08:00:50.297 Startup conversation with host finished.
< 2023-11-13 08:00:50.297 Script: Sessione avviata.
< 2023-11-13 08:00:50.297 Script: Sessione attiva: [1] uniongas@sftp.sandsiv.com
> 2023-11-13 08:00:50.297 Script: cd /uniongas/InputFiles
. 2023-11-13 08:00:50.297 Cached directory change via "/uniongas/InputFiles" to "/uniongas/InputFiles".
. 2023-11-13 08:00:50.297 Getting current directory name.
< 2023-11-13 08:00:50.297 Script: /uniongas/InputFiles
> 2023-11-13 08:00:50.297 Script: ls
. 2023-11-13 08:00:50.297 Listing directory "/uniongas/InputFiles".
> 2023-11-13 08:00:50.297 Type: SSH_FXP_OPENDIR, Size: 29, Number: 267
< 2023-11-13 08:00:50.344 Type: SSH_FXP_HANDLE, Size: 13, Number: 267
> 2023-11-13 08:00:50.344 Type: SSH_FXP_READDIR, Size: 13, Number: 524
< 2023-11-13 08:00:50.407 Type: SSH_FXP_NAME, Size: 607, Number: 524
> 2023-11-13 08:00:50.407 Type: SSH_FXP_READDIR, Size: 13, Number: 780
< 2023-11-13 08:00:50.438 Type: SSH_FXP_STATUS, Size: 28, Number: 780
< 2023-11-13 08:00:50.438 Status code: 1
> 2023-11-13 08:00:50.438 Type: SSH_FXP_CLOSE, Size: 13, Number: 1028
. 2023-11-13 08:00:50.438 .;d;0;2023-11-13T07:00:47.000Z;4;"760" [760];"768" [768];rwxrwx---;0
. 2023-11-13 08:00:50.438 ..;d;0;2023-06-21T14:45:19.000Z;4;"760" [760];"768" [768];rwxrwx---;0
. 2023-11-13 08:00:50.438 subentro_231113.csv;-;287727;2023-11-13T08:00:01.000Z;4;"760" [760];"753" [753];rw-r--r--;0
. 2023-11-13 08:00:50.438 voltura_231113.csv;-;45932;2023-11-13T08:00:20.000Z;4;"760" [760];"753" [753];rw-r--r--;0
. 2023-11-13 08:00:50.438 switchin_231113.csv;-;347363;2023-11-13T08:00:11.000Z;4;"760" [760];"753" [753];rw-r--r--;0
< 2023-11-13 08:00:50.438 Script: drwxrwx---   2 760      768           4096 Nov 13  8:00:47 2023 .
< 2023-11-13 08:00:50.438 Script: drwxrwx---   5 760      768           4096 Jun 21 16:45:19 2023 ..
< 2023-11-13 08:00:50.438 Script: -rw-r--r--   1 760      753         287727 Nov 13  9:00:01 2023 subentro_231113.csv
< 2023-11-13 08:00:50.438 Script: -rw-r--r--   1 760      753          45932 Nov 13  9:00:20 2023 voltura_231113.csv
< 2023-11-13 08:00:50.438 Script: -rw-r--r--   1 760      753         347363 Nov 13  9:00:11 2023 switchin_231113.csv
> 2023-11-13 08:00:50.438 Script: close
. 2023-11-13 08:00:50.438 Closing connection.
. 2023-11-13 08:00:50.438 Sending special code: 1
. 2023-11-13 08:00:50.516 Session sent command exit status 0
. 2023-11-13 08:00:50.516 Main session channel closed
. 2023-11-13 08:00:50.516 All channels closed
