. 2023-09-18 08:00:58.020 --------------------------------------------------------------------------
. 2023-09-18 08:00:58.020 WinSCP Versione 6.1.1 (Build 13736 2023-06-21) (OS 10.0.17763 – Windows Server 2019 Standard)
. 2023-09-18 08:00:58.020 Configuration: HKCU\Software\Martin Prikryl\WinSCP 2\
. 2023-09-18 08:00:58.020 Log level: Normal
. 2023-09-18 08:00:58.020 Local account: DB-BI\Administrator
. 2023-09-18 08:00:58.020 Working directory: C:\Windows\system32
. 2023-09-18 08:00:58.020 Process ID: 5856
. 2023-09-18 08:00:58.036 Ancestor processes: cmd, ...
. 2023-09-18 08:00:58.036 Command-line: "C:\Program Files (x86)\WinSCP\WinSCP.exe"  /log="C:\VOC\log.log" /command "open sftp://uniongas:***@sftp.sandsiv.com -hostkey=*"     "lcd C:\VOC\download"     "cd /uniongas/InputFiles"     "put *"     "close"     "exit"
. 2023-09-18 08:00:58.036 Time zone: Current: GMT+2, Standard: GMT+1 (ora solare Europa occidentale), DST: GMT+2 (ora legale Europa occidentale), DST Start: 26/03/2023, DST End: 29/10/2023
. 2023-09-18 08:00:58.036 Login time: lunedì 18 settembre 2023 08:00:58
. 2023-09-18 08:00:58.036 --------------------------------------------------------------------------
. 2023-09-18 08:00:58.036 Script: Retrospectively logging previous script records:
> 2023-09-18 08:00:58.036 Script: open sftp://uniongas:***@sftp.sandsiv.com -hostkey=*
. 2023-09-18 08:00:58.036 --------------------------------------------------------------------------
. 2023-09-18 08:00:58.036 Session name: uniongas@sftp.sandsiv.com (Ad-Hoc site)
. 2023-09-18 08:00:58.036 Host name: sftp.sandsiv.com (Port: 22)
. 2023-09-18 08:00:58.036 User name: uniongas (Password: Yes, Key file: No, Passphrase: No)
. 2023-09-18 08:00:58.036 Tunnel: No
. 2023-09-18 08:00:58.036 Transfer Protocol: SFTP
. 2023-09-18 08:00:58.036 Ping type: Off, Ping interval: 30 sec; Timeout: 15 sec
. 2023-09-18 08:00:58.036 Disable Nagle: No
. 2023-09-18 08:00:58.036 Proxy: None
. 2023-09-18 08:00:58.036 Send buffer: 262144
. 2023-09-18 08:00:58.036 Compression: No
. 2023-09-18 08:00:58.036 Bypass authentication: No
. 2023-09-18 08:00:58.036 Try agent: Yes; Agent forwarding: No; KI: Yes; GSSAPI: Yes
. 2023-09-18 08:00:58.036 GSSAPI: KEX: No; Forwarding: No; Libs: gssapi32,sspi,custom; Custom: 
. 2023-09-18 08:00:58.036 Ciphers: aes,chacha20,aesgcm,3des,WARN,des,blowfish,arcfour; Ssh2DES: No
. 2023-09-18 08:00:58.036 KEX: ntru-curve25519,ecdh,dh-gex-sha1,dh-group18-sha512,dh-group17-sha512,dh-group16-sha512,dh-group15-sha512,dh-group14-sha1,rsa,WARN,dh-group1-sha1
. 2023-09-18 08:00:58.036 SSH Bugs: Auto,Auto,Auto,Auto,Auto,Auto,Auto,Auto,Auto,Auto
. 2023-09-18 08:00:58.036 Simple channel: Yes
. 2023-09-18 08:00:58.036 Return code variable: Autodetect; Lookup user groups: Auto
. 2023-09-18 08:00:58.036 Shell: default
. 2023-09-18 08:00:58.036 EOL: LF, UTF: Auto
. 2023-09-18 08:00:58.036 Clear aliases: Yes, Unset nat.vars: Yes, Resolve symlinks: Yes; Follow directory symlinks: No
. 2023-09-18 08:00:58.036 LS: ls -la, Ign LS warn: Yes, Scp1 Comp: No; Exit code 1 is error: No
. 2023-09-18 08:00:58.036 SFTP Bugs: Auto,Auto
. 2023-09-18 08:00:58.036 SFTP Server: default
. 2023-09-18 08:00:58.036 Local directory: default, Remote directory: home, Update: Yes, Cache: Yes
. 2023-09-18 08:00:58.036 Cache directory changes: Yes, Permanent: Yes
. 2023-09-18 08:00:58.036 Recycle bin: Delete to: No, Overwritten to: No, Bin path: 
. 2023-09-18 08:00:58.036 DST mode: Unix
. 2023-09-18 08:00:58.036 --------------------------------------------------------------------------
< 2023-09-18 08:00:58.036 Script: Ricerca host ...
. 2023-09-18 08:00:58.036 Looking up host "sftp.sandsiv.com" for SSH connection
. 2023-09-18 08:00:58.051 Connecting to 77.109.144.51 port 22
. 2023-09-18 08:00:58.083 Connected to 77.109.144.51
< 2023-09-18 08:00:58.083 Script: Connessione host ...
. 2023-09-18 08:00:58.083 We claim version: SSH-2.0-WinSCP_release_6.1.1
. 2023-09-18 08:00:58.083 Connected to 77.109.144.51
. 2023-09-18 08:00:58.130 Remote version: SSH-2.0-OpenSSH_5.3
. 2023-09-18 08:00:58.130 We believe remote version has SSH-2 channel request bug
. 2023-09-18 08:00:58.130 Using SSH protocol version 2
. 2023-09-18 08:00:58.161 Doing Diffie-Hellman group exchange
. 2023-09-18 08:00:58.239 Doing Diffie-Hellman key exchange using 4096-bit modulus and hash SHA-256 with a server-supplied group
. 2023-09-18 08:01:00.430 Server also has ssh-dss host key, but we don't know it
. 2023-09-18 08:01:00.430 Host key fingerprint is:
. 2023-09-18 08:01:00.430 ssh-rsa 2048 SHA256:eelF88eFuOlODwKGUpnnqatJdFSTRhBSqEJAos67GqQ
< 2023-09-18 08:01:00.430 Script: Autenticazione ...
< 2023-09-18 08:01:00.430 Script: ATTENZIONE! Stai rinunciando alla sicurezza e accettando ogni chiave come configurato!
* 2023-09-18 08:01:00.430 ATTENZIONE! Stai rinunciando alla sicurezza e accettando ogni chiave come configurato!
. 2023-09-18 08:01:00.430 Initialised AES-256 SDCTR (unaccelerated) [aes256-ctr] outbound encryption
. 2023-09-18 08:01:00.430 Initialised HMAC-SHA-256 outbound MAC algorithm
. 2023-09-18 08:01:00.430 Initialised AES-256 SDCTR (unaccelerated) [aes256-ctr] inbound encryption
. 2023-09-18 08:01:00.430 Initialised HMAC-SHA-256 inbound MAC algorithm
! 2023-09-18 08:01:00.461 Using username "uniongas".
< 2023-09-18 08:01:00.461 Script: Usa nome utente "uniongas".
. 2023-09-18 08:01:00.493 Server offered these authentication methods: publickey,gssapi-keyex,gssapi-with-mic,password
. 2023-09-18 08:01:00.493 Using SSPI from SECUR32.DLL
. 2023-09-18 08:01:00.493 Trying gssapi-with-mic...
. 2023-09-18 08:01:00.493 Attempting GSSAPI authentication
. 2023-09-18 08:01:00.525 GSSAPI authentication request refused
. 2023-09-18 08:01:00.525 Server offered these authentication methods: publickey,gssapi-keyex,gssapi-with-mic,password
. 2023-09-18 08:01:00.525 Prompt (password, "SSH password", <no instructions>, "&Password: ")
. 2023-09-18 08:01:00.525 Using stored password.
< 2023-09-18 08:01:00.525 Script: Autenticazione con password preimpostata
. 2023-09-18 08:01:00.525 Sent password
. 2023-09-18 08:01:00.603 Access granted
. 2023-09-18 08:01:00.603 Opening main session channel
. 2023-09-18 08:01:00.776 Opened main channel
. 2023-09-18 08:01:00.808 Started a shell/command
< 2023-09-18 08:01:00.808 Script: Autenticato.
. 2023-09-18 08:01:00.808 --------------------------------------------------------------------------
. 2023-09-18 08:01:00.808 Using SFTP protocol.
. 2023-09-18 08:01:00.808 Doing startup conversation with host.
< 2023-09-18 08:01:00.808 Script: Avvio sessione ...
> 2023-09-18 08:01:00.808 Type: SSH_FXP_INIT, Size: 5, Number: -1
< 2023-09-18 08:01:00.839 Type: SSH_FXP_VERSION, Size: 95, Number: -1
. 2023-09-18 08:01:00.839 SFTP version 3 negotiated.
. 2023-09-18 08:01:00.839 Unknown server extension posix-rename@openssh.com="1"
. 2023-09-18 08:01:00.839 Supports statvfs@openssh.com extension version 2
. 2023-09-18 08:01:00.839 Unknown server extension fstatvfs@openssh.com="2"
. 2023-09-18 08:01:00.839 We believe the server has signed timestamps bug
. 2023-09-18 08:01:00.839 We will use UTF-8 strings until server sends an invalid UTF-8 string as with SFTP version 3 and older UTF-8 strings are not mandatory
. 2023-09-18 08:01:00.839 Limiting packet size to OpenSSH sftp-server limit of 262148 bytes
. 2023-09-18 08:01:00.839 Getting current directory name.
. 2023-09-18 08:01:00.839 Getting real path for '.'
> 2023-09-18 08:01:00.839 Type: SSH_FXP_REALPATH, Size: 10, Number: 16
< 2023-09-18 08:01:00.870 Type: SSH_FXP_NAME, Size: 39, Number: 16
. 2023-09-18 08:01:00.870 Real path is '/uniongas'
. 2023-09-18 08:01:00.870 Startup conversation with host finished.
< 2023-09-18 08:01:00.870 Script: Sessione avviata.
< 2023-09-18 08:01:00.870 Script: Sessione attiva: [1] uniongas@sftp.sandsiv.com
> 2023-09-18 08:01:00.870 Script: lcd C:\VOC\download
< 2023-09-18 08:01:00.870 Script: C:\VOC\download
> 2023-09-18 08:01:00.870 Script: cd /uniongas/InputFiles
. 2023-09-18 08:01:00.870 Cached directory change via "/uniongas/InputFiles" to "/uniongas/InputFiles".
. 2023-09-18 08:01:00.870 Getting current directory name.
< 2023-09-18 08:01:00.870 Script: /uniongas/InputFiles
> 2023-09-18 08:01:00.870 Script: put *
. 2023-09-18 08:01:00.870 Copying 3 files/directories to remote directory "/uniongas/InputFiles" - total size: 112.489
. 2023-09-18 08:01:00.886   PrTime: Yes; PrRO: No; Rght: rw-r--r--; PrR: No (No); FnCs: N; RIC: 0100; Resume: S (102400); CalcS: No; Mask: 
. 2023-09-18 08:01:00.886   TM: B; ClAr: No; RemEOF: No; RemBOM: No; CPS: 0; NewerOnly: No; EncryptNewFiles: Yes; ExcludeHiddenFiles: No; ExcludeEmptyDirectories: No; InclM: ; ResumeL: 0
. 2023-09-18 08:01:00.886   AscM: *.*html; *.htm; *.txt; *.php; *.php3; *.cgi; *.c; *.cpp; *.h; *.pas; *.bas; *.tex; *.pl; *.js; .htaccess; *.xtml; *.css; *.cfg; *.ini; *.sh; *.xml
. 2023-09-18 08:01:00.886 File: 'subentro_230918.csv' [2023-09-18T08:00:02.000Z] [28573]
. 2023-09-18 08:01:00.886 Copying "subentro_230918.csv" to remote directory started.
. 2023-09-18 08:01:00.886 Binary transfer mode selected.
. 2023-09-18 08:01:00.886 Opening remote file.
> 2023-09-18 08:01:00.886 Type: SSH_FXP_OPEN, Size: 65, Number: 259
< 2023-09-18 08:01:00.933 Type: SSH_FXP_HANDLE, Size: 13, Number: 259
> 2023-09-18 08:01:00.933 Type: SSH_FXP_WRITE, Size: 28598, Number: 774
> 2023-09-18 08:01:00.933 Type: SSH_FXP_CLOSE, Size: 13, Number: 1028
> 2023-09-18 08:01:00.933 Type: SSH_FXP_SETSTAT, Size: 61, Number: 521
< 2023-09-18 08:01:00.995 Type: SSH_FXP_STATUS, Size: 24, Number: 774
< 2023-09-18 08:01:00.995 Status code: 0
< 2023-09-18 08:01:01.042 Type: SSH_FXP_STATUS, Size: 24, Number: 1028
< 2023-09-18 08:01:01.042 Status code: 0
. 2023-09-18 08:01:01.042 Preserving timestamp [2023-09-18T08:00:02.000Z]
< 2023-09-18 08:01:01.058 Type: SSH_FXP_STATUS, Size: 24, Number: 521
< 2023-09-18 08:01:01.058 Status code: 0
. 2023-09-18 08:01:01.058 Transfer done: 'subentro_230918.csv' => '/uniongas/InputFiles/subentro_230918.csv' [28573]
. 2023-09-18 08:01:01.058 File: 'switchin_230918.csv' [2023-09-18T08:00:17.000Z] [82527]
. 2023-09-18 08:01:01.058 Copying "switchin_230918.csv" to remote directory started.
. 2023-09-18 08:01:01.058 Binary transfer mode selected.
. 2023-09-18 08:01:01.058 Opening remote file.
> 2023-09-18 08:01:01.058 Type: SSH_FXP_OPEN, Size: 65, Number: 1283
< 2023-09-18 08:01:01.089 Type: SSH_FXP_HANDLE, Size: 13, Number: 1283
> 2023-09-18 08:01:01.089 Type: SSH_FXP_WRITE, Size: 32761, Number: 1798
. 2023-09-18 08:01:01.089 Skipped 2 SSH_FXP_WRITE packets
> 2023-09-18 08:01:01.089 Type: SSH_FXP_CLOSE, Size: 13, Number: 2564
> 2023-09-18 08:01:01.089 Type: SSH_FXP_SETSTAT, Size: 61, Number: 1545
< 2023-09-18 08:01:01.136 Type: SSH_FXP_STATUS, Size: 24, Number: 1798
< 2023-09-18 08:01:01.136 Status code: 0
. 2023-09-18 08:01:01.198 Skipped 2 SSH_FXP_STATUS packets
< 2023-09-18 08:01:01.198 Type: SSH_FXP_STATUS, Size: 24, Number: 2564
< 2023-09-18 08:01:01.198 Status code: 0
. 2023-09-18 08:01:01.198 Preserving timestamp [2023-09-18T08:00:17.000Z]
< 2023-09-18 08:01:01.214 Type: SSH_FXP_STATUS, Size: 24, Number: 1545
< 2023-09-18 08:01:01.214 Status code: 0
. 2023-09-18 08:01:01.214 Transfer done: 'switchin_230918.csv' => '/uniongas/InputFiles/switchin_230918.csv' [82527]
. 2023-09-18 08:01:01.214 File: 'voltura_230918.csv' [2023-09-18T08:00:31.000Z] [1389]
. 2023-09-18 08:01:01.214 Copying "voltura_230918.csv" to remote directory started.
. 2023-09-18 08:01:01.214 Binary transfer mode selected.
. 2023-09-18 08:01:01.214 Opening remote file.
> 2023-09-18 08:01:01.214 Type: SSH_FXP_OPEN, Size: 64, Number: 2819
< 2023-09-18 08:01:01.261 Type: SSH_FXP_HANDLE, Size: 13, Number: 2819
> 2023-09-18 08:01:01.261 Type: SSH_FXP_WRITE, Size: 1414, Number: 3334
> 2023-09-18 08:01:01.261 Type: SSH_FXP_CLOSE, Size: 13, Number: 3588
> 2023-09-18 08:01:01.261 Type: SSH_FXP_SETSTAT, Size: 60, Number: 3081
< 2023-09-18 08:01:01.292 Type: SSH_FXP_STATUS, Size: 24, Number: 3334
< 2023-09-18 08:01:01.292 Status code: 0
< 2023-09-18 08:01:01.309 Type: SSH_FXP_STATUS, Size: 24, Number: 3588
< 2023-09-18 08:01:01.309 Status code: 0
. 2023-09-18 08:01:01.309 Preserving timestamp [2023-09-18T08:00:31.000Z]
< 2023-09-18 08:01:01.340 Type: SSH_FXP_STATUS, Size: 24, Number: 3081
< 2023-09-18 08:01:01.340 Status code: 0
. 2023-09-18 08:01:01.340 Transfer done: 'voltura_230918.csv' => '/uniongas/InputFiles/voltura_230918.csv' [1389]
. 2023-09-18 08:01:01.340 Copying finished: Transferred: 112.489, Elapsed: 0:00:00, CPS: 239.338/s
> 2023-09-18 08:01:01.340 Script: close
. 2023-09-18 08:01:01.340 Closing connection.
. 2023-09-18 08:01:01.340 Sending special code: 1
. 2023-09-18 08:01:01.371 Session sent command exit status 0
. 2023-09-18 08:01:01.371 Main session channel closed
. 2023-09-18 08:01:01.371 All channels closed
. 2023-09-18 08:01:01.481 --------------------------------------------------------------------------
. 2023-09-18 08:01:01.481 WinSCP Versione 6.1.1 (Build 13736 2023-06-21) (OS 10.0.17763 – Windows Server 2019 Standard)
. 2023-09-18 08:01:01.481 Configuration: HKCU\Software\Martin Prikryl\WinSCP 2\
. 2023-09-18 08:01:01.481 Log level: Normal
. 2023-09-18 08:01:01.481 Local account: DB-BI\Administrator
. 2023-09-18 08:01:01.481 Working directory: C:\Windows\system32
. 2023-09-18 08:01:01.481 Process ID: 10252
. 2023-09-18 08:01:01.481 Ancestor processes: cmd, ...
. 2023-09-18 08:01:01.481 Command-line: "C:\Program Files (x86)\WinSCP\WinSCP.exe"  /log="C:\VOC\log.log" /command "open sftp://uniongas:***@sftp.sandsiv.com -hostkey=*" 	"cd /uniongas/InputFiles"     "ls" 	"close"     "exit"
. 2023-09-18 08:01:01.481 Time zone: Current: GMT+2, Standard: GMT+1 (ora solare Europa occidentale), DST: GMT+2 (ora legale Europa occidentale), DST Start: 26/03/2023, DST End: 29/10/2023
. 2023-09-18 08:01:01.481 Login time: lunedì 18 settembre 2023 08:01:01
. 2023-09-18 08:01:01.481 --------------------------------------------------------------------------
. 2023-09-18 08:01:01.481 Script: Retrospectively logging previous script records:
> 2023-09-18 08:01:01.481 Script: open sftp://uniongas:***@sftp.sandsiv.com -hostkey=*
. 2023-09-18 08:01:01.481 --------------------------------------------------------------------------
. 2023-09-18 08:01:01.481 Session name: uniongas@sftp.sandsiv.com (Ad-Hoc site)
. 2023-09-18 08:01:01.481 Host name: sftp.sandsiv.com (Port: 22)
. 2023-09-18 08:01:01.481 User name: uniongas (Password: Yes, Key file: No, Passphrase: No)
. 2023-09-18 08:01:01.481 Tunnel: No
. 2023-09-18 08:01:01.481 Transfer Protocol: SFTP
. 2023-09-18 08:01:01.481 Ping type: Off, Ping interval: 30 sec; Timeout: 15 sec
. 2023-09-18 08:01:01.481 Disable Nagle: No
. 2023-09-18 08:01:01.481 Proxy: None
. 2023-09-18 08:01:01.481 Send buffer: 262144
. 2023-09-18 08:01:01.481 Compression: No
. 2023-09-18 08:01:01.481 Bypass authentication: No
. 2023-09-18 08:01:01.481 Try agent: Yes; Agent forwarding: No; KI: Yes; GSSAPI: Yes
. 2023-09-18 08:01:01.481 GSSAPI: KEX: No; Forwarding: No; Libs: gssapi32,sspi,custom; Custom: 
. 2023-09-18 08:01:01.481 Ciphers: aes,chacha20,aesgcm,3des,WARN,des,blowfish,arcfour; Ssh2DES: No
. 2023-09-18 08:01:01.481 KEX: ntru-curve25519,ecdh,dh-gex-sha1,dh-group18-sha512,dh-group17-sha512,dh-group16-sha512,dh-group15-sha512,dh-group14-sha1,rsa,WARN,dh-group1-sha1
. 2023-09-18 08:01:01.481 SSH Bugs: Auto,Auto,Auto,Auto,Auto,Auto,Auto,Auto,Auto,Auto
. 2023-09-18 08:01:01.481 Simple channel: Yes
. 2023-09-18 08:01:01.481 Return code variable: Autodetect; Lookup user groups: Auto
. 2023-09-18 08:01:01.481 Shell: default
. 2023-09-18 08:01:01.481 EOL: LF, UTF: Auto
. 2023-09-18 08:01:01.481 Clear aliases: Yes, Unset nat.vars: Yes, Resolve symlinks: Yes; Follow directory symlinks: No
. 2023-09-18 08:01:01.481 LS: ls -la, Ign LS warn: Yes, Scp1 Comp: No; Exit code 1 is error: No
. 2023-09-18 08:01:01.481 SFTP Bugs: Auto,Auto
. 2023-09-18 08:01:01.481 SFTP Server: default
. 2023-09-18 08:01:01.481 Local directory: default, Remote directory: home, Update: Yes, Cache: Yes
. 2023-09-18 08:01:01.481 Cache directory changes: Yes, Permanent: Yes
. 2023-09-18 08:01:01.481 Recycle bin: Delete to: No, Overwritten to: No, Bin path: 
. 2023-09-18 08:01:01.481 DST mode: Unix
. 2023-09-18 08:01:01.481 --------------------------------------------------------------------------
< 2023-09-18 08:01:01.481 Script: Ricerca host ...
. 2023-09-18 08:01:01.481 Looking up host "sftp.sandsiv.com" for SSH connection
. 2023-09-18 08:01:01.481 Connecting to 77.109.144.51 port 22
. 2023-09-18 08:01:01.527 Connected to 77.109.144.51
< 2023-09-18 08:01:01.527 Script: Connessione host ...
. 2023-09-18 08:01:01.527 We claim version: SSH-2.0-WinSCP_release_6.1.1
. 2023-09-18 08:01:01.527 Connected to 77.109.144.51
. 2023-09-18 08:01:01.559 Remote version: SSH-2.0-OpenSSH_5.3
. 2023-09-18 08:01:01.559 We believe remote version has SSH-2 channel request bug
. 2023-09-18 08:01:01.559 Using SSH protocol version 2
. 2023-09-18 08:01:01.590 Doing Diffie-Hellman group exchange
. 2023-09-18 08:01:01.621 Doing Diffie-Hellman key exchange using 4096-bit modulus and hash SHA-256 with a server-supplied group
. 2023-09-18 08:01:03.858 Server also has ssh-dss host key, but we don't know it
. 2023-09-18 08:01:03.858 Host key fingerprint is:
. 2023-09-18 08:01:03.858 ssh-rsa 2048 SHA256:eelF88eFuOlODwKGUpnnqatJdFSTRhBSqEJAos67GqQ
< 2023-09-18 08:01:03.858 Script: Autenticazione ...
< 2023-09-18 08:01:03.858 Script: ATTENZIONE! Stai rinunciando alla sicurezza e accettando ogni chiave come configurato!
* 2023-09-18 08:01:03.858 ATTENZIONE! Stai rinunciando alla sicurezza e accettando ogni chiave come configurato!
. 2023-09-18 08:01:03.858 Initialised AES-256 SDCTR (unaccelerated) [aes256-ctr] outbound encryption
. 2023-09-18 08:01:03.858 Initialised HMAC-SHA-256 outbound MAC algorithm
. 2023-09-18 08:01:03.858 Initialised AES-256 SDCTR (unaccelerated) [aes256-ctr] inbound encryption
. 2023-09-18 08:01:03.858 Initialised HMAC-SHA-256 inbound MAC algorithm
! 2023-09-18 08:01:03.889 Using username "uniongas".
< 2023-09-18 08:01:03.889 Script: Usa nome utente "uniongas".
. 2023-09-18 08:01:03.920 Server offered these authentication methods: publickey,gssapi-keyex,gssapi-with-mic,password
. 2023-09-18 08:01:03.920 Using SSPI from SECUR32.DLL
. 2023-09-18 08:01:03.920 Trying gssapi-with-mic...
. 2023-09-18 08:01:03.920 Attempting GSSAPI authentication
. 2023-09-18 08:01:03.952 GSSAPI authentication request refused
. 2023-09-18 08:01:03.952 Server offered these authentication methods: publickey,gssapi-keyex,gssapi-with-mic,password
. 2023-09-18 08:01:03.952 Prompt (password, "SSH password", <no instructions>, "&Password: ")
. 2023-09-18 08:01:03.952 Using stored password.
< 2023-09-18 08:01:03.952 Script: Autenticazione con password preimpostata
. 2023-09-18 08:01:03.952 Sent password
. 2023-09-18 08:01:04.030 Access granted
. 2023-09-18 08:01:04.030 Opening main session channel
. 2023-09-18 08:01:04.202 Opened main channel
. 2023-09-18 08:01:04.248 Started a shell/command
< 2023-09-18 08:01:04.248 Script: Autenticato.
. 2023-09-18 08:01:04.248 --------------------------------------------------------------------------
. 2023-09-18 08:01:04.248 Using SFTP protocol.
. 2023-09-18 08:01:04.248 Doing startup conversation with host.
< 2023-09-18 08:01:04.248 Script: Avvio sessione ...
> 2023-09-18 08:01:04.248 Type: SSH_FXP_INIT, Size: 5, Number: -1
< 2023-09-18 08:01:04.280 Type: SSH_FXP_VERSION, Size: 95, Number: -1
. 2023-09-18 08:01:04.280 SFTP version 3 negotiated.
. 2023-09-18 08:01:04.280 Unknown server extension posix-rename@openssh.com="1"
. 2023-09-18 08:01:04.280 Supports statvfs@openssh.com extension version 2
. 2023-09-18 08:01:04.280 Unknown server extension fstatvfs@openssh.com="2"
. 2023-09-18 08:01:04.280 We believe the server has signed timestamps bug
. 2023-09-18 08:01:04.280 We will use UTF-8 strings until server sends an invalid UTF-8 string as with SFTP version 3 and older UTF-8 strings are not mandatory
. 2023-09-18 08:01:04.280 Limiting packet size to OpenSSH sftp-server limit of 262148 bytes
. 2023-09-18 08:01:04.280 Getting current directory name.
. 2023-09-18 08:01:04.280 Getting real path for '.'
> 2023-09-18 08:01:04.280 Type: SSH_FXP_REALPATH, Size: 10, Number: 16
< 2023-09-18 08:01:04.312 Type: SSH_FXP_NAME, Size: 39, Number: 16
. 2023-09-18 08:01:04.312 Real path is '/uniongas'
. 2023-09-18 08:01:04.312 Startup conversation with host finished.
< 2023-09-18 08:01:04.312 Script: Sessione avviata.
< 2023-09-18 08:01:04.312 Script: Sessione attiva: [1] uniongas@sftp.sandsiv.com
> 2023-09-18 08:01:04.312 Script: cd /uniongas/InputFiles
. 2023-09-18 08:01:04.312 Cached directory change via "/uniongas/InputFiles" to "/uniongas/InputFiles".
. 2023-09-18 08:01:04.312 Getting current directory name.
< 2023-09-18 08:01:04.312 Script: /uniongas/InputFiles
> 2023-09-18 08:01:04.312 Script: ls
. 2023-09-18 08:01:04.312 Listing directory "/uniongas/InputFiles".
> 2023-09-18 08:01:04.312 Type: SSH_FXP_OPENDIR, Size: 29, Number: 267
< 2023-09-18 08:01:04.344 Type: SSH_FXP_HANDLE, Size: 13, Number: 267
> 2023-09-18 08:01:04.344 Type: SSH_FXP_READDIR, Size: 13, Number: 524
< 2023-09-18 08:01:04.390 Type: SSH_FXP_NAME, Size: 607, Number: 524
> 2023-09-18 08:01:04.390 Type: SSH_FXP_READDIR, Size: 13, Number: 780
< 2023-09-18 08:01:04.422 Type: SSH_FXP_STATUS, Size: 28, Number: 780
< 2023-09-18 08:01:04.422 Status code: 1
> 2023-09-18 08:01:04.422 Type: SSH_FXP_CLOSE, Size: 13, Number: 1028
. 2023-09-18 08:01:04.422 .;d;0;2023-09-18T06:01:01.000Z;4;"760" [760];"768" [768];rwxrwx---;0
. 2023-09-18 08:01:04.422 ..;d;0;2023-06-21T14:45:19.000Z;4;"760" [760];"768" [768];rwxrwx---;0
. 2023-09-18 08:01:04.422 switchin_230918.csv;-;82527;2023-09-18T08:00:17.000Z;4;"760" [760];"753" [753];rw-r--r--;0
. 2023-09-18 08:01:04.422 subentro_230918.csv;-;28573;2023-09-18T08:00:02.000Z;4;"760" [760];"753" [753];rw-r--r--;0
. 2023-09-18 08:01:04.422 voltura_230918.csv;-;1389;2023-09-18T08:00:31.000Z;4;"760" [760];"753" [753];rw-r--r--;0
< 2023-09-18 08:01:04.422 Script: drwxrwx---   2 760      768           4096 Sep 18  8:01:01 2023 .
< 2023-09-18 08:01:04.422 Script: drwxrwx---   5 760      768           4096 Jun 21 16:45:19 2023 ..
< 2023-09-18 08:01:04.422 Script: -rw-r--r--   1 760      753          82527 Sep 18 10:00:17 2023 switchin_230918.csv
< 2023-09-18 08:01:04.422 Script: -rw-r--r--   1 760      753          28573 Sep 18 10:00:02 2023 subentro_230918.csv
< 2023-09-18 08:01:04.422 Script: -rw-r--r--   1 760      753           1389 Sep 18 10:00:31 2023 voltura_230918.csv
> 2023-09-18 08:01:04.422 Script: close
. 2023-09-18 08:01:04.422 Closing connection.
. 2023-09-18 08:01:04.422 Sending special code: 1
. 2023-09-18 08:01:04.484 Session sent command exit status 0
. 2023-09-18 08:01:04.484 Main session channel closed
. 2023-09-18 08:01:04.484 All channels closed
