. 2024-03-18 08:03:47.559 --------------------------------------------------------------------------
. 2024-03-18 08:03:47.559 WinSCP Versione 6.1.1 (Build 13736 2023-06-21) (OS 10.0.17763 – Windows Server 2019 Standard)
. 2024-03-18 08:03:47.559 Configuration: HKCU\Software\Martin Prikryl\WinSCP 2\
. 2024-03-18 08:03:47.559 Log level: Normal
. 2024-03-18 08:03:47.559 Local account: DB-BI\Administrator
. 2024-03-18 08:03:47.559 Working directory: C:\Windows\system32
. 2024-03-18 08:03:47.559 Process ID: 2536
. 2024-03-18 08:03:47.559 Ancestor processes: cmd, ...
. 2024-03-18 08:03:47.559 Command-line: "C:\Program Files (x86)\WinSCP\WinSCP.exe"  /log="C:\VOC\log.log" /command "open sftp://uniongas:***@sftp.sandsiv.com -hostkey=*"     "lcd C:\VOC\download"     "cd /uniongas/InputFiles"     "put *"     "close"     "exit"
. 2024-03-18 08:03:47.559 Time zone: Current: GMT+1, Standard: GMT+1 (ora solare Europa occidentale), DST: GMT+2 (ora legale Europa occidentale), DST Start: 31/03/2024, DST End: 27/10/2024
. 2024-03-18 08:03:47.559 Login time: lunedì 18 marzo 2024 08:03:47
. 2024-03-18 08:03:47.559 --------------------------------------------------------------------------
. 2024-03-18 08:03:47.559 Script: Retrospectively logging previous script records:
> 2024-03-18 08:03:47.559 Script: open sftp://uniongas:***@sftp.sandsiv.com -hostkey=*
. 2024-03-18 08:03:47.559 --------------------------------------------------------------------------
. 2024-03-18 08:03:47.559 Session name: uniongas@sftp.sandsiv.com (Ad-Hoc site)
. 2024-03-18 08:03:47.559 Host name: sftp.sandsiv.com (Port: 22)
. 2024-03-18 08:03:47.559 User name: uniongas (Password: Yes, Key file: No, Passphrase: No)
. 2024-03-18 08:03:47.559 Tunnel: No
. 2024-03-18 08:03:47.559 Transfer Protocol: SFTP
. 2024-03-18 08:03:47.559 Ping type: Off, Ping interval: 30 sec; Timeout: 15 sec
. 2024-03-18 08:03:47.559 Disable Nagle: No
. 2024-03-18 08:03:47.559 Proxy: None
. 2024-03-18 08:03:47.559 Send buffer: 262144
. 2024-03-18 08:03:47.559 Compression: No
. 2024-03-18 08:03:47.559 Bypass authentication: No
. 2024-03-18 08:03:47.559 Try agent: Yes; Agent forwarding: No; KI: Yes; GSSAPI: Yes
. 2024-03-18 08:03:47.559 GSSAPI: KEX: No; Forwarding: No; Libs: gssapi32,sspi,custom; Custom: 
. 2024-03-18 08:03:47.559 Ciphers: aes,chacha20,aesgcm,3des,WARN,des,blowfish,arcfour; Ssh2DES: No
. 2024-03-18 08:03:47.559 KEX: ntru-curve25519,ecdh,dh-gex-sha1,dh-group18-sha512,dh-group17-sha512,dh-group16-sha512,dh-group15-sha512,dh-group14-sha1,rsa,WARN,dh-group1-sha1
. 2024-03-18 08:03:47.559 SSH Bugs: Auto,Auto,Auto,Auto,Auto,Auto,Auto,Auto,Auto,Auto
. 2024-03-18 08:03:47.559 Simple channel: Yes
. 2024-03-18 08:03:47.559 Return code variable: Autodetect; Lookup user groups: Auto
. 2024-03-18 08:03:47.559 Shell: default
. 2024-03-18 08:03:47.559 EOL: LF, UTF: Auto
. 2024-03-18 08:03:47.559 Clear aliases: Yes, Unset nat.vars: Yes, Resolve symlinks: Yes; Follow directory symlinks: No
. 2024-03-18 08:03:47.559 LS: ls -la, Ign LS warn: Yes, Scp1 Comp: No; Exit code 1 is error: No
. 2024-03-18 08:03:47.559 SFTP Bugs: Auto,Auto
. 2024-03-18 08:03:47.559 SFTP Server: default
. 2024-03-18 08:03:47.559 Local directory: default, Remote directory: home, Update: Yes, Cache: Yes
. 2024-03-18 08:03:47.559 Cache directory changes: Yes, Permanent: Yes
. 2024-03-18 08:03:47.559 Recycle bin: Delete to: No, Overwritten to: No, Bin path: 
. 2024-03-18 08:03:47.559 DST mode: Unix
. 2024-03-18 08:03:47.559 --------------------------------------------------------------------------
< 2024-03-18 08:03:47.559 Script: Ricerca host ...
. 2024-03-18 08:03:47.559 Looking up host "sftp.sandsiv.com" for SSH connection
. 2024-03-18 08:03:47.574 Connecting to 77.109.144.51 port 22
. 2024-03-18 08:03:47.605 Connected to 77.109.144.51
< 2024-03-18 08:03:47.605 Script: Connessione host ...
. 2024-03-18 08:03:47.605 We claim version: SSH-2.0-WinSCP_release_6.1.1
. 2024-03-18 08:03:47.605 Connected to 77.109.144.51
. 2024-03-18 08:03:47.637 Remote version: SSH-2.0-OpenSSH_5.3
. 2024-03-18 08:03:47.637 We believe remote version has SSH-2 channel request bug
. 2024-03-18 08:03:47.637 Using SSH protocol version 2
. 2024-03-18 08:03:47.668 Doing Diffie-Hellman group exchange
. 2024-03-18 08:03:47.699 Doing Diffie-Hellman key exchange using 4096-bit modulus and hash SHA-256 with a server-supplied group
. 2024-03-18 08:03:49.887 Server also has ssh-dss host key, but we don't know it
. 2024-03-18 08:03:49.887 Host key fingerprint is:
. 2024-03-18 08:03:49.887 ssh-rsa 2048 SHA256:eelF88eFuOlODwKGUpnnqatJdFSTRhBSqEJAos67GqQ
< 2024-03-18 08:03:49.887 Script: Autenticazione ...
< 2024-03-18 08:03:49.887 Script: ATTENZIONE! Stai rinunciando alla sicurezza e accettando ogni chiave come configurato!
* 2024-03-18 08:03:49.887 ATTENZIONE! Stai rinunciando alla sicurezza e accettando ogni chiave come configurato!
. 2024-03-18 08:03:49.887 Initialised AES-256 SDCTR (unaccelerated) [aes256-ctr] outbound encryption
. 2024-03-18 08:03:49.887 Initialised HMAC-SHA-256 outbound MAC algorithm
. 2024-03-18 08:03:49.887 Initialised AES-256 SDCTR (unaccelerated) [aes256-ctr] inbound encryption
. 2024-03-18 08:03:49.887 Initialised HMAC-SHA-256 inbound MAC algorithm
! 2024-03-18 08:03:49.904 Using username "uniongas".
< 2024-03-18 08:03:49.904 Script: Usa nome utente "uniongas".
. 2024-03-18 08:03:49.935 Server offered these authentication methods: publickey,gssapi-keyex,gssapi-with-mic,password
. 2024-03-18 08:03:49.935 Using SSPI from SECUR32.DLL
. 2024-03-18 08:03:49.935 Trying gssapi-with-mic...
. 2024-03-18 08:03:49.935 Attempting GSSAPI authentication
. 2024-03-18 08:03:49.966 GSSAPI authentication request refused
. 2024-03-18 08:03:49.966 Server offered these authentication methods: publickey,gssapi-keyex,gssapi-with-mic,password
. 2024-03-18 08:03:49.966 Prompt (password, "SSH password", <no instructions>, "&Password: ")
. 2024-03-18 08:03:49.966 Using stored password.
< 2024-03-18 08:03:49.966 Script: Autenticazione con password preimpostata
. 2024-03-18 08:03:49.966 Sent password
. 2024-03-18 08:03:50.029 Access granted
. 2024-03-18 08:03:50.029 Opening main session channel
. 2024-03-18 08:03:50.201 Opened main channel
. 2024-03-18 08:03:50.216 Started a shell/command
< 2024-03-18 08:03:50.216 Script: Autenticato.
. 2024-03-18 08:03:50.216 --------------------------------------------------------------------------
. 2024-03-18 08:03:50.216 Using SFTP protocol.
. 2024-03-18 08:03:50.216 Doing startup conversation with host.
< 2024-03-18 08:03:50.216 Script: Avvio sessione ...
> 2024-03-18 08:03:50.216 Type: SSH_FXP_INIT, Size: 5, Number: -1
< 2024-03-18 08:03:50.248 Type: SSH_FXP_VERSION, Size: 95, Number: -1
. 2024-03-18 08:03:50.248 SFTP version 3 negotiated.
. 2024-03-18 08:03:50.248 Unknown server extension posix-rename@openssh.com="1"
. 2024-03-18 08:03:50.248 Supports statvfs@openssh.com extension version 2
. 2024-03-18 08:03:50.248 Unknown server extension fstatvfs@openssh.com="2"
. 2024-03-18 08:03:50.248 We believe the server has signed timestamps bug
. 2024-03-18 08:03:50.248 We will use UTF-8 strings until server sends an invalid UTF-8 string as with SFTP version 3 and older UTF-8 strings are not mandatory
. 2024-03-18 08:03:50.248 Limiting packet size to OpenSSH sftp-server limit of 262148 bytes
. 2024-03-18 08:03:50.248 Getting current directory name.
. 2024-03-18 08:03:50.248 Getting real path for '.'
> 2024-03-18 08:03:50.248 Type: SSH_FXP_REALPATH, Size: 10, Number: 16
< 2024-03-18 08:03:50.263 Type: SSH_FXP_NAME, Size: 39, Number: 16
. 2024-03-18 08:03:50.263 Real path is '/uniongas'
. 2024-03-18 08:03:50.263 Startup conversation with host finished.
< 2024-03-18 08:03:50.263 Script: Sessione avviata.
< 2024-03-18 08:03:50.263 Script: Sessione attiva: [1] uniongas@sftp.sandsiv.com
> 2024-03-18 08:03:50.263 Script: lcd C:\VOC\download
< 2024-03-18 08:03:50.263 Script: C:\VOC\download
> 2024-03-18 08:03:50.263 Script: cd /uniongas/InputFiles
. 2024-03-18 08:03:50.263 Cached directory change via "/uniongas/InputFiles" to "/uniongas/InputFiles".
. 2024-03-18 08:03:50.263 Getting current directory name.
< 2024-03-18 08:03:50.263 Script: /uniongas/InputFiles
> 2024-03-18 08:03:50.263 Script: put *
. 2024-03-18 08:03:50.263 Copying 3 files/directories to remote directory "/uniongas/InputFiles" - total size: 727.124
. 2024-03-18 08:03:50.263   PrTime: Yes; PrRO: No; Rght: rw-r--r--; PrR: No (No); FnCs: N; RIC: 0100; Resume: S (102400); CalcS: No; Mask: 
. 2024-03-18 08:03:50.263   TM: B; ClAr: No; RemEOF: No; RemBOM: No; CPS: 0; NewerOnly: No; EncryptNewFiles: Yes; ExcludeHiddenFiles: No; ExcludeEmptyDirectories: No; InclM: ; ResumeL: 0
. 2024-03-18 08:03:50.263   AscM: *.*html; *.htm; *.txt; *.php; *.php3; *.cgi; *.c; *.cpp; *.h; *.pas; *.bas; *.tex; *.pl; *.js; .htaccess; *.xtml; *.css; *.cfg; *.ini; *.sh; *.xml
. 2024-03-18 08:03:50.279 File: 'subentro_240318.csv' [2024-03-18T08:00:46.000Z] [298328]
. 2024-03-18 08:03:50.279 Copying "subentro_240318.csv" to remote directory started.
. 2024-03-18 08:03:50.279 Binary transfer mode selected.
. 2024-03-18 08:03:50.279 Checking existence of file.
> 2024-03-18 08:03:50.279 Type: SSH_FXP_LSTAT, Size: 49, Number: 263
< 2024-03-18 08:03:50.310 Type: SSH_FXP_STATUS, Size: 29, Number: 263
< 2024-03-18 08:03:50.310 Status code: 2
. 2024-03-18 08:03:50.310 Checking existence of partially transferred file.
> 2024-03-18 08:03:50.310 Type: SSH_FXP_LSTAT, Size: 58, Number: 519
< 2024-03-18 08:03:50.341 Type: SSH_FXP_STATUS, Size: 29, Number: 519
< 2024-03-18 08:03:50.341 Status code: 2
. 2024-03-18 08:03:50.341 Opening remote file.
> 2024-03-18 08:03:50.341 Type: SSH_FXP_OPEN, Size: 74, Number: 771
< 2024-03-18 08:03:50.388 Type: SSH_FXP_HANDLE, Size: 13, Number: 771
> 2024-03-18 08:03:50.388 Type: SSH_FXP_WRITE, Size: 32761, Number: 1286
. 2024-03-18 08:03:50.388 Skipped 9 SSH_FXP_WRITE packets
> 2024-03-18 08:03:50.388 Type: SSH_FXP_CLOSE, Size: 13, Number: 3844
< 2024-03-18 08:03:50.435 Type: SSH_FXP_STATUS, Size: 24, Number: 1286
< 2024-03-18 08:03:50.435 Status code: 0
. 2024-03-18 08:03:50.607 Skipped 9 SSH_FXP_STATUS packets
< 2024-03-18 08:03:50.607 Type: SSH_FXP_STATUS, Size: 24, Number: 3844
< 2024-03-18 08:03:50.607 Status code: 0
> 2024-03-18 08:03:50.607 Type: SSH_FXP_RENAME, Size: 102, Number: 4114
< 2024-03-18 08:03:50.654 Type: SSH_FXP_STATUS, Size: 24, Number: 4114
< 2024-03-18 08:03:50.654 Status code: 0
. 2024-03-18 08:03:50.654 Preserving timestamp [2024-03-18T08:00:46.000Z]
> 2024-03-18 08:03:50.654 Type: SSH_FXP_SETSTAT, Size: 61, Number: 1033
< 2024-03-18 08:03:50.685 Type: SSH_FXP_STATUS, Size: 24, Number: 1033
< 2024-03-18 08:03:50.685 Status code: 0
. 2024-03-18 08:03:50.685 Transfer done: 'subentro_240318.csv' => '/uniongas/InputFiles/subentro_240318.csv' [298328]
. 2024-03-18 08:03:50.685 File: 'switchin_240318.csv' [2024-03-18T08:02:48.000Z] [381382]
. 2024-03-18 08:03:50.685 Copying "switchin_240318.csv" to remote directory started.
. 2024-03-18 08:03:50.685 Binary transfer mode selected.
. 2024-03-18 08:03:50.685 Checking existence of file.
> 2024-03-18 08:03:50.685 Type: SSH_FXP_LSTAT, Size: 49, Number: 4359
< 2024-03-18 08:03:50.716 Type: SSH_FXP_STATUS, Size: 29, Number: 4359
< 2024-03-18 08:03:50.716 Status code: 2
. 2024-03-18 08:03:50.716 Checking existence of partially transferred file.
> 2024-03-18 08:03:50.716 Type: SSH_FXP_LSTAT, Size: 58, Number: 4615
< 2024-03-18 08:03:50.748 Type: SSH_FXP_STATUS, Size: 29, Number: 4615
< 2024-03-18 08:03:50.748 Status code: 2
. 2024-03-18 08:03:50.748 Opening remote file.
> 2024-03-18 08:03:50.748 Type: SSH_FXP_OPEN, Size: 74, Number: 4867
< 2024-03-18 08:03:50.794 Type: SSH_FXP_HANDLE, Size: 13, Number: 4867
> 2024-03-18 08:03:50.794 Type: SSH_FXP_WRITE, Size: 32761, Number: 5382
. 2024-03-18 08:03:50.794 Skipped 11 SSH_FXP_WRITE packets
> 2024-03-18 08:03:50.794 Type: SSH_FXP_CLOSE, Size: 13, Number: 8452
< 2024-03-18 08:03:50.826 Type: SSH_FXP_STATUS, Size: 24, Number: 5382
< 2024-03-18 08:03:50.826 Status code: 0
. 2024-03-18 08:03:51.514 Skipped 11 SSH_FXP_STATUS packets
< 2024-03-18 08:03:51.514 Type: SSH_FXP_STATUS, Size: 24, Number: 8452
< 2024-03-18 08:03:51.514 Status code: 0
> 2024-03-18 08:03:51.514 Type: SSH_FXP_RENAME, Size: 102, Number: 8722
< 2024-03-18 08:03:51.561 Type: SSH_FXP_STATUS, Size: 24, Number: 8722
< 2024-03-18 08:03:51.561 Status code: 0
. 2024-03-18 08:03:51.561 Preserving timestamp [2024-03-18T08:02:48.000Z]
> 2024-03-18 08:03:51.561 Type: SSH_FXP_SETSTAT, Size: 61, Number: 5129
< 2024-03-18 08:03:51.608 Type: SSH_FXP_STATUS, Size: 24, Number: 5129
< 2024-03-18 08:03:51.608 Status code: 0
. 2024-03-18 08:03:51.608 Transfer done: 'switchin_240318.csv' => '/uniongas/InputFiles/switchin_240318.csv' [381382]
. 2024-03-18 08:03:51.608 File: 'voltura_240318.csv' [2024-03-18T08:03:27.000Z] [47414]
. 2024-03-18 08:03:51.608 Copying "voltura_240318.csv" to remote directory started.
. 2024-03-18 08:03:51.608 Binary transfer mode selected.
. 2024-03-18 08:03:51.608 Opening remote file.
> 2024-03-18 08:03:51.608 Type: SSH_FXP_OPEN, Size: 64, Number: 8963
< 2024-03-18 08:03:51.639 Type: SSH_FXP_HANDLE, Size: 13, Number: 8963
> 2024-03-18 08:03:51.639 Type: SSH_FXP_WRITE, Size: 32761, Number: 9478
. 2024-03-18 08:03:51.639 Skipped 1 SSH_FXP_WRITE packets
> 2024-03-18 08:03:51.639 Type: SSH_FXP_CLOSE, Size: 13, Number: 9988
> 2024-03-18 08:03:51.639 Type: SSH_FXP_SETSTAT, Size: 60, Number: 9225
< 2024-03-18 08:03:51.686 Type: SSH_FXP_STATUS, Size: 24, Number: 9478
< 2024-03-18 08:03:51.686 Status code: 0
. 2024-03-18 08:03:51.733 Skipped 1 SSH_FXP_STATUS packets
< 2024-03-18 08:03:51.733 Type: SSH_FXP_STATUS, Size: 24, Number: 9988
< 2024-03-18 08:03:51.733 Status code: 0
. 2024-03-18 08:03:51.733 Preserving timestamp [2024-03-18T08:03:27.000Z]
< 2024-03-18 08:03:51.733 Type: SSH_FXP_STATUS, Size: 24, Number: 9225
< 2024-03-18 08:03:51.733 Status code: 0
. 2024-03-18 08:03:51.733 Transfer done: 'voltura_240318.csv' => '/uniongas/InputFiles/voltura_240318.csv' [47414]
. 2024-03-18 08:03:51.733 Copying finished: Transferred: 727.124, Elapsed: 0:00:01, CPS: 494.642/s
> 2024-03-18 08:03:51.733 Script: close
. 2024-03-18 08:03:51.733 Closing connection.
. 2024-03-18 08:03:51.733 Sending special code: 1
. 2024-03-18 08:03:51.764 Session sent command exit status 0
. 2024-03-18 08:03:51.764 Main session channel closed
. 2024-03-18 08:03:51.764 All channels closed
. 2024-03-18 08:03:51.873 --------------------------------------------------------------------------
. 2024-03-18 08:03:51.873 WinSCP Versione 6.1.1 (Build 13736 2023-06-21) (OS 10.0.17763 – Windows Server 2019 Standard)
. 2024-03-18 08:03:51.873 Configuration: HKCU\Software\Martin Prikryl\WinSCP 2\
. 2024-03-18 08:03:51.873 Log level: Normal
. 2024-03-18 08:03:51.873 Local account: DB-BI\Administrator
. 2024-03-18 08:03:51.873 Working directory: C:\Windows\system32
. 2024-03-18 08:03:51.873 Process ID: 9748
. 2024-03-18 08:03:51.873 Ancestor processes: cmd, ...
. 2024-03-18 08:03:51.873 Command-line: "C:\Program Files (x86)\WinSCP\WinSCP.exe"  /log="C:\VOC\log.log" /command "open sftp://uniongas:***@sftp.sandsiv.com -hostkey=*" 	"cd /uniongas/InputFiles"     "ls" 	"close"     "exit"
. 2024-03-18 08:03:51.873 Time zone: Current: GMT+1, Standard: GMT+1 (ora solare Europa occidentale), DST: GMT+2 (ora legale Europa occidentale), DST Start: 31/03/2024, DST End: 27/10/2024
. 2024-03-18 08:03:51.873 Login time: lunedì 18 marzo 2024 08:03:51
. 2024-03-18 08:03:51.873 --------------------------------------------------------------------------
. 2024-03-18 08:03:51.873 Script: Retrospectively logging previous script records:
> 2024-03-18 08:03:51.873 Script: open sftp://uniongas:***@sftp.sandsiv.com -hostkey=*
. 2024-03-18 08:03:51.873 --------------------------------------------------------------------------
. 2024-03-18 08:03:51.873 Session name: uniongas@sftp.sandsiv.com (Ad-Hoc site)
. 2024-03-18 08:03:51.873 Host name: sftp.sandsiv.com (Port: 22)
. 2024-03-18 08:03:51.889 User name: uniongas (Password: Yes, Key file: No, Passphrase: No)
. 2024-03-18 08:03:51.889 Tunnel: No
. 2024-03-18 08:03:51.889 Transfer Protocol: SFTP
. 2024-03-18 08:03:51.889 Ping type: Off, Ping interval: 30 sec; Timeout: 15 sec
. 2024-03-18 08:03:51.889 Disable Nagle: No
. 2024-03-18 08:03:51.889 Proxy: None
. 2024-03-18 08:03:51.889 Send buffer: 262144
. 2024-03-18 08:03:51.889 Compression: No
. 2024-03-18 08:03:51.889 Bypass authentication: No
. 2024-03-18 08:03:51.889 Try agent: Yes; Agent forwarding: No; KI: Yes; GSSAPI: Yes
. 2024-03-18 08:03:51.889 GSSAPI: KEX: No; Forwarding: No; Libs: gssapi32,sspi,custom; Custom: 
. 2024-03-18 08:03:51.889 Ciphers: aes,chacha20,aesgcm,3des,WARN,des,blowfish,arcfour; Ssh2DES: No
. 2024-03-18 08:03:51.889 KEX: ntru-curve25519,ecdh,dh-gex-sha1,dh-group18-sha512,dh-group17-sha512,dh-group16-sha512,dh-group15-sha512,dh-group14-sha1,rsa,WARN,dh-group1-sha1
. 2024-03-18 08:03:51.889 SSH Bugs: Auto,Auto,Auto,Auto,Auto,Auto,Auto,Auto,Auto,Auto
. 2024-03-18 08:03:51.889 Simple channel: Yes
. 2024-03-18 08:03:51.889 Return code variable: Autodetect; Lookup user groups: Auto
. 2024-03-18 08:03:51.889 Shell: default
. 2024-03-18 08:03:51.889 EOL: LF, UTF: Auto
. 2024-03-18 08:03:51.889 Clear aliases: Yes, Unset nat.vars: Yes, Resolve symlinks: Yes; Follow directory symlinks: No
. 2024-03-18 08:03:51.889 LS: ls -la, Ign LS warn: Yes, Scp1 Comp: No; Exit code 1 is error: No
. 2024-03-18 08:03:51.889 SFTP Bugs: Auto,Auto
. 2024-03-18 08:03:51.889 SFTP Server: default
. 2024-03-18 08:03:51.889 Local directory: default, Remote directory: home, Update: Yes, Cache: Yes
. 2024-03-18 08:03:51.889 Cache directory changes: Yes, Permanent: Yes
. 2024-03-18 08:03:51.889 Recycle bin: Delete to: No, Overwritten to: No, Bin path: 
. 2024-03-18 08:03:51.889 DST mode: Unix
. 2024-03-18 08:03:51.889 --------------------------------------------------------------------------
< 2024-03-18 08:03:51.889 Script: Ricerca host ...
. 2024-03-18 08:03:51.889 Looking up host "sftp.sandsiv.com" for SSH connection
. 2024-03-18 08:03:51.889 Connecting to 77.109.144.51 port 22
. 2024-03-18 08:03:51.906 Connected to 77.109.144.51
< 2024-03-18 08:03:51.906 Script: Connessione host ...
. 2024-03-18 08:03:51.906 We claim version: SSH-2.0-WinSCP_release_6.1.1
. 2024-03-18 08:03:51.906 Connected to 77.109.144.51
. 2024-03-18 08:03:51.937 Remote version: SSH-2.0-OpenSSH_5.3
. 2024-03-18 08:03:51.937 We believe remote version has SSH-2 channel request bug
. 2024-03-18 08:03:51.937 Using SSH protocol version 2
. 2024-03-18 08:03:51.953 Doing Diffie-Hellman group exchange
. 2024-03-18 08:03:51.969 Doing Diffie-Hellman key exchange using 4096-bit modulus and hash SHA-256 with a server-supplied group
. 2024-03-18 08:03:54.189 Server also has ssh-dss host key, but we don't know it
. 2024-03-18 08:03:54.189 Host key fingerprint is:
. 2024-03-18 08:03:54.189 ssh-rsa 2048 SHA256:eelF88eFuOlODwKGUpnnqatJdFSTRhBSqEJAos67GqQ
< 2024-03-18 08:03:54.189 Script: Autenticazione ...
< 2024-03-18 08:03:54.189 Script: ATTENZIONE! Stai rinunciando alla sicurezza e accettando ogni chiave come configurato!
* 2024-03-18 08:03:54.189 ATTENZIONE! Stai rinunciando alla sicurezza e accettando ogni chiave come configurato!
. 2024-03-18 08:03:54.189 Initialised AES-256 SDCTR (unaccelerated) [aes256-ctr] outbound encryption
. 2024-03-18 08:03:54.189 Initialised HMAC-SHA-256 outbound MAC algorithm
. 2024-03-18 08:03:54.189 Initialised AES-256 SDCTR (unaccelerated) [aes256-ctr] inbound encryption
. 2024-03-18 08:03:54.189 Initialised HMAC-SHA-256 inbound MAC algorithm
! 2024-03-18 08:03:54.205 Using username "uniongas".
< 2024-03-18 08:03:54.205 Script: Usa nome utente "uniongas".
. 2024-03-18 08:03:54.221 Server offered these authentication methods: publickey,gssapi-keyex,gssapi-with-mic,password
. 2024-03-18 08:03:54.221 Using SSPI from SECUR32.DLL
. 2024-03-18 08:03:54.221 Trying gssapi-with-mic...
. 2024-03-18 08:03:54.221 Attempting GSSAPI authentication
. 2024-03-18 08:03:54.252 GSSAPI authentication request refused
. 2024-03-18 08:03:54.252 Server offered these authentication methods: publickey,gssapi-keyex,gssapi-with-mic,password
. 2024-03-18 08:03:54.252 Prompt (password, "SSH password", <no instructions>, "&Password: ")
. 2024-03-18 08:03:54.252 Using stored password.
< 2024-03-18 08:03:54.252 Script: Autenticazione con password preimpostata
. 2024-03-18 08:03:54.252 Sent password
. 2024-03-18 08:03:54.299 Access granted
. 2024-03-18 08:03:54.299 Opening main session channel
. 2024-03-18 08:03:54.471 Opened main channel
. 2024-03-18 08:03:54.486 Started a shell/command
< 2024-03-18 08:03:54.486 Script: Autenticato.
. 2024-03-18 08:03:54.486 --------------------------------------------------------------------------
. 2024-03-18 08:03:54.486 Using SFTP protocol.
. 2024-03-18 08:03:54.486 Doing startup conversation with host.
< 2024-03-18 08:03:54.486 Script: Avvio sessione ...
> 2024-03-18 08:03:54.486 Type: SSH_FXP_INIT, Size: 5, Number: -1
< 2024-03-18 08:03:54.502 Type: SSH_FXP_VERSION, Size: 95, Number: -1
. 2024-03-18 08:03:54.502 SFTP version 3 negotiated.
. 2024-03-18 08:03:54.502 Unknown server extension posix-rename@openssh.com="1"
. 2024-03-18 08:03:54.502 Supports statvfs@openssh.com extension version 2
. 2024-03-18 08:03:54.502 Unknown server extension fstatvfs@openssh.com="2"
. 2024-03-18 08:03:54.502 We believe the server has signed timestamps bug
. 2024-03-18 08:03:54.502 We will use UTF-8 strings until server sends an invalid UTF-8 string as with SFTP version 3 and older UTF-8 strings are not mandatory
. 2024-03-18 08:03:54.502 Limiting packet size to OpenSSH sftp-server limit of 262148 bytes
. 2024-03-18 08:03:54.502 Getting current directory name.
. 2024-03-18 08:03:54.502 Getting real path for '.'
> 2024-03-18 08:03:54.502 Type: SSH_FXP_REALPATH, Size: 10, Number: 16
< 2024-03-18 08:03:54.533 Type: SSH_FXP_NAME, Size: 39, Number: 16
. 2024-03-18 08:03:54.533 Real path is '/uniongas'
. 2024-03-18 08:03:54.533 Startup conversation with host finished.
< 2024-03-18 08:03:54.533 Script: Sessione avviata.
< 2024-03-18 08:03:54.533 Script: Sessione attiva: [1] uniongas@sftp.sandsiv.com
> 2024-03-18 08:03:54.533 Script: cd /uniongas/InputFiles
. 2024-03-18 08:03:54.533 Cached directory change via "/uniongas/InputFiles" to "/uniongas/InputFiles".
. 2024-03-18 08:03:54.533 Getting current directory name.
< 2024-03-18 08:03:54.533 Script: /uniongas/InputFiles
> 2024-03-18 08:03:54.533 Script: ls
. 2024-03-18 08:03:54.533 Listing directory "/uniongas/InputFiles".
> 2024-03-18 08:03:54.533 Type: SSH_FXP_OPENDIR, Size: 29, Number: 267
< 2024-03-18 08:03:54.549 Type: SSH_FXP_HANDLE, Size: 13, Number: 267
> 2024-03-18 08:03:54.549 Type: SSH_FXP_READDIR, Size: 13, Number: 524
< 2024-03-18 08:03:54.580 Type: SSH_FXP_NAME, Size: 607, Number: 524
> 2024-03-18 08:03:54.580 Type: SSH_FXP_READDIR, Size: 13, Number: 780
< 2024-03-18 08:03:54.611 Type: SSH_FXP_STATUS, Size: 28, Number: 780
< 2024-03-18 08:03:54.611 Status code: 1
> 2024-03-18 08:03:54.611 Type: SSH_FXP_CLOSE, Size: 13, Number: 1028
. 2024-03-18 08:03:54.611 .;d;0;2024-03-18T07:03:51.000Z;4;"760" [760];"768" [768];rwxrwx---;0
. 2024-03-18 08:03:54.611 ..;d;0;2023-06-21T14:45:19.000Z;4;"760" [760];"768" [768];rwxrwx---;0
. 2024-03-18 08:03:54.611 subentro_240318.csv;-;298328;2024-03-18T08:00:46.000Z;4;"760" [760];"753" [753];rw-r--r--;0
. 2024-03-18 08:03:54.611 switchin_240318.csv;-;381382;2024-03-18T08:02:48.000Z;4;"760" [760];"753" [753];rw-r--r--;0
. 2024-03-18 08:03:54.611 voltura_240318.csv;-;47414;2024-03-18T08:03:27.000Z;4;"760" [760];"753" [753];rw-r--r--;0
< 2024-03-18 08:03:54.611 Script: drwxrwx---   2 760      768           4096 Mar 18  8:03:51 2024 .
< 2024-03-18 08:03:54.611 Script: drwxrwx---   5 760      768           4096 Jun 21 16:45:19 2023 ..
< 2024-03-18 08:03:54.611 Script: -rw-r--r--   1 760      753         298328 Mar 18  9:00:46 2024 subentro_240318.csv
< 2024-03-18 08:03:54.611 Script: -rw-r--r--   1 760      753         381382 Mar 18  9:02:48 2024 switchin_240318.csv
< 2024-03-18 08:03:54.611 Script: -rw-r--r--   1 760      753          47414 Mar 18  9:03:27 2024 voltura_240318.csv
> 2024-03-18 08:03:54.611 Script: close
. 2024-03-18 08:03:54.611 Closing connection.
. 2024-03-18 08:03:54.611 Sending special code: 1
. 2024-03-18 08:03:54.642 Session sent command exit status 0
. 2024-03-18 08:03:54.642 Main session channel closed
. 2024-03-18 08:03:54.642 All channels closed
