. 2023-11-27 08:00:39.257 --------------------------------------------------------------------------
. 2023-11-27 08:00:39.257 WinSCP Versione 6.1.1 (Build 13736 2023-06-21) (OS 10.0.17763 – Windows Server 2019 Standard)
. 2023-11-27 08:00:39.257 Configuration: HKCU\Software\Martin Prikryl\WinSCP 2\
. 2023-11-27 08:00:39.257 Log level: Normal
. 2023-11-27 08:00:39.257 Local account: DB-BI\Administrator
. 2023-11-27 08:00:39.257 Working directory: C:\Windows\system32
. 2023-11-27 08:00:39.257 Process ID: 9984
. 2023-11-27 08:00:39.257 Ancestor processes: cmd, ...
. 2023-11-27 08:00:39.257 Command-line: "C:\Program Files (x86)\WinSCP\WinSCP.exe"  /log="C:\VOC\log.log" /command "open sftp://uniongas:***@sftp.sandsiv.com -hostkey=*"     "lcd C:\VOC\download"     "cd /uniongas/InputFiles"     "put *"     "close"     "exit"
. 2023-11-27 08:00:39.257 Time zone: Current: GMT+1, Standard: GMT+1 (ora solare Europa occidentale), DST: GMT+2 (ora legale Europa occidentale), DST Start: 26/03/2023, DST End: 29/10/2023
. 2023-11-27 08:00:39.257 Login time: lunedì 27 novembre 2023 08:00:39
. 2023-11-27 08:00:39.257 --------------------------------------------------------------------------
. 2023-11-27 08:00:39.257 Script: Retrospectively logging previous script records:
> 2023-11-27 08:00:39.257 Script: open sftp://uniongas:***@sftp.sandsiv.com -hostkey=*
. 2023-11-27 08:00:39.257 --------------------------------------------------------------------------
. 2023-11-27 08:00:39.257 Session name: uniongas@sftp.sandsiv.com (Ad-Hoc site)
. 2023-11-27 08:00:39.257 Host name: sftp.sandsiv.com (Port: 22)
. 2023-11-27 08:00:39.257 User name: uniongas (Password: Yes, Key file: No, Passphrase: No)
. 2023-11-27 08:00:39.257 Tunnel: No
. 2023-11-27 08:00:39.257 Transfer Protocol: SFTP
. 2023-11-27 08:00:39.257 Ping type: Off, Ping interval: 30 sec; Timeout: 15 sec
. 2023-11-27 08:00:39.257 Disable Nagle: No
. 2023-11-27 08:00:39.257 Proxy: None
. 2023-11-27 08:00:39.257 Send buffer: 262144
. 2023-11-27 08:00:39.257 Compression: No
. 2023-11-27 08:00:39.257 Bypass authentication: No
. 2023-11-27 08:00:39.257 Try agent: Yes; Agent forwarding: No; KI: Yes; GSSAPI: Yes
. 2023-11-27 08:00:39.257 GSSAPI: KEX: No; Forwarding: No; Libs: gssapi32,sspi,custom; Custom: 
. 2023-11-27 08:00:39.257 Ciphers: aes,chacha20,aesgcm,3des,WARN,des,blowfish,arcfour; Ssh2DES: No
. 2023-11-27 08:00:39.257 KEX: ntru-curve25519,ecdh,dh-gex-sha1,dh-group18-sha512,dh-group17-sha512,dh-group16-sha512,dh-group15-sha512,dh-group14-sha1,rsa,WARN,dh-group1-sha1
. 2023-11-27 08:00:39.257 SSH Bugs: Auto,Auto,Auto,Auto,Auto,Auto,Auto,Auto,Auto,Auto
. 2023-11-27 08:00:39.257 Simple channel: Yes
. 2023-11-27 08:00:39.257 Return code variable: Autodetect; Lookup user groups: Auto
. 2023-11-27 08:00:39.257 Shell: default
. 2023-11-27 08:00:39.257 EOL: LF, UTF: Auto
. 2023-11-27 08:00:39.257 Clear aliases: Yes, Unset nat.vars: Yes, Resolve symlinks: Yes; Follow directory symlinks: No
. 2023-11-27 08:00:39.257 LS: ls -la, Ign LS warn: Yes, Scp1 Comp: No; Exit code 1 is error: No
. 2023-11-27 08:00:39.257 SFTP Bugs: Auto,Auto
. 2023-11-27 08:00:39.257 SFTP Server: default
. 2023-11-27 08:00:39.257 Local directory: default, Remote directory: home, Update: Yes, Cache: Yes
. 2023-11-27 08:00:39.257 Cache directory changes: Yes, Permanent: Yes
. 2023-11-27 08:00:39.257 Recycle bin: Delete to: No, Overwritten to: No, Bin path: 
. 2023-11-27 08:00:39.257 DST mode: Unix
. 2023-11-27 08:00:39.257 --------------------------------------------------------------------------
< 2023-11-27 08:00:39.257 Script: Ricerca host ...
. 2023-11-27 08:00:39.257 Looking up host "sftp.sandsiv.com" for SSH connection
. 2023-11-27 08:00:39.320 Connecting to 77.109.144.51 port 22
. 2023-11-27 08:00:39.336 Connected to 77.109.144.51
< 2023-11-27 08:00:39.336 Script: Connessione host ...
. 2023-11-27 08:00:39.336 We claim version: SSH-2.0-WinSCP_release_6.1.1
. 2023-11-27 08:00:39.336 Connected to 77.109.144.51
. 2023-11-27 08:00:39.367 Remote version: SSH-2.0-OpenSSH_5.3
. 2023-11-27 08:00:39.367 We believe remote version has SSH-2 channel request bug
. 2023-11-27 08:00:39.367 Using SSH protocol version 2
. 2023-11-27 08:00:39.430 Doing Diffie-Hellman group exchange
. 2023-11-27 08:00:39.446 Doing Diffie-Hellman key exchange using 4096-bit modulus and hash SHA-256 with a server-supplied group
. 2023-11-27 08:00:41.643 Server also has ssh-dss host key, but we don't know it
. 2023-11-27 08:00:41.643 Host key fingerprint is:
. 2023-11-27 08:00:41.643 ssh-rsa 2048 SHA256:eelF88eFuOlODwKGUpnnqatJdFSTRhBSqEJAos67GqQ
< 2023-11-27 08:00:41.643 Script: Autenticazione ...
< 2023-11-27 08:00:41.643 Script: ATTENZIONE! Stai rinunciando alla sicurezza e accettando ogni chiave come configurato!
* 2023-11-27 08:00:41.643 ATTENZIONE! Stai rinunciando alla sicurezza e accettando ogni chiave come configurato!
. 2023-11-27 08:00:41.643 Initialised AES-256 SDCTR (unaccelerated) [aes256-ctr] outbound encryption
. 2023-11-27 08:00:41.643 Initialised HMAC-SHA-256 outbound MAC algorithm
. 2023-11-27 08:00:41.643 Initialised AES-256 SDCTR (unaccelerated) [aes256-ctr] inbound encryption
. 2023-11-27 08:00:41.643 Initialised HMAC-SHA-256 inbound MAC algorithm
! 2023-11-27 08:00:41.659 Using username "uniongas".
< 2023-11-27 08:00:41.659 Script: Usa nome utente "uniongas".
. 2023-11-27 08:00:41.690 Server offered these authentication methods: publickey,gssapi-keyex,gssapi-with-mic,password
. 2023-11-27 08:00:41.690 Using SSPI from SECUR32.DLL
. 2023-11-27 08:00:41.690 Trying gssapi-with-mic...
. 2023-11-27 08:00:41.690 Attempting GSSAPI authentication
. 2023-11-27 08:00:41.705 GSSAPI authentication request refused
. 2023-11-27 08:00:41.705 Server offered these authentication methods: publickey,gssapi-keyex,gssapi-with-mic,password
. 2023-11-27 08:00:41.705 Prompt (password, "SSH password", <no instructions>, "&Password: ")
. 2023-11-27 08:00:41.705 Using stored password.
< 2023-11-27 08:00:41.705 Script: Autenticazione con password preimpostata
. 2023-11-27 08:00:41.705 Sent password
. 2023-11-27 08:00:41.768 Access granted
. 2023-11-27 08:00:41.768 Opening main session channel
. 2023-11-27 08:00:41.941 Opened main channel
. 2023-11-27 08:00:41.972 Started a shell/command
< 2023-11-27 08:00:41.972 Script: Autenticato.
. 2023-11-27 08:00:41.972 --------------------------------------------------------------------------
. 2023-11-27 08:00:41.988 Using SFTP protocol.
. 2023-11-27 08:00:41.988 Doing startup conversation with host.
< 2023-11-27 08:00:41.988 Script: Avvio sessione ...
> 2023-11-27 08:00:41.988 Type: SSH_FXP_INIT, Size: 5, Number: -1
< 2023-11-27 08:00:42.004 Type: SSH_FXP_VERSION, Size: 95, Number: -1
. 2023-11-27 08:00:42.004 SFTP version 3 negotiated.
. 2023-11-27 08:00:42.004 Unknown server extension posix-rename@openssh.com="1"
. 2023-11-27 08:00:42.004 Supports statvfs@openssh.com extension version 2
. 2023-11-27 08:00:42.004 Unknown server extension fstatvfs@openssh.com="2"
. 2023-11-27 08:00:42.004 We believe the server has signed timestamps bug
. 2023-11-27 08:00:42.004 We will use UTF-8 strings until server sends an invalid UTF-8 string as with SFTP version 3 and older UTF-8 strings are not mandatory
. 2023-11-27 08:00:42.004 Limiting packet size to OpenSSH sftp-server limit of 262148 bytes
. 2023-11-27 08:00:42.004 Getting current directory name.
. 2023-11-27 08:00:42.004 Getting real path for '.'
> 2023-11-27 08:00:42.004 Type: SSH_FXP_REALPATH, Size: 10, Number: 16
< 2023-11-27 08:00:42.019 Type: SSH_FXP_NAME, Size: 39, Number: 16
. 2023-11-27 08:00:42.019 Real path is '/uniongas'
. 2023-11-27 08:00:42.019 Startup conversation with host finished.
< 2023-11-27 08:00:42.019 Script: Sessione avviata.
< 2023-11-27 08:00:42.019 Script: Sessione attiva: [1] uniongas@sftp.sandsiv.com
> 2023-11-27 08:00:42.019 Script: lcd C:\VOC\download
< 2023-11-27 08:00:42.019 Script: C:\VOC\download
> 2023-11-27 08:00:42.019 Script: cd /uniongas/InputFiles
. 2023-11-27 08:00:42.019 Cached directory change via "/uniongas/InputFiles" to "/uniongas/InputFiles".
. 2023-11-27 08:00:42.019 Getting current directory name.
< 2023-11-27 08:00:42.019 Script: /uniongas/InputFiles
> 2023-11-27 08:00:42.019 Script: put *
. 2023-11-27 08:00:42.019 Copying 3 files/directories to remote directory "/uniongas/InputFiles" - total size: 650.965
. 2023-11-27 08:00:42.019   PrTime: Yes; PrRO: No; Rght: rw-r--r--; PrR: No (No); FnCs: N; RIC: 0100; Resume: S (102400); CalcS: No; Mask: 
. 2023-11-27 08:00:42.019   TM: B; ClAr: No; RemEOF: No; RemBOM: No; CPS: 0; NewerOnly: No; EncryptNewFiles: Yes; ExcludeHiddenFiles: No; ExcludeEmptyDirectories: No; InclM: ; ResumeL: 0
. 2023-11-27 08:00:42.019   AscM: *.*html; *.htm; *.txt; *.php; *.php3; *.cgi; *.c; *.cpp; *.h; *.pas; *.bas; *.tex; *.pl; *.js; .htaccess; *.xtml; *.css; *.cfg; *.ini; *.sh; *.xml
. 2023-11-27 08:00:42.019 File: 'subentro_231127.csv' [2023-11-27T08:00:01.000Z] [344028]
. 2023-11-27 08:00:42.019 Copying "subentro_231127.csv" to remote directory started.
. 2023-11-27 08:00:42.019 Binary transfer mode selected.
. 2023-11-27 08:00:42.019 Checking existence of file.
> 2023-11-27 08:00:42.019 Type: SSH_FXP_LSTAT, Size: 49, Number: 263
< 2023-11-27 08:00:42.050 Type: SSH_FXP_STATUS, Size: 29, Number: 263
< 2023-11-27 08:00:42.050 Status code: 2
. 2023-11-27 08:00:42.050 Checking existence of partially transferred file.
> 2023-11-27 08:00:42.050 Type: SSH_FXP_LSTAT, Size: 58, Number: 519
< 2023-11-27 08:00:42.082 Type: SSH_FXP_STATUS, Size: 29, Number: 519
< 2023-11-27 08:00:42.082 Status code: 2
. 2023-11-27 08:00:42.082 Opening remote file.
> 2023-11-27 08:00:42.082 Type: SSH_FXP_OPEN, Size: 74, Number: 771
< 2023-11-27 08:00:42.113 Type: SSH_FXP_HANDLE, Size: 13, Number: 771
> 2023-11-27 08:00:42.113 Type: SSH_FXP_WRITE, Size: 32761, Number: 1286
. 2023-11-27 08:00:42.113 Skipped 10 SSH_FXP_WRITE packets
> 2023-11-27 08:00:42.113 Type: SSH_FXP_CLOSE, Size: 13, Number: 4100
< 2023-11-27 08:00:42.160 Type: SSH_FXP_STATUS, Size: 24, Number: 1286
< 2023-11-27 08:00:42.160 Status code: 0
. 2023-11-27 08:00:42.316 Skipped 10 SSH_FXP_STATUS packets
< 2023-11-27 08:00:42.316 Type: SSH_FXP_STATUS, Size: 24, Number: 4100
< 2023-11-27 08:00:42.316 Status code: 0
> 2023-11-27 08:00:42.316 Type: SSH_FXP_RENAME, Size: 102, Number: 4370
< 2023-11-27 08:00:42.363 Type: SSH_FXP_STATUS, Size: 24, Number: 4370
< 2023-11-27 08:00:42.363 Status code: 0
. 2023-11-27 08:00:42.363 Preserving timestamp [2023-11-27T08:00:01.000Z]
> 2023-11-27 08:00:42.363 Type: SSH_FXP_SETSTAT, Size: 61, Number: 1033
< 2023-11-27 08:00:42.394 Type: SSH_FXP_STATUS, Size: 24, Number: 1033
< 2023-11-27 08:00:42.394 Status code: 0
. 2023-11-27 08:00:42.394 Transfer done: 'subentro_231127.csv' => '/uniongas/InputFiles/subentro_231127.csv' [344028]
. 2023-11-27 08:00:42.394 File: 'switchin_231127.csv' [2023-11-27T08:00:10.000Z] [252536]
. 2023-11-27 08:00:42.394 Copying "switchin_231127.csv" to remote directory started.
. 2023-11-27 08:00:42.394 Binary transfer mode selected.
. 2023-11-27 08:00:42.394 Checking existence of file.
> 2023-11-27 08:00:42.394 Type: SSH_FXP_LSTAT, Size: 49, Number: 4615
< 2023-11-27 08:00:42.425 Type: SSH_FXP_STATUS, Size: 29, Number: 4615
< 2023-11-27 08:00:42.425 Status code: 2
. 2023-11-27 08:00:42.425 Checking existence of partially transferred file.
> 2023-11-27 08:00:42.425 Type: SSH_FXP_LSTAT, Size: 58, Number: 4871
< 2023-11-27 08:00:42.441 Type: SSH_FXP_STATUS, Size: 29, Number: 4871
< 2023-11-27 08:00:42.441 Status code: 2
. 2023-11-27 08:00:42.441 Opening remote file.
> 2023-11-27 08:00:42.441 Type: SSH_FXP_OPEN, Size: 74, Number: 5123
< 2023-11-27 08:00:42.472 Type: SSH_FXP_HANDLE, Size: 13, Number: 5123
> 2023-11-27 08:00:42.472 Type: SSH_FXP_WRITE, Size: 32761, Number: 5638
. 2023-11-27 08:00:42.472 Skipped 7 SSH_FXP_WRITE packets
> 2023-11-27 08:00:42.472 Type: SSH_FXP_CLOSE, Size: 13, Number: 7684
< 2023-11-27 08:00:42.488 Type: SSH_FXP_STATUS, Size: 24, Number: 5638
< 2023-11-27 08:00:42.488 Status code: 0
. 2023-11-27 08:00:42.959 Skipped 7 SSH_FXP_STATUS packets
< 2023-11-27 08:00:42.959 Type: SSH_FXP_STATUS, Size: 24, Number: 7684
< 2023-11-27 08:00:42.959 Status code: 0
> 2023-11-27 08:00:42.959 Type: SSH_FXP_RENAME, Size: 102, Number: 7954
< 2023-11-27 08:00:43.006 Type: SSH_FXP_STATUS, Size: 24, Number: 7954
< 2023-11-27 08:00:43.006 Status code: 0
. 2023-11-27 08:00:43.006 Preserving timestamp [2023-11-27T08:00:10.000Z]
> 2023-11-27 08:00:43.006 Type: SSH_FXP_SETSTAT, Size: 61, Number: 5385
< 2023-11-27 08:00:43.037 Type: SSH_FXP_STATUS, Size: 24, Number: 5385
< 2023-11-27 08:00:43.037 Status code: 0
. 2023-11-27 08:00:43.037 Transfer done: 'switchin_231127.csv' => '/uniongas/InputFiles/switchin_231127.csv' [252536]
. 2023-11-27 08:00:43.037 File: 'voltura_231127.csv' [2023-11-27T08:00:17.000Z] [54401]
. 2023-11-27 08:00:43.037 Copying "voltura_231127.csv" to remote directory started.
. 2023-11-27 08:00:43.037 Binary transfer mode selected.
. 2023-11-27 08:00:43.037 Opening remote file.
> 2023-11-27 08:00:43.037 Type: SSH_FXP_OPEN, Size: 64, Number: 8195
< 2023-11-27 08:00:43.068 Type: SSH_FXP_HANDLE, Size: 13, Number: 8195
> 2023-11-27 08:00:43.068 Type: SSH_FXP_WRITE, Size: 32761, Number: 8710
. 2023-11-27 08:00:43.068 Skipped 1 SSH_FXP_WRITE packets
> 2023-11-27 08:00:43.068 Type: SSH_FXP_CLOSE, Size: 13, Number: 9220
> 2023-11-27 08:00:43.068 Type: SSH_FXP_SETSTAT, Size: 60, Number: 8457
< 2023-11-27 08:00:43.099 Type: SSH_FXP_STATUS, Size: 24, Number: 8710
< 2023-11-27 08:00:43.099 Status code: 0
. 2023-11-27 08:00:43.131 Skipped 1 SSH_FXP_STATUS packets
< 2023-11-27 08:00:43.131 Type: SSH_FXP_STATUS, Size: 24, Number: 9220
< 2023-11-27 08:00:43.131 Status code: 0
. 2023-11-27 08:00:43.131 Preserving timestamp [2023-11-27T08:00:17.000Z]
< 2023-11-27 08:00:43.146 Type: SSH_FXP_STATUS, Size: 24, Number: 8457
< 2023-11-27 08:00:43.146 Status code: 0
. 2023-11-27 08:00:43.146 Transfer done: 'voltura_231127.csv' => '/uniongas/InputFiles/voltura_231127.csv' [54401]
. 2023-11-27 08:00:43.146 Copying finished: Transferred: 650.965, Elapsed: 0:00:01, CPS: 577.608/s
> 2023-11-27 08:00:43.146 Script: close
. 2023-11-27 08:00:43.146 Closing connection.
. 2023-11-27 08:00:43.146 Sending special code: 1
. 2023-11-27 08:00:43.162 Session sent command exit status 0
. 2023-11-27 08:00:43.162 Main session channel closed
. 2023-11-27 08:00:43.162 All channels closed
. 2023-11-27 08:00:43.287 --------------------------------------------------------------------------
. 2023-11-27 08:00:43.287 WinSCP Versione 6.1.1 (Build 13736 2023-06-21) (OS 10.0.17763 – Windows Server 2019 Standard)
. 2023-11-27 08:00:43.287 Configuration: HKCU\Software\Martin Prikryl\WinSCP 2\
. 2023-11-27 08:00:43.287 Log level: Normal
. 2023-11-27 08:00:43.287 Local account: DB-BI\Administrator
. 2023-11-27 08:00:43.287 Working directory: C:\Windows\system32
. 2023-11-27 08:00:43.287 Process ID: 5480
. 2023-11-27 08:00:43.287 Ancestor processes: cmd, ...
. 2023-11-27 08:00:43.287 Command-line: "C:\Program Files (x86)\WinSCP\WinSCP.exe"  /log="C:\VOC\log.log" /command "open sftp://uniongas:***@sftp.sandsiv.com -hostkey=*" 	"cd /uniongas/InputFiles"     "ls" 	"close"     "exit"
. 2023-11-27 08:00:43.287 Time zone: Current: GMT+1, Standard: GMT+1 (ora solare Europa occidentale), DST: GMT+2 (ora legale Europa occidentale), DST Start: 26/03/2023, DST End: 29/10/2023
. 2023-11-27 08:00:43.287 Login time: lunedì 27 novembre 2023 08:00:43
. 2023-11-27 08:00:43.287 --------------------------------------------------------------------------
. 2023-11-27 08:00:43.287 Script: Retrospectively logging previous script records:
> 2023-11-27 08:00:43.287 Script: open sftp://uniongas:***@sftp.sandsiv.com -hostkey=*
. 2023-11-27 08:00:43.287 --------------------------------------------------------------------------
. 2023-11-27 08:00:43.287 Session name: uniongas@sftp.sandsiv.com (Ad-Hoc site)
. 2023-11-27 08:00:43.287 Host name: sftp.sandsiv.com (Port: 22)
. 2023-11-27 08:00:43.287 User name: uniongas (Password: Yes, Key file: No, Passphrase: No)
. 2023-11-27 08:00:43.287 Tunnel: No
. 2023-11-27 08:00:43.287 Transfer Protocol: SFTP
. 2023-11-27 08:00:43.287 Ping type: Off, Ping interval: 30 sec; Timeout: 15 sec
. 2023-11-27 08:00:43.287 Disable Nagle: No
. 2023-11-27 08:00:43.287 Proxy: None
. 2023-11-27 08:00:43.287 Send buffer: 262144
. 2023-11-27 08:00:43.287 Compression: No
. 2023-11-27 08:00:43.287 Bypass authentication: No
. 2023-11-27 08:00:43.287 Try agent: Yes; Agent forwarding: No; KI: Yes; GSSAPI: Yes
. 2023-11-27 08:00:43.287 GSSAPI: KEX: No; Forwarding: No; Libs: gssapi32,sspi,custom; Custom: 
. 2023-11-27 08:00:43.287 Ciphers: aes,chacha20,aesgcm,3des,WARN,des,blowfish,arcfour; Ssh2DES: No
. 2023-11-27 08:00:43.287 KEX: ntru-curve25519,ecdh,dh-gex-sha1,dh-group18-sha512,dh-group17-sha512,dh-group16-sha512,dh-group15-sha512,dh-group14-sha1,rsa,WARN,dh-group1-sha1
. 2023-11-27 08:00:43.287 SSH Bugs: Auto,Auto,Auto,Auto,Auto,Auto,Auto,Auto,Auto,Auto
. 2023-11-27 08:00:43.287 Simple channel: Yes
. 2023-11-27 08:00:43.287 Return code variable: Autodetect; Lookup user groups: Auto
. 2023-11-27 08:00:43.287 Shell: default
. 2023-11-27 08:00:43.287 EOL: LF, UTF: Auto
. 2023-11-27 08:00:43.287 Clear aliases: Yes, Unset nat.vars: Yes, Resolve symlinks: Yes; Follow directory symlinks: No
. 2023-11-27 08:00:43.287 LS: ls -la, Ign LS warn: Yes, Scp1 Comp: No; Exit code 1 is error: No
. 2023-11-27 08:00:43.287 SFTP Bugs: Auto,Auto
. 2023-11-27 08:00:43.287 SFTP Server: default
. 2023-11-27 08:00:43.287 Local directory: default, Remote directory: home, Update: Yes, Cache: Yes
. 2023-11-27 08:00:43.287 Cache directory changes: Yes, Permanent: Yes
. 2023-11-27 08:00:43.287 Recycle bin: Delete to: No, Overwritten to: No, Bin path: 
. 2023-11-27 08:00:43.287 DST mode: Unix
. 2023-11-27 08:00:43.287 --------------------------------------------------------------------------
< 2023-11-27 08:00:43.287 Script: Ricerca host ...
. 2023-11-27 08:00:43.287 Looking up host "sftp.sandsiv.com" for SSH connection
. 2023-11-27 08:00:43.287 Connecting to 77.109.144.51 port 22
. 2023-11-27 08:00:43.318 Connected to 77.109.144.51
< 2023-11-27 08:00:43.318 Script: Connessione host ...
. 2023-11-27 08:00:43.318 We claim version: SSH-2.0-WinSCP_release_6.1.1
. 2023-11-27 08:00:43.318 Connected to 77.109.144.51
. 2023-11-27 08:00:43.365 Remote version: SSH-2.0-OpenSSH_5.3
. 2023-11-27 08:00:43.365 We believe remote version has SSH-2 channel request bug
. 2023-11-27 08:00:43.365 Using SSH protocol version 2
. 2023-11-27 08:00:43.396 Doing Diffie-Hellman group exchange
. 2023-11-27 08:00:43.459 Doing Diffie-Hellman key exchange using 4096-bit modulus and hash SHA-256 with a server-supplied group
. 2023-11-27 08:00:45.664 Server also has ssh-dss host key, but we don't know it
. 2023-11-27 08:00:45.664 Host key fingerprint is:
. 2023-11-27 08:00:45.664 ssh-rsa 2048 SHA256:eelF88eFuOlODwKGUpnnqatJdFSTRhBSqEJAos67GqQ
< 2023-11-27 08:00:45.664 Script: Autenticazione ...
< 2023-11-27 08:00:45.664 Script: ATTENZIONE! Stai rinunciando alla sicurezza e accettando ogni chiave come configurato!
* 2023-11-27 08:00:45.664 ATTENZIONE! Stai rinunciando alla sicurezza e accettando ogni chiave come configurato!
. 2023-11-27 08:00:45.664 Initialised AES-256 SDCTR (unaccelerated) [aes256-ctr] outbound encryption
. 2023-11-27 08:00:45.664 Initialised HMAC-SHA-256 outbound MAC algorithm
. 2023-11-27 08:00:45.664 Initialised AES-256 SDCTR (unaccelerated) [aes256-ctr] inbound encryption
. 2023-11-27 08:00:45.664 Initialised HMAC-SHA-256 inbound MAC algorithm
! 2023-11-27 08:00:45.696 Using username "uniongas".
< 2023-11-27 08:00:45.696 Script: Usa nome utente "uniongas".
. 2023-11-27 08:00:45.727 Server offered these authentication methods: publickey,gssapi-keyex,gssapi-with-mic,password
. 2023-11-27 08:00:45.727 Using SSPI from SECUR32.DLL
. 2023-11-27 08:00:45.727 Trying gssapi-with-mic...
. 2023-11-27 08:00:45.727 Attempting GSSAPI authentication
. 2023-11-27 08:00:45.758 GSSAPI authentication request refused
. 2023-11-27 08:00:45.758 Server offered these authentication methods: publickey,gssapi-keyex,gssapi-with-mic,password
. 2023-11-27 08:00:45.758 Prompt (password, "SSH password", <no instructions>, "&Password: ")
. 2023-11-27 08:00:45.758 Using stored password.
< 2023-11-27 08:00:45.758 Script: Autenticazione con password preimpostata
. 2023-11-27 08:00:45.758 Sent password
. 2023-11-27 08:00:45.821 Access granted
. 2023-11-27 08:00:45.821 Opening main session channel
. 2023-11-27 08:00:45.978 Opened main channel
. 2023-11-27 08:00:46.010 Started a shell/command
< 2023-11-27 08:00:46.010 Script: Autenticato.
. 2023-11-27 08:00:46.010 --------------------------------------------------------------------------
. 2023-11-27 08:00:46.010 Using SFTP protocol.
. 2023-11-27 08:00:46.010 Doing startup conversation with host.
< 2023-11-27 08:00:46.010 Script: Avvio sessione ...
> 2023-11-27 08:00:46.010 Type: SSH_FXP_INIT, Size: 5, Number: -1
< 2023-11-27 08:00:46.041 Type: SSH_FXP_VERSION, Size: 95, Number: -1
. 2023-11-27 08:00:46.041 SFTP version 3 negotiated.
. 2023-11-27 08:00:46.041 Unknown server extension posix-rename@openssh.com="1"
. 2023-11-27 08:00:46.041 Supports statvfs@openssh.com extension version 2
. 2023-11-27 08:00:46.041 Unknown server extension fstatvfs@openssh.com="2"
. 2023-11-27 08:00:46.041 We believe the server has signed timestamps bug
. 2023-11-27 08:00:46.041 We will use UTF-8 strings until server sends an invalid UTF-8 string as with SFTP version 3 and older UTF-8 strings are not mandatory
. 2023-11-27 08:00:46.041 Limiting packet size to OpenSSH sftp-server limit of 262148 bytes
. 2023-11-27 08:00:46.041 Getting current directory name.
. 2023-11-27 08:00:46.041 Getting real path for '.'
> 2023-11-27 08:00:46.041 Type: SSH_FXP_REALPATH, Size: 10, Number: 16
< 2023-11-27 08:00:46.072 Type: SSH_FXP_NAME, Size: 39, Number: 16
. 2023-11-27 08:00:46.072 Real path is '/uniongas'
. 2023-11-27 08:00:46.072 Startup conversation with host finished.
< 2023-11-27 08:00:46.072 Script: Sessione avviata.
< 2023-11-27 08:00:46.072 Script: Sessione attiva: [1] uniongas@sftp.sandsiv.com
> 2023-11-27 08:00:46.072 Script: cd /uniongas/InputFiles
. 2023-11-27 08:00:46.072 Cached directory change via "/uniongas/InputFiles" to "/uniongas/InputFiles".
. 2023-11-27 08:00:46.072 Getting current directory name.
< 2023-11-27 08:00:46.072 Script: /uniongas/InputFiles
> 2023-11-27 08:00:46.072 Script: ls
. 2023-11-27 08:00:46.072 Listing directory "/uniongas/InputFiles".
> 2023-11-27 08:00:46.072 Type: SSH_FXP_OPENDIR, Size: 29, Number: 267
< 2023-11-27 08:00:46.103 Type: SSH_FXP_HANDLE, Size: 13, Number: 267
> 2023-11-27 08:00:46.103 Type: SSH_FXP_READDIR, Size: 13, Number: 524
< 2023-11-27 08:00:46.150 Type: SSH_FXP_NAME, Size: 607, Number: 524
> 2023-11-27 08:00:46.150 Type: SSH_FXP_READDIR, Size: 13, Number: 780
< 2023-11-27 08:00:46.181 Type: SSH_FXP_STATUS, Size: 28, Number: 780
< 2023-11-27 08:00:46.181 Status code: 1
> 2023-11-27 08:00:46.181 Type: SSH_FXP_CLOSE, Size: 13, Number: 1028
. 2023-11-27 08:00:46.181 .;d;0;2023-11-27T07:00:43.000Z;4;"760" [760];"768" [768];rwxrwx---;0
. 2023-11-27 08:00:46.181 ..;d;0;2023-06-21T14:45:19.000Z;4;"760" [760];"768" [768];rwxrwx---;0
. 2023-11-27 08:00:46.181 switchin_231127.csv;-;252536;2023-11-27T08:00:10.000Z;4;"760" [760];"753" [753];rw-r--r--;0
. 2023-11-27 08:00:46.181 voltura_231127.csv;-;54401;2023-11-27T08:00:17.000Z;4;"760" [760];"753" [753];rw-r--r--;0
. 2023-11-27 08:00:46.181 subentro_231127.csv;-;344028;2023-11-27T08:00:01.000Z;4;"760" [760];"753" [753];rw-r--r--;0
< 2023-11-27 08:00:46.181 Script: drwxrwx---   2 760      768           4096 Nov 27  8:00:43 2023 .
< 2023-11-27 08:00:46.181 Script: drwxrwx---   5 760      768           4096 Jun 21 16:45:19 2023 ..
< 2023-11-27 08:00:46.181 Script: -rw-r--r--   1 760      753         252536 Nov 27  9:00:10 2023 switchin_231127.csv
< 2023-11-27 08:00:46.181 Script: -rw-r--r--   1 760      753          54401 Nov 27  9:00:17 2023 voltura_231127.csv
< 2023-11-27 08:00:46.181 Script: -rw-r--r--   1 760      753         344028 Nov 27  9:00:01 2023 subentro_231127.csv
> 2023-11-27 08:00:46.181 Script: close
. 2023-11-27 08:00:46.181 Closing connection.
. 2023-11-27 08:00:46.181 Sending special code: 1
. 2023-11-27 08:00:46.228 Session sent command exit status 0
. 2023-11-27 08:00:46.228 Main session channel closed
. 2023-11-27 08:00:46.228 All channels closed
