. 2024-01-08 08:02:04.770 --------------------------------------------------------------------------
. 2024-01-08 08:02:04.770 WinSCP Versione 6.1.1 (Build 13736 2023-06-21) (OS 10.0.17763 – Windows Server 2019 Standard)
. 2024-01-08 08:02:04.770 Configuration: HKCU\Software\Martin Prikryl\WinSCP 2\
. 2024-01-08 08:02:04.770 Log level: Normal
. 2024-01-08 08:02:04.770 Local account: DB-BI\Administrator
. 2024-01-08 08:02:04.770 Working directory: C:\Windows\system32
. 2024-01-08 08:02:04.770 Process ID: 1320
. 2024-01-08 08:02:04.770 Ancestor processes: cmd, ...
. 2024-01-08 08:02:04.770 Command-line: "C:\Program Files (x86)\WinSCP\WinSCP.exe"  /log="C:\VOC\log.log" /command "open sftp://uniongas:***@sftp.sandsiv.com -hostkey=*"     "lcd C:\VOC\download"     "cd /uniongas/InputFiles"     "put *"     "close"     "exit"
. 2024-01-08 08:02:04.770 Time zone: Current: GMT+1, Standard: GMT+1 (ora solare Europa occidentale), DST: GMT+2 (ora legale Europa occidentale), DST Start: 31/03/2024, DST End: 27/10/2024
. 2024-01-08 08:02:04.770 Login time: lunedì 8 gennaio 2024 08:02:04
. 2024-01-08 08:02:04.770 --------------------------------------------------------------------------
. 2024-01-08 08:02:04.770 Script: Retrospectively logging previous script records:
> 2024-01-08 08:02:04.770 Script: open sftp://uniongas:***@sftp.sandsiv.com -hostkey=*
. 2024-01-08 08:02:04.770 --------------------------------------------------------------------------
. 2024-01-08 08:02:04.770 Session name: uniongas@sftp.sandsiv.com (Ad-Hoc site)
. 2024-01-08 08:02:04.770 Host name: sftp.sandsiv.com (Port: 22)
. 2024-01-08 08:02:04.770 User name: uniongas (Password: Yes, Key file: No, Passphrase: No)
. 2024-01-08 08:02:04.770 Tunnel: No
. 2024-01-08 08:02:04.770 Transfer Protocol: SFTP
. 2024-01-08 08:02:04.770 Ping type: Off, Ping interval: 30 sec; Timeout: 15 sec
. 2024-01-08 08:02:04.770 Disable Nagle: No
. 2024-01-08 08:02:04.770 Proxy: None
. 2024-01-08 08:02:04.770 Send buffer: 262144
. 2024-01-08 08:02:04.770 Compression: No
. 2024-01-08 08:02:04.770 Bypass authentication: No
. 2024-01-08 08:02:04.770 Try agent: Yes; Agent forwarding: No; KI: Yes; GSSAPI: Yes
. 2024-01-08 08:02:04.770 GSSAPI: KEX: No; Forwarding: No; Libs: gssapi32,sspi,custom; Custom: 
. 2024-01-08 08:02:04.770 Ciphers: aes,chacha20,aesgcm,3des,WARN,des,blowfish,arcfour; Ssh2DES: No
. 2024-01-08 08:02:04.770 KEX: ntru-curve25519,ecdh,dh-gex-sha1,dh-group18-sha512,dh-group17-sha512,dh-group16-sha512,dh-group15-sha512,dh-group14-sha1,rsa,WARN,dh-group1-sha1
. 2024-01-08 08:02:04.770 SSH Bugs: Auto,Auto,Auto,Auto,Auto,Auto,Auto,Auto,Auto,Auto
. 2024-01-08 08:02:04.770 Simple channel: Yes
. 2024-01-08 08:02:04.770 Return code variable: Autodetect; Lookup user groups: Auto
. 2024-01-08 08:02:04.770 Shell: default
. 2024-01-08 08:02:04.770 EOL: LF, UTF: Auto
. 2024-01-08 08:02:04.770 Clear aliases: Yes, Unset nat.vars: Yes, Resolve symlinks: Yes; Follow directory symlinks: No
. 2024-01-08 08:02:04.770 LS: ls -la, Ign LS warn: Yes, Scp1 Comp: No; Exit code 1 is error: No
. 2024-01-08 08:02:04.770 SFTP Bugs: Auto,Auto
. 2024-01-08 08:02:04.770 SFTP Server: default
. 2024-01-08 08:02:04.770 Local directory: default, Remote directory: home, Update: Yes, Cache: Yes
. 2024-01-08 08:02:04.770 Cache directory changes: Yes, Permanent: Yes
. 2024-01-08 08:02:04.770 Recycle bin: Delete to: No, Overwritten to: No, Bin path: 
. 2024-01-08 08:02:04.770 DST mode: Unix
. 2024-01-08 08:02:04.770 --------------------------------------------------------------------------
< 2024-01-08 08:02:04.802 Script: Ricerca host ...
. 2024-01-08 08:02:04.864 Looking up host "sftp.sandsiv.com" for SSH connection
. 2024-01-08 08:02:04.927 Connecting to 77.109.144.51 port 22
. 2024-01-08 08:02:04.958 Connected to 77.109.144.51
< 2024-01-08 08:02:04.974 Script: Connessione host ...
. 2024-01-08 08:02:04.974 We claim version: SSH-2.0-WinSCP_release_6.1.1
. 2024-01-08 08:02:04.974 Connected to 77.109.144.51
. 2024-01-08 08:02:04.989 Remote version: SSH-2.0-OpenSSH_5.3
. 2024-01-08 08:02:04.989 We believe remote version has SSH-2 channel request bug
. 2024-01-08 08:02:04.989 Using SSH protocol version 2
. 2024-01-08 08:02:05.020 Doing Diffie-Hellman group exchange
. 2024-01-08 08:02:05.052 Doing Diffie-Hellman key exchange using 4096-bit modulus and hash SHA-256 with a server-supplied group
. 2024-01-08 08:02:07.538 Server also has ssh-dss host key, but we don't know it
. 2024-01-08 08:02:07.538 Host key fingerprint is:
. 2024-01-08 08:02:07.538 ssh-rsa 2048 SHA256:eelF88eFuOlODwKGUpnnqatJdFSTRhBSqEJAos67GqQ
< 2024-01-08 08:02:07.538 Script: Autenticazione ...
< 2024-01-08 08:02:07.538 Script: ATTENZIONE! Stai rinunciando alla sicurezza e accettando ogni chiave come configurato!
* 2024-01-08 08:02:07.538 ATTENZIONE! Stai rinunciando alla sicurezza e accettando ogni chiave come configurato!
. 2024-01-08 08:02:07.538 Initialised AES-256 SDCTR (unaccelerated) [aes256-ctr] outbound encryption
. 2024-01-08 08:02:07.538 Initialised HMAC-SHA-256 outbound MAC algorithm
. 2024-01-08 08:02:07.538 Initialised AES-256 SDCTR (unaccelerated) [aes256-ctr] inbound encryption
. 2024-01-08 08:02:07.538 Initialised HMAC-SHA-256 inbound MAC algorithm
! 2024-01-08 08:02:07.554 Using username "uniongas".
< 2024-01-08 08:02:07.554 Script: Usa nome utente "uniongas".
. 2024-01-08 08:02:07.585 Server offered these authentication methods: publickey,gssapi-keyex,gssapi-with-mic,password
. 2024-01-08 08:02:07.585 Using SSPI from SECUR32.DLL
. 2024-01-08 08:02:07.585 Trying gssapi-with-mic...
. 2024-01-08 08:02:07.585 Attempting GSSAPI authentication
. 2024-01-08 08:02:07.601 GSSAPI authentication request refused
. 2024-01-08 08:02:07.601 Server offered these authentication methods: publickey,gssapi-keyex,gssapi-with-mic,password
. 2024-01-08 08:02:07.601 Prompt (password, "SSH password", <no instructions>, "&Password: ")
. 2024-01-08 08:02:07.601 Using stored password.
< 2024-01-08 08:02:07.601 Script: Autenticazione con password preimpostata
. 2024-01-08 08:02:07.601 Sent password
. 2024-01-08 08:02:07.663 Access granted
. 2024-01-08 08:02:07.663 Opening main session channel
. 2024-01-08 08:02:07.835 Opened main channel
. 2024-01-08 08:02:07.866 Started a shell/command
< 2024-01-08 08:02:07.866 Script: Autenticato.
. 2024-01-08 08:02:07.866 --------------------------------------------------------------------------
. 2024-01-08 08:02:07.866 Using SFTP protocol.
. 2024-01-08 08:02:07.866 Doing startup conversation with host.
< 2024-01-08 08:02:07.866 Script: Avvio sessione ...
> 2024-01-08 08:02:07.866 Type: SSH_FXP_INIT, Size: 5, Number: -1
< 2024-01-08 08:02:07.882 Type: SSH_FXP_VERSION, Size: 95, Number: -1
. 2024-01-08 08:02:07.882 SFTP version 3 negotiated.
. 2024-01-08 08:02:07.882 Unknown server extension posix-rename@openssh.com="1"
. 2024-01-08 08:02:07.882 Supports statvfs@openssh.com extension version 2
. 2024-01-08 08:02:07.882 Unknown server extension fstatvfs@openssh.com="2"
. 2024-01-08 08:02:07.882 We believe the server has signed timestamps bug
. 2024-01-08 08:02:07.882 We will use UTF-8 strings until server sends an invalid UTF-8 string as with SFTP version 3 and older UTF-8 strings are not mandatory
. 2024-01-08 08:02:07.882 Limiting packet size to OpenSSH sftp-server limit of 262148 bytes
. 2024-01-08 08:02:07.882 Getting current directory name.
. 2024-01-08 08:02:07.882 Getting real path for '.'
> 2024-01-08 08:02:07.882 Type: SSH_FXP_REALPATH, Size: 10, Number: 16
< 2024-01-08 08:02:07.913 Type: SSH_FXP_NAME, Size: 39, Number: 16
. 2024-01-08 08:02:07.913 Real path is '/uniongas'
. 2024-01-08 08:02:07.913 Startup conversation with host finished.
< 2024-01-08 08:02:07.913 Script: Sessione avviata.
< 2024-01-08 08:02:07.913 Script: Sessione attiva: [1] uniongas@sftp.sandsiv.com
> 2024-01-08 08:02:07.913 Script: lcd C:\VOC\download
< 2024-01-08 08:02:07.913 Script: C:\VOC\download
> 2024-01-08 08:02:07.913 Script: cd /uniongas/InputFiles
. 2024-01-08 08:02:07.913 Cached directory change via "/uniongas/InputFiles" to "/uniongas/InputFiles".
. 2024-01-08 08:02:07.913 Getting current directory name.
< 2024-01-08 08:02:07.913 Script: /uniongas/InputFiles
> 2024-01-08 08:02:07.913 Script: put *
. 2024-01-08 08:02:07.913 Copying 3 files/directories to remote directory "/uniongas/InputFiles" - total size: 270
. 2024-01-08 08:02:07.913   PrTime: Yes; PrRO: No; Rght: rw-r--r--; PrR: No (No); FnCs: N; RIC: 0100; Resume: S (102400); CalcS: No; Mask: 
. 2024-01-08 08:02:07.913   TM: B; ClAr: No; RemEOF: No; RemBOM: No; CPS: 0; NewerOnly: No; EncryptNewFiles: Yes; ExcludeHiddenFiles: No; ExcludeEmptyDirectories: No; InclM: ; ResumeL: 0
. 2024-01-08 08:02:07.913   AscM: *.*html; *.htm; *.txt; *.php; *.php3; *.cgi; *.c; *.cpp; *.h; *.pas; *.bas; *.tex; *.pl; *.js; .htaccess; *.xtml; *.css; *.cfg; *.ini; *.sh; *.xml
. 2024-01-08 08:02:07.913 File: 'subentro_240108.csv' [2024-01-08T08:00:10.000Z] [90]
. 2024-01-08 08:02:07.913 Copying "subentro_240108.csv" to remote directory started.
. 2024-01-08 08:02:07.913 Binary transfer mode selected.
. 2024-01-08 08:02:07.913 Opening remote file.
> 2024-01-08 08:02:07.913 Type: SSH_FXP_OPEN, Size: 65, Number: 259
< 2024-01-08 08:02:07.960 Type: SSH_FXP_HANDLE, Size: 13, Number: 259
> 2024-01-08 08:02:07.960 Type: SSH_FXP_WRITE, Size: 115, Number: 774
> 2024-01-08 08:02:07.960 Type: SSH_FXP_CLOSE, Size: 13, Number: 1028
> 2024-01-08 08:02:07.960 Type: SSH_FXP_SETSTAT, Size: 61, Number: 521
< 2024-01-08 08:02:07.976 Type: SSH_FXP_STATUS, Size: 24, Number: 774
< 2024-01-08 08:02:07.976 Status code: 0
< 2024-01-08 08:02:07.991 Type: SSH_FXP_STATUS, Size: 24, Number: 1028
< 2024-01-08 08:02:07.991 Status code: 0
. 2024-01-08 08:02:07.991 Preserving timestamp [2024-01-08T08:00:10.000Z]
< 2024-01-08 08:02:08.023 Type: SSH_FXP_STATUS, Size: 24, Number: 521
< 2024-01-08 08:02:08.023 Status code: 0
. 2024-01-08 08:02:08.023 Transfer done: 'subentro_240108.csv' => '/uniongas/InputFiles/subentro_240108.csv' [90]
. 2024-01-08 08:02:08.023 File: 'switchin_240108.csv' [2024-01-08T08:00:42.000Z] [90]
. 2024-01-08 08:02:08.023 Copying "switchin_240108.csv" to remote directory started.
. 2024-01-08 08:02:08.023 Binary transfer mode selected.
. 2024-01-08 08:02:08.023 Opening remote file.
> 2024-01-08 08:02:08.023 Type: SSH_FXP_OPEN, Size: 65, Number: 1283
< 2024-01-08 08:02:08.038 Type: SSH_FXP_HANDLE, Size: 13, Number: 1283
> 2024-01-08 08:02:08.038 Type: SSH_FXP_WRITE, Size: 115, Number: 1798
> 2024-01-08 08:02:08.038 Type: SSH_FXP_CLOSE, Size: 13, Number: 2052
> 2024-01-08 08:02:08.038 Type: SSH_FXP_SETSTAT, Size: 61, Number: 1545
< 2024-01-08 08:02:08.069 Type: SSH_FXP_STATUS, Size: 24, Number: 1798
< 2024-01-08 08:02:08.069 Status code: 0
< 2024-01-08 08:02:08.085 Type: SSH_FXP_STATUS, Size: 24, Number: 2052
< 2024-01-08 08:02:08.085 Status code: 0
. 2024-01-08 08:02:08.085 Preserving timestamp [2024-01-08T08:00:42.000Z]
< 2024-01-08 08:02:08.101 Type: SSH_FXP_STATUS, Size: 24, Number: 1545
< 2024-01-08 08:02:08.101 Status code: 0
. 2024-01-08 08:02:08.101 Transfer done: 'switchin_240108.csv' => '/uniongas/InputFiles/switchin_240108.csv' [90]
. 2024-01-08 08:02:08.101 File: 'voltura_240108.csv' [2024-01-08T08:01:14.000Z] [90]
. 2024-01-08 08:02:08.101 Copying "voltura_240108.csv" to remote directory started.
. 2024-01-08 08:02:08.101 Binary transfer mode selected.
. 2024-01-08 08:02:08.101 Opening remote file.
> 2024-01-08 08:02:08.101 Type: SSH_FXP_OPEN, Size: 64, Number: 2307
< 2024-01-08 08:02:08.133 Type: SSH_FXP_HANDLE, Size: 13, Number: 2307
> 2024-01-08 08:02:08.133 Type: SSH_FXP_WRITE, Size: 115, Number: 2822
> 2024-01-08 08:02:08.133 Type: SSH_FXP_CLOSE, Size: 13, Number: 3076
> 2024-01-08 08:02:08.133 Type: SSH_FXP_SETSTAT, Size: 60, Number: 2569
< 2024-01-08 08:02:08.149 Type: SSH_FXP_STATUS, Size: 24, Number: 2822
< 2024-01-08 08:02:08.149 Status code: 0
< 2024-01-08 08:02:08.165 Type: SSH_FXP_STATUS, Size: 24, Number: 3076
< 2024-01-08 08:02:08.165 Status code: 0
. 2024-01-08 08:02:08.165 Preserving timestamp [2024-01-08T08:01:14.000Z]
< 2024-01-08 08:02:08.180 Type: SSH_FXP_STATUS, Size: 24, Number: 2569
< 2024-01-08 08:02:08.180 Status code: 0
. 2024-01-08 08:02:08.180 Transfer done: 'voltura_240108.csv' => '/uniongas/InputFiles/voltura_240108.csv' [90]
. 2024-01-08 08:02:08.180 Copying finished: Transferred: 270, Elapsed: 0:00:00, CPS: 1.011/s
> 2024-01-08 08:02:08.180 Script: close
. 2024-01-08 08:02:08.180 Closing connection.
. 2024-01-08 08:02:08.180 Sending special code: 1
. 2024-01-08 08:02:08.211 Session sent command exit status 0
. 2024-01-08 08:02:08.211 Main session channel closed
. 2024-01-08 08:02:08.211 All channels closed
. 2024-01-08 08:02:08.399 --------------------------------------------------------------------------
. 2024-01-08 08:02:08.399 WinSCP Versione 6.1.1 (Build 13736 2023-06-21) (OS 10.0.17763 – Windows Server 2019 Standard)
. 2024-01-08 08:02:08.399 Configuration: HKCU\Software\Martin Prikryl\WinSCP 2\
. 2024-01-08 08:02:08.399 Log level: Normal
. 2024-01-08 08:02:08.399 Local account: DB-BI\Administrator
. 2024-01-08 08:02:08.399 Working directory: C:\Windows\system32
. 2024-01-08 08:02:08.399 Process ID: 2208
. 2024-01-08 08:02:08.399 Ancestor processes: cmd, ...
. 2024-01-08 08:02:08.399 Command-line: "C:\Program Files (x86)\WinSCP\WinSCP.exe"  /log="C:\VOC\log.log" /command "open sftp://uniongas:***@sftp.sandsiv.com -hostkey=*" 	"cd /uniongas/InputFiles"     "ls" 	"close"     "exit"
. 2024-01-08 08:02:08.399 Time zone: Current: GMT+1, Standard: GMT+1 (ora solare Europa occidentale), DST: GMT+2 (ora legale Europa occidentale), DST Start: 31/03/2024, DST End: 27/10/2024
. 2024-01-08 08:02:08.399 Login time: lunedì 8 gennaio 2024 08:02:08
. 2024-01-08 08:02:08.399 --------------------------------------------------------------------------
. 2024-01-08 08:02:08.399 Script: Retrospectively logging previous script records:
> 2024-01-08 08:02:08.399 Script: open sftp://uniongas:***@sftp.sandsiv.com -hostkey=*
. 2024-01-08 08:02:08.399 --------------------------------------------------------------------------
. 2024-01-08 08:02:08.399 Session name: uniongas@sftp.sandsiv.com (Ad-Hoc site)
. 2024-01-08 08:02:08.399 Host name: sftp.sandsiv.com (Port: 22)
. 2024-01-08 08:02:08.399 User name: uniongas (Password: Yes, Key file: No, Passphrase: No)
. 2024-01-08 08:02:08.399 Tunnel: No
. 2024-01-08 08:02:08.399 Transfer Protocol: SFTP
. 2024-01-08 08:02:08.399 Ping type: Off, Ping interval: 30 sec; Timeout: 15 sec
. 2024-01-08 08:02:08.399 Disable Nagle: No
. 2024-01-08 08:02:08.399 Proxy: None
. 2024-01-08 08:02:08.399 Send buffer: 262144
. 2024-01-08 08:02:08.399 Compression: No
. 2024-01-08 08:02:08.399 Bypass authentication: No
. 2024-01-08 08:02:08.399 Try agent: Yes; Agent forwarding: No; KI: Yes; GSSAPI: Yes
. 2024-01-08 08:02:08.399 GSSAPI: KEX: No; Forwarding: No; Libs: gssapi32,sspi,custom; Custom: 
. 2024-01-08 08:02:08.399 Ciphers: aes,chacha20,aesgcm,3des,WARN,des,blowfish,arcfour; Ssh2DES: No
. 2024-01-08 08:02:08.399 KEX: ntru-curve25519,ecdh,dh-gex-sha1,dh-group18-sha512,dh-group17-sha512,dh-group16-sha512,dh-group15-sha512,dh-group14-sha1,rsa,WARN,dh-group1-sha1
. 2024-01-08 08:02:08.399 SSH Bugs: Auto,Auto,Auto,Auto,Auto,Auto,Auto,Auto,Auto,Auto
. 2024-01-08 08:02:08.399 Simple channel: Yes
. 2024-01-08 08:02:08.399 Return code variable: Autodetect; Lookup user groups: Auto
. 2024-01-08 08:02:08.399 Shell: default
. 2024-01-08 08:02:08.399 EOL: LF, UTF: Auto
. 2024-01-08 08:02:08.399 Clear aliases: Yes, Unset nat.vars: Yes, Resolve symlinks: Yes; Follow directory symlinks: No
. 2024-01-08 08:02:08.399 LS: ls -la, Ign LS warn: Yes, Scp1 Comp: No; Exit code 1 is error: No
. 2024-01-08 08:02:08.399 SFTP Bugs: Auto,Auto
. 2024-01-08 08:02:08.399 SFTP Server: default
. 2024-01-08 08:02:08.399 Local directory: default, Remote directory: home, Update: Yes, Cache: Yes
. 2024-01-08 08:02:08.399 Cache directory changes: Yes, Permanent: Yes
. 2024-01-08 08:02:08.399 Recycle bin: Delete to: No, Overwritten to: No, Bin path: 
. 2024-01-08 08:02:08.399 DST mode: Unix
. 2024-01-08 08:02:08.399 --------------------------------------------------------------------------
< 2024-01-08 08:02:08.399 Script: Ricerca host ...
. 2024-01-08 08:02:08.399 Looking up host "sftp.sandsiv.com" for SSH connection
. 2024-01-08 08:02:08.399 Connecting to 77.109.144.51 port 22
. 2024-01-08 08:02:08.430 Connected to 77.109.144.51
< 2024-01-08 08:02:08.430 Script: Connessione host ...
. 2024-01-08 08:02:08.430 We claim version: SSH-2.0-WinSCP_release_6.1.1
. 2024-01-08 08:02:08.446 Connected to 77.109.144.51
. 2024-01-08 08:02:08.477 Remote version: SSH-2.0-OpenSSH_5.3
. 2024-01-08 08:02:08.477 We believe remote version has SSH-2 channel request bug
. 2024-01-08 08:02:08.477 Using SSH protocol version 2
. 2024-01-08 08:02:08.508 Doing Diffie-Hellman group exchange
. 2024-01-08 08:02:08.586 Doing Diffie-Hellman key exchange using 4096-bit modulus and hash SHA-256 with a server-supplied group
. 2024-01-08 08:02:10.943 Server also has ssh-dss host key, but we don't know it
. 2024-01-08 08:02:10.943 Host key fingerprint is:
. 2024-01-08 08:02:10.943 ssh-rsa 2048 SHA256:eelF88eFuOlODwKGUpnnqatJdFSTRhBSqEJAos67GqQ
< 2024-01-08 08:02:10.943 Script: Autenticazione ...
< 2024-01-08 08:02:10.943 Script: ATTENZIONE! Stai rinunciando alla sicurezza e accettando ogni chiave come configurato!
* 2024-01-08 08:02:10.943 ATTENZIONE! Stai rinunciando alla sicurezza e accettando ogni chiave come configurato!
. 2024-01-08 08:02:10.943 Initialised AES-256 SDCTR (unaccelerated) [aes256-ctr] outbound encryption
. 2024-01-08 08:02:10.943 Initialised HMAC-SHA-256 outbound MAC algorithm
. 2024-01-08 08:02:10.943 Initialised AES-256 SDCTR (unaccelerated) [aes256-ctr] inbound encryption
. 2024-01-08 08:02:10.943 Initialised HMAC-SHA-256 inbound MAC algorithm
! 2024-01-08 08:02:10.974 Using username "uniongas".
< 2024-01-08 08:02:10.974 Script: Usa nome utente "uniongas".
. 2024-01-08 08:02:11.005 Server offered these authentication methods: publickey,gssapi-keyex,gssapi-with-mic,password
. 2024-01-08 08:02:11.005 Using SSPI from SECUR32.DLL
. 2024-01-08 08:02:11.005 Trying gssapi-with-mic...
. 2024-01-08 08:02:11.005 Attempting GSSAPI authentication
. 2024-01-08 08:02:11.052 GSSAPI authentication request refused
. 2024-01-08 08:02:11.052 Server offered these authentication methods: publickey,gssapi-keyex,gssapi-with-mic,password
. 2024-01-08 08:02:11.052 Prompt (password, "SSH password", <no instructions>, "&Password: ")
. 2024-01-08 08:02:11.052 Using stored password.
< 2024-01-08 08:02:11.052 Script: Autenticazione con password preimpostata
. 2024-01-08 08:02:11.052 Sent password
. 2024-01-08 08:02:11.115 Access granted
. 2024-01-08 08:02:11.115 Opening main session channel
. 2024-01-08 08:02:11.274 Opened main channel
. 2024-01-08 08:02:11.305 Started a shell/command
< 2024-01-08 08:02:11.305 Script: Autenticato.
. 2024-01-08 08:02:11.305 --------------------------------------------------------------------------
. 2024-01-08 08:02:11.305 Using SFTP protocol.
. 2024-01-08 08:02:11.305 Doing startup conversation with host.
< 2024-01-08 08:02:11.305 Script: Avvio sessione ...
> 2024-01-08 08:02:11.305 Type: SSH_FXP_INIT, Size: 5, Number: -1
< 2024-01-08 08:02:11.336 Type: SSH_FXP_VERSION, Size: 95, Number: -1
. 2024-01-08 08:02:11.336 SFTP version 3 negotiated.
. 2024-01-08 08:02:11.336 Unknown server extension posix-rename@openssh.com="1"
. 2024-01-08 08:02:11.336 Supports statvfs@openssh.com extension version 2
. 2024-01-08 08:02:11.336 Unknown server extension fstatvfs@openssh.com="2"
. 2024-01-08 08:02:11.336 We believe the server has signed timestamps bug
. 2024-01-08 08:02:11.336 We will use UTF-8 strings until server sends an invalid UTF-8 string as with SFTP version 3 and older UTF-8 strings are not mandatory
. 2024-01-08 08:02:11.336 Limiting packet size to OpenSSH sftp-server limit of 262148 bytes
. 2024-01-08 08:02:11.336 Getting current directory name.
. 2024-01-08 08:02:11.336 Getting real path for '.'
> 2024-01-08 08:02:11.336 Type: SSH_FXP_REALPATH, Size: 10, Number: 16
< 2024-01-08 08:02:11.367 Type: SSH_FXP_NAME, Size: 39, Number: 16
. 2024-01-08 08:02:11.367 Real path is '/uniongas'
. 2024-01-08 08:02:11.367 Startup conversation with host finished.
< 2024-01-08 08:02:11.367 Script: Sessione avviata.
< 2024-01-08 08:02:11.367 Script: Sessione attiva: [1] uniongas@sftp.sandsiv.com
> 2024-01-08 08:02:11.367 Script: cd /uniongas/InputFiles
. 2024-01-08 08:02:11.367 Cached directory change via "/uniongas/InputFiles" to "/uniongas/InputFiles".
. 2024-01-08 08:02:11.367 Getting current directory name.
< 2024-01-08 08:02:11.367 Script: /uniongas/InputFiles
> 2024-01-08 08:02:11.367 Script: ls
. 2024-01-08 08:02:11.367 Listing directory "/uniongas/InputFiles".
> 2024-01-08 08:02:11.367 Type: SSH_FXP_OPENDIR, Size: 29, Number: 267
< 2024-01-08 08:02:11.414 Type: SSH_FXP_HANDLE, Size: 13, Number: 267
> 2024-01-08 08:02:11.414 Type: SSH_FXP_READDIR, Size: 13, Number: 524
< 2024-01-08 08:02:11.461 Type: SSH_FXP_NAME, Size: 607, Number: 524
> 2024-01-08 08:02:11.461 Type: SSH_FXP_READDIR, Size: 13, Number: 780
< 2024-01-08 08:02:11.492 Type: SSH_FXP_STATUS, Size: 28, Number: 780
< 2024-01-08 08:02:11.492 Status code: 1
> 2024-01-08 08:02:11.492 Type: SSH_FXP_CLOSE, Size: 13, Number: 1028
. 2024-01-08 08:02:11.492 .;d;0;2024-01-08T07:02:08.000Z;4;"760" [760];"768" [768];rwxrwx---;0
. 2024-01-08 08:02:11.492 ..;d;0;2023-06-21T14:45:19.000Z;4;"760" [760];"768" [768];rwxrwx---;0
. 2024-01-08 08:02:11.492 voltura_240108.csv;-;90;2024-01-08T08:01:14.000Z;4;"760" [760];"753" [753];rw-r--r--;0
. 2024-01-08 08:02:11.492 subentro_240108.csv;-;90;2024-01-08T08:00:10.000Z;4;"760" [760];"753" [753];rw-r--r--;0
. 2024-01-08 08:02:11.492 switchin_240108.csv;-;90;2024-01-08T08:00:42.000Z;4;"760" [760];"753" [753];rw-r--r--;0
< 2024-01-08 08:02:11.492 Script: drwxrwx---   2 760      768           4096 Jan  8  8:02:08 2024 .
< 2024-01-08 08:02:11.492 Script: drwxrwx---   5 760      768           4096 Jun 21 16:45:19 2023 ..
< 2024-01-08 08:02:11.492 Script: -rw-r--r--   1 760      753             90 Jan  8  9:01:14 2024 voltura_240108.csv
< 2024-01-08 08:02:11.492 Script: -rw-r--r--   1 760      753             90 Jan  8  9:00:10 2024 subentro_240108.csv
< 2024-01-08 08:02:11.492 Script: -rw-r--r--   1 760      753             90 Jan  8  9:00:42 2024 switchin_240108.csv
> 2024-01-08 08:02:11.492 Script: close
. 2024-01-08 08:02:11.492 Closing connection.
. 2024-01-08 08:02:11.492 Sending special code: 1
. 2024-01-08 08:02:11.539 Session sent command exit status 0
. 2024-01-08 08:02:11.539 Main session channel closed
. 2024-01-08 08:02:11.539 All channels closed
