. 2024-03-11 09:02:23.824 --------------------------------------------------------------------------
. 2024-03-11 09:02:23.824 WinSCP Versione 6.1.1 (Build 13736 2023-06-21) (OS 10.0.17763 – Windows Server 2019 Standard)
. 2024-03-11 09:02:23.824 Configuration: HKCU\Software\Martin Prikryl\WinSCP 2\
. 2024-03-11 09:02:23.824 Log level: Normal
. 2024-03-11 09:02:23.824 Local account: DB-BI\Administrator
. 2024-03-11 09:02:23.824 Working directory: C:\VOC_2.0
. 2024-03-11 09:02:23.824 Process ID: 1584
. 2024-03-11 09:02:23.824 Ancestor processes: cmd, explorer, ...
. 2024-03-11 09:02:23.824 Command-line: "C:\Program Files (x86)\WinSCP\WinSCP.exe"  /log="C:\VOC\log.log" /command "open sftp://uniongas:***@sftp.sandsiv.com -hostkey=*"     "lcd C:\VOC\download"     "cd /uniongas/InputFiles"     "put *"     "close"     "exit"
. 2024-03-11 09:02:23.824 Time zone: Current: GMT+1, Standard: GMT+1 (ora solare Europa occidentale), DST: GMT+2 (ora legale Europa occidentale), DST Start: 31/03/2024, DST End: 27/10/2024
. 2024-03-11 09:02:23.824 Login time: lunedì 11 marzo 2024 09:02:23
. 2024-03-11 09:02:23.824 --------------------------------------------------------------------------
. 2024-03-11 09:02:23.824 Script: Retrospectively logging previous script records:
> 2024-03-11 09:02:23.824 Script: open sftp://uniongas:***@sftp.sandsiv.com -hostkey=*
. 2024-03-11 09:02:23.824 --------------------------------------------------------------------------
. 2024-03-11 09:02:23.824 Session name: uniongas@sftp.sandsiv.com (Ad-Hoc site)
. 2024-03-11 09:02:23.824 Host name: sftp.sandsiv.com (Port: 22)
. 2024-03-11 09:02:23.824 User name: uniongas (Password: Yes, Key file: No, Passphrase: No)
. 2024-03-11 09:02:23.824 Tunnel: No
. 2024-03-11 09:02:23.824 Transfer Protocol: SFTP
. 2024-03-11 09:02:23.824 Ping type: Off, Ping interval: 30 sec; Timeout: 15 sec
. 2024-03-11 09:02:23.824 Disable Nagle: No
. 2024-03-11 09:02:23.824 Proxy: None
. 2024-03-11 09:02:23.824 Send buffer: 262144
. 2024-03-11 09:02:23.824 Compression: No
. 2024-03-11 09:02:23.824 Bypass authentication: No
. 2024-03-11 09:02:23.824 Try agent: Yes; Agent forwarding: No; KI: Yes; GSSAPI: Yes
. 2024-03-11 09:02:23.824 GSSAPI: KEX: No; Forwarding: No; Libs: gssapi32,sspi,custom; Custom: 
. 2024-03-11 09:02:23.824 Ciphers: aes,chacha20,aesgcm,3des,WARN,des,blowfish,arcfour; Ssh2DES: No
. 2024-03-11 09:02:23.824 KEX: ntru-curve25519,ecdh,dh-gex-sha1,dh-group18-sha512,dh-group17-sha512,dh-group16-sha512,dh-group15-sha512,dh-group14-sha1,rsa,WARN,dh-group1-sha1
. 2024-03-11 09:02:23.824 SSH Bugs: Auto,Auto,Auto,Auto,Auto,Auto,Auto,Auto,Auto,Auto
. 2024-03-11 09:02:23.824 Simple channel: Yes
. 2024-03-11 09:02:23.824 Return code variable: Autodetect; Lookup user groups: Auto
. 2024-03-11 09:02:23.824 Shell: default
. 2024-03-11 09:02:23.824 EOL: LF, UTF: Auto
. 2024-03-11 09:02:23.824 Clear aliases: Yes, Unset nat.vars: Yes, Resolve symlinks: Yes; Follow directory symlinks: No
. 2024-03-11 09:02:23.824 LS: ls -la, Ign LS warn: Yes, Scp1 Comp: No; Exit code 1 is error: No
. 2024-03-11 09:02:23.824 SFTP Bugs: Auto,Auto
. 2024-03-11 09:02:23.824 SFTP Server: default
. 2024-03-11 09:02:23.824 Local directory: default, Remote directory: home, Update: Yes, Cache: Yes
. 2024-03-11 09:02:23.824 Cache directory changes: Yes, Permanent: Yes
. 2024-03-11 09:02:23.824 Recycle bin: Delete to: No, Overwritten to: No, Bin path: 
. 2024-03-11 09:02:23.824 DST mode: Unix
. 2024-03-11 09:02:23.824 --------------------------------------------------------------------------
< 2024-03-11 09:02:23.824 Script: Ricerca host ...
. 2024-03-11 09:02:23.824 Looking up host "sftp.sandsiv.com" for SSH connection
. 2024-03-11 09:02:24.311 Connecting to 77.109.144.51 port 22
. 2024-03-11 09:02:24.420 Connected to 77.109.144.51
< 2024-03-11 09:02:24.420 Script: Connessione host ...
. 2024-03-11 09:02:24.420 We claim version: SSH-2.0-WinSCP_release_6.1.1
. 2024-03-11 09:02:24.420 Connected to 77.109.144.51
. 2024-03-11 09:02:24.514 Remote version: SSH-2.0-OpenSSH_5.3
. 2024-03-11 09:02:24.514 We believe remote version has SSH-2 channel request bug
. 2024-03-11 09:02:24.514 Using SSH protocol version 2
. 2024-03-11 09:02:24.609 Doing Diffie-Hellman group exchange
. 2024-03-11 09:02:24.703 Doing Diffie-Hellman key exchange using 4096-bit modulus and hash SHA-256 with a server-supplied group
. 2024-03-11 09:02:27.019 Server also has ssh-dss host key, but we don't know it
. 2024-03-11 09:02:27.019 Host key fingerprint is:
. 2024-03-11 09:02:27.019 ssh-rsa 2048 SHA256:eelF88eFuOlODwKGUpnnqatJdFSTRhBSqEJAos67GqQ
< 2024-03-11 09:02:27.019 Script: Autenticazione ...
< 2024-03-11 09:02:27.019 Script: ATTENZIONE! Stai rinunciando alla sicurezza e accettando ogni chiave come configurato!
* 2024-03-11 09:02:27.019 ATTENZIONE! Stai rinunciando alla sicurezza e accettando ogni chiave come configurato!
. 2024-03-11 09:02:27.019 Initialised AES-256 SDCTR (unaccelerated) [aes256-ctr] outbound encryption
. 2024-03-11 09:02:27.019 Initialised HMAC-SHA-256 outbound MAC algorithm
. 2024-03-11 09:02:27.019 Initialised AES-256 SDCTR (unaccelerated) [aes256-ctr] inbound encryption
. 2024-03-11 09:02:27.019 Initialised HMAC-SHA-256 inbound MAC algorithm
! 2024-03-11 09:02:27.129 Using username "uniongas".
< 2024-03-11 09:02:27.129 Script: Usa nome utente "uniongas".
. 2024-03-11 09:02:27.239 Server offered these authentication methods: publickey,gssapi-keyex,gssapi-with-mic,password
. 2024-03-11 09:02:27.239 Using SSPI from SECUR32.DLL
. 2024-03-11 09:02:27.239 Trying gssapi-with-mic...
. 2024-03-11 09:02:27.239 Attempting GSSAPI authentication
. 2024-03-11 09:02:27.646 GSSAPI authentication request refused
. 2024-03-11 09:02:27.646 Server offered these authentication methods: publickey,gssapi-keyex,gssapi-with-mic,password
. 2024-03-11 09:02:27.646 Prompt (password, "SSH password", <no instructions>, "&Password: ")
. 2024-03-11 09:02:27.646 Using stored password.
< 2024-03-11 09:02:27.646 Script: Autenticazione con password preimpostata
. 2024-03-11 09:02:27.646 Sent password
. 2024-03-11 09:02:27.771 Access granted
. 2024-03-11 09:02:27.771 Opening main session channel
. 2024-03-11 09:02:27.959 Opened main channel
. 2024-03-11 09:02:28.068 Started a shell/command
< 2024-03-11 09:02:28.068 Script: Autenticato.
. 2024-03-11 09:02:28.068 --------------------------------------------------------------------------
. 2024-03-11 09:02:28.068 Using SFTP protocol.
. 2024-03-11 09:02:28.068 Doing startup conversation with host.
< 2024-03-11 09:02:28.068 Script: Avvio sessione ...
> 2024-03-11 09:02:28.068 Type: SSH_FXP_INIT, Size: 5, Number: -1
< 2024-03-11 09:02:28.178 Type: SSH_FXP_VERSION, Size: 95, Number: -1
. 2024-03-11 09:02:28.178 SFTP version 3 negotiated.
. 2024-03-11 09:02:28.178 Unknown server extension posix-rename@openssh.com="1"
. 2024-03-11 09:02:28.178 Supports statvfs@openssh.com extension version 2
. 2024-03-11 09:02:28.178 Unknown server extension fstatvfs@openssh.com="2"
. 2024-03-11 09:02:28.178 We believe the server has signed timestamps bug
. 2024-03-11 09:02:28.178 We will use UTF-8 strings until server sends an invalid UTF-8 string as with SFTP version 3 and older UTF-8 strings are not mandatory
. 2024-03-11 09:02:28.178 Limiting packet size to OpenSSH sftp-server limit of 262148 bytes
. 2024-03-11 09:02:28.178 Getting current directory name.
. 2024-03-11 09:02:28.178 Getting real path for '.'
> 2024-03-11 09:02:28.178 Type: SSH_FXP_REALPATH, Size: 10, Number: 16
< 2024-03-11 09:02:28.288 Type: SSH_FXP_NAME, Size: 39, Number: 16
. 2024-03-11 09:02:28.288 Real path is '/uniongas'
. 2024-03-11 09:02:28.288 Startup conversation with host finished.
< 2024-03-11 09:02:28.288 Script: Sessione avviata.
< 2024-03-11 09:02:28.288 Script: Sessione attiva: [1] uniongas@sftp.sandsiv.com
> 2024-03-11 09:02:28.288 Script: lcd C:\VOC\download
< 2024-03-11 09:02:28.288 Script: C:\VOC\download
> 2024-03-11 09:02:28.288 Script: cd /uniongas/InputFiles
. 2024-03-11 09:02:28.288 Cached directory change via "/uniongas/InputFiles" to "/uniongas/InputFiles".
. 2024-03-11 09:02:28.288 Getting current directory name.
< 2024-03-11 09:02:28.288 Script: /uniongas/InputFiles
> 2024-03-11 09:02:28.288 Script: put *
. 2024-03-11 09:02:28.288 Copying 3 files/directories to remote directory "/uniongas/InputFiles" - total size: 667.019
. 2024-03-11 09:02:28.288   PrTime: Yes; PrRO: No; Rght: rw-r--r--; PrR: No (No); FnCs: N; RIC: 0100; Resume: S (102400); CalcS: No; Mask: 
. 2024-03-11 09:02:28.288   TM: B; ClAr: No; RemEOF: No; RemBOM: No; CPS: 0; NewerOnly: No; EncryptNewFiles: Yes; ExcludeHiddenFiles: No; ExcludeEmptyDirectories: No; InclM: ; ResumeL: 0
. 2024-03-11 09:02:28.288   AscM: *.*html; *.htm; *.txt; *.php; *.php3; *.cgi; *.c; *.cpp; *.h; *.pas; *.bas; *.tex; *.pl; *.js; .htaccess; *.xtml; *.css; *.cfg; *.ini; *.sh; *.xml
. 2024-03-11 09:02:28.288 File: 'subentro_240311.csv' [2024-03-11T08:59:22.000Z] [301877]
. 2024-03-11 09:02:28.288 Copying "subentro_240311.csv" to remote directory started.
. 2024-03-11 09:02:28.288 Binary transfer mode selected.
. 2024-03-11 09:02:28.288 Checking existence of file.
> 2024-03-11 09:02:28.288 Type: SSH_FXP_LSTAT, Size: 49, Number: 263
< 2024-03-11 09:02:28.712 Type: SSH_FXP_STATUS, Size: 29, Number: 263
< 2024-03-11 09:02:28.712 Status code: 2
. 2024-03-11 09:02:28.712 Checking existence of partially transferred file.
> 2024-03-11 09:02:28.712 Type: SSH_FXP_LSTAT, Size: 58, Number: 519
< 2024-03-11 09:02:29.449 Type: SSH_FXP_STATUS, Size: 29, Number: 519
< 2024-03-11 09:02:29.449 Status code: 2
. 2024-03-11 09:02:29.449 Opening remote file.
> 2024-03-11 09:02:29.449 Type: SSH_FXP_OPEN, Size: 74, Number: 771
< 2024-03-11 09:02:29.576 Type: SSH_FXP_HANDLE, Size: 13, Number: 771
> 2024-03-11 09:02:29.576 Type: SSH_FXP_WRITE, Size: 32761, Number: 1286
. 2024-03-11 09:02:29.576 Skipped 9 SSH_FXP_WRITE packets
> 2024-03-11 09:02:29.576 Type: SSH_FXP_CLOSE, Size: 13, Number: 3844
< 2024-03-11 09:02:29.795 Type: SSH_FXP_STATUS, Size: 24, Number: 1286
< 2024-03-11 09:02:29.795 Status code: 0
. 2024-03-11 09:02:30.703 Skipped 9 SSH_FXP_STATUS packets
< 2024-03-11 09:02:30.703 Type: SSH_FXP_STATUS, Size: 24, Number: 3844
< 2024-03-11 09:02:30.703 Status code: 0
> 2024-03-11 09:02:30.703 Type: SSH_FXP_RENAME, Size: 102, Number: 4114
< 2024-03-11 09:02:30.828 Type: SSH_FXP_STATUS, Size: 24, Number: 4114
< 2024-03-11 09:02:30.828 Status code: 0
. 2024-03-11 09:02:30.828 Preserving timestamp [2024-03-11T08:59:22.000Z]
> 2024-03-11 09:02:30.828 Type: SSH_FXP_SETSTAT, Size: 61, Number: 1033
< 2024-03-11 09:02:30.954 Type: SSH_FXP_STATUS, Size: 24, Number: 1033
< 2024-03-11 09:02:30.954 Status code: 0
. 2024-03-11 09:02:30.954 Transfer done: 'subentro_240311.csv' => '/uniongas/InputFiles/subentro_240311.csv' [301877]
. 2024-03-11 09:02:30.954 File: 'switchin_240311.csv' [2024-03-11T09:01:28.000Z] [316878]
. 2024-03-11 09:02:30.954 Copying "switchin_240311.csv" to remote directory started.
. 2024-03-11 09:02:30.954 Binary transfer mode selected.
. 2024-03-11 09:02:30.954 Checking existence of file.
> 2024-03-11 09:02:30.954 Type: SSH_FXP_LSTAT, Size: 49, Number: 4359
< 2024-03-11 09:02:31.067 Type: SSH_FXP_STATUS, Size: 29, Number: 4359
< 2024-03-11 09:02:31.067 Status code: 2
. 2024-03-11 09:02:31.067 Checking existence of partially transferred file.
> 2024-03-11 09:02:31.067 Type: SSH_FXP_LSTAT, Size: 58, Number: 4615
< 2024-03-11 09:02:31.176 Type: SSH_FXP_STATUS, Size: 29, Number: 4615
< 2024-03-11 09:02:31.176 Status code: 2
. 2024-03-11 09:02:31.176 Opening remote file.
> 2024-03-11 09:02:31.176 Type: SSH_FXP_OPEN, Size: 74, Number: 4867
< 2024-03-11 09:02:31.286 Type: SSH_FXP_HANDLE, Size: 13, Number: 4867
> 2024-03-11 09:02:31.286 Type: SSH_FXP_WRITE, Size: 32761, Number: 5382
. 2024-03-11 09:02:31.302 Skipped 9 SSH_FXP_WRITE packets
> 2024-03-11 09:02:31.302 Type: SSH_FXP_CLOSE, Size: 13, Number: 7940
< 2024-03-11 09:02:31.400 Type: SSH_FXP_STATUS, Size: 24, Number: 5382
< 2024-03-11 09:02:31.400 Status code: 0
. 2024-03-11 09:02:32.543 Skipped 9 SSH_FXP_STATUS packets
< 2024-03-11 09:02:32.543 Type: SSH_FXP_STATUS, Size: 24, Number: 7940
< 2024-03-11 09:02:32.543 Status code: 0
> 2024-03-11 09:02:32.543 Type: SSH_FXP_RENAME, Size: 102, Number: 8210
< 2024-03-11 09:02:32.668 Type: SSH_FXP_STATUS, Size: 24, Number: 8210
< 2024-03-11 09:02:32.668 Status code: 0
. 2024-03-11 09:02:32.668 Preserving timestamp [2024-03-11T09:01:28.000Z]
> 2024-03-11 09:02:32.668 Type: SSH_FXP_SETSTAT, Size: 61, Number: 5129
< 2024-03-11 09:02:32.778 Type: SSH_FXP_STATUS, Size: 24, Number: 5129
< 2024-03-11 09:02:32.778 Status code: 0
. 2024-03-11 09:02:32.778 Transfer done: 'switchin_240311.csv' => '/uniongas/InputFiles/switchin_240311.csv' [316878]
. 2024-03-11 09:02:32.778 File: 'voltura_240311.csv' [2024-03-11T09:02:07.000Z] [48264]
. 2024-03-11 09:02:32.778 Copying "voltura_240311.csv" to remote directory started.
. 2024-03-11 09:02:32.778 Binary transfer mode selected.
. 2024-03-11 09:02:32.778 Opening remote file.
> 2024-03-11 09:02:32.778 Type: SSH_FXP_OPEN, Size: 64, Number: 8451
< 2024-03-11 09:02:32.887 Type: SSH_FXP_HANDLE, Size: 13, Number: 8451
> 2024-03-11 09:02:32.887 Type: SSH_FXP_WRITE, Size: 32761, Number: 8966
. 2024-03-11 09:02:32.887 Skipped 1 SSH_FXP_WRITE packets
> 2024-03-11 09:02:32.887 Type: SSH_FXP_CLOSE, Size: 13, Number: 9476
> 2024-03-11 09:02:32.887 Type: SSH_FXP_SETSTAT, Size: 60, Number: 8713
< 2024-03-11 09:02:32.997 Type: SSH_FXP_STATUS, Size: 24, Number: 8966
< 2024-03-11 09:02:32.997 Status code: 0
. 2024-03-11 09:02:34.243 Skipped 1 SSH_FXP_STATUS packets
< 2024-03-11 09:02:34.243 Type: SSH_FXP_STATUS, Size: 24, Number: 9476
< 2024-03-11 09:02:34.243 Status code: 0
. 2024-03-11 09:02:34.243 Preserving timestamp [2024-03-11T09:02:07.000Z]
< 2024-03-11 09:02:34.243 Type: SSH_FXP_STATUS, Size: 24, Number: 8713
< 2024-03-11 09:02:34.243 Status code: 0
. 2024-03-11 09:02:34.243 Transfer done: 'voltura_240311.csv' => '/uniongas/InputFiles/voltura_240311.csv' [48264]
. 2024-03-11 09:02:34.243 Copying finished: Transferred: 667.019, Elapsed: 0:00:05, CPS: 112.009/s
> 2024-03-11 09:02:34.243 Script: close
. 2024-03-11 09:02:34.243 Closing connection.
. 2024-03-11 09:02:34.243 Sending special code: 1
. 2024-03-11 09:02:34.355 Session sent command exit status 0
. 2024-03-11 09:02:34.355 Main session channel closed
. 2024-03-11 09:02:34.355 All channels closed
. 2024-03-11 09:02:34.464 --------------------------------------------------------------------------
. 2024-03-11 09:02:34.464 WinSCP Versione 6.1.1 (Build 13736 2023-06-21) (OS 10.0.17763 – Windows Server 2019 Standard)
. 2024-03-11 09:02:34.464 Configuration: HKCU\Software\Martin Prikryl\WinSCP 2\
. 2024-03-11 09:02:34.464 Log level: Normal
. 2024-03-11 09:02:34.464 Local account: DB-BI\Administrator
. 2024-03-11 09:02:34.464 Working directory: C:\VOC_2.0
. 2024-03-11 09:02:34.464 Process ID: 8760
. 2024-03-11 09:02:34.480 Ancestor processes: cmd, explorer, ...
. 2024-03-11 09:02:34.480 Command-line: "C:\Program Files (x86)\WinSCP\WinSCP.exe"  /log="C:\VOC\log.log" /command "open sftp://uniongas:***@sftp.sandsiv.com -hostkey=*" 	"cd /uniongas/InputFiles"     "ls" 	"close"     "exit"
. 2024-03-11 09:02:34.480 Time zone: Current: GMT+1, Standard: GMT+1 (ora solare Europa occidentale), DST: GMT+2 (ora legale Europa occidentale), DST Start: 31/03/2024, DST End: 27/10/2024
. 2024-03-11 09:02:34.480 Login time: lunedì 11 marzo 2024 09:02:34
. 2024-03-11 09:02:34.480 --------------------------------------------------------------------------
. 2024-03-11 09:02:34.480 Script: Retrospectively logging previous script records:
> 2024-03-11 09:02:34.480 Script: open sftp://uniongas:***@sftp.sandsiv.com -hostkey=*
. 2024-03-11 09:02:34.480 --------------------------------------------------------------------------
. 2024-03-11 09:02:34.480 Session name: uniongas@sftp.sandsiv.com (Ad-Hoc site)
. 2024-03-11 09:02:34.480 Host name: sftp.sandsiv.com (Port: 22)
. 2024-03-11 09:02:34.480 User name: uniongas (Password: Yes, Key file: No, Passphrase: No)
. 2024-03-11 09:02:34.480 Tunnel: No
. 2024-03-11 09:02:34.480 Transfer Protocol: SFTP
. 2024-03-11 09:02:34.480 Ping type: Off, Ping interval: 30 sec; Timeout: 15 sec
. 2024-03-11 09:02:34.480 Disable Nagle: No
. 2024-03-11 09:02:34.480 Proxy: None
. 2024-03-11 09:02:34.480 Send buffer: 262144
. 2024-03-11 09:02:34.480 Compression: No
. 2024-03-11 09:02:34.480 Bypass authentication: No
. 2024-03-11 09:02:34.480 Try agent: Yes; Agent forwarding: No; KI: Yes; GSSAPI: Yes
. 2024-03-11 09:02:34.480 GSSAPI: KEX: No; Forwarding: No; Libs: gssapi32,sspi,custom; Custom: 
. 2024-03-11 09:02:34.480 Ciphers: aes,chacha20,aesgcm,3des,WARN,des,blowfish,arcfour; Ssh2DES: No
. 2024-03-11 09:02:34.480 KEX: ntru-curve25519,ecdh,dh-gex-sha1,dh-group18-sha512,dh-group17-sha512,dh-group16-sha512,dh-group15-sha512,dh-group14-sha1,rsa,WARN,dh-group1-sha1
. 2024-03-11 09:02:34.480 SSH Bugs: Auto,Auto,Auto,Auto,Auto,Auto,Auto,Auto,Auto,Auto
. 2024-03-11 09:02:34.480 Simple channel: Yes
. 2024-03-11 09:02:34.480 Return code variable: Autodetect; Lookup user groups: Auto
. 2024-03-11 09:02:34.480 Shell: default
. 2024-03-11 09:02:34.480 EOL: LF, UTF: Auto
. 2024-03-11 09:02:34.480 Clear aliases: Yes, Unset nat.vars: Yes, Resolve symlinks: Yes; Follow directory symlinks: No
. 2024-03-11 09:02:34.480 LS: ls -la, Ign LS warn: Yes, Scp1 Comp: No; Exit code 1 is error: No
. 2024-03-11 09:02:34.480 SFTP Bugs: Auto,Auto
. 2024-03-11 09:02:34.480 SFTP Server: default
. 2024-03-11 09:02:34.480 Local directory: default, Remote directory: home, Update: Yes, Cache: Yes
. 2024-03-11 09:02:34.480 Cache directory changes: Yes, Permanent: Yes
. 2024-03-11 09:02:34.480 Recycle bin: Delete to: No, Overwritten to: No, Bin path: 
. 2024-03-11 09:02:34.480 DST mode: Unix
. 2024-03-11 09:02:34.480 --------------------------------------------------------------------------
< 2024-03-11 09:02:34.480 Script: Ricerca host ...
. 2024-03-11 09:02:34.480 Looking up host "sftp.sandsiv.com" for SSH connection
. 2024-03-11 09:02:34.480 Connecting to 77.109.144.51 port 22
. 2024-03-11 09:02:34.590 Connected to 77.109.144.51
< 2024-03-11 09:02:34.590 Script: Connessione host ...
. 2024-03-11 09:02:34.590 We claim version: SSH-2.0-WinSCP_release_6.1.1
. 2024-03-11 09:02:34.590 Connected to 77.109.144.51
. 2024-03-11 09:02:35.721 Remote version: SSH-2.0-OpenSSH_5.3
. 2024-03-11 09:02:35.721 We believe remote version has SSH-2 channel request bug
. 2024-03-11 09:02:35.721 Using SSH protocol version 2
. 2024-03-11 09:02:35.830 Doing Diffie-Hellman group exchange
. 2024-03-11 09:02:35.940 Doing Diffie-Hellman key exchange using 4096-bit modulus and hash SHA-256 with a server-supplied group
. 2024-03-11 09:02:38.194 Server also has ssh-dss host key, but we don't know it
. 2024-03-11 09:02:38.194 Host key fingerprint is:
. 2024-03-11 09:02:38.194 ssh-rsa 2048 SHA256:eelF88eFuOlODwKGUpnnqatJdFSTRhBSqEJAos67GqQ
< 2024-03-11 09:02:38.194 Script: Autenticazione ...
< 2024-03-11 09:02:38.194 Script: ATTENZIONE! Stai rinunciando alla sicurezza e accettando ogni chiave come configurato!
* 2024-03-11 09:02:38.194 ATTENZIONE! Stai rinunciando alla sicurezza e accettando ogni chiave come configurato!
. 2024-03-11 09:02:38.194 Initialised AES-256 SDCTR (unaccelerated) [aes256-ctr] outbound encryption
. 2024-03-11 09:02:38.194 Initialised HMAC-SHA-256 outbound MAC algorithm
. 2024-03-11 09:02:38.194 Initialised AES-256 SDCTR (unaccelerated) [aes256-ctr] inbound encryption
. 2024-03-11 09:02:38.194 Initialised HMAC-SHA-256 inbound MAC algorithm
! 2024-03-11 09:02:38.320 Using username "uniongas".
< 2024-03-11 09:02:38.320 Script: Usa nome utente "uniongas".
. 2024-03-11 09:02:38.430 Server offered these authentication methods: publickey,gssapi-keyex,gssapi-with-mic,password
. 2024-03-11 09:02:38.430 Using SSPI from SECUR32.DLL
. 2024-03-11 09:02:38.430 Trying gssapi-with-mic...
. 2024-03-11 09:02:38.430 Attempting GSSAPI authentication
. 2024-03-11 09:02:38.555 GSSAPI authentication request refused
. 2024-03-11 09:02:38.555 Server offered these authentication methods: publickey,gssapi-keyex,gssapi-with-mic,password
. 2024-03-11 09:02:38.555 Prompt (password, "SSH password", <no instructions>, "&Password: ")
. 2024-03-11 09:02:38.555 Using stored password.
< 2024-03-11 09:02:38.555 Script: Autenticazione con password preimpostata
. 2024-03-11 09:02:38.555 Sent password
. 2024-03-11 09:02:38.696 Access granted
. 2024-03-11 09:02:38.696 Opening main session channel
. 2024-03-11 09:02:38.852 Opened main channel
. 2024-03-11 09:02:38.977 Started a shell/command
< 2024-03-11 09:02:38.977 Script: Autenticato.
. 2024-03-11 09:02:38.977 --------------------------------------------------------------------------
. 2024-03-11 09:02:38.977 Using SFTP protocol.
. 2024-03-11 09:02:38.977 Doing startup conversation with host.
< 2024-03-11 09:02:38.977 Script: Avvio sessione ...
> 2024-03-11 09:02:38.977 Type: SSH_FXP_INIT, Size: 5, Number: -1
< 2024-03-11 09:02:39.086 Type: SSH_FXP_VERSION, Size: 95, Number: -1
. 2024-03-11 09:02:39.086 SFTP version 3 negotiated.
. 2024-03-11 09:02:39.086 Unknown server extension posix-rename@openssh.com="1"
. 2024-03-11 09:02:39.086 Supports statvfs@openssh.com extension version 2
. 2024-03-11 09:02:39.086 Unknown server extension fstatvfs@openssh.com="2"
. 2024-03-11 09:02:39.086 We believe the server has signed timestamps bug
. 2024-03-11 09:02:39.086 We will use UTF-8 strings until server sends an invalid UTF-8 string as with SFTP version 3 and older UTF-8 strings are not mandatory
. 2024-03-11 09:02:39.086 Limiting packet size to OpenSSH sftp-server limit of 262148 bytes
. 2024-03-11 09:02:39.086 Getting current directory name.
. 2024-03-11 09:02:39.086 Getting real path for '.'
> 2024-03-11 09:02:39.086 Type: SSH_FXP_REALPATH, Size: 10, Number: 16
< 2024-03-11 09:02:39.196 Type: SSH_FXP_NAME, Size: 39, Number: 16
. 2024-03-11 09:02:39.196 Real path is '/uniongas'
. 2024-03-11 09:02:39.196 Startup conversation with host finished.
< 2024-03-11 09:02:39.196 Script: Sessione avviata.
< 2024-03-11 09:02:39.196 Script: Sessione attiva: [1] uniongas@sftp.sandsiv.com
> 2024-03-11 09:02:39.196 Script: cd /uniongas/InputFiles
. 2024-03-11 09:02:39.196 Cached directory change via "/uniongas/InputFiles" to "/uniongas/InputFiles".
. 2024-03-11 09:02:39.196 Getting current directory name.
< 2024-03-11 09:02:39.196 Script: /uniongas/InputFiles
> 2024-03-11 09:02:39.196 Script: ls
. 2024-03-11 09:02:39.196 Listing directory "/uniongas/InputFiles".
> 2024-03-11 09:02:39.196 Type: SSH_FXP_OPENDIR, Size: 29, Number: 267
< 2024-03-11 09:02:39.322 Type: SSH_FXP_HANDLE, Size: 13, Number: 267
> 2024-03-11 09:02:39.322 Type: SSH_FXP_READDIR, Size: 13, Number: 524
< 2024-03-11 09:02:39.448 Type: SSH_FXP_NAME, Size: 607, Number: 524
> 2024-03-11 09:02:39.448 Type: SSH_FXP_READDIR, Size: 13, Number: 780
< 2024-03-11 09:02:39.558 Type: SSH_FXP_STATUS, Size: 28, Number: 780
< 2024-03-11 09:02:39.558 Status code: 1
> 2024-03-11 09:02:39.558 Type: SSH_FXP_CLOSE, Size: 13, Number: 1028
. 2024-03-11 09:02:39.558 .;d;0;2024-03-11T08:02:32.000Z;4;"760" [760];"768" [768];rwxrwx---;0
. 2024-03-11 09:02:39.558 ..;d;0;2023-06-21T14:45:19.000Z;4;"760" [760];"768" [768];rwxrwx---;0
. 2024-03-11 09:02:39.558 switchin_240311.csv;-;316878;2024-03-11T09:01:28.000Z;4;"760" [760];"753" [753];rw-r--r--;0
. 2024-03-11 09:02:39.558 voltura_240311.csv;-;48264;2024-03-11T09:02:07.000Z;4;"760" [760];"753" [753];rw-r--r--;0
. 2024-03-11 09:02:39.558 subentro_240311.csv;-;301877;2024-03-11T08:59:22.000Z;4;"760" [760];"753" [753];rw-r--r--;0
< 2024-03-11 09:02:39.558 Script: drwxrwx---   2 760      768           4096 Mar 11  9:02:32 2024 .
< 2024-03-11 09:02:39.558 Script: drwxrwx---   5 760      768           4096 Jun 21 16:45:19 2023 ..
< 2024-03-11 09:02:39.558 Script: -rw-r--r--   1 760      753         316878 Mar 11 10:01:28 2024 switchin_240311.csv
< 2024-03-11 09:02:39.558 Script: -rw-r--r--   1 760      753          48264 Mar 11 10:02:07 2024 voltura_240311.csv
< 2024-03-11 09:02:39.558 Script: -rw-r--r--   1 760      753         301877 Mar 11  9:59:22 2024 subentro_240311.csv
> 2024-03-11 09:02:39.558 Script: close
. 2024-03-11 09:02:39.558 Closing connection.
. 2024-03-11 09:02:39.558 Sending special code: 1
. 2024-03-11 09:02:39.777 Session sent command exit status 0
. 2024-03-11 09:02:39.777 Main session channel closed
. 2024-03-11 09:02:39.777 All channels closed
