. 2023-09-05 10:13:21.051 --------------------------------------------------------------------------
. 2023-09-05 10:13:21.051 WinSCP Versione 6.1.1 (Build 13736 2023-06-21) (OS 10.0.17763 – Windows Server 2019 Standard)
. 2023-09-05 10:13:21.051 Configuration: HKCU\Software\Martin Prikryl\WinSCP 2\
. 2023-09-05 10:13:21.051 Log level: Normal
. 2023-09-05 10:13:21.051 Local account: DB-BI\Administrator
. 2023-09-05 10:13:21.051 Working directory: C:\VOC
. 2023-09-05 10:13:21.051 Process ID: 9448
. 2023-09-05 10:13:21.051 Ancestor processes: cmd, explorer, ...
. 2023-09-05 10:13:21.051 Command-line: "C:\Program Files (x86)\WinSCP\WinSCP.exe"  /log="C:\VOC\log.log" /command "open sftp://uniongas:***@sftp.sandsiv.com -hostkey=*"     "lcd C:\VOC\download"     "cd /uniongas/InputFiles"     "put *"     "close"     "exit"
. 2023-09-05 10:13:21.051 Time zone: Current: GMT+2, Standard: GMT+1 (ora solare Europa occidentale), DST: GMT+2 (ora legale Europa occidentale), DST Start: 26/03/2023, DST End: 29/10/2023
. 2023-09-05 10:13:21.051 Login time: martedì 5 settembre 2023 10:13:21
. 2023-09-05 10:13:21.051 --------------------------------------------------------------------------
. 2023-09-05 10:13:21.051 Script: Retrospectively logging previous script records:
> 2023-09-05 10:13:21.051 Script: open sftp://uniongas:***@sftp.sandsiv.com -hostkey=*
. 2023-09-05 10:13:21.051 --------------------------------------------------------------------------
. 2023-09-05 10:13:21.051 Session name: uniongas@sftp.sandsiv.com (Ad-Hoc site)
. 2023-09-05 10:13:21.051 Host name: sftp.sandsiv.com (Port: 22)
. 2023-09-05 10:13:21.051 User name: uniongas (Password: Yes, Key file: No, Passphrase: No)
. 2023-09-05 10:13:21.051 Tunnel: No
. 2023-09-05 10:13:21.051 Transfer Protocol: SFTP
. 2023-09-05 10:13:21.051 Ping type: Off, Ping interval: 30 sec; Timeout: 15 sec
. 2023-09-05 10:13:21.051 Disable Nagle: No
. 2023-09-05 10:13:21.051 Proxy: None
. 2023-09-05 10:13:21.051 Send buffer: 262144
. 2023-09-05 10:13:21.051 Compression: No
. 2023-09-05 10:13:21.051 Bypass authentication: No
. 2023-09-05 10:13:21.051 Try agent: Yes; Agent forwarding: No; KI: Yes; GSSAPI: Yes
. 2023-09-05 10:13:21.051 GSSAPI: KEX: No; Forwarding: No; Libs: gssapi32,sspi,custom; Custom: 
. 2023-09-05 10:13:21.051 Ciphers: aes,chacha20,aesgcm,3des,WARN,des,blowfish,arcfour; Ssh2DES: No
. 2023-09-05 10:13:21.051 KEX: ntru-curve25519,ecdh,dh-gex-sha1,dh-group18-sha512,dh-group17-sha512,dh-group16-sha512,dh-group15-sha512,dh-group14-sha1,rsa,WARN,dh-group1-sha1
. 2023-09-05 10:13:21.051 SSH Bugs: Auto,Auto,Auto,Auto,Auto,Auto,Auto,Auto,Auto,Auto
. 2023-09-05 10:13:21.051 Simple channel: Yes
. 2023-09-05 10:13:21.051 Return code variable: Autodetect; Lookup user groups: Auto
. 2023-09-05 10:13:21.051 Shell: default
. 2023-09-05 10:13:21.051 EOL: LF, UTF: Auto
. 2023-09-05 10:13:21.051 Clear aliases: Yes, Unset nat.vars: Yes, Resolve symlinks: Yes; Follow directory symlinks: No
. 2023-09-05 10:13:21.051 LS: ls -la, Ign LS warn: Yes, Scp1 Comp: No; Exit code 1 is error: No
. 2023-09-05 10:13:21.051 SFTP Bugs: Auto,Auto
. 2023-09-05 10:13:21.051 SFTP Server: default
. 2023-09-05 10:13:21.051 Local directory: default, Remote directory: home, Update: Yes, Cache: Yes
. 2023-09-05 10:13:21.051 Cache directory changes: Yes, Permanent: Yes
. 2023-09-05 10:13:21.051 Recycle bin: Delete to: No, Overwritten to: No, Bin path: 
. 2023-09-05 10:13:21.051 DST mode: Unix
. 2023-09-05 10:13:21.051 --------------------------------------------------------------------------
< 2023-09-05 10:13:21.051 Script: Ricerca host ...
. 2023-09-05 10:13:21.051 Looking up host "sftp.sandsiv.com" for SSH connection
. 2023-09-05 10:13:21.051 Connecting to 77.109.144.51 port 22
. 2023-09-05 10:13:21.084 Connected to 77.109.144.51
< 2023-09-05 10:13:21.084 Script: Connessione host ...
. 2023-09-05 10:13:21.084 We claim version: SSH-2.0-WinSCP_release_6.1.1
. 2023-09-05 10:13:21.084 Connected to 77.109.144.51
. 2023-09-05 10:13:21.131 Remote version: SSH-2.0-OpenSSH_5.3
. 2023-09-05 10:13:21.131 We believe remote version has SSH-2 channel request bug
. 2023-09-05 10:13:21.131 Using SSH protocol version 2
. 2023-09-05 10:13:21.146 Doing Diffie-Hellman group exchange
. 2023-09-05 10:13:21.178 Doing Diffie-Hellman key exchange using 4096-bit modulus and hash SHA-256 with a server-supplied group
. 2023-09-05 10:13:23.284 Server also has ssh-dss host key, but we don't know it
. 2023-09-05 10:13:23.284 Host key fingerprint is:
. 2023-09-05 10:13:23.284 ssh-rsa 2048 SHA256:eelF88eFuOlODwKGUpnnqatJdFSTRhBSqEJAos67GqQ
< 2023-09-05 10:13:23.284 Script: Autenticazione ...
< 2023-09-05 10:13:23.284 Script: ATTENZIONE! Stai rinunciando alla sicurezza e accettando ogni chiave come configurato!
* 2023-09-05 10:13:23.284 ATTENZIONE! Stai rinunciando alla sicurezza e accettando ogni chiave come configurato!
. 2023-09-05 10:13:23.284 Initialised AES-256 SDCTR (unaccelerated) [aes256-ctr] outbound encryption
. 2023-09-05 10:13:23.284 Initialised HMAC-SHA-256 outbound MAC algorithm
. 2023-09-05 10:13:23.284 Initialised AES-256 SDCTR (unaccelerated) [aes256-ctr] inbound encryption
. 2023-09-05 10:13:23.284 Initialised HMAC-SHA-256 inbound MAC algorithm
! 2023-09-05 10:13:23.315 Using username "uniongas".
< 2023-09-05 10:13:23.315 Script: Usa nome utente "uniongas".
. 2023-09-05 10:13:23.347 Server offered these authentication methods: publickey,gssapi-keyex,gssapi-with-mic,password
. 2023-09-05 10:13:23.347 Using SSPI from SECUR32.DLL
. 2023-09-05 10:13:23.347 Trying gssapi-with-mic...
. 2023-09-05 10:13:23.347 Attempting GSSAPI authentication
. 2023-09-05 10:13:23.378 GSSAPI authentication request refused
. 2023-09-05 10:13:23.378 Server offered these authentication methods: publickey,gssapi-keyex,gssapi-with-mic,password
. 2023-09-05 10:13:23.378 Prompt (password, "SSH password", <no instructions>, "&Password: ")
. 2023-09-05 10:13:23.378 Using stored password.
< 2023-09-05 10:13:23.378 Script: Autenticazione con password preimpostata
. 2023-09-05 10:13:23.378 Sent password
. 2023-09-05 10:13:23.440 Access granted
. 2023-09-05 10:13:23.440 Opening main session channel
. 2023-09-05 10:13:23.596 Opened main channel
. 2023-09-05 10:13:23.628 Started a shell/command
< 2023-09-05 10:13:23.628 Script: Autenticato.
. 2023-09-05 10:13:23.628 --------------------------------------------------------------------------
. 2023-09-05 10:13:23.628 Using SFTP protocol.
. 2023-09-05 10:13:23.628 Doing startup conversation with host.
< 2023-09-05 10:13:23.628 Script: Avvio sessione ...
> 2023-09-05 10:13:23.628 Type: SSH_FXP_INIT, Size: 5, Number: -1
< 2023-09-05 10:13:23.659 Type: SSH_FXP_VERSION, Size: 95, Number: -1
. 2023-09-05 10:13:23.659 SFTP version 3 negotiated.
. 2023-09-05 10:13:23.659 Unknown server extension posix-rename@openssh.com="1"
. 2023-09-05 10:13:23.659 Supports statvfs@openssh.com extension version 2
. 2023-09-05 10:13:23.659 Unknown server extension fstatvfs@openssh.com="2"
. 2023-09-05 10:13:23.659 We believe the server has signed timestamps bug
. 2023-09-05 10:13:23.659 We will use UTF-8 strings until server sends an invalid UTF-8 string as with SFTP version 3 and older UTF-8 strings are not mandatory
. 2023-09-05 10:13:23.659 Limiting packet size to OpenSSH sftp-server limit of 262148 bytes
. 2023-09-05 10:13:23.659 Getting current directory name.
. 2023-09-05 10:13:23.659 Getting real path for '.'
> 2023-09-05 10:13:23.659 Type: SSH_FXP_REALPATH, Size: 10, Number: 16
< 2023-09-05 10:13:23.690 Type: SSH_FXP_NAME, Size: 39, Number: 16
. 2023-09-05 10:13:23.690 Real path is '/uniongas'
. 2023-09-05 10:13:23.690 Startup conversation with host finished.
< 2023-09-05 10:13:23.690 Script: Sessione avviata.
< 2023-09-05 10:13:23.690 Script: Sessione attiva: [1] uniongas@sftp.sandsiv.com
> 2023-09-05 10:13:23.690 Script: lcd C:\VOC\download
< 2023-09-05 10:13:23.690 Script: C:\VOC\download
> 2023-09-05 10:13:23.690 Script: cd /uniongas/InputFiles
. 2023-09-05 10:13:23.690 Cached directory change via "/uniongas/InputFiles" to "/uniongas/InputFiles".
. 2023-09-05 10:13:23.690 Getting current directory name.
< 2023-09-05 10:13:23.690 Script: /uniongas/InputFiles
> 2023-09-05 10:13:23.690 Script: put *
. 2023-09-05 10:13:23.690 Copying 3 files/directories to remote directory "/uniongas/InputFiles" - total size: 69.239
. 2023-09-05 10:13:23.690   PrTime: Yes; PrRO: No; Rght: rw-r--r--; PrR: No (No); FnCs: N; RIC: 0100; Resume: S (102400); CalcS: No; Mask: 
. 2023-09-05 10:13:23.690   TM: B; ClAr: No; RemEOF: No; RemBOM: No; CPS: 0; NewerOnly: No; EncryptNewFiles: Yes; ExcludeHiddenFiles: No; ExcludeEmptyDirectories: No; InclM: ; ResumeL: 0
. 2023-09-05 10:13:23.690   AscM: *.*html; *.htm; *.txt; *.php; *.php3; *.cgi; *.c; *.cpp; *.h; *.pas; *.bas; *.tex; *.pl; *.js; .htaccess; *.xtml; *.css; *.cfg; *.ini; *.sh; *.xml
. 2023-09-05 10:13:23.690 File: 'subentro_230905.csv' [2023-09-05T10:12:27.000Z] [2601]
. 2023-09-05 10:13:23.690 Copying "subentro_230905.csv" to remote directory started.
. 2023-09-05 10:13:23.690 Binary transfer mode selected.
. 2023-09-05 10:13:23.690 Opening remote file.
> 2023-09-05 10:13:23.690 Type: SSH_FXP_OPEN, Size: 65, Number: 259
< 2023-09-05 10:13:23.737 Type: SSH_FXP_HANDLE, Size: 13, Number: 259
> 2023-09-05 10:13:23.737 Type: SSH_FXP_WRITE, Size: 2626, Number: 774
> 2023-09-05 10:13:23.737 Type: SSH_FXP_CLOSE, Size: 13, Number: 1028
> 2023-09-05 10:13:23.737 Type: SSH_FXP_SETSTAT, Size: 61, Number: 521
< 2023-09-05 10:13:23.768 Type: SSH_FXP_STATUS, Size: 24, Number: 774
< 2023-09-05 10:13:23.768 Status code: 0
< 2023-09-05 10:13:23.784 Type: SSH_FXP_STATUS, Size: 24, Number: 1028
< 2023-09-05 10:13:23.784 Status code: 0
. 2023-09-05 10:13:23.784 Preserving timestamp [2023-09-05T10:12:27.000Z]
< 2023-09-05 10:13:23.800 Type: SSH_FXP_STATUS, Size: 24, Number: 521
< 2023-09-05 10:13:23.800 Status code: 0
. 2023-09-05 10:13:23.800 Transfer done: 'subentro_230905.csv' => '/uniongas/InputFiles/subentro_230905.csv' [2601]
. 2023-09-05 10:13:23.800 File: 'switchin_230905.csv' [2023-09-05T10:12:41.000Z] [66324]
. 2023-09-05 10:13:23.800 Copying "switchin_230905.csv" to remote directory started.
. 2023-09-05 10:13:23.800 Binary transfer mode selected.
. 2023-09-05 10:13:23.800 Opening remote file.
> 2023-09-05 10:13:23.800 Type: SSH_FXP_OPEN, Size: 65, Number: 1283
< 2023-09-05 10:13:23.831 Type: SSH_FXP_HANDLE, Size: 13, Number: 1283
> 2023-09-05 10:13:23.831 Type: SSH_FXP_WRITE, Size: 32761, Number: 1798
. 2023-09-05 10:13:23.831 Skipped 2 SSH_FXP_WRITE packets
> 2023-09-05 10:13:23.831 Type: SSH_FXP_CLOSE, Size: 13, Number: 2564
> 2023-09-05 10:13:23.831 Type: SSH_FXP_SETSTAT, Size: 61, Number: 1545
< 2023-09-05 10:13:23.894 Type: SSH_FXP_STATUS, Size: 24, Number: 1798
< 2023-09-05 10:13:23.894 Status code: 0
. 2023-09-05 10:13:23.957 Skipped 2 SSH_FXP_STATUS packets
< 2023-09-05 10:13:23.957 Type: SSH_FXP_STATUS, Size: 24, Number: 2564
< 2023-09-05 10:13:23.957 Status code: 0
. 2023-09-05 10:13:23.957 Preserving timestamp [2023-09-05T10:12:41.000Z]
< 2023-09-05 10:13:23.973 Type: SSH_FXP_STATUS, Size: 24, Number: 1545
< 2023-09-05 10:13:23.973 Status code: 0
. 2023-09-05 10:13:23.973 Transfer done: 'switchin_230905.csv' => '/uniongas/InputFiles/switchin_230905.csv' [66324]
. 2023-09-05 10:13:23.973 File: 'voltura_230905.csv' [2023-09-05T10:12:56.000Z] [314]
. 2023-09-05 10:13:23.988 Copying "voltura_230905.csv" to remote directory started.
. 2023-09-05 10:13:23.988 Binary transfer mode selected.
. 2023-09-05 10:13:23.988 Opening remote file.
> 2023-09-05 10:13:23.988 Type: SSH_FXP_OPEN, Size: 64, Number: 2819
< 2023-09-05 10:13:24.019 Type: SSH_FXP_HANDLE, Size: 13, Number: 2819
> 2023-09-05 10:13:24.019 Type: SSH_FXP_WRITE, Size: 339, Number: 3334
> 2023-09-05 10:13:24.019 Type: SSH_FXP_CLOSE, Size: 13, Number: 3588
> 2023-09-05 10:13:24.019 Type: SSH_FXP_SETSTAT, Size: 60, Number: 3081
< 2023-09-05 10:13:24.035 Type: SSH_FXP_STATUS, Size: 24, Number: 3334
< 2023-09-05 10:13:24.035 Status code: 0
< 2023-09-05 10:13:24.051 Type: SSH_FXP_STATUS, Size: 24, Number: 3588
< 2023-09-05 10:13:24.051 Status code: 0
. 2023-09-05 10:13:24.051 Preserving timestamp [2023-09-05T10:12:56.000Z]
< 2023-09-05 10:13:24.081 Type: SSH_FXP_STATUS, Size: 24, Number: 3081
< 2023-09-05 10:13:24.081 Status code: 0
. 2023-09-05 10:13:24.081 Transfer done: 'voltura_230905.csv' => '/uniongas/InputFiles/voltura_230905.csv' [314]
. 2023-09-05 10:13:24.081 Copying finished: Transferred: 69.239, Elapsed: 0:00:00, CPS: 177.081/s
> 2023-09-05 10:13:24.081 Script: close
. 2023-09-05 10:13:24.081 Closing connection.
. 2023-09-05 10:13:24.081 Sending special code: 1
. 2023-09-05 10:13:24.097 Session sent command exit status 0
. 2023-09-05 10:13:24.097 Main session channel closed
. 2023-09-05 10:13:24.113 All channels closed
. 2023-09-05 10:13:24.207 --------------------------------------------------------------------------
. 2023-09-05 10:13:24.207 WinSCP Versione 6.1.1 (Build 13736 2023-06-21) (OS 10.0.17763 – Windows Server 2019 Standard)
. 2023-09-05 10:13:24.207 Configuration: HKCU\Software\Martin Prikryl\WinSCP 2\
. 2023-09-05 10:13:24.207 Log level: Normal
. 2023-09-05 10:13:24.207 Local account: DB-BI\Administrator
. 2023-09-05 10:13:24.207 Working directory: C:\VOC
. 2023-09-05 10:13:24.207 Process ID: 4460
. 2023-09-05 10:13:24.207 Ancestor processes: cmd, explorer, ...
. 2023-09-05 10:13:24.207 Command-line: "C:\Program Files (x86)\WinSCP\WinSCP.exe"  /log="C:\VOC\log.log" /command "open sftp://uniongas:***@sftp.sandsiv.com -hostkey=*" 	"cd /uniongas/InputFiles"     "ls" 	"close"     "exit"
. 2023-09-05 10:13:24.207 Time zone: Current: GMT+2, Standard: GMT+1 (ora solare Europa occidentale), DST: GMT+2 (ora legale Europa occidentale), DST Start: 26/03/2023, DST End: 29/10/2023
. 2023-09-05 10:13:24.207 Login time: martedì 5 settembre 2023 10:13:24
. 2023-09-05 10:13:24.207 --------------------------------------------------------------------------
. 2023-09-05 10:13:24.207 Script: Retrospectively logging previous script records:
> 2023-09-05 10:13:24.207 Script: open sftp://uniongas:***@sftp.sandsiv.com -hostkey=*
. 2023-09-05 10:13:24.207 --------------------------------------------------------------------------
. 2023-09-05 10:13:24.207 Session name: uniongas@sftp.sandsiv.com (Ad-Hoc site)
. 2023-09-05 10:13:24.207 Host name: sftp.sandsiv.com (Port: 22)
. 2023-09-05 10:13:24.207 User name: uniongas (Password: Yes, Key file: No, Passphrase: No)
. 2023-09-05 10:13:24.207 Tunnel: No
. 2023-09-05 10:13:24.207 Transfer Protocol: SFTP
. 2023-09-05 10:13:24.207 Ping type: Off, Ping interval: 30 sec; Timeout: 15 sec
. 2023-09-05 10:13:24.207 Disable Nagle: No
. 2023-09-05 10:13:24.207 Proxy: None
. 2023-09-05 10:13:24.207 Send buffer: 262144
. 2023-09-05 10:13:24.207 Compression: No
. 2023-09-05 10:13:24.207 Bypass authentication: No
. 2023-09-05 10:13:24.207 Try agent: Yes; Agent forwarding: No; KI: Yes; GSSAPI: Yes
. 2023-09-05 10:13:24.207 GSSAPI: KEX: No; Forwarding: No; Libs: gssapi32,sspi,custom; Custom: 
. 2023-09-05 10:13:24.207 Ciphers: aes,chacha20,aesgcm,3des,WARN,des,blowfish,arcfour; Ssh2DES: No
. 2023-09-05 10:13:24.207 KEX: ntru-curve25519,ecdh,dh-gex-sha1,dh-group18-sha512,dh-group17-sha512,dh-group16-sha512,dh-group15-sha512,dh-group14-sha1,rsa,WARN,dh-group1-sha1
. 2023-09-05 10:13:24.207 SSH Bugs: Auto,Auto,Auto,Auto,Auto,Auto,Auto,Auto,Auto,Auto
. 2023-09-05 10:13:24.207 Simple channel: Yes
. 2023-09-05 10:13:24.207 Return code variable: Autodetect; Lookup user groups: Auto
. 2023-09-05 10:13:24.207 Shell: default
. 2023-09-05 10:13:24.207 EOL: LF, UTF: Auto
. 2023-09-05 10:13:24.207 Clear aliases: Yes, Unset nat.vars: Yes, Resolve symlinks: Yes; Follow directory symlinks: No
. 2023-09-05 10:13:24.207 LS: ls -la, Ign LS warn: Yes, Scp1 Comp: No; Exit code 1 is error: No
. 2023-09-05 10:13:24.207 SFTP Bugs: Auto,Auto
. 2023-09-05 10:13:24.207 SFTP Server: default
. 2023-09-05 10:13:24.207 Local directory: default, Remote directory: home, Update: Yes, Cache: Yes
. 2023-09-05 10:13:24.207 Cache directory changes: Yes, Permanent: Yes
. 2023-09-05 10:13:24.207 Recycle bin: Delete to: No, Overwritten to: No, Bin path: 
. 2023-09-05 10:13:24.207 DST mode: Unix
. 2023-09-05 10:13:24.207 --------------------------------------------------------------------------
< 2023-09-05 10:13:24.207 Script: Ricerca host ...
. 2023-09-05 10:13:24.207 Looking up host "sftp.sandsiv.com" for SSH connection
. 2023-09-05 10:13:24.207 Connecting to 77.109.144.51 port 22
. 2023-09-05 10:13:24.222 Connected to 77.109.144.51
< 2023-09-05 10:13:24.222 Script: Connessione host ...
. 2023-09-05 10:13:24.222 We claim version: SSH-2.0-WinSCP_release_6.1.1
. 2023-09-05 10:13:24.222 Connected to 77.109.144.51
. 2023-09-05 10:13:24.269 Remote version: SSH-2.0-OpenSSH_5.3
. 2023-09-05 10:13:24.269 We believe remote version has SSH-2 channel request bug
. 2023-09-05 10:13:24.269 Using SSH protocol version 2
. 2023-09-05 10:13:24.285 Doing Diffie-Hellman group exchange
. 2023-09-05 10:13:24.301 Doing Diffie-Hellman key exchange using 4096-bit modulus and hash SHA-256 with a server-supplied group
. 2023-09-05 10:13:26.386 Server also has ssh-dss host key, but we don't know it
. 2023-09-05 10:13:26.386 Host key fingerprint is:
. 2023-09-05 10:13:26.386 ssh-rsa 2048 SHA256:eelF88eFuOlODwKGUpnnqatJdFSTRhBSqEJAos67GqQ
< 2023-09-05 10:13:26.386 Script: Autenticazione ...
< 2023-09-05 10:13:26.386 Script: ATTENZIONE! Stai rinunciando alla sicurezza e accettando ogni chiave come configurato!
* 2023-09-05 10:13:26.386 ATTENZIONE! Stai rinunciando alla sicurezza e accettando ogni chiave come configurato!
. 2023-09-05 10:13:26.386 Initialised AES-256 SDCTR (unaccelerated) [aes256-ctr] outbound encryption
. 2023-09-05 10:13:26.386 Initialised HMAC-SHA-256 outbound MAC algorithm
. 2023-09-05 10:13:26.386 Initialised AES-256 SDCTR (unaccelerated) [aes256-ctr] inbound encryption
. 2023-09-05 10:13:26.386 Initialised HMAC-SHA-256 inbound MAC algorithm
! 2023-09-05 10:13:26.402 Using username "uniongas".
< 2023-09-05 10:13:26.402 Script: Usa nome utente "uniongas".
. 2023-09-05 10:13:26.421 Server offered these authentication methods: publickey,gssapi-keyex,gssapi-with-mic,password
. 2023-09-05 10:13:26.421 Using SSPI from SECUR32.DLL
. 2023-09-05 10:13:26.421 Trying gssapi-with-mic...
. 2023-09-05 10:13:26.421 Attempting GSSAPI authentication
. 2023-09-05 10:13:26.453 GSSAPI authentication request refused
. 2023-09-05 10:13:26.453 Server offered these authentication methods: publickey,gssapi-keyex,gssapi-with-mic,password
. 2023-09-05 10:13:26.453 Prompt (password, "SSH password", <no instructions>, "&Password: ")
. 2023-09-05 10:13:26.453 Using stored password.
< 2023-09-05 10:13:26.453 Script: Autenticazione con password preimpostata
. 2023-09-05 10:13:26.453 Sent password
. 2023-09-05 10:13:26.500 Access granted
. 2023-09-05 10:13:26.500 Opening main session channel
. 2023-09-05 10:13:26.656 Opened main channel
. 2023-09-05 10:13:26.671 Started a shell/command
< 2023-09-05 10:13:26.671 Script: Autenticato.
. 2023-09-05 10:13:26.671 --------------------------------------------------------------------------
. 2023-09-05 10:13:26.671 Using SFTP protocol.
. 2023-09-05 10:13:26.671 Doing startup conversation with host.
< 2023-09-05 10:13:26.671 Script: Avvio sessione ...
> 2023-09-05 10:13:26.671 Type: SSH_FXP_INIT, Size: 5, Number: -1
< 2023-09-05 10:13:26.703 Type: SSH_FXP_VERSION, Size: 95, Number: -1
. 2023-09-05 10:13:26.703 SFTP version 3 negotiated.
. 2023-09-05 10:13:26.703 Unknown server extension posix-rename@openssh.com="1"
. 2023-09-05 10:13:26.703 Supports statvfs@openssh.com extension version 2
. 2023-09-05 10:13:26.703 Unknown server extension fstatvfs@openssh.com="2"
. 2023-09-05 10:13:26.703 We believe the server has signed timestamps bug
. 2023-09-05 10:13:26.703 We will use UTF-8 strings until server sends an invalid UTF-8 string as with SFTP version 3 and older UTF-8 strings are not mandatory
. 2023-09-05 10:13:26.703 Limiting packet size to OpenSSH sftp-server limit of 262148 bytes
. 2023-09-05 10:13:26.703 Getting current directory name.
. 2023-09-05 10:13:26.703 Getting real path for '.'
> 2023-09-05 10:13:26.703 Type: SSH_FXP_REALPATH, Size: 10, Number: 16
< 2023-09-05 10:13:26.718 Type: SSH_FXP_NAME, Size: 39, Number: 16
. 2023-09-05 10:13:26.718 Real path is '/uniongas'
. 2023-09-05 10:13:26.718 Startup conversation with host finished.
< 2023-09-05 10:13:26.718 Script: Sessione avviata.
< 2023-09-05 10:13:26.718 Script: Sessione attiva: [1] uniongas@sftp.sandsiv.com
> 2023-09-05 10:13:26.718 Script: cd /uniongas/InputFiles
. 2023-09-05 10:13:26.718 Cached directory change via "/uniongas/InputFiles" to "/uniongas/InputFiles".
. 2023-09-05 10:13:26.718 Getting current directory name.
< 2023-09-05 10:13:26.718 Script: /uniongas/InputFiles
> 2023-09-05 10:13:26.718 Script: ls
. 2023-09-05 10:13:26.718 Listing directory "/uniongas/InputFiles".
> 2023-09-05 10:13:26.718 Type: SSH_FXP_OPENDIR, Size: 29, Number: 267
< 2023-09-05 10:13:26.734 Type: SSH_FXP_HANDLE, Size: 13, Number: 267
> 2023-09-05 10:13:26.734 Type: SSH_FXP_READDIR, Size: 13, Number: 524
< 2023-09-05 10:13:26.781 Type: SSH_FXP_NAME, Size: 607, Number: 524
> 2023-09-05 10:13:26.781 Type: SSH_FXP_READDIR, Size: 13, Number: 780
< 2023-09-05 10:13:26.796 Type: SSH_FXP_STATUS, Size: 28, Number: 780
< 2023-09-05 10:13:26.796 Status code: 1
> 2023-09-05 10:13:26.796 Type: SSH_FXP_CLOSE, Size: 13, Number: 1028
. 2023-09-05 10:13:26.796 .;d;0;2023-09-05T08:13:23.000Z;4;"760" [760];"768" [768];rwxrwx---;0
. 2023-09-05 10:13:26.796 ..;d;0;2023-06-21T14:45:19.000Z;4;"760" [760];"768" [768];rwxrwx---;0
. 2023-09-05 10:13:26.796 switchin_230905.csv;-;66324;2023-09-05T10:12:41.000Z;4;"760" [760];"753" [753];rw-r--r--;0
. 2023-09-05 10:13:26.796 voltura_230905.csv;-;314;2023-09-05T10:12:56.000Z;4;"760" [760];"753" [753];rw-r--r--;0
. 2023-09-05 10:13:26.796 subentro_230905.csv;-;2601;2023-09-05T10:12:27.000Z;4;"760" [760];"753" [753];rw-r--r--;0
< 2023-09-05 10:13:26.796 Script: drwxrwx---   2 760      768           4096 Sep  5 10:13:23 2023 .
< 2023-09-05 10:13:26.796 Script: drwxrwx---   5 760      768           4096 Jun 21 16:45:19 2023 ..
< 2023-09-05 10:13:26.796 Script: -rw-r--r--   1 760      753          66324 Sep  5 12:12:41 2023 switchin_230905.csv
< 2023-09-05 10:13:26.796 Script: -rw-r--r--   1 760      753            314 Sep  5 12:12:56 2023 voltura_230905.csv
< 2023-09-05 10:13:26.796 Script: -rw-r--r--   1 760      753           2601 Sep  5 12:12:27 2023 subentro_230905.csv
> 2023-09-05 10:13:26.796 Script: close
. 2023-09-05 10:13:26.796 Closing connection.
. 2023-09-05 10:13:26.796 Sending special code: 1
. 2023-09-05 10:13:26.828 Session sent command exit status 0
. 2023-09-05 10:13:26.828 Main session channel closed
. 2023-09-05 10:13:26.828 All channels closed
