. 2023-11-20 08:00:40.836 --------------------------------------------------------------------------
. 2023-11-20 08:00:40.836 WinSCP Versione 6.1.1 (Build 13736 2023-06-21) (OS 10.0.17763 – Windows Server 2019 Standard)
. 2023-11-20 08:00:40.836 Configuration: HKCU\Software\Martin Prikryl\WinSCP 2\
. 2023-11-20 08:00:40.836 Log level: Normal
. 2023-11-20 08:00:40.836 Local account: DB-BI\Administrator
. 2023-11-20 08:00:40.836 Working directory: C:\Windows\system32
. 2023-11-20 08:00:40.836 Process ID: 8436
. 2023-11-20 08:00:40.836 Ancestor processes: cmd, ...
. 2023-11-20 08:00:40.836 Command-line: "C:\Program Files (x86)\WinSCP\WinSCP.exe"  /log="C:\VOC\log.log" /command "open sftp://uniongas:***@sftp.sandsiv.com -hostkey=*"     "lcd C:\VOC\download"     "cd /uniongas/InputFiles"     "put *"     "close"     "exit"
. 2023-11-20 08:00:40.836 Time zone: Current: GMT+1, Standard: GMT+1 (ora solare Europa occidentale), DST: GMT+2 (ora legale Europa occidentale), DST Start: 26/03/2023, DST End: 29/10/2023
. 2023-11-20 08:00:40.836 Login time: lunedì 20 novembre 2023 08:00:40
. 2023-11-20 08:00:40.836 --------------------------------------------------------------------------
. 2023-11-20 08:00:40.836 Script: Retrospectively logging previous script records:
> 2023-11-20 08:00:40.836 Script: open sftp://uniongas:***@sftp.sandsiv.com -hostkey=*
. 2023-11-20 08:00:40.836 --------------------------------------------------------------------------
. 2023-11-20 08:00:40.836 Session name: uniongas@sftp.sandsiv.com (Ad-Hoc site)
. 2023-11-20 08:00:40.836 Host name: sftp.sandsiv.com (Port: 22)
. 2023-11-20 08:00:40.836 User name: uniongas (Password: Yes, Key file: No, Passphrase: No)
. 2023-11-20 08:00:40.836 Tunnel: No
. 2023-11-20 08:00:40.836 Transfer Protocol: SFTP
. 2023-11-20 08:00:40.836 Ping type: Off, Ping interval: 30 sec; Timeout: 15 sec
. 2023-11-20 08:00:40.836 Disable Nagle: No
. 2023-11-20 08:00:40.836 Proxy: None
. 2023-11-20 08:00:40.836 Send buffer: 262144
. 2023-11-20 08:00:40.836 Compression: No
. 2023-11-20 08:00:40.836 Bypass authentication: No
. 2023-11-20 08:00:40.836 Try agent: Yes; Agent forwarding: No; KI: Yes; GSSAPI: Yes
. 2023-11-20 08:00:40.836 GSSAPI: KEX: No; Forwarding: No; Libs: gssapi32,sspi,custom; Custom: 
. 2023-11-20 08:00:40.836 Ciphers: aes,chacha20,aesgcm,3des,WARN,des,blowfish,arcfour; Ssh2DES: No
. 2023-11-20 08:00:40.836 KEX: ntru-curve25519,ecdh,dh-gex-sha1,dh-group18-sha512,dh-group17-sha512,dh-group16-sha512,dh-group15-sha512,dh-group14-sha1,rsa,WARN,dh-group1-sha1
. 2023-11-20 08:00:40.836 SSH Bugs: Auto,Auto,Auto,Auto,Auto,Auto,Auto,Auto,Auto,Auto
. 2023-11-20 08:00:40.836 Simple channel: Yes
. 2023-11-20 08:00:40.836 Return code variable: Autodetect; Lookup user groups: Auto
. 2023-11-20 08:00:40.836 Shell: default
. 2023-11-20 08:00:40.836 EOL: LF, UTF: Auto
. 2023-11-20 08:00:40.836 Clear aliases: Yes, Unset nat.vars: Yes, Resolve symlinks: Yes; Follow directory symlinks: No
. 2023-11-20 08:00:40.836 LS: ls -la, Ign LS warn: Yes, Scp1 Comp: No; Exit code 1 is error: No
. 2023-11-20 08:00:40.836 SFTP Bugs: Auto,Auto
. 2023-11-20 08:00:40.836 SFTP Server: default
. 2023-11-20 08:00:40.836 Local directory: default, Remote directory: home, Update: Yes, Cache: Yes
. 2023-11-20 08:00:40.836 Cache directory changes: Yes, Permanent: Yes
. 2023-11-20 08:00:40.836 Recycle bin: Delete to: No, Overwritten to: No, Bin path: 
. 2023-11-20 08:00:40.836 DST mode: Unix
. 2023-11-20 08:00:40.836 --------------------------------------------------------------------------
< 2023-11-20 08:00:40.836 Script: Ricerca host ...
. 2023-11-20 08:00:40.836 Looking up host "sftp.sandsiv.com" for SSH connection
. 2023-11-20 08:00:40.898 Connecting to 77.109.144.51 port 22
. 2023-11-20 08:00:40.914 Connected to 77.109.144.51
< 2023-11-20 08:00:40.914 Script: Connessione host ...
. 2023-11-20 08:00:40.914 We claim version: SSH-2.0-WinSCP_release_6.1.1
. 2023-11-20 08:00:40.914 Connected to 77.109.144.51
. 2023-11-20 08:00:40.961 Remote version: SSH-2.0-OpenSSH_5.3
. 2023-11-20 08:00:40.961 We believe remote version has SSH-2 channel request bug
. 2023-11-20 08:00:40.961 Using SSH protocol version 2
. 2023-11-20 08:00:40.992 Doing Diffie-Hellman group exchange
. 2023-11-20 08:00:41.008 Doing Diffie-Hellman key exchange using 4096-bit modulus and hash SHA-256 with a server-supplied group
. 2023-11-20 08:00:43.323 Server also has ssh-dss host key, but we don't know it
. 2023-11-20 08:00:43.323 Host key fingerprint is:
. 2023-11-20 08:00:43.323 ssh-rsa 2048 SHA256:eelF88eFuOlODwKGUpnnqatJdFSTRhBSqEJAos67GqQ
< 2023-11-20 08:00:43.323 Script: Autenticazione ...
< 2023-11-20 08:00:43.323 Script: ATTENZIONE! Stai rinunciando alla sicurezza e accettando ogni chiave come configurato!
* 2023-11-20 08:00:43.323 ATTENZIONE! Stai rinunciando alla sicurezza e accettando ogni chiave come configurato!
. 2023-11-20 08:00:43.323 Initialised AES-256 SDCTR (unaccelerated) [aes256-ctr] outbound encryption
. 2023-11-20 08:00:43.323 Initialised HMAC-SHA-256 outbound MAC algorithm
. 2023-11-20 08:00:43.323 Initialised AES-256 SDCTR (unaccelerated) [aes256-ctr] inbound encryption
. 2023-11-20 08:00:43.323 Initialised HMAC-SHA-256 inbound MAC algorithm
! 2023-11-20 08:00:43.339 Using username "uniongas".
< 2023-11-20 08:00:43.339 Script: Usa nome utente "uniongas".
. 2023-11-20 08:00:43.370 Server offered these authentication methods: publickey,gssapi-keyex,gssapi-with-mic,password
. 2023-11-20 08:00:43.370 Using SSPI from SECUR32.DLL
. 2023-11-20 08:00:43.370 Trying gssapi-with-mic...
. 2023-11-20 08:00:43.370 Attempting GSSAPI authentication
. 2023-11-20 08:00:43.385 GSSAPI authentication request refused
. 2023-11-20 08:00:43.385 Server offered these authentication methods: publickey,gssapi-keyex,gssapi-with-mic,password
. 2023-11-20 08:00:43.385 Prompt (password, "SSH password", <no instructions>, "&Password: ")
. 2023-11-20 08:00:43.385 Using stored password.
< 2023-11-20 08:00:43.385 Script: Autenticazione con password preimpostata
. 2023-11-20 08:00:43.385 Sent password
. 2023-11-20 08:00:43.448 Access granted
. 2023-11-20 08:00:43.448 Opening main session channel
. 2023-11-20 08:00:43.635 Opened main channel
. 2023-11-20 08:00:43.667 Started a shell/command
< 2023-11-20 08:00:43.667 Script: Autenticato.
. 2023-11-20 08:00:43.667 --------------------------------------------------------------------------
. 2023-11-20 08:00:43.667 Using SFTP protocol.
. 2023-11-20 08:00:43.667 Doing startup conversation with host.
< 2023-11-20 08:00:43.667 Script: Avvio sessione ...
> 2023-11-20 08:00:43.667 Type: SSH_FXP_INIT, Size: 5, Number: -1
< 2023-11-20 08:00:43.682 Type: SSH_FXP_VERSION, Size: 95, Number: -1
. 2023-11-20 08:00:43.682 SFTP version 3 negotiated.
. 2023-11-20 08:00:43.682 Unknown server extension posix-rename@openssh.com="1"
. 2023-11-20 08:00:43.682 Supports statvfs@openssh.com extension version 2
. 2023-11-20 08:00:43.682 Unknown server extension fstatvfs@openssh.com="2"
. 2023-11-20 08:00:43.682 We believe the server has signed timestamps bug
. 2023-11-20 08:00:43.682 We will use UTF-8 strings until server sends an invalid UTF-8 string as with SFTP version 3 and older UTF-8 strings are not mandatory
. 2023-11-20 08:00:43.682 Limiting packet size to OpenSSH sftp-server limit of 262148 bytes
. 2023-11-20 08:00:43.682 Getting current directory name.
. 2023-11-20 08:00:43.682 Getting real path for '.'
> 2023-11-20 08:00:43.682 Type: SSH_FXP_REALPATH, Size: 10, Number: 16
< 2023-11-20 08:00:43.698 Type: SSH_FXP_NAME, Size: 39, Number: 16
. 2023-11-20 08:00:43.698 Real path is '/uniongas'
. 2023-11-20 08:00:43.698 Startup conversation with host finished.
< 2023-11-20 08:00:43.698 Script: Sessione avviata.
< 2023-11-20 08:00:43.698 Script: Sessione attiva: [1] uniongas@sftp.sandsiv.com
> 2023-11-20 08:00:43.698 Script: lcd C:\VOC\download
< 2023-11-20 08:00:43.698 Script: C:\VOC\download
> 2023-11-20 08:00:43.698 Script: cd /uniongas/InputFiles
. 2023-11-20 08:00:43.698 Cached directory change via "/uniongas/InputFiles" to "/uniongas/InputFiles".
. 2023-11-20 08:00:43.698 Getting current directory name.
< 2023-11-20 08:00:43.698 Script: /uniongas/InputFiles
> 2023-11-20 08:00:43.698 Script: put *
. 2023-11-20 08:00:43.698 Copying 3 files/directories to remote directory "/uniongas/InputFiles" - total size: 765.996
. 2023-11-20 08:00:43.698   PrTime: Yes; PrRO: No; Rght: rw-r--r--; PrR: No (No); FnCs: N; RIC: 0100; Resume: S (102400); CalcS: No; Mask: 
. 2023-11-20 08:00:43.698   TM: B; ClAr: No; RemEOF: No; RemBOM: No; CPS: 0; NewerOnly: No; EncryptNewFiles: Yes; ExcludeHiddenFiles: No; ExcludeEmptyDirectories: No; InclM: ; ResumeL: 0
. 2023-11-20 08:00:43.698   AscM: *.*html; *.htm; *.txt; *.php; *.php3; *.cgi; *.c; *.cpp; *.h; *.pas; *.bas; *.tex; *.pl; *.js; .htaccess; *.xtml; *.css; *.cfg; *.ini; *.sh; *.xml
. 2023-11-20 08:00:43.698 File: 'subentro_231120.csv' [2023-11-20T08:00:01.000Z] [325275]
. 2023-11-20 08:00:43.698 Copying "subentro_231120.csv" to remote directory started.
. 2023-11-20 08:00:43.698 Binary transfer mode selected.
. 2023-11-20 08:00:43.698 Checking existence of file.
> 2023-11-20 08:00:43.698 Type: SSH_FXP_LSTAT, Size: 49, Number: 263
< 2023-11-20 08:00:43.745 Type: SSH_FXP_STATUS, Size: 29, Number: 263
< 2023-11-20 08:00:43.745 Status code: 2
. 2023-11-20 08:00:43.745 Checking existence of partially transferred file.
> 2023-11-20 08:00:43.745 Type: SSH_FXP_LSTAT, Size: 58, Number: 519
< 2023-11-20 08:00:43.776 Type: SSH_FXP_STATUS, Size: 29, Number: 519
< 2023-11-20 08:00:43.776 Status code: 2
. 2023-11-20 08:00:43.776 Opening remote file.
> 2023-11-20 08:00:43.776 Type: SSH_FXP_OPEN, Size: 74, Number: 771
< 2023-11-20 08:00:43.807 Type: SSH_FXP_HANDLE, Size: 13, Number: 771
> 2023-11-20 08:00:43.807 Type: SSH_FXP_WRITE, Size: 32761, Number: 1286
. 2023-11-20 08:00:43.807 Skipped 9 SSH_FXP_WRITE packets
> 2023-11-20 08:00:43.807 Type: SSH_FXP_CLOSE, Size: 13, Number: 3844
< 2023-11-20 08:00:43.854 Type: SSH_FXP_STATUS, Size: 24, Number: 1286
< 2023-11-20 08:00:43.854 Status code: 0
. 2023-11-20 08:00:44.010 Skipped 9 SSH_FXP_STATUS packets
< 2023-11-20 08:00:44.010 Type: SSH_FXP_STATUS, Size: 24, Number: 3844
< 2023-11-20 08:00:44.010 Status code: 0
> 2023-11-20 08:00:44.010 Type: SSH_FXP_RENAME, Size: 102, Number: 4114
< 2023-11-20 08:00:44.057 Type: SSH_FXP_STATUS, Size: 24, Number: 4114
< 2023-11-20 08:00:44.057 Status code: 0
. 2023-11-20 08:00:44.057 Preserving timestamp [2023-11-20T08:00:01.000Z]
> 2023-11-20 08:00:44.057 Type: SSH_FXP_SETSTAT, Size: 61, Number: 1033
< 2023-11-20 08:00:44.089 Type: SSH_FXP_STATUS, Size: 24, Number: 1033
< 2023-11-20 08:00:44.089 Status code: 0
. 2023-11-20 08:00:44.089 Transfer done: 'subentro_231120.csv' => '/uniongas/InputFiles/subentro_231120.csv' [325275]
. 2023-11-20 08:00:44.089 File: 'switchin_231120.csv' [2023-11-20T08:00:10.000Z] [391685]
. 2023-11-20 08:00:44.089 Copying "switchin_231120.csv" to remote directory started.
. 2023-11-20 08:00:44.089 Binary transfer mode selected.
. 2023-11-20 08:00:44.089 Checking existence of file.
> 2023-11-20 08:00:44.089 Type: SSH_FXP_LSTAT, Size: 49, Number: 4359
< 2023-11-20 08:00:44.120 Type: SSH_FXP_STATUS, Size: 29, Number: 4359
< 2023-11-20 08:00:44.120 Status code: 2
. 2023-11-20 08:00:44.120 Checking existence of partially transferred file.
> 2023-11-20 08:00:44.120 Type: SSH_FXP_LSTAT, Size: 58, Number: 4615
< 2023-11-20 08:00:44.151 Type: SSH_FXP_STATUS, Size: 29, Number: 4615
< 2023-11-20 08:00:44.151 Status code: 2
. 2023-11-20 08:00:44.151 Opening remote file.
> 2023-11-20 08:00:44.151 Type: SSH_FXP_OPEN, Size: 74, Number: 4867
< 2023-11-20 08:00:44.167 Type: SSH_FXP_HANDLE, Size: 13, Number: 4867
> 2023-11-20 08:00:44.167 Type: SSH_FXP_WRITE, Size: 32761, Number: 5382
. 2023-11-20 08:00:44.182 Skipped 11 SSH_FXP_WRITE packets
> 2023-11-20 08:00:44.182 Type: SSH_FXP_CLOSE, Size: 13, Number: 8452
< 2023-11-20 08:00:44.199 Type: SSH_FXP_STATUS, Size: 24, Number: 5382
< 2023-11-20 08:00:44.199 Status code: 0
. 2023-11-20 08:00:44.341 Skipped 11 SSH_FXP_STATUS packets
< 2023-11-20 08:00:44.341 Type: SSH_FXP_STATUS, Size: 24, Number: 8452
< 2023-11-20 08:00:44.341 Status code: 0
> 2023-11-20 08:00:44.341 Type: SSH_FXP_RENAME, Size: 102, Number: 8722
< 2023-11-20 08:00:44.388 Type: SSH_FXP_STATUS, Size: 24, Number: 8722
< 2023-11-20 08:00:44.388 Status code: 0
. 2023-11-20 08:00:44.388 Preserving timestamp [2023-11-20T08:00:10.000Z]
> 2023-11-20 08:00:44.388 Type: SSH_FXP_SETSTAT, Size: 61, Number: 5129
< 2023-11-20 08:00:44.419 Type: SSH_FXP_STATUS, Size: 24, Number: 5129
< 2023-11-20 08:00:44.419 Status code: 0
. 2023-11-20 08:00:44.419 Transfer done: 'switchin_231120.csv' => '/uniongas/InputFiles/switchin_231120.csv' [391685]
. 2023-11-20 08:00:44.419 File: 'voltura_231120.csv' [2023-11-20T08:00:18.000Z] [49036]
. 2023-11-20 08:00:44.419 Copying "voltura_231120.csv" to remote directory started.
. 2023-11-20 08:00:44.419 Binary transfer mode selected.
. 2023-11-20 08:00:44.419 Opening remote file.
> 2023-11-20 08:00:44.419 Type: SSH_FXP_OPEN, Size: 64, Number: 8963
< 2023-11-20 08:00:44.450 Type: SSH_FXP_HANDLE, Size: 13, Number: 8963
> 2023-11-20 08:00:44.450 Type: SSH_FXP_WRITE, Size: 32761, Number: 9478
. 2023-11-20 08:00:44.450 Skipped 1 SSH_FXP_WRITE packets
> 2023-11-20 08:00:44.450 Type: SSH_FXP_CLOSE, Size: 13, Number: 9988
> 2023-11-20 08:00:44.450 Type: SSH_FXP_SETSTAT, Size: 60, Number: 9225
< 2023-11-20 08:00:44.466 Type: SSH_FXP_STATUS, Size: 24, Number: 9478
< 2023-11-20 08:00:44.466 Status code: 0
. 2023-11-20 08:00:44.497 Skipped 1 SSH_FXP_STATUS packets
< 2023-11-20 08:00:44.497 Type: SSH_FXP_STATUS, Size: 24, Number: 9988
< 2023-11-20 08:00:44.497 Status code: 0
. 2023-11-20 08:00:44.497 Preserving timestamp [2023-11-20T08:00:18.000Z]
< 2023-11-20 08:00:44.513 Type: SSH_FXP_STATUS, Size: 24, Number: 9225
< 2023-11-20 08:00:44.513 Status code: 0
. 2023-11-20 08:00:44.513 Transfer done: 'voltura_231120.csv' => '/uniongas/InputFiles/voltura_231120.csv' [49036]
. 2023-11-20 08:00:44.513 Copying finished: Transferred: 765.996, Elapsed: 0:00:00, CPS: 939.872/s
> 2023-11-20 08:00:44.513 Script: close
. 2023-11-20 08:00:44.513 Closing connection.
. 2023-11-20 08:00:44.513 Sending special code: 1
. 2023-11-20 08:00:44.529 Session sent command exit status 0
. 2023-11-20 08:00:44.529 Main session channel closed
. 2023-11-20 08:00:44.529 All channels closed
. 2023-11-20 08:00:44.669 --------------------------------------------------------------------------
. 2023-11-20 08:00:44.669 WinSCP Versione 6.1.1 (Build 13736 2023-06-21) (OS 10.0.17763 – Windows Server 2019 Standard)
. 2023-11-20 08:00:44.669 Configuration: HKCU\Software\Martin Prikryl\WinSCP 2\
. 2023-11-20 08:00:44.669 Log level: Normal
. 2023-11-20 08:00:44.669 Local account: DB-BI\Administrator
. 2023-11-20 08:00:44.669 Working directory: C:\Windows\system32
. 2023-11-20 08:00:44.669 Process ID: 9856
. 2023-11-20 08:00:44.669 Ancestor processes: cmd, ...
. 2023-11-20 08:00:44.669 Command-line: "C:\Program Files (x86)\WinSCP\WinSCP.exe"  /log="C:\VOC\log.log" /command "open sftp://uniongas:***@sftp.sandsiv.com -hostkey=*" 	"cd /uniongas/InputFiles"     "ls" 	"close"     "exit"
. 2023-11-20 08:00:44.669 Time zone: Current: GMT+1, Standard: GMT+1 (ora solare Europa occidentale), DST: GMT+2 (ora legale Europa occidentale), DST Start: 26/03/2023, DST End: 29/10/2023
. 2023-11-20 08:00:44.669 Login time: lunedì 20 novembre 2023 08:00:44
. 2023-11-20 08:00:44.669 --------------------------------------------------------------------------
. 2023-11-20 08:00:44.669 Script: Retrospectively logging previous script records:
> 2023-11-20 08:00:44.669 Script: open sftp://uniongas:***@sftp.sandsiv.com -hostkey=*
. 2023-11-20 08:00:44.669 --------------------------------------------------------------------------
. 2023-11-20 08:00:44.669 Session name: uniongas@sftp.sandsiv.com (Ad-Hoc site)
. 2023-11-20 08:00:44.669 Host name: sftp.sandsiv.com (Port: 22)
. 2023-11-20 08:00:44.669 User name: uniongas (Password: Yes, Key file: No, Passphrase: No)
. 2023-11-20 08:00:44.669 Tunnel: No
. 2023-11-20 08:00:44.669 Transfer Protocol: SFTP
. 2023-11-20 08:00:44.669 Ping type: Off, Ping interval: 30 sec; Timeout: 15 sec
. 2023-11-20 08:00:44.669 Disable Nagle: No
. 2023-11-20 08:00:44.669 Proxy: None
. 2023-11-20 08:00:44.669 Send buffer: 262144
. 2023-11-20 08:00:44.669 Compression: No
. 2023-11-20 08:00:44.669 Bypass authentication: No
. 2023-11-20 08:00:44.669 Try agent: Yes; Agent forwarding: No; KI: Yes; GSSAPI: Yes
. 2023-11-20 08:00:44.669 GSSAPI: KEX: No; Forwarding: No; Libs: gssapi32,sspi,custom; Custom: 
. 2023-11-20 08:00:44.669 Ciphers: aes,chacha20,aesgcm,3des,WARN,des,blowfish,arcfour; Ssh2DES: No
. 2023-11-20 08:00:44.669 KEX: ntru-curve25519,ecdh,dh-gex-sha1,dh-group18-sha512,dh-group17-sha512,dh-group16-sha512,dh-group15-sha512,dh-group14-sha1,rsa,WARN,dh-group1-sha1
. 2023-11-20 08:00:44.669 SSH Bugs: Auto,Auto,Auto,Auto,Auto,Auto,Auto,Auto,Auto,Auto
. 2023-11-20 08:00:44.669 Simple channel: Yes
. 2023-11-20 08:00:44.669 Return code variable: Autodetect; Lookup user groups: Auto
. 2023-11-20 08:00:44.669 Shell: default
. 2023-11-20 08:00:44.669 EOL: LF, UTF: Auto
. 2023-11-20 08:00:44.669 Clear aliases: Yes, Unset nat.vars: Yes, Resolve symlinks: Yes; Follow directory symlinks: No
. 2023-11-20 08:00:44.669 LS: ls -la, Ign LS warn: Yes, Scp1 Comp: No; Exit code 1 is error: No
. 2023-11-20 08:00:44.669 SFTP Bugs: Auto,Auto
. 2023-11-20 08:00:44.669 SFTP Server: default
. 2023-11-20 08:00:44.669 Local directory: default, Remote directory: home, Update: Yes, Cache: Yes
. 2023-11-20 08:00:44.669 Cache directory changes: Yes, Permanent: Yes
. 2023-11-20 08:00:44.669 Recycle bin: Delete to: No, Overwritten to: No, Bin path: 
. 2023-11-20 08:00:44.669 DST mode: Unix
. 2023-11-20 08:00:44.669 --------------------------------------------------------------------------
< 2023-11-20 08:00:44.669 Script: Ricerca host ...
. 2023-11-20 08:00:44.669 Looking up host "sftp.sandsiv.com" for SSH connection
. 2023-11-20 08:00:44.669 Connecting to 77.109.144.51 port 22
. 2023-11-20 08:00:44.700 Connected to 77.109.144.51
< 2023-11-20 08:00:44.700 Script: Connessione host ...
. 2023-11-20 08:00:44.700 We claim version: SSH-2.0-WinSCP_release_6.1.1
. 2023-11-20 08:00:44.700 Connected to 77.109.144.51
. 2023-11-20 08:00:44.747 Remote version: SSH-2.0-OpenSSH_5.3
. 2023-11-20 08:00:44.747 We believe remote version has SSH-2 channel request bug
. 2023-11-20 08:00:44.747 Using SSH protocol version 2
. 2023-11-20 08:00:44.779 Doing Diffie-Hellman group exchange
. 2023-11-20 08:00:44.841 Doing Diffie-Hellman key exchange using 4096-bit modulus and hash SHA-256 with a server-supplied group
. 2023-11-20 08:00:47.267 Server also has ssh-dss host key, but we don't know it
. 2023-11-20 08:00:47.267 Host key fingerprint is:
. 2023-11-20 08:00:47.267 ssh-rsa 2048 SHA256:eelF88eFuOlODwKGUpnnqatJdFSTRhBSqEJAos67GqQ
< 2023-11-20 08:00:47.267 Script: Autenticazione ...
< 2023-11-20 08:00:47.267 Script: ATTENZIONE! Stai rinunciando alla sicurezza e accettando ogni chiave come configurato!
* 2023-11-20 08:00:47.267 ATTENZIONE! Stai rinunciando alla sicurezza e accettando ogni chiave come configurato!
. 2023-11-20 08:00:47.267 Initialised AES-256 SDCTR (unaccelerated) [aes256-ctr] outbound encryption
. 2023-11-20 08:00:47.267 Initialised HMAC-SHA-256 outbound MAC algorithm
. 2023-11-20 08:00:47.267 Initialised AES-256 SDCTR (unaccelerated) [aes256-ctr] inbound encryption
. 2023-11-20 08:00:47.267 Initialised HMAC-SHA-256 inbound MAC algorithm
! 2023-11-20 08:00:47.298 Using username "uniongas".
< 2023-11-20 08:00:47.298 Script: Usa nome utente "uniongas".
. 2023-11-20 08:00:47.331 Server offered these authentication methods: publickey,gssapi-keyex,gssapi-with-mic,password
. 2023-11-20 08:00:47.331 Using SSPI from SECUR32.DLL
. 2023-11-20 08:00:47.331 Trying gssapi-with-mic...
. 2023-11-20 08:00:47.331 Attempting GSSAPI authentication
. 2023-11-20 08:00:47.362 GSSAPI authentication request refused
. 2023-11-20 08:00:47.362 Server offered these authentication methods: publickey,gssapi-keyex,gssapi-with-mic,password
. 2023-11-20 08:00:47.362 Prompt (password, "SSH password", <no instructions>, "&Password: ")
. 2023-11-20 08:00:47.362 Using stored password.
< 2023-11-20 08:00:47.362 Script: Autenticazione con password preimpostata
. 2023-11-20 08:00:47.362 Sent password
. 2023-11-20 08:00:47.424 Access granted
. 2023-11-20 08:00:47.424 Opening main session channel
. 2023-11-20 08:00:47.596 Opened main channel
. 2023-11-20 08:00:47.627 Started a shell/command
< 2023-11-20 08:00:47.627 Script: Autenticato.
. 2023-11-20 08:00:47.627 --------------------------------------------------------------------------
. 2023-11-20 08:00:47.627 Using SFTP protocol.
. 2023-11-20 08:00:47.627 Doing startup conversation with host.
< 2023-11-20 08:00:47.627 Script: Avvio sessione ...
> 2023-11-20 08:00:47.627 Type: SSH_FXP_INIT, Size: 5, Number: -1
< 2023-11-20 08:00:47.659 Type: SSH_FXP_VERSION, Size: 95, Number: -1
. 2023-11-20 08:00:47.659 SFTP version 3 negotiated.
. 2023-11-20 08:00:47.659 Unknown server extension posix-rename@openssh.com="1"
. 2023-11-20 08:00:47.659 Supports statvfs@openssh.com extension version 2
. 2023-11-20 08:00:47.659 Unknown server extension fstatvfs@openssh.com="2"
. 2023-11-20 08:00:47.659 We believe the server has signed timestamps bug
. 2023-11-20 08:00:47.659 We will use UTF-8 strings until server sends an invalid UTF-8 string as with SFTP version 3 and older UTF-8 strings are not mandatory
. 2023-11-20 08:00:47.659 Limiting packet size to OpenSSH sftp-server limit of 262148 bytes
. 2023-11-20 08:00:47.659 Getting current directory name.
. 2023-11-20 08:00:47.659 Getting real path for '.'
> 2023-11-20 08:00:47.659 Type: SSH_FXP_REALPATH, Size: 10, Number: 16
< 2023-11-20 08:00:47.690 Type: SSH_FXP_NAME, Size: 39, Number: 16
. 2023-11-20 08:00:47.690 Real path is '/uniongas'
. 2023-11-20 08:00:47.690 Startup conversation with host finished.
< 2023-11-20 08:00:47.690 Script: Sessione avviata.
< 2023-11-20 08:00:47.690 Script: Sessione attiva: [1] uniongas@sftp.sandsiv.com
> 2023-11-20 08:00:47.690 Script: cd /uniongas/InputFiles
. 2023-11-20 08:00:47.690 Cached directory change via "/uniongas/InputFiles" to "/uniongas/InputFiles".
. 2023-11-20 08:00:47.690 Getting current directory name.
< 2023-11-20 08:00:47.690 Script: /uniongas/InputFiles
> 2023-11-20 08:00:47.690 Script: ls
. 2023-11-20 08:00:47.690 Listing directory "/uniongas/InputFiles".
> 2023-11-20 08:00:47.690 Type: SSH_FXP_OPENDIR, Size: 29, Number: 267
< 2023-11-20 08:00:47.721 Type: SSH_FXP_HANDLE, Size: 13, Number: 267
> 2023-11-20 08:00:47.721 Type: SSH_FXP_READDIR, Size: 13, Number: 524
< 2023-11-20 08:00:47.768 Type: SSH_FXP_NAME, Size: 607, Number: 524
> 2023-11-20 08:00:47.768 Type: SSH_FXP_READDIR, Size: 13, Number: 780
< 2023-11-20 08:00:47.799 Type: SSH_FXP_STATUS, Size: 28, Number: 780
< 2023-11-20 08:00:47.799 Status code: 1
> 2023-11-20 08:00:47.799 Type: SSH_FXP_CLOSE, Size: 13, Number: 1028
. 2023-11-20 08:00:47.799 .;d;0;2023-11-20T07:00:44.000Z;4;"760" [760];"768" [768];rwxrwx---;0
. 2023-11-20 08:00:47.799 ..;d;0;2023-06-21T14:45:19.000Z;4;"760" [760];"768" [768];rwxrwx---;0
. 2023-11-20 08:00:47.799 switchin_231120.csv;-;391685;2023-11-20T08:00:10.000Z;4;"760" [760];"753" [753];rw-r--r--;0
. 2023-11-20 08:00:47.799 subentro_231120.csv;-;325275;2023-11-20T08:00:01.000Z;4;"760" [760];"753" [753];rw-r--r--;0
. 2023-11-20 08:00:47.799 voltura_231120.csv;-;49036;2023-11-20T08:00:18.000Z;4;"760" [760];"753" [753];rw-r--r--;0
< 2023-11-20 08:00:47.799 Script: drwxrwx---   2 760      768           4096 Nov 20  8:00:44 2023 .
< 2023-11-20 08:00:47.799 Script: drwxrwx---   5 760      768           4096 Jun 21 16:45:19 2023 ..
< 2023-11-20 08:00:47.799 Script: -rw-r--r--   1 760      753         391685 Nov 20  9:00:10 2023 switchin_231120.csv
< 2023-11-20 08:00:47.799 Script: -rw-r--r--   1 760      753         325275 Nov 20  9:00:01 2023 subentro_231120.csv
< 2023-11-20 08:00:47.799 Script: -rw-r--r--   1 760      753          49036 Nov 20  9:00:18 2023 voltura_231120.csv
> 2023-11-20 08:00:47.799 Script: close
. 2023-11-20 08:00:47.799 Closing connection.
. 2023-11-20 08:00:47.799 Sending special code: 1
. 2023-11-20 08:00:47.877 Session sent command exit status 0
. 2023-11-20 08:00:47.877 Main session channel closed
. 2023-11-20 08:00:47.877 All channels closed
