. 2023-10-23 08:01:04.863 --------------------------------------------------------------------------
. 2023-10-23 08:01:04.863 WinSCP Versione 6.1.1 (Build 13736 2023-06-21) (OS 10.0.17763 – Windows Server 2019 Standard)
. 2023-10-23 08:01:04.863 Configuration: HKCU\Software\Martin Prikryl\WinSCP 2\
. 2023-10-23 08:01:04.863 Log level: Normal
. 2023-10-23 08:01:04.863 Local account: DB-BI\Administrator
. 2023-10-23 08:01:04.863 Working directory: C:\Windows\system32
. 2023-10-23 08:01:04.863 Process ID: 8140
. 2023-10-23 08:01:04.863 Ancestor processes: cmd, ...
. 2023-10-23 08:01:04.863 Command-line: "C:\Program Files (x86)\WinSCP\WinSCP.exe"  /log="C:\VOC\log.log" /command "open sftp://uniongas:***@sftp.sandsiv.com -hostkey=*"     "lcd C:\VOC\download"     "cd /uniongas/InputFiles"     "put *"     "close"     "exit"
. 2023-10-23 08:01:04.863 Time zone: Current: GMT+2, Standard: GMT+1 (ora solare Europa occidentale), DST: GMT+2 (ora legale Europa occidentale), DST Start: 26/03/2023, DST End: 29/10/2023
. 2023-10-23 08:01:04.863 Login time: lunedì 23 ottobre 2023 08:01:04
. 2023-10-23 08:01:04.863 --------------------------------------------------------------------------
. 2023-10-23 08:01:04.863 Script: Retrospectively logging previous script records:
> 2023-10-23 08:01:04.863 Script: open sftp://uniongas:***@sftp.sandsiv.com -hostkey=*
. 2023-10-23 08:01:04.863 --------------------------------------------------------------------------
. 2023-10-23 08:01:04.863 Session name: uniongas@sftp.sandsiv.com (Ad-Hoc site)
. 2023-10-23 08:01:04.863 Host name: sftp.sandsiv.com (Port: 22)
. 2023-10-23 08:01:04.863 User name: uniongas (Password: Yes, Key file: No, Passphrase: No)
. 2023-10-23 08:01:04.863 Tunnel: No
. 2023-10-23 08:01:04.863 Transfer Protocol: SFTP
. 2023-10-23 08:01:04.863 Ping type: Off, Ping interval: 30 sec; Timeout: 15 sec
. 2023-10-23 08:01:04.863 Disable Nagle: No
. 2023-10-23 08:01:04.863 Proxy: None
. 2023-10-23 08:01:04.863 Send buffer: 262144
. 2023-10-23 08:01:04.863 Compression: No
. 2023-10-23 08:01:04.863 Bypass authentication: No
. 2023-10-23 08:01:04.863 Try agent: Yes; Agent forwarding: No; KI: Yes; GSSAPI: Yes
. 2023-10-23 08:01:04.863 GSSAPI: KEX: No; Forwarding: No; Libs: gssapi32,sspi,custom; Custom: 
. 2023-10-23 08:01:04.863 Ciphers: aes,chacha20,aesgcm,3des,WARN,des,blowfish,arcfour; Ssh2DES: No
. 2023-10-23 08:01:04.863 KEX: ntru-curve25519,ecdh,dh-gex-sha1,dh-group18-sha512,dh-group17-sha512,dh-group16-sha512,dh-group15-sha512,dh-group14-sha1,rsa,WARN,dh-group1-sha1
. 2023-10-23 08:01:04.863 SSH Bugs: Auto,Auto,Auto,Auto,Auto,Auto,Auto,Auto,Auto,Auto
. 2023-10-23 08:01:04.863 Simple channel: Yes
. 2023-10-23 08:01:04.863 Return code variable: Autodetect; Lookup user groups: Auto
. 2023-10-23 08:01:04.863 Shell: default
. 2023-10-23 08:01:04.863 EOL: LF, UTF: Auto
. 2023-10-23 08:01:04.863 Clear aliases: Yes, Unset nat.vars: Yes, Resolve symlinks: Yes; Follow directory symlinks: No
. 2023-10-23 08:01:04.863 LS: ls -la, Ign LS warn: Yes, Scp1 Comp: No; Exit code 1 is error: No
. 2023-10-23 08:01:04.863 SFTP Bugs: Auto,Auto
. 2023-10-23 08:01:04.863 SFTP Server: default
. 2023-10-23 08:01:04.863 Local directory: default, Remote directory: home, Update: Yes, Cache: Yes
. 2023-10-23 08:01:04.863 Cache directory changes: Yes, Permanent: Yes
. 2023-10-23 08:01:04.863 Recycle bin: Delete to: No, Overwritten to: No, Bin path: 
. 2023-10-23 08:01:04.863 DST mode: Unix
. 2023-10-23 08:01:04.863 --------------------------------------------------------------------------
< 2023-10-23 08:01:04.863 Script: Ricerca host ...
. 2023-10-23 08:01:04.863 Looking up host "sftp.sandsiv.com" for SSH connection
. 2023-10-23 08:01:04.957 Connecting to 77.109.144.51 port 22
. 2023-10-23 08:01:05.004 Connected to 77.109.144.51
< 2023-10-23 08:01:05.004 Script: Connessione host ...
. 2023-10-23 08:01:05.004 We claim version: SSH-2.0-WinSCP_release_6.1.1
. 2023-10-23 08:01:05.004 Connected to 77.109.144.51
. 2023-10-23 08:01:05.066 Remote version: SSH-2.0-OpenSSH_5.3
. 2023-10-23 08:01:05.066 We believe remote version has SSH-2 channel request bug
. 2023-10-23 08:01:05.066 Using SSH protocol version 2
. 2023-10-23 08:01:05.144 Doing Diffie-Hellman group exchange
. 2023-10-23 08:01:05.191 Doing Diffie-Hellman key exchange using 4096-bit modulus and hash SHA-256 with a server-supplied group
. 2023-10-23 08:01:07.869 Server also has ssh-dss host key, but we don't know it
. 2023-10-23 08:01:07.869 Host key fingerprint is:
. 2023-10-23 08:01:07.869 ssh-rsa 2048 SHA256:eelF88eFuOlODwKGUpnnqatJdFSTRhBSqEJAos67GqQ
< 2023-10-23 08:01:07.869 Script: Autenticazione ...
< 2023-10-23 08:01:07.869 Script: ATTENZIONE! Stai rinunciando alla sicurezza e accettando ogni chiave come configurato!
* 2023-10-23 08:01:07.869 ATTENZIONE! Stai rinunciando alla sicurezza e accettando ogni chiave come configurato!
. 2023-10-23 08:01:07.885 Initialised AES-256 SDCTR (unaccelerated) [aes256-ctr] outbound encryption
. 2023-10-23 08:01:07.885 Initialised HMAC-SHA-256 outbound MAC algorithm
. 2023-10-23 08:01:07.885 Initialised AES-256 SDCTR (unaccelerated) [aes256-ctr] inbound encryption
. 2023-10-23 08:01:07.885 Initialised HMAC-SHA-256 inbound MAC algorithm
! 2023-10-23 08:01:07.947 Using username "uniongas".
< 2023-10-23 08:01:07.947 Script: Usa nome utente "uniongas".
. 2023-10-23 08:01:08.010 Server offered these authentication methods: publickey,gssapi-keyex,gssapi-with-mic,password
. 2023-10-23 08:01:08.010 Using SSPI from SECUR32.DLL
. 2023-10-23 08:01:08.010 Trying gssapi-with-mic...
. 2023-10-23 08:01:08.010 Attempting GSSAPI authentication
. 2023-10-23 08:01:08.072 GSSAPI authentication request refused
. 2023-10-23 08:01:08.072 Server offered these authentication methods: publickey,gssapi-keyex,gssapi-with-mic,password
. 2023-10-23 08:01:08.072 Prompt (password, "SSH password", <no instructions>, "&Password: ")
. 2023-10-23 08:01:08.072 Using stored password.
< 2023-10-23 08:01:08.072 Script: Autenticazione con password preimpostata
. 2023-10-23 08:01:08.072 Sent password
. 2023-10-23 08:01:08.166 Access granted
. 2023-10-23 08:01:08.166 Opening main session channel
. 2023-10-23 08:01:08.322 Opened main channel
. 2023-10-23 08:01:08.369 Started a shell/command
< 2023-10-23 08:01:08.369 Script: Autenticato.
. 2023-10-23 08:01:08.369 --------------------------------------------------------------------------
. 2023-10-23 08:01:08.369 Using SFTP protocol.
. 2023-10-23 08:01:08.369 Doing startup conversation with host.
< 2023-10-23 08:01:08.369 Script: Avvio sessione ...
> 2023-10-23 08:01:08.369 Type: SSH_FXP_INIT, Size: 5, Number: -1
< 2023-10-23 08:01:08.416 Type: SSH_FXP_VERSION, Size: 95, Number: -1
. 2023-10-23 08:01:08.416 SFTP version 3 negotiated.
. 2023-10-23 08:01:08.416 Unknown server extension posix-rename@openssh.com="1"
. 2023-10-23 08:01:08.416 Supports statvfs@openssh.com extension version 2
. 2023-10-23 08:01:08.416 Unknown server extension fstatvfs@openssh.com="2"
. 2023-10-23 08:01:08.416 We believe the server has signed timestamps bug
. 2023-10-23 08:01:08.416 We will use UTF-8 strings until server sends an invalid UTF-8 string as with SFTP version 3 and older UTF-8 strings are not mandatory
. 2023-10-23 08:01:08.416 Limiting packet size to OpenSSH sftp-server limit of 262148 bytes
. 2023-10-23 08:01:08.416 Getting current directory name.
. 2023-10-23 08:01:08.416 Getting real path for '.'
> 2023-10-23 08:01:08.416 Type: SSH_FXP_REALPATH, Size: 10, Number: 16
< 2023-10-23 08:01:08.463 Type: SSH_FXP_NAME, Size: 39, Number: 16
. 2023-10-23 08:01:08.463 Real path is '/uniongas'
. 2023-10-23 08:01:08.463 Startup conversation with host finished.
< 2023-10-23 08:01:08.463 Script: Sessione avviata.
< 2023-10-23 08:01:08.463 Script: Sessione attiva: [1] uniongas@sftp.sandsiv.com
> 2023-10-23 08:01:08.463 Script: lcd C:\VOC\download
< 2023-10-23 08:01:08.463 Script: C:\VOC\download
> 2023-10-23 08:01:08.463 Script: cd /uniongas/InputFiles
. 2023-10-23 08:01:08.463 Cached directory change via "/uniongas/InputFiles" to "/uniongas/InputFiles".
. 2023-10-23 08:01:08.463 Getting current directory name.
< 2023-10-23 08:01:08.463 Script: /uniongas/InputFiles
> 2023-10-23 08:01:08.463 Script: put *
. 2023-10-23 08:01:08.478 Copying 3 files/directories to remote directory "/uniongas/InputFiles" - total size: 120.713
. 2023-10-23 08:01:08.478   PrTime: Yes; PrRO: No; Rght: rw-r--r--; PrR: No (No); FnCs: N; RIC: 0100; Resume: S (102400); CalcS: No; Mask: 
. 2023-10-23 08:01:08.478   TM: B; ClAr: No; RemEOF: No; RemBOM: No; CPS: 0; NewerOnly: No; EncryptNewFiles: Yes; ExcludeHiddenFiles: No; ExcludeEmptyDirectories: No; InclM: ; ResumeL: 0
. 2023-10-23 08:01:08.478   AscM: *.*html; *.htm; *.txt; *.php; *.php3; *.cgi; *.c; *.cpp; *.h; *.pas; *.bas; *.tex; *.pl; *.js; .htaccess; *.xtml; *.css; *.cfg; *.ini; *.sh; *.xml
. 2023-10-23 08:01:08.478 File: 'subentro_231023.csv' [2023-10-23T08:00:01.000Z] [22567]
. 2023-10-23 08:01:08.478 Copying "subentro_231023.csv" to remote directory started.
. 2023-10-23 08:01:08.478 Binary transfer mode selected.
. 2023-10-23 08:01:08.478 Opening remote file.
> 2023-10-23 08:01:08.478 Type: SSH_FXP_OPEN, Size: 65, Number: 259
< 2023-10-23 08:01:08.557 Type: SSH_FXP_HANDLE, Size: 13, Number: 259
> 2023-10-23 08:01:08.557 Type: SSH_FXP_WRITE, Size: 22592, Number: 774
> 2023-10-23 08:01:08.557 Type: SSH_FXP_CLOSE, Size: 13, Number: 1028
> 2023-10-23 08:01:08.557 Type: SSH_FXP_SETSTAT, Size: 61, Number: 521
< 2023-10-23 08:01:08.650 Type: SSH_FXP_STATUS, Size: 24, Number: 774
< 2023-10-23 08:01:08.650 Status code: 0
< 2023-10-23 08:01:08.666 Type: SSH_FXP_STATUS, Size: 24, Number: 1028
< 2023-10-23 08:01:08.666 Status code: 0
. 2023-10-23 08:01:08.666 Preserving timestamp [2023-10-23T08:00:01.000Z]
< 2023-10-23 08:01:08.682 Type: SSH_FXP_STATUS, Size: 24, Number: 521
< 2023-10-23 08:01:08.682 Status code: 0
. 2023-10-23 08:01:08.682 Transfer done: 'subentro_231023.csv' => '/uniongas/InputFiles/subentro_231023.csv' [22567]
. 2023-10-23 08:01:08.682 File: 'switchin_231023.csv' [2023-10-23T08:00:19.000Z] [96600]
. 2023-10-23 08:01:08.682 Copying "switchin_231023.csv" to remote directory started.
. 2023-10-23 08:01:08.682 Binary transfer mode selected.
. 2023-10-23 08:01:08.682 Opening remote file.
> 2023-10-23 08:01:08.682 Type: SSH_FXP_OPEN, Size: 65, Number: 1283
< 2023-10-23 08:01:08.744 Type: SSH_FXP_HANDLE, Size: 13, Number: 1283
> 2023-10-23 08:01:08.744 Type: SSH_FXP_WRITE, Size: 32761, Number: 1798
. 2023-10-23 08:01:08.744 Skipped 2 SSH_FXP_WRITE packets
> 2023-10-23 08:01:08.744 Type: SSH_FXP_CLOSE, Size: 13, Number: 2564
> 2023-10-23 08:01:08.744 Type: SSH_FXP_SETSTAT, Size: 61, Number: 1545
< 2023-10-23 08:01:08.792 Type: SSH_FXP_STATUS, Size: 24, Number: 1798
< 2023-10-23 08:01:08.792 Status code: 0
. 2023-10-23 08:01:08.887 Skipped 2 SSH_FXP_STATUS packets
< 2023-10-23 08:01:08.887 Type: SSH_FXP_STATUS, Size: 24, Number: 2564
< 2023-10-23 08:01:08.887 Status code: 0
. 2023-10-23 08:01:08.887 Preserving timestamp [2023-10-23T08:00:19.000Z]
< 2023-10-23 08:01:08.902 Type: SSH_FXP_STATUS, Size: 24, Number: 1545
< 2023-10-23 08:01:08.902 Status code: 0
. 2023-10-23 08:01:08.902 Transfer done: 'switchin_231023.csv' => '/uniongas/InputFiles/switchin_231023.csv' [96600]
. 2023-10-23 08:01:08.902 File: 'voltura_231023.csv' [2023-10-23T08:00:35.000Z] [1546]
. 2023-10-23 08:01:08.902 Copying "voltura_231023.csv" to remote directory started.
. 2023-10-23 08:01:08.902 Binary transfer mode selected.
. 2023-10-23 08:01:08.902 Opening remote file.
> 2023-10-23 08:01:08.902 Type: SSH_FXP_OPEN, Size: 64, Number: 2819
< 2023-10-23 08:01:08.965 Type: SSH_FXP_HANDLE, Size: 13, Number: 2819
> 2023-10-23 08:01:08.965 Type: SSH_FXP_WRITE, Size: 1571, Number: 3334
> 2023-10-23 08:01:08.965 Type: SSH_FXP_CLOSE, Size: 13, Number: 3588
> 2023-10-23 08:01:08.965 Type: SSH_FXP_SETSTAT, Size: 60, Number: 3081
< 2023-10-23 08:01:09.012 Type: SSH_FXP_STATUS, Size: 24, Number: 3334
< 2023-10-23 08:01:09.012 Status code: 0
< 2023-10-23 08:01:09.027 Type: SSH_FXP_STATUS, Size: 24, Number: 3588
< 2023-10-23 08:01:09.027 Status code: 0
. 2023-10-23 08:01:09.027 Preserving timestamp [2023-10-23T08:00:35.000Z]
< 2023-10-23 08:01:09.074 Type: SSH_FXP_STATUS, Size: 24, Number: 3081
< 2023-10-23 08:01:09.074 Status code: 0
. 2023-10-23 08:01:09.074 Transfer done: 'voltura_231023.csv' => '/uniongas/InputFiles/voltura_231023.csv' [1546]
. 2023-10-23 08:01:09.074 Copying finished: Transferred: 120.713, Elapsed: 0:00:00, CPS: 202.538/s
> 2023-10-23 08:01:09.074 Script: close
. 2023-10-23 08:01:09.074 Closing connection.
. 2023-10-23 08:01:09.074 Sending special code: 1
. 2023-10-23 08:01:09.121 Session sent command exit status 0
. 2023-10-23 08:01:09.121 Main session channel closed
. 2023-10-23 08:01:09.121 All channels closed
. 2023-10-23 08:01:09.246 --------------------------------------------------------------------------
. 2023-10-23 08:01:09.262 WinSCP Versione 6.1.1 (Build 13736 2023-06-21) (OS 10.0.17763 – Windows Server 2019 Standard)
. 2023-10-23 08:01:09.262 Configuration: HKCU\Software\Martin Prikryl\WinSCP 2\
. 2023-10-23 08:01:09.262 Log level: Normal
. 2023-10-23 08:01:09.262 Local account: DB-BI\Administrator
. 2023-10-23 08:01:09.262 Working directory: C:\Windows\system32
. 2023-10-23 08:01:09.262 Process ID: 4108
. 2023-10-23 08:01:09.262 Ancestor processes: cmd, ...
. 2023-10-23 08:01:09.262 Command-line: "C:\Program Files (x86)\WinSCP\WinSCP.exe"  /log="C:\VOC\log.log" /command "open sftp://uniongas:***@sftp.sandsiv.com -hostkey=*" 	"cd /uniongas/InputFiles"     "ls" 	"close"     "exit"
. 2023-10-23 08:01:09.262 Time zone: Current: GMT+2, Standard: GMT+1 (ora solare Europa occidentale), DST: GMT+2 (ora legale Europa occidentale), DST Start: 26/03/2023, DST End: 29/10/2023
. 2023-10-23 08:01:09.262 Login time: lunedì 23 ottobre 2023 08:01:09
. 2023-10-23 08:01:09.262 --------------------------------------------------------------------------
. 2023-10-23 08:01:09.262 Script: Retrospectively logging previous script records:
> 2023-10-23 08:01:09.262 Script: open sftp://uniongas:***@sftp.sandsiv.com -hostkey=*
. 2023-10-23 08:01:09.262 --------------------------------------------------------------------------
. 2023-10-23 08:01:09.262 Session name: uniongas@sftp.sandsiv.com (Ad-Hoc site)
. 2023-10-23 08:01:09.262 Host name: sftp.sandsiv.com (Port: 22)
. 2023-10-23 08:01:09.262 User name: uniongas (Password: Yes, Key file: No, Passphrase: No)
. 2023-10-23 08:01:09.262 Tunnel: No
. 2023-10-23 08:01:09.262 Transfer Protocol: SFTP
. 2023-10-23 08:01:09.262 Ping type: Off, Ping interval: 30 sec; Timeout: 15 sec
. 2023-10-23 08:01:09.262 Disable Nagle: No
. 2023-10-23 08:01:09.262 Proxy: None
. 2023-10-23 08:01:09.262 Send buffer: 262144
. 2023-10-23 08:01:09.262 Compression: No
. 2023-10-23 08:01:09.262 Bypass authentication: No
. 2023-10-23 08:01:09.262 Try agent: Yes; Agent forwarding: No; KI: Yes; GSSAPI: Yes
. 2023-10-23 08:01:09.262 GSSAPI: KEX: No; Forwarding: No; Libs: gssapi32,sspi,custom; Custom: 
. 2023-10-23 08:01:09.262 Ciphers: aes,chacha20,aesgcm,3des,WARN,des,blowfish,arcfour; Ssh2DES: No
. 2023-10-23 08:01:09.262 KEX: ntru-curve25519,ecdh,dh-gex-sha1,dh-group18-sha512,dh-group17-sha512,dh-group16-sha512,dh-group15-sha512,dh-group14-sha1,rsa,WARN,dh-group1-sha1
. 2023-10-23 08:01:09.262 SSH Bugs: Auto,Auto,Auto,Auto,Auto,Auto,Auto,Auto,Auto,Auto
. 2023-10-23 08:01:09.262 Simple channel: Yes
. 2023-10-23 08:01:09.262 Return code variable: Autodetect; Lookup user groups: Auto
. 2023-10-23 08:01:09.262 Shell: default
. 2023-10-23 08:01:09.262 EOL: LF, UTF: Auto
. 2023-10-23 08:01:09.262 Clear aliases: Yes, Unset nat.vars: Yes, Resolve symlinks: Yes; Follow directory symlinks: No
. 2023-10-23 08:01:09.262 LS: ls -la, Ign LS warn: Yes, Scp1 Comp: No; Exit code 1 is error: No
. 2023-10-23 08:01:09.262 SFTP Bugs: Auto,Auto
. 2023-10-23 08:01:09.262 SFTP Server: default
. 2023-10-23 08:01:09.262 Local directory: default, Remote directory: home, Update: Yes, Cache: Yes
. 2023-10-23 08:01:09.262 Cache directory changes: Yes, Permanent: Yes
. 2023-10-23 08:01:09.262 Recycle bin: Delete to: No, Overwritten to: No, Bin path: 
. 2023-10-23 08:01:09.262 DST mode: Unix
. 2023-10-23 08:01:09.262 --------------------------------------------------------------------------
< 2023-10-23 08:01:09.262 Script: Ricerca host ...
. 2023-10-23 08:01:09.262 Looking up host "sftp.sandsiv.com" for SSH connection
. 2023-10-23 08:01:09.262 Connecting to 77.109.144.51 port 22
. 2023-10-23 08:01:09.309 Connected to 77.109.144.51
< 2023-10-23 08:01:09.309 Script: Connessione host ...
. 2023-10-23 08:01:09.309 We claim version: SSH-2.0-WinSCP_release_6.1.1
. 2023-10-23 08:01:09.309 Connected to 77.109.144.51
. 2023-10-23 08:01:09.371 Remote version: SSH-2.0-OpenSSH_5.3
. 2023-10-23 08:01:09.371 We believe remote version has SSH-2 channel request bug
. 2023-10-23 08:01:09.371 Using SSH protocol version 2
. 2023-10-23 08:01:09.418 Doing Diffie-Hellman group exchange
. 2023-10-23 08:01:09.465 Doing Diffie-Hellman key exchange using 4096-bit modulus and hash SHA-256 with a server-supplied group
. 2023-10-23 08:01:11.836 Server also has ssh-dss host key, but we don't know it
. 2023-10-23 08:01:11.836 Host key fingerprint is:
. 2023-10-23 08:01:11.836 ssh-rsa 2048 SHA256:eelF88eFuOlODwKGUpnnqatJdFSTRhBSqEJAos67GqQ
< 2023-10-23 08:01:11.836 Script: Autenticazione ...
< 2023-10-23 08:01:11.836 Script: ATTENZIONE! Stai rinunciando alla sicurezza e accettando ogni chiave come configurato!
* 2023-10-23 08:01:11.836 ATTENZIONE! Stai rinunciando alla sicurezza e accettando ogni chiave come configurato!
. 2023-10-23 08:01:11.836 Initialised AES-256 SDCTR (unaccelerated) [aes256-ctr] outbound encryption
. 2023-10-23 08:01:11.836 Initialised HMAC-SHA-256 outbound MAC algorithm
. 2023-10-23 08:01:11.836 Initialised AES-256 SDCTR (unaccelerated) [aes256-ctr] inbound encryption
. 2023-10-23 08:01:11.836 Initialised HMAC-SHA-256 inbound MAC algorithm
! 2023-10-23 08:01:11.883 Using username "uniongas".
< 2023-10-23 08:01:11.883 Script: Usa nome utente "uniongas".
. 2023-10-23 08:01:11.930 Server offered these authentication methods: publickey,gssapi-keyex,gssapi-with-mic,password
. 2023-10-23 08:01:11.930 Using SSPI from SECUR32.DLL
. 2023-10-23 08:01:11.930 Trying gssapi-with-mic...
. 2023-10-23 08:01:11.930 Attempting GSSAPI authentication
. 2023-10-23 08:01:11.977 GSSAPI authentication request refused
. 2023-10-23 08:01:11.977 Server offered these authentication methods: publickey,gssapi-keyex,gssapi-with-mic,password
. 2023-10-23 08:01:11.977 Prompt (password, "SSH password", <no instructions>, "&Password: ")
. 2023-10-23 08:01:11.977 Using stored password.
< 2023-10-23 08:01:11.977 Script: Autenticazione con password preimpostata
. 2023-10-23 08:01:11.977 Sent password
. 2023-10-23 08:01:12.055 Access granted
. 2023-10-23 08:01:12.055 Opening main session channel
. 2023-10-23 08:01:12.219 Opened main channel
. 2023-10-23 08:01:12.258 Started a shell/command
< 2023-10-23 08:01:12.258 Script: Autenticato.
. 2023-10-23 08:01:12.258 --------------------------------------------------------------------------
. 2023-10-23 08:01:12.258 Using SFTP protocol.
. 2023-10-23 08:01:12.258 Doing startup conversation with host.
< 2023-10-23 08:01:12.258 Script: Avvio sessione ...
> 2023-10-23 08:01:12.258 Type: SSH_FXP_INIT, Size: 5, Number: -1
< 2023-10-23 08:01:12.305 Type: SSH_FXP_VERSION, Size: 95, Number: -1
. 2023-10-23 08:01:12.305 SFTP version 3 negotiated.
. 2023-10-23 08:01:12.305 Unknown server extension posix-rename@openssh.com="1"
. 2023-10-23 08:01:12.305 Supports statvfs@openssh.com extension version 2
. 2023-10-23 08:01:12.305 Unknown server extension fstatvfs@openssh.com="2"
. 2023-10-23 08:01:12.305 We believe the server has signed timestamps bug
. 2023-10-23 08:01:12.305 We will use UTF-8 strings until server sends an invalid UTF-8 string as with SFTP version 3 and older UTF-8 strings are not mandatory
. 2023-10-23 08:01:12.305 Limiting packet size to OpenSSH sftp-server limit of 262148 bytes
. 2023-10-23 08:01:12.305 Getting current directory name.
. 2023-10-23 08:01:12.305 Getting real path for '.'
> 2023-10-23 08:01:12.305 Type: SSH_FXP_REALPATH, Size: 10, Number: 16
< 2023-10-23 08:01:12.352 Type: SSH_FXP_NAME, Size: 39, Number: 16
. 2023-10-23 08:01:12.352 Real path is '/uniongas'
. 2023-10-23 08:01:12.352 Startup conversation with host finished.
< 2023-10-23 08:01:12.352 Script: Sessione avviata.
< 2023-10-23 08:01:12.352 Script: Sessione attiva: [1] uniongas@sftp.sandsiv.com
> 2023-10-23 08:01:12.352 Script: cd /uniongas/InputFiles
. 2023-10-23 08:01:12.352 Cached directory change via "/uniongas/InputFiles" to "/uniongas/InputFiles".
. 2023-10-23 08:01:12.352 Getting current directory name.
< 2023-10-23 08:01:12.352 Script: /uniongas/InputFiles
> 2023-10-23 08:01:12.352 Script: ls
. 2023-10-23 08:01:12.352 Listing directory "/uniongas/InputFiles".
> 2023-10-23 08:01:12.352 Type: SSH_FXP_OPENDIR, Size: 29, Number: 267
< 2023-10-23 08:01:12.414 Type: SSH_FXP_HANDLE, Size: 13, Number: 267
> 2023-10-23 08:01:12.414 Type: SSH_FXP_READDIR, Size: 13, Number: 524
< 2023-10-23 08:01:12.462 Type: SSH_FXP_NAME, Size: 607, Number: 524
> 2023-10-23 08:01:12.462 Type: SSH_FXP_READDIR, Size: 13, Number: 780
< 2023-10-23 08:01:12.510 Type: SSH_FXP_STATUS, Size: 28, Number: 780
< 2023-10-23 08:01:12.510 Status code: 1
> 2023-10-23 08:01:12.510 Type: SSH_FXP_CLOSE, Size: 13, Number: 1028
. 2023-10-23 08:01:12.510 .;d;0;2023-10-23T06:01:08.000Z;4;"760" [760];"768" [768];rwxrwx---;0
. 2023-10-23 08:01:12.510 ..;d;0;2023-06-21T14:45:19.000Z;4;"760" [760];"768" [768];rwxrwx---;0
. 2023-10-23 08:01:12.510 voltura_231023.csv;-;1546;2023-10-23T08:00:35.000Z;4;"760" [760];"753" [753];rw-r--r--;0
. 2023-10-23 08:01:12.510 subentro_231023.csv;-;22567;2023-10-23T08:00:01.000Z;4;"760" [760];"753" [753];rw-r--r--;0
. 2023-10-23 08:01:12.510 switchin_231023.csv;-;96600;2023-10-23T08:00:19.000Z;4;"760" [760];"753" [753];rw-r--r--;0
< 2023-10-23 08:01:12.510 Script: drwxrwx---   2 760      768           4096 Oct 23  8:01:08 2023 .
< 2023-10-23 08:01:12.510 Script: drwxrwx---   5 760      768           4096 Jun 21 16:45:19 2023 ..
< 2023-10-23 08:01:12.510 Script: -rw-r--r--   1 760      753           1546 Oct 23 10:00:35 2023 voltura_231023.csv
< 2023-10-23 08:01:12.524 Script: -rw-r--r--   1 760      753          22567 Oct 23 10:00:01 2023 subentro_231023.csv
< 2023-10-23 08:01:12.524 Script: -rw-r--r--   1 760      753          96600 Oct 23 10:00:19 2023 switchin_231023.csv
> 2023-10-23 08:01:12.524 Script: close
. 2023-10-23 08:01:12.524 Closing connection.
. 2023-10-23 08:01:12.524 Sending special code: 1
. 2023-10-23 08:01:12.602 Session sent command exit status 0
. 2023-10-23 08:01:12.602 Main session channel closed
. 2023-10-23 08:01:12.602 All channels closed
