. 2024-04-01 08:06:31.607 --------------------------------------------------------------------------
. 2024-04-01 08:06:31.607 WinSCP Versione 6.1.1 (Build 13736 2023-06-21) (OS 10.0.17763 – Windows Server 2019 Standard)
. 2024-04-01 08:06:31.607 Configuration: HKCU\Software\Martin Prikryl\WinSCP 2\
. 2024-04-01 08:06:31.607 Log level: Normal
. 2024-04-01 08:06:31.607 Local account: DB-BI\Administrator
. 2024-04-01 08:06:31.607 Working directory: C:\Windows\system32
. 2024-04-01 08:06:31.607 Process ID: 3452
. 2024-04-01 08:06:31.607 Ancestor processes: cmd, ...
. 2024-04-01 08:06:31.607 Command-line: "C:\Program Files (x86)\WinSCP\WinSCP.exe"  /log="C:\VOC\log.log" /command "open sftp://uniongas:***@sftp.sandsiv.com -hostkey=*"     "lcd C:\VOC\download"     "cd /uniongas/InputFiles"     "put *"     "close"     "exit"
. 2024-04-01 08:06:31.607 Time zone: Current: GMT+2, Standard: GMT+1 (ora solare Europa occidentale), DST: GMT+2 (ora legale Europa occidentale), DST Start: 31/03/2024, DST End: 27/10/2024
. 2024-04-01 08:06:31.607 Login time: lunedì 1 aprile 2024 08:06:31
. 2024-04-01 08:06:31.607 --------------------------------------------------------------------------
. 2024-04-01 08:06:31.607 Script: Retrospectively logging previous script records:
> 2024-04-01 08:06:31.607 Script: open sftp://uniongas:***@sftp.sandsiv.com -hostkey=*
. 2024-04-01 08:06:31.607 --------------------------------------------------------------------------
. 2024-04-01 08:06:31.607 Session name: uniongas@sftp.sandsiv.com (Ad-Hoc site)
. 2024-04-01 08:06:31.607 Host name: sftp.sandsiv.com (Port: 22)
. 2024-04-01 08:06:31.607 User name: uniongas (Password: Yes, Key file: No, Passphrase: No)
. 2024-04-01 08:06:31.607 Tunnel: No
. 2024-04-01 08:06:31.607 Transfer Protocol: SFTP
. 2024-04-01 08:06:31.607 Ping type: Off, Ping interval: 30 sec; Timeout: 15 sec
. 2024-04-01 08:06:31.607 Disable Nagle: No
. 2024-04-01 08:06:31.607 Proxy: None
. 2024-04-01 08:06:31.607 Send buffer: 262144
. 2024-04-01 08:06:31.607 Compression: No
. 2024-04-01 08:06:31.607 Bypass authentication: No
. 2024-04-01 08:06:31.607 Try agent: Yes; Agent forwarding: No; KI: Yes; GSSAPI: Yes
. 2024-04-01 08:06:31.607 GSSAPI: KEX: No; Forwarding: No; Libs: gssapi32,sspi,custom; Custom: 
. 2024-04-01 08:06:31.607 Ciphers: aes,chacha20,aesgcm,3des,WARN,des,blowfish,arcfour; Ssh2DES: No
. 2024-04-01 08:06:31.607 KEX: ntru-curve25519,ecdh,dh-gex-sha1,dh-group18-sha512,dh-group17-sha512,dh-group16-sha512,dh-group15-sha512,dh-group14-sha1,rsa,WARN,dh-group1-sha1
. 2024-04-01 08:06:31.607 SSH Bugs: Auto,Auto,Auto,Auto,Auto,Auto,Auto,Auto,Auto,Auto
. 2024-04-01 08:06:31.607 Simple channel: Yes
. 2024-04-01 08:06:31.607 Return code variable: Autodetect; Lookup user groups: Auto
. 2024-04-01 08:06:31.607 Shell: default
. 2024-04-01 08:06:31.607 EOL: LF, UTF: Auto
. 2024-04-01 08:06:31.607 Clear aliases: Yes, Unset nat.vars: Yes, Resolve symlinks: Yes; Follow directory symlinks: No
. 2024-04-01 08:06:31.607 LS: ls -la, Ign LS warn: Yes, Scp1 Comp: No; Exit code 1 is error: No
. 2024-04-01 08:06:31.607 SFTP Bugs: Auto,Auto
. 2024-04-01 08:06:31.607 SFTP Server: default
. 2024-04-01 08:06:31.607 Local directory: default, Remote directory: home, Update: Yes, Cache: Yes
. 2024-04-01 08:06:31.607 Cache directory changes: Yes, Permanent: Yes
. 2024-04-01 08:06:31.607 Recycle bin: Delete to: No, Overwritten to: No, Bin path: 
. 2024-04-01 08:06:31.607 DST mode: Unix
. 2024-04-01 08:06:31.607 --------------------------------------------------------------------------
< 2024-04-01 08:06:31.607 Script: Ricerca host ...
. 2024-04-01 08:06:31.607 Looking up host "sftp.sandsiv.com" for SSH connection
. 2024-04-01 08:06:31.670 Connecting to 77.109.144.51 port 22
. 2024-04-01 08:06:31.702 Connected to 77.109.144.51
< 2024-04-01 08:06:31.702 Script: Connessione host ...
. 2024-04-01 08:06:31.702 We claim version: SSH-2.0-WinSCP_release_6.1.1
. 2024-04-01 08:06:31.702 Connected to 77.109.144.51
. 2024-04-01 08:06:31.733 Remote version: SSH-2.0-OpenSSH_5.3
. 2024-04-01 08:06:31.733 We believe remote version has SSH-2 channel request bug
. 2024-04-01 08:06:31.733 Using SSH protocol version 2
. 2024-04-01 08:06:31.766 Doing Diffie-Hellman group exchange
. 2024-04-01 08:06:31.797 Doing Diffie-Hellman key exchange using 4096-bit modulus and hash SHA-256 with a server-supplied group
. 2024-04-01 08:06:34.179 Server also has ssh-dss host key, but we don't know it
. 2024-04-01 08:06:34.179 Host key fingerprint is:
. 2024-04-01 08:06:34.179 ssh-rsa 2048 SHA256:eelF88eFuOlODwKGUpnnqatJdFSTRhBSqEJAos67GqQ
< 2024-04-01 08:06:34.179 Script: Autenticazione ...
< 2024-04-01 08:06:34.179 Script: ATTENZIONE! Stai rinunciando alla sicurezza e accettando ogni chiave come configurato!
* 2024-04-01 08:06:34.179 ATTENZIONE! Stai rinunciando alla sicurezza e accettando ogni chiave come configurato!
. 2024-04-01 08:06:34.179 Initialised AES-256 SDCTR (unaccelerated) [aes256-ctr] outbound encryption
. 2024-04-01 08:06:34.179 Initialised HMAC-SHA-256 outbound MAC algorithm
. 2024-04-01 08:06:34.179 Initialised AES-256 SDCTR (unaccelerated) [aes256-ctr] inbound encryption
. 2024-04-01 08:06:34.179 Initialised HMAC-SHA-256 inbound MAC algorithm
! 2024-04-01 08:06:34.210 Using username "uniongas".
< 2024-04-01 08:06:34.210 Script: Usa nome utente "uniongas".
. 2024-04-01 08:06:34.241 Server offered these authentication methods: publickey,gssapi-keyex,gssapi-with-mic,password
. 2024-04-01 08:06:34.241 Using SSPI from SECUR32.DLL
. 2024-04-01 08:06:34.241 Trying gssapi-with-mic...
. 2024-04-01 08:06:34.241 Attempting GSSAPI authentication
. 2024-04-01 08:06:34.288 GSSAPI authentication request refused
. 2024-04-01 08:06:34.288 Server offered these authentication methods: publickey,gssapi-keyex,gssapi-with-mic,password
. 2024-04-01 08:06:34.288 Prompt (password, "SSH password", <no instructions>, "&Password: ")
. 2024-04-01 08:06:34.288 Using stored password.
< 2024-04-01 08:06:34.288 Script: Autenticazione con password preimpostata
. 2024-04-01 08:06:34.288 Sent password
. 2024-04-01 08:06:34.351 Access granted
. 2024-04-01 08:06:34.351 Opening main session channel
. 2024-04-01 08:06:34.538 Opened main channel
. 2024-04-01 08:06:34.570 Started a shell/command
< 2024-04-01 08:06:34.570 Script: Autenticato.
. 2024-04-01 08:06:34.570 --------------------------------------------------------------------------
. 2024-04-01 08:06:34.570 Using SFTP protocol.
. 2024-04-01 08:06:34.570 Doing startup conversation with host.
< 2024-04-01 08:06:34.570 Script: Avvio sessione ...
> 2024-04-01 08:06:34.570 Type: SSH_FXP_INIT, Size: 5, Number: -1
< 2024-04-01 08:06:34.601 Type: SSH_FXP_VERSION, Size: 95, Number: -1
. 2024-04-01 08:06:34.601 SFTP version 3 negotiated.
. 2024-04-01 08:06:34.601 Unknown server extension posix-rename@openssh.com="1"
. 2024-04-01 08:06:34.601 Supports statvfs@openssh.com extension version 2
. 2024-04-01 08:06:34.601 Unknown server extension fstatvfs@openssh.com="2"
. 2024-04-01 08:06:34.601 We believe the server has signed timestamps bug
. 2024-04-01 08:06:34.601 We will use UTF-8 strings until server sends an invalid UTF-8 string as with SFTP version 3 and older UTF-8 strings are not mandatory
. 2024-04-01 08:06:34.601 Limiting packet size to OpenSSH sftp-server limit of 262148 bytes
. 2024-04-01 08:06:34.601 Getting current directory name.
. 2024-04-01 08:06:34.601 Getting real path for '.'
> 2024-04-01 08:06:34.601 Type: SSH_FXP_REALPATH, Size: 10, Number: 16
< 2024-04-01 08:06:34.616 Type: SSH_FXP_NAME, Size: 39, Number: 16
. 2024-04-01 08:06:34.616 Real path is '/uniongas'
. 2024-04-01 08:06:34.616 Startup conversation with host finished.
< 2024-04-01 08:06:34.616 Script: Sessione avviata.
< 2024-04-01 08:06:34.616 Script: Sessione attiva: [1] uniongas@sftp.sandsiv.com
> 2024-04-01 08:06:34.616 Script: lcd C:\VOC\download
< 2024-04-01 08:06:34.616 Script: C:\VOC\download
> 2024-04-01 08:06:34.616 Script: cd /uniongas/InputFiles
. 2024-04-01 08:06:34.616 Cached directory change via "/uniongas/InputFiles" to "/uniongas/InputFiles".
. 2024-04-01 08:06:34.632 Getting current directory name.
< 2024-04-01 08:06:34.632 Script: /uniongas/InputFiles
> 2024-04-01 08:06:34.632 Script: put *
. 2024-04-01 08:06:34.632 Copying 3 files/directories to remote directory "/uniongas/InputFiles" - total size: 737.107
. 2024-04-01 08:06:34.632   PrTime: Yes; PrRO: No; Rght: rw-r--r--; PrR: No (No); FnCs: N; RIC: 0100; Resume: S (102400); CalcS: No; Mask: 
. 2024-04-01 08:06:34.632   TM: B; ClAr: No; RemEOF: No; RemBOM: No; CPS: 0; NewerOnly: No; EncryptNewFiles: Yes; ExcludeHiddenFiles: No; ExcludeEmptyDirectories: No; InclM: ; ResumeL: 0
. 2024-04-01 08:06:34.632   AscM: *.*html; *.htm; *.txt; *.php; *.php3; *.cgi; *.c; *.cpp; *.h; *.pas; *.bas; *.tex; *.pl; *.js; .htaccess; *.xtml; *.css; *.cfg; *.ini; *.sh; *.xml
. 2024-04-01 08:06:34.632 File: 'subentro_240401.csv' [2024-04-01T08:00:29.000Z] [328907]
. 2024-04-01 08:06:34.632 Copying "subentro_240401.csv" to remote directory started.
. 2024-04-01 08:06:34.632 Binary transfer mode selected.
. 2024-04-01 08:06:34.632 Checking existence of file.
> 2024-04-01 08:06:34.632 Type: SSH_FXP_LSTAT, Size: 49, Number: 263
< 2024-04-01 08:06:34.663 Type: SSH_FXP_STATUS, Size: 29, Number: 263
< 2024-04-01 08:06:34.663 Status code: 2
. 2024-04-01 08:06:34.663 Checking existence of partially transferred file.
> 2024-04-01 08:06:34.663 Type: SSH_FXP_LSTAT, Size: 58, Number: 519
< 2024-04-01 08:06:34.711 Type: SSH_FXP_STATUS, Size: 29, Number: 519
< 2024-04-01 08:06:34.711 Status code: 2
. 2024-04-01 08:06:34.711 Opening remote file.
> 2024-04-01 08:06:34.711 Type: SSH_FXP_OPEN, Size: 74, Number: 771
< 2024-04-01 08:06:34.758 Type: SSH_FXP_HANDLE, Size: 13, Number: 771
> 2024-04-01 08:06:34.758 Type: SSH_FXP_WRITE, Size: 32761, Number: 1286
. 2024-04-01 08:06:34.758 Skipped 10 SSH_FXP_WRITE packets
> 2024-04-01 08:06:34.758 Type: SSH_FXP_CLOSE, Size: 13, Number: 4100
< 2024-04-01 08:06:34.821 Type: SSH_FXP_STATUS, Size: 24, Number: 1286
< 2024-04-01 08:06:34.821 Status code: 0
. 2024-04-01 08:06:35.241 Skipped 10 SSH_FXP_STATUS packets
< 2024-04-01 08:06:35.241 Type: SSH_FXP_STATUS, Size: 24, Number: 4100
< 2024-04-01 08:06:35.241 Status code: 0
> 2024-04-01 08:06:35.241 Type: SSH_FXP_RENAME, Size: 102, Number: 4370
< 2024-04-01 08:06:35.288 Type: SSH_FXP_STATUS, Size: 24, Number: 4370
< 2024-04-01 08:06:35.288 Status code: 0
. 2024-04-01 08:06:35.288 Preserving timestamp [2024-04-01T08:00:29.000Z]
> 2024-04-01 08:06:35.288 Type: SSH_FXP_SETSTAT, Size: 61, Number: 1033
< 2024-04-01 08:06:35.334 Type: SSH_FXP_STATUS, Size: 24, Number: 1033
< 2024-04-01 08:06:35.334 Status code: 0
. 2024-04-01 08:06:35.334 Transfer done: 'subentro_240401.csv' => '/uniongas/InputFiles/subentro_240401.csv' [328907]
. 2024-04-01 08:06:35.334 File: 'switchin_240401.csv' [2024-04-01T08:05:25.000Z] [357663]
. 2024-04-01 08:06:35.334 Copying "switchin_240401.csv" to remote directory started.
. 2024-04-01 08:06:35.334 Binary transfer mode selected.
. 2024-04-01 08:06:35.334 Checking existence of file.
> 2024-04-01 08:06:35.334 Type: SSH_FXP_LSTAT, Size: 49, Number: 4615
< 2024-04-01 08:06:35.381 Type: SSH_FXP_STATUS, Size: 29, Number: 4615
< 2024-04-01 08:06:35.381 Status code: 2
. 2024-04-01 08:06:35.381 Checking existence of partially transferred file.
> 2024-04-01 08:06:35.381 Type: SSH_FXP_LSTAT, Size: 58, Number: 4871
< 2024-04-01 08:06:35.413 Type: SSH_FXP_STATUS, Size: 29, Number: 4871
< 2024-04-01 08:06:35.413 Status code: 2
. 2024-04-01 08:06:35.413 Opening remote file.
> 2024-04-01 08:06:35.413 Type: SSH_FXP_OPEN, Size: 74, Number: 5123
< 2024-04-01 08:06:35.444 Type: SSH_FXP_HANDLE, Size: 13, Number: 5123
> 2024-04-01 08:06:35.444 Type: SSH_FXP_WRITE, Size: 32761, Number: 5638
. 2024-04-01 08:06:35.459 Skipped 10 SSH_FXP_WRITE packets
> 2024-04-01 08:06:35.459 Type: SSH_FXP_CLOSE, Size: 13, Number: 8452
< 2024-04-01 08:06:35.491 Type: SSH_FXP_STATUS, Size: 24, Number: 5638
< 2024-04-01 08:06:35.491 Status code: 0
. 2024-04-01 08:06:36.088 Skipped 10 SSH_FXP_STATUS packets
< 2024-04-01 08:06:36.088 Type: SSH_FXP_STATUS, Size: 24, Number: 8452
< 2024-04-01 08:06:36.088 Status code: 0
> 2024-04-01 08:06:36.104 Type: SSH_FXP_RENAME, Size: 102, Number: 8722
< 2024-04-01 08:06:36.150 Type: SSH_FXP_STATUS, Size: 24, Number: 8722
< 2024-04-01 08:06:36.150 Status code: 0
. 2024-04-01 08:06:36.150 Preserving timestamp [2024-04-01T08:05:25.000Z]
> 2024-04-01 08:06:36.150 Type: SSH_FXP_SETSTAT, Size: 61, Number: 5385
< 2024-04-01 08:06:36.197 Type: SSH_FXP_STATUS, Size: 24, Number: 5385
< 2024-04-01 08:06:36.197 Status code: 0
. 2024-04-01 08:06:36.197 Transfer done: 'switchin_240401.csv' => '/uniongas/InputFiles/switchin_240401.csv' [357663]
. 2024-04-01 08:06:36.197 File: 'voltura_240401.csv' [2024-04-01T08:06:10.000Z] [50537]
. 2024-04-01 08:06:36.197 Copying "voltura_240401.csv" to remote directory started.
. 2024-04-01 08:06:36.197 Binary transfer mode selected.
. 2024-04-01 08:06:36.197 Opening remote file.
> 2024-04-01 08:06:36.197 Type: SSH_FXP_OPEN, Size: 64, Number: 8963
< 2024-04-01 08:06:36.229 Type: SSH_FXP_HANDLE, Size: 13, Number: 8963
> 2024-04-01 08:06:36.229 Type: SSH_FXP_WRITE, Size: 32761, Number: 9478
. 2024-04-01 08:06:36.229 Skipped 1 SSH_FXP_WRITE packets
> 2024-04-01 08:06:36.229 Type: SSH_FXP_CLOSE, Size: 13, Number: 9988
> 2024-04-01 08:06:36.244 Type: SSH_FXP_SETSTAT, Size: 60, Number: 9225
< 2024-04-01 08:06:36.307 Type: SSH_FXP_STATUS, Size: 24, Number: 9478
< 2024-04-01 08:06:36.307 Status code: 0
. 2024-04-01 08:06:36.338 Skipped 1 SSH_FXP_STATUS packets
< 2024-04-01 08:06:36.338 Type: SSH_FXP_STATUS, Size: 24, Number: 9988
< 2024-04-01 08:06:36.338 Status code: 0
. 2024-04-01 08:06:36.338 Preserving timestamp [2024-04-01T08:06:10.000Z]
< 2024-04-01 08:06:36.354 Type: SSH_FXP_STATUS, Size: 24, Number: 9225
< 2024-04-01 08:06:36.354 Status code: 0
. 2024-04-01 08:06:36.354 Transfer done: 'voltura_240401.csv' => '/uniongas/InputFiles/voltura_240401.csv' [50537]
. 2024-04-01 08:06:36.354 Copying finished: Transferred: 737.107, Elapsed: 0:00:01, CPS: 428.052/s
> 2024-04-01 08:06:36.354 Script: close
. 2024-04-01 08:06:36.354 Closing connection.
. 2024-04-01 08:06:36.354 Sending special code: 1
. 2024-04-01 08:06:36.385 Session sent command exit status 0
. 2024-04-01 08:06:36.385 Main session channel closed
. 2024-04-01 08:06:36.385 All channels closed
. 2024-04-01 08:06:36.525 --------------------------------------------------------------------------
. 2024-04-01 08:06:36.525 WinSCP Versione 6.1.1 (Build 13736 2023-06-21) (OS 10.0.17763 – Windows Server 2019 Standard)
. 2024-04-01 08:06:36.525 Configuration: HKCU\Software\Martin Prikryl\WinSCP 2\
. 2024-04-01 08:06:36.525 Log level: Normal
. 2024-04-01 08:06:36.525 Local account: DB-BI\Administrator
. 2024-04-01 08:06:36.525 Working directory: C:\Windows\system32
. 2024-04-01 08:06:36.525 Process ID: 9228
. 2024-04-01 08:06:36.525 Ancestor processes: cmd, ...
. 2024-04-01 08:06:36.525 Command-line: "C:\Program Files (x86)\WinSCP\WinSCP.exe"  /log="C:\VOC\log.log" /command "open sftp://uniongas:***@sftp.sandsiv.com -hostkey=*" 	"cd /uniongas/InputFiles"     "ls" 	"close"     "exit"
. 2024-04-01 08:06:36.525 Time zone: Current: GMT+2, Standard: GMT+1 (ora solare Europa occidentale), DST: GMT+2 (ora legale Europa occidentale), DST Start: 31/03/2024, DST End: 27/10/2024
. 2024-04-01 08:06:36.525 Login time: lunedì 1 aprile 2024 08:06:36
. 2024-04-01 08:06:36.525 --------------------------------------------------------------------------
. 2024-04-01 08:06:36.525 Script: Retrospectively logging previous script records:
> 2024-04-01 08:06:36.525 Script: open sftp://uniongas:***@sftp.sandsiv.com -hostkey=*
. 2024-04-01 08:06:36.525 --------------------------------------------------------------------------
. 2024-04-01 08:06:36.525 Session name: uniongas@sftp.sandsiv.com (Ad-Hoc site)
. 2024-04-01 08:06:36.525 Host name: sftp.sandsiv.com (Port: 22)
. 2024-04-01 08:06:36.525 User name: uniongas (Password: Yes, Key file: No, Passphrase: No)
. 2024-04-01 08:06:36.525 Tunnel: No
. 2024-04-01 08:06:36.525 Transfer Protocol: SFTP
. 2024-04-01 08:06:36.525 Ping type: Off, Ping interval: 30 sec; Timeout: 15 sec
. 2024-04-01 08:06:36.525 Disable Nagle: No
. 2024-04-01 08:06:36.525 Proxy: None
. 2024-04-01 08:06:36.525 Send buffer: 262144
. 2024-04-01 08:06:36.525 Compression: No
. 2024-04-01 08:06:36.525 Bypass authentication: No
. 2024-04-01 08:06:36.525 Try agent: Yes; Agent forwarding: No; KI: Yes; GSSAPI: Yes
. 2024-04-01 08:06:36.525 GSSAPI: KEX: No; Forwarding: No; Libs: gssapi32,sspi,custom; Custom: 
. 2024-04-01 08:06:36.525 Ciphers: aes,chacha20,aesgcm,3des,WARN,des,blowfish,arcfour; Ssh2DES: No
. 2024-04-01 08:06:36.525 KEX: ntru-curve25519,ecdh,dh-gex-sha1,dh-group18-sha512,dh-group17-sha512,dh-group16-sha512,dh-group15-sha512,dh-group14-sha1,rsa,WARN,dh-group1-sha1
. 2024-04-01 08:06:36.525 SSH Bugs: Auto,Auto,Auto,Auto,Auto,Auto,Auto,Auto,Auto,Auto
. 2024-04-01 08:06:36.525 Simple channel: Yes
. 2024-04-01 08:06:36.525 Return code variable: Autodetect; Lookup user groups: Auto
. 2024-04-01 08:06:36.525 Shell: default
. 2024-04-01 08:06:36.525 EOL: LF, UTF: Auto
. 2024-04-01 08:06:36.525 Clear aliases: Yes, Unset nat.vars: Yes, Resolve symlinks: Yes; Follow directory symlinks: No
. 2024-04-01 08:06:36.525 LS: ls -la, Ign LS warn: Yes, Scp1 Comp: No; Exit code 1 is error: No
. 2024-04-01 08:06:36.525 SFTP Bugs: Auto,Auto
. 2024-04-01 08:06:36.525 SFTP Server: default
. 2024-04-01 08:06:36.525 Local directory: default, Remote directory: home, Update: Yes, Cache: Yes
. 2024-04-01 08:06:36.525 Cache directory changes: Yes, Permanent: Yes
. 2024-04-01 08:06:36.525 Recycle bin: Delete to: No, Overwritten to: No, Bin path: 
. 2024-04-01 08:06:36.525 DST mode: Unix
. 2024-04-01 08:06:36.525 --------------------------------------------------------------------------
< 2024-04-01 08:06:36.525 Script: Ricerca host ...
. 2024-04-01 08:06:36.525 Looking up host "sftp.sandsiv.com" for SSH connection
. 2024-04-01 08:06:36.525 Connecting to 77.109.144.51 port 22
. 2024-04-01 08:06:36.557 Connected to 77.109.144.51
< 2024-04-01 08:06:36.557 Script: Connessione host ...
. 2024-04-01 08:06:36.557 We claim version: SSH-2.0-WinSCP_release_6.1.1
. 2024-04-01 08:06:36.557 Connected to 77.109.144.51
. 2024-04-01 08:06:36.588 Remote version: SSH-2.0-OpenSSH_5.3
. 2024-04-01 08:06:36.588 We believe remote version has SSH-2 channel request bug
. 2024-04-01 08:06:36.588 Using SSH protocol version 2
. 2024-04-01 08:06:36.619 Doing Diffie-Hellman group exchange
. 2024-04-01 08:06:36.650 Doing Diffie-Hellman key exchange using 4096-bit modulus and hash SHA-256 with a server-supplied group
. 2024-04-01 08:06:38.893 Server also has ssh-dss host key, but we don't know it
. 2024-04-01 08:06:38.893 Host key fingerprint is:
. 2024-04-01 08:06:38.893 ssh-rsa 2048 SHA256:eelF88eFuOlODwKGUpnnqatJdFSTRhBSqEJAos67GqQ
< 2024-04-01 08:06:38.893 Script: Autenticazione ...
< 2024-04-01 08:06:38.893 Script: ATTENZIONE! Stai rinunciando alla sicurezza e accettando ogni chiave come configurato!
* 2024-04-01 08:06:38.893 ATTENZIONE! Stai rinunciando alla sicurezza e accettando ogni chiave come configurato!
. 2024-04-01 08:06:38.893 Initialised AES-256 SDCTR (unaccelerated) [aes256-ctr] outbound encryption
. 2024-04-01 08:06:38.893 Initialised HMAC-SHA-256 outbound MAC algorithm
. 2024-04-01 08:06:38.893 Initialised AES-256 SDCTR (unaccelerated) [aes256-ctr] inbound encryption
. 2024-04-01 08:06:38.893 Initialised HMAC-SHA-256 inbound MAC algorithm
! 2024-04-01 08:06:38.924 Using username "uniongas".
< 2024-04-01 08:06:38.924 Script: Usa nome utente "uniongas".
. 2024-04-01 08:06:38.955 Server offered these authentication methods: publickey,gssapi-keyex,gssapi-with-mic,password
. 2024-04-01 08:06:38.955 Using SSPI from SECUR32.DLL
. 2024-04-01 08:06:38.955 Trying gssapi-with-mic...
. 2024-04-01 08:06:38.955 Attempting GSSAPI authentication
. 2024-04-01 08:06:38.987 GSSAPI authentication request refused
. 2024-04-01 08:06:38.987 Server offered these authentication methods: publickey,gssapi-keyex,gssapi-with-mic,password
. 2024-04-01 08:06:38.987 Prompt (password, "SSH password", <no instructions>, "&Password: ")
. 2024-04-01 08:06:38.987 Using stored password.
< 2024-04-01 08:06:38.987 Script: Autenticazione con password preimpostata
. 2024-04-01 08:06:38.987 Sent password
. 2024-04-01 08:06:39.049 Access granted
. 2024-04-01 08:06:39.049 Opening main session channel
. 2024-04-01 08:06:39.206 Opened main channel
. 2024-04-01 08:06:39.222 Started a shell/command
< 2024-04-01 08:06:39.222 Script: Autenticato.
. 2024-04-01 08:06:39.222 --------------------------------------------------------------------------
. 2024-04-01 08:06:39.222 Using SFTP protocol.
. 2024-04-01 08:06:39.222 Doing startup conversation with host.
< 2024-04-01 08:06:39.222 Script: Avvio sessione ...
> 2024-04-01 08:06:39.222 Type: SSH_FXP_INIT, Size: 5, Number: -1
< 2024-04-01 08:06:39.253 Type: SSH_FXP_VERSION, Size: 95, Number: -1
. 2024-04-01 08:06:39.253 SFTP version 3 negotiated.
. 2024-04-01 08:06:39.253 Unknown server extension posix-rename@openssh.com="1"
. 2024-04-01 08:06:39.253 Supports statvfs@openssh.com extension version 2
. 2024-04-01 08:06:39.253 Unknown server extension fstatvfs@openssh.com="2"
. 2024-04-01 08:06:39.253 We believe the server has signed timestamps bug
. 2024-04-01 08:06:39.253 We will use UTF-8 strings until server sends an invalid UTF-8 string as with SFTP version 3 and older UTF-8 strings are not mandatory
. 2024-04-01 08:06:39.253 Limiting packet size to OpenSSH sftp-server limit of 262148 bytes
. 2024-04-01 08:06:39.253 Getting current directory name.
. 2024-04-01 08:06:39.253 Getting real path for '.'
> 2024-04-01 08:06:39.253 Type: SSH_FXP_REALPATH, Size: 10, Number: 16
< 2024-04-01 08:06:39.284 Type: SSH_FXP_NAME, Size: 39, Number: 16
. 2024-04-01 08:06:39.284 Real path is '/uniongas'
. 2024-04-01 08:06:39.284 Startup conversation with host finished.
< 2024-04-01 08:06:39.284 Script: Sessione avviata.
< 2024-04-01 08:06:39.284 Script: Sessione attiva: [1] uniongas@sftp.sandsiv.com
> 2024-04-01 08:06:39.284 Script: cd /uniongas/InputFiles
. 2024-04-01 08:06:39.284 Cached directory change via "/uniongas/InputFiles" to "/uniongas/InputFiles".
. 2024-04-01 08:06:39.284 Getting current directory name.
< 2024-04-01 08:06:39.284 Script: /uniongas/InputFiles
> 2024-04-01 08:06:39.284 Script: ls
. 2024-04-01 08:06:39.284 Listing directory "/uniongas/InputFiles".
> 2024-04-01 08:06:39.284 Type: SSH_FXP_OPENDIR, Size: 29, Number: 267
< 2024-04-01 08:06:39.316 Type: SSH_FXP_HANDLE, Size: 13, Number: 267
> 2024-04-01 08:06:39.316 Type: SSH_FXP_READDIR, Size: 13, Number: 524
< 2024-04-01 08:06:39.347 Type: SSH_FXP_NAME, Size: 607, Number: 524
> 2024-04-01 08:06:39.347 Type: SSH_FXP_READDIR, Size: 13, Number: 780
< 2024-04-01 08:06:39.378 Type: SSH_FXP_STATUS, Size: 28, Number: 780
< 2024-04-01 08:06:39.378 Status code: 1
> 2024-04-01 08:06:39.378 Type: SSH_FXP_CLOSE, Size: 13, Number: 1028
. 2024-04-01 08:06:39.378 .;d;0;2024-04-01T06:06:36.000Z;4;"760" [760];"768" [768];rwxrwx---;0
. 2024-04-01 08:06:39.378 ..;d;0;2023-06-21T14:45:19.000Z;4;"760" [760];"768" [768];rwxrwx---;0
. 2024-04-01 08:06:39.378 switchin_240401.csv;-;357663;2024-04-01T08:05:25.000Z;4;"760" [760];"753" [753];rw-r--r--;0
. 2024-04-01 08:06:39.378 voltura_240401.csv;-;50537;2024-04-01T08:06:10.000Z;4;"760" [760];"753" [753];rw-r--r--;0
. 2024-04-01 08:06:39.378 subentro_240401.csv;-;328907;2024-04-01T08:00:29.000Z;4;"760" [760];"753" [753];rw-r--r--;0
< 2024-04-01 08:06:39.378 Script: drwxrwx---   2 760      768           4096 Apr  1  8:06:36 2024 .
< 2024-04-01 08:06:39.378 Script: drwxrwx---   5 760      768           4096 Jun 21 16:45:19 2023 ..
< 2024-04-01 08:06:39.378 Script: -rw-r--r--   1 760      753         357663 Apr  1 10:05:25 2024 switchin_240401.csv
< 2024-04-01 08:06:39.378 Script: -rw-r--r--   1 760      753          50537 Apr  1 10:06:10 2024 voltura_240401.csv
< 2024-04-01 08:06:39.378 Script: -rw-r--r--   1 760      753         328907 Apr  1 10:00:29 2024 subentro_240401.csv
> 2024-04-01 08:06:39.378 Script: close
. 2024-04-01 08:06:39.378 Closing connection.
. 2024-04-01 08:06:39.378 Sending special code: 1
. 2024-04-01 08:06:39.425 Session sent command exit status 0
. 2024-04-01 08:06:39.425 Main session channel closed
. 2024-04-01 08:06:39.441 All channels closed
