. 2024-02-05 09:51:12.667 --------------------------------------------------------------------------
. 2024-02-05 09:51:12.667 WinSCP Versione 6.1.1 (Build 13736 2023-06-21) (OS 10.0.17763 – Windows Server 2019 Standard)
. 2024-02-05 09:51:12.667 Configuration: HKCU\Software\Martin Prikryl\WinSCP 2\
. 2024-02-05 09:51:12.667 Log level: Normal
. 2024-02-05 09:51:12.667 Local account: DB-BI\Administrator
. 2024-02-05 09:51:12.667 Working directory: C:\VOC_2.0
. 2024-02-05 09:51:12.667 Process ID: 1064
. 2024-02-05 09:51:12.683 Ancestor processes: cmd, explorer, ...
. 2024-02-05 09:51:12.683 Command-line: "C:\Program Files (x86)\WinSCP\WinSCP.exe"  /log="C:\VOC\log.log" /command "open sftp://uniongas:***@sftp.sandsiv.com -hostkey=*"     "lcd C:\VOC\download"     "cd /uniongas/InputFiles"     "put *"     "close"     "exit"
. 2024-02-05 09:51:12.683 Time zone: Current: GMT+1, Standard: GMT+1 (ora solare Europa occidentale), DST: GMT+2 (ora legale Europa occidentale), DST Start: 31/03/2024, DST End: 27/10/2024
. 2024-02-05 09:51:12.683 Login time: lunedì 5 febbraio 2024 09:51:12
. 2024-02-05 09:51:12.683 --------------------------------------------------------------------------
. 2024-02-05 09:51:12.683 Script: Retrospectively logging previous script records:
> 2024-02-05 09:51:12.683 Script: open sftp://uniongas:***@sftp.sandsiv.com -hostkey=*
. 2024-02-05 09:51:12.683 --------------------------------------------------------------------------
. 2024-02-05 09:51:12.683 Session name: uniongas@sftp.sandsiv.com (Ad-Hoc site)
. 2024-02-05 09:51:12.683 Host name: sftp.sandsiv.com (Port: 22)
. 2024-02-05 09:51:12.683 User name: uniongas (Password: Yes, Key file: No, Passphrase: No)
. 2024-02-05 09:51:12.683 Tunnel: No
. 2024-02-05 09:51:12.683 Transfer Protocol: SFTP
. 2024-02-05 09:51:12.683 Ping type: Off, Ping interval: 30 sec; Timeout: 15 sec
. 2024-02-05 09:51:12.683 Disable Nagle: No
. 2024-02-05 09:51:12.683 Proxy: None
. 2024-02-05 09:51:12.683 Send buffer: 262144
. 2024-02-05 09:51:12.683 Compression: No
. 2024-02-05 09:51:12.683 Bypass authentication: No
. 2024-02-05 09:51:12.683 Try agent: Yes; Agent forwarding: No; KI: Yes; GSSAPI: Yes
. 2024-02-05 09:51:12.683 GSSAPI: KEX: No; Forwarding: No; Libs: gssapi32,sspi,custom; Custom: 
. 2024-02-05 09:51:12.683 Ciphers: aes,chacha20,aesgcm,3des,WARN,des,blowfish,arcfour; Ssh2DES: No
. 2024-02-05 09:51:12.683 KEX: ntru-curve25519,ecdh,dh-gex-sha1,dh-group18-sha512,dh-group17-sha512,dh-group16-sha512,dh-group15-sha512,dh-group14-sha1,rsa,WARN,dh-group1-sha1
. 2024-02-05 09:51:12.683 SSH Bugs: Auto,Auto,Auto,Auto,Auto,Auto,Auto,Auto,Auto,Auto
. 2024-02-05 09:51:12.683 Simple channel: Yes
. 2024-02-05 09:51:12.683 Return code variable: Autodetect; Lookup user groups: Auto
. 2024-02-05 09:51:12.683 Shell: default
. 2024-02-05 09:51:12.683 EOL: LF, UTF: Auto
. 2024-02-05 09:51:12.683 Clear aliases: Yes, Unset nat.vars: Yes, Resolve symlinks: Yes; Follow directory symlinks: No
. 2024-02-05 09:51:12.683 LS: ls -la, Ign LS warn: Yes, Scp1 Comp: No; Exit code 1 is error: No
. 2024-02-05 09:51:12.683 SFTP Bugs: Auto,Auto
. 2024-02-05 09:51:12.683 SFTP Server: default
. 2024-02-05 09:51:12.683 Local directory: default, Remote directory: home, Update: Yes, Cache: Yes
. 2024-02-05 09:51:12.683 Cache directory changes: Yes, Permanent: Yes
. 2024-02-05 09:51:12.683 Recycle bin: Delete to: No, Overwritten to: No, Bin path: 
. 2024-02-05 09:51:12.683 DST mode: Unix
. 2024-02-05 09:51:12.683 --------------------------------------------------------------------------
< 2024-02-05 09:51:12.683 Script: Ricerca host ...
. 2024-02-05 09:51:12.683 Looking up host "sftp.sandsiv.com" for SSH connection
. 2024-02-05 09:51:12.699 Connecting to 77.109.144.51 port 22
. 2024-02-05 09:51:12.730 Connected to 77.109.144.51
< 2024-02-05 09:51:12.730 Script: Connessione host ...
. 2024-02-05 09:51:12.730 We claim version: SSH-2.0-WinSCP_release_6.1.1
. 2024-02-05 09:51:12.730 Connected to 77.109.144.51
. 2024-02-05 09:51:12.777 Remote version: SSH-2.0-OpenSSH_5.3
. 2024-02-05 09:51:12.777 We believe remote version has SSH-2 channel request bug
. 2024-02-05 09:51:12.777 Using SSH protocol version 2
. 2024-02-05 09:51:12.824 Doing Diffie-Hellman group exchange
. 2024-02-05 09:51:12.871 Doing Diffie-Hellman key exchange using 4096-bit modulus and hash SHA-256 with a server-supplied group
. 2024-02-05 09:51:15.250 Server also has ssh-dss host key, but we don't know it
. 2024-02-05 09:51:15.250 Host key fingerprint is:
. 2024-02-05 09:51:15.250 ssh-rsa 2048 SHA256:eelF88eFuOlODwKGUpnnqatJdFSTRhBSqEJAos67GqQ
< 2024-02-05 09:51:15.250 Script: Autenticazione ...
< 2024-02-05 09:51:15.266 Script: ATTENZIONE! Stai rinunciando alla sicurezza e accettando ogni chiave come configurato!
* 2024-02-05 09:51:15.266 ATTENZIONE! Stai rinunciando alla sicurezza e accettando ogni chiave come configurato!
. 2024-02-05 09:51:15.266 Initialised AES-256 SDCTR (unaccelerated) [aes256-ctr] outbound encryption
. 2024-02-05 09:51:15.266 Initialised HMAC-SHA-256 outbound MAC algorithm
. 2024-02-05 09:51:15.266 Initialised AES-256 SDCTR (unaccelerated) [aes256-ctr] inbound encryption
. 2024-02-05 09:51:15.266 Initialised HMAC-SHA-256 inbound MAC algorithm
! 2024-02-05 09:51:15.297 Using username "uniongas".
< 2024-02-05 09:51:15.297 Script: Usa nome utente "uniongas".
. 2024-02-05 09:51:15.344 Server offered these authentication methods: publickey,gssapi-keyex,gssapi-with-mic,password
. 2024-02-05 09:51:15.344 Using SSPI from SECUR32.DLL
. 2024-02-05 09:51:15.344 Trying gssapi-with-mic...
. 2024-02-05 09:51:15.344 Attempting GSSAPI authentication
. 2024-02-05 09:51:15.375 GSSAPI authentication request refused
. 2024-02-05 09:51:15.375 Server offered these authentication methods: publickey,gssapi-keyex,gssapi-with-mic,password
. 2024-02-05 09:51:15.375 Prompt (password, "SSH password", <no instructions>, "&Password: ")
. 2024-02-05 09:51:15.375 Using stored password.
< 2024-02-05 09:51:15.375 Script: Autenticazione con password preimpostata
. 2024-02-05 09:51:15.375 Sent password
. 2024-02-05 09:51:15.456 Access granted
. 2024-02-05 09:51:15.456 Opening main session channel
. 2024-02-05 09:51:15.641 Opened main channel
. 2024-02-05 09:51:15.688 Started a shell/command
< 2024-02-05 09:51:15.688 Script: Autenticato.
. 2024-02-05 09:51:15.688 --------------------------------------------------------------------------
. 2024-02-05 09:51:15.688 Using SFTP protocol.
. 2024-02-05 09:51:15.688 Doing startup conversation with host.
< 2024-02-05 09:51:15.688 Script: Avvio sessione ...
> 2024-02-05 09:51:15.688 Type: SSH_FXP_INIT, Size: 5, Number: -1
< 2024-02-05 09:51:15.720 Type: SSH_FXP_VERSION, Size: 95, Number: -1
. 2024-02-05 09:51:15.720 SFTP version 3 negotiated.
. 2024-02-05 09:51:15.720 Unknown server extension posix-rename@openssh.com="1"
. 2024-02-05 09:51:15.720 Supports statvfs@openssh.com extension version 2
. 2024-02-05 09:51:15.720 Unknown server extension fstatvfs@openssh.com="2"
. 2024-02-05 09:51:15.720 We believe the server has signed timestamps bug
. 2024-02-05 09:51:15.720 We will use UTF-8 strings until server sends an invalid UTF-8 string as with SFTP version 3 and older UTF-8 strings are not mandatory
. 2024-02-05 09:51:15.720 Limiting packet size to OpenSSH sftp-server limit of 262148 bytes
. 2024-02-05 09:51:15.720 Getting current directory name.
. 2024-02-05 09:51:15.720 Getting real path for '.'
> 2024-02-05 09:51:15.720 Type: SSH_FXP_REALPATH, Size: 10, Number: 16
< 2024-02-05 09:51:15.766 Type: SSH_FXP_NAME, Size: 39, Number: 16
. 2024-02-05 09:51:15.766 Real path is '/uniongas'
. 2024-02-05 09:51:15.766 Startup conversation with host finished.
< 2024-02-05 09:51:15.766 Script: Sessione avviata.
< 2024-02-05 09:51:15.766 Script: Sessione attiva: [1] uniongas@sftp.sandsiv.com
> 2024-02-05 09:51:15.766 Script: lcd C:\VOC\download
< 2024-02-05 09:51:15.766 Script: C:\VOC\download
> 2024-02-05 09:51:15.766 Script: cd /uniongas/InputFiles
. 2024-02-05 09:51:15.766 Cached directory change via "/uniongas/InputFiles" to "/uniongas/InputFiles".
. 2024-02-05 09:51:15.766 Getting current directory name.
< 2024-02-05 09:51:15.766 Script: /uniongas/InputFiles
> 2024-02-05 09:51:15.766 Script: put *
. 2024-02-05 09:51:15.766 Copying 3 files/directories to remote directory "/uniongas/InputFiles" - total size: 666.029
. 2024-02-05 09:51:15.766   PrTime: Yes; PrRO: No; Rght: rw-r--r--; PrR: No (No); FnCs: N; RIC: 0100; Resume: S (102400); CalcS: No; Mask: 
. 2024-02-05 09:51:15.766   TM: B; ClAr: No; RemEOF: No; RemBOM: No; CPS: 0; NewerOnly: No; EncryptNewFiles: Yes; ExcludeHiddenFiles: No; ExcludeEmptyDirectories: No; InclM: ; ResumeL: 0
. 2024-02-05 09:51:15.766   AscM: *.*html; *.htm; *.txt; *.php; *.php3; *.cgi; *.c; *.cpp; *.h; *.pas; *.bas; *.tex; *.pl; *.js; .htaccess; *.xtml; *.css; *.cfg; *.ini; *.sh; *.xml
. 2024-02-05 09:51:15.766 File: 'subentro_240205.csv' [2024-02-05T09:49:54.000Z] [304911]
. 2024-02-05 09:51:15.766 Copying "subentro_240205.csv" to remote directory started.
. 2024-02-05 09:51:15.766 Binary transfer mode selected.
. 2024-02-05 09:51:15.766 Checking existence of file.
> 2024-02-05 09:51:15.766 Type: SSH_FXP_LSTAT, Size: 49, Number: 263
< 2024-02-05 09:51:15.813 Type: SSH_FXP_STATUS, Size: 29, Number: 263
< 2024-02-05 09:51:15.813 Status code: 2
. 2024-02-05 09:51:15.813 Checking existence of partially transferred file.
> 2024-02-05 09:51:15.813 Type: SSH_FXP_LSTAT, Size: 58, Number: 519
< 2024-02-05 09:51:15.860 Type: SSH_FXP_STATUS, Size: 29, Number: 519
< 2024-02-05 09:51:15.860 Status code: 2
. 2024-02-05 09:51:15.860 Opening remote file.
> 2024-02-05 09:51:15.860 Type: SSH_FXP_OPEN, Size: 74, Number: 771
< 2024-02-05 09:51:15.923 Type: SSH_FXP_HANDLE, Size: 13, Number: 771
> 2024-02-05 09:51:15.923 Type: SSH_FXP_WRITE, Size: 32761, Number: 1286
. 2024-02-05 09:51:15.938 Skipped 9 SSH_FXP_WRITE packets
> 2024-02-05 09:51:15.938 Type: SSH_FXP_CLOSE, Size: 13, Number: 3844
< 2024-02-05 09:51:16.032 Type: SSH_FXP_STATUS, Size: 24, Number: 1286
< 2024-02-05 09:51:16.032 Status code: 0
. 2024-02-05 09:51:16.282 Skipped 9 SSH_FXP_STATUS packets
< 2024-02-05 09:51:16.282 Type: SSH_FXP_STATUS, Size: 24, Number: 3844
< 2024-02-05 09:51:16.282 Status code: 0
> 2024-02-05 09:51:16.282 Type: SSH_FXP_RENAME, Size: 102, Number: 4114
< 2024-02-05 09:51:16.345 Type: SSH_FXP_STATUS, Size: 24, Number: 4114
< 2024-02-05 09:51:16.345 Status code: 0
. 2024-02-05 09:51:16.345 Preserving timestamp [2024-02-05T09:49:54.000Z]
> 2024-02-05 09:51:16.345 Type: SSH_FXP_SETSTAT, Size: 61, Number: 1033
< 2024-02-05 09:51:16.391 Type: SSH_FXP_STATUS, Size: 24, Number: 1033
< 2024-02-05 09:51:16.391 Status code: 0
. 2024-02-05 09:51:16.391 Transfer done: 'subentro_240205.csv' => '/uniongas/InputFiles/subentro_240205.csv' [304911]
. 2024-02-05 09:51:16.407 File: 'switchin_240205.csv' [2024-02-05T09:49:55.000Z] [309220]
. 2024-02-05 09:51:16.407 Copying "switchin_240205.csv" to remote directory started.
. 2024-02-05 09:51:16.407 Binary transfer mode selected.
. 2024-02-05 09:51:16.407 Checking existence of file.
> 2024-02-05 09:51:16.407 Type: SSH_FXP_LSTAT, Size: 49, Number: 4359
< 2024-02-05 09:51:16.440 Type: SSH_FXP_STATUS, Size: 29, Number: 4359
< 2024-02-05 09:51:16.440 Status code: 2
. 2024-02-05 09:51:16.440 Checking existence of partially transferred file.
> 2024-02-05 09:51:16.440 Type: SSH_FXP_LSTAT, Size: 58, Number: 4615
< 2024-02-05 09:51:16.487 Type: SSH_FXP_STATUS, Size: 29, Number: 4615
< 2024-02-05 09:51:16.487 Status code: 2
. 2024-02-05 09:51:16.487 Opening remote file.
> 2024-02-05 09:51:16.487 Type: SSH_FXP_OPEN, Size: 74, Number: 4867
< 2024-02-05 09:51:16.534 Type: SSH_FXP_HANDLE, Size: 13, Number: 4867
> 2024-02-05 09:51:16.534 Type: SSH_FXP_WRITE, Size: 32761, Number: 5382
. 2024-02-05 09:51:16.549 Skipped 9 SSH_FXP_WRITE packets
> 2024-02-05 09:51:16.549 Type: SSH_FXP_CLOSE, Size: 13, Number: 7940
< 2024-02-05 09:51:16.596 Type: SSH_FXP_STATUS, Size: 24, Number: 5382
< 2024-02-05 09:51:16.596 Status code: 0
. 2024-02-05 09:51:16.846 Skipped 9 SSH_FXP_STATUS packets
< 2024-02-05 09:51:16.846 Type: SSH_FXP_STATUS, Size: 24, Number: 7940
< 2024-02-05 09:51:16.846 Status code: 0
> 2024-02-05 09:51:16.846 Type: SSH_FXP_RENAME, Size: 102, Number: 8210
< 2024-02-05 09:51:16.924 Type: SSH_FXP_STATUS, Size: 24, Number: 8210
< 2024-02-05 09:51:16.924 Status code: 0
. 2024-02-05 09:51:16.924 Preserving timestamp [2024-02-05T09:49:55.000Z]
> 2024-02-05 09:51:16.924 Type: SSH_FXP_SETSTAT, Size: 61, Number: 5129
< 2024-02-05 09:51:16.971 Type: SSH_FXP_STATUS, Size: 24, Number: 5129
< 2024-02-05 09:51:16.971 Status code: 0
. 2024-02-05 09:51:16.971 Transfer done: 'switchin_240205.csv' => '/uniongas/InputFiles/switchin_240205.csv' [309220]
. 2024-02-05 09:51:16.971 File: 'voltura_240205.csv' [2024-02-05T09:50:53.000Z] [51898]
. 2024-02-05 09:51:16.971 Copying "voltura_240205.csv" to remote directory started.
. 2024-02-05 09:51:16.971 Binary transfer mode selected.
. 2024-02-05 09:51:16.971 Opening remote file.
> 2024-02-05 09:51:16.971 Type: SSH_FXP_OPEN, Size: 64, Number: 8451
< 2024-02-05 09:51:17.018 Type: SSH_FXP_HANDLE, Size: 13, Number: 8451
> 2024-02-05 09:51:17.018 Type: SSH_FXP_WRITE, Size: 32761, Number: 8966
. 2024-02-05 09:51:17.018 Skipped 1 SSH_FXP_WRITE packets
> 2024-02-05 09:51:17.018 Type: SSH_FXP_CLOSE, Size: 13, Number: 9476
> 2024-02-05 09:51:17.018 Type: SSH_FXP_SETSTAT, Size: 60, Number: 8713
< 2024-02-05 09:51:17.065 Type: SSH_FXP_STATUS, Size: 24, Number: 8966
< 2024-02-05 09:51:17.065 Status code: 0
. 2024-02-05 09:51:17.112 Skipped 1 SSH_FXP_STATUS packets
< 2024-02-05 09:51:17.112 Type: SSH_FXP_STATUS, Size: 24, Number: 9476
< 2024-02-05 09:51:17.112 Status code: 0
. 2024-02-05 09:51:17.112 Preserving timestamp [2024-02-05T09:50:53.000Z]
< 2024-02-05 09:51:17.127 Type: SSH_FXP_STATUS, Size: 24, Number: 8713
< 2024-02-05 09:51:17.127 Status code: 0
. 2024-02-05 09:51:17.127 Transfer done: 'voltura_240205.csv' => '/uniongas/InputFiles/voltura_240205.csv' [51898]
. 2024-02-05 09:51:17.127 Copying finished: Transferred: 666.029, Elapsed: 0:00:01, CPS: 489.367/s
> 2024-02-05 09:51:17.127 Script: close
. 2024-02-05 09:51:17.127 Closing connection.
. 2024-02-05 09:51:17.127 Sending special code: 1
. 2024-02-05 09:51:17.159 Session sent command exit status 0
. 2024-02-05 09:51:17.159 Main session channel closed
. 2024-02-05 09:51:17.159 All channels closed
. 2024-02-05 09:51:17.284 --------------------------------------------------------------------------
. 2024-02-05 09:51:17.284 WinSCP Versione 6.1.1 (Build 13736 2023-06-21) (OS 10.0.17763 – Windows Server 2019 Standard)
. 2024-02-05 09:51:17.284 Configuration: HKCU\Software\Martin Prikryl\WinSCP 2\
. 2024-02-05 09:51:17.284 Log level: Normal
. 2024-02-05 09:51:17.284 Local account: DB-BI\Administrator
. 2024-02-05 09:51:17.284 Working directory: C:\VOC_2.0
. 2024-02-05 09:51:17.284 Process ID: 868
. 2024-02-05 09:51:17.284 Ancestor processes: cmd, explorer, ...
. 2024-02-05 09:51:17.284 Command-line: "C:\Program Files (x86)\WinSCP\WinSCP.exe"  /log="C:\VOC\log.log" /command "open sftp://uniongas:***@sftp.sandsiv.com -hostkey=*" 	"cd /uniongas/InputFiles"     "ls" 	"close"     "exit"
. 2024-02-05 09:51:17.284 Time zone: Current: GMT+1, Standard: GMT+1 (ora solare Europa occidentale), DST: GMT+2 (ora legale Europa occidentale), DST Start: 31/03/2024, DST End: 27/10/2024
. 2024-02-05 09:51:17.284 Login time: lunedì 5 febbraio 2024 09:51:17
. 2024-02-05 09:51:17.284 --------------------------------------------------------------------------
. 2024-02-05 09:51:17.284 Script: Retrospectively logging previous script records:
> 2024-02-05 09:51:17.284 Script: open sftp://uniongas:***@sftp.sandsiv.com -hostkey=*
. 2024-02-05 09:51:17.284 --------------------------------------------------------------------------
. 2024-02-05 09:51:17.284 Session name: uniongas@sftp.sandsiv.com (Ad-Hoc site)
. 2024-02-05 09:51:17.284 Host name: sftp.sandsiv.com (Port: 22)
. 2024-02-05 09:51:17.284 User name: uniongas (Password: Yes, Key file: No, Passphrase: No)
. 2024-02-05 09:51:17.284 Tunnel: No
. 2024-02-05 09:51:17.284 Transfer Protocol: SFTP
. 2024-02-05 09:51:17.284 Ping type: Off, Ping interval: 30 sec; Timeout: 15 sec
. 2024-02-05 09:51:17.284 Disable Nagle: No
. 2024-02-05 09:51:17.284 Proxy: None
. 2024-02-05 09:51:17.284 Send buffer: 262144
. 2024-02-05 09:51:17.284 Compression: No
. 2024-02-05 09:51:17.284 Bypass authentication: No
. 2024-02-05 09:51:17.284 Try agent: Yes; Agent forwarding: No; KI: Yes; GSSAPI: Yes
. 2024-02-05 09:51:17.284 GSSAPI: KEX: No; Forwarding: No; Libs: gssapi32,sspi,custom; Custom: 
. 2024-02-05 09:51:17.284 Ciphers: aes,chacha20,aesgcm,3des,WARN,des,blowfish,arcfour; Ssh2DES: No
. 2024-02-05 09:51:17.284 KEX: ntru-curve25519,ecdh,dh-gex-sha1,dh-group18-sha512,dh-group17-sha512,dh-group16-sha512,dh-group15-sha512,dh-group14-sha1,rsa,WARN,dh-group1-sha1
. 2024-02-05 09:51:17.284 SSH Bugs: Auto,Auto,Auto,Auto,Auto,Auto,Auto,Auto,Auto,Auto
. 2024-02-05 09:51:17.284 Simple channel: Yes
. 2024-02-05 09:51:17.284 Return code variable: Autodetect; Lookup user groups: Auto
. 2024-02-05 09:51:17.284 Shell: default
. 2024-02-05 09:51:17.284 EOL: LF, UTF: Auto
. 2024-02-05 09:51:17.284 Clear aliases: Yes, Unset nat.vars: Yes, Resolve symlinks: Yes; Follow directory symlinks: No
. 2024-02-05 09:51:17.284 LS: ls -la, Ign LS warn: Yes, Scp1 Comp: No; Exit code 1 is error: No
. 2024-02-05 09:51:17.284 SFTP Bugs: Auto,Auto
. 2024-02-05 09:51:17.284 SFTP Server: default
. 2024-02-05 09:51:17.284 Local directory: default, Remote directory: home, Update: Yes, Cache: Yes
. 2024-02-05 09:51:17.284 Cache directory changes: Yes, Permanent: Yes
. 2024-02-05 09:51:17.284 Recycle bin: Delete to: No, Overwritten to: No, Bin path: 
. 2024-02-05 09:51:17.284 DST mode: Unix
. 2024-02-05 09:51:17.284 --------------------------------------------------------------------------
< 2024-02-05 09:51:17.284 Script: Ricerca host ...
. 2024-02-05 09:51:17.284 Looking up host "sftp.sandsiv.com" for SSH connection
. 2024-02-05 09:51:17.299 Connecting to 77.109.144.51 port 22
. 2024-02-05 09:51:17.315 Connected to 77.109.144.51
< 2024-02-05 09:51:17.315 Script: Connessione host ...
. 2024-02-05 09:51:17.315 We claim version: SSH-2.0-WinSCP_release_6.1.1
. 2024-02-05 09:51:17.315 Connected to 77.109.144.51
. 2024-02-05 09:51:17.363 Remote version: SSH-2.0-OpenSSH_5.3
. 2024-02-05 09:51:17.363 We believe remote version has SSH-2 channel request bug
. 2024-02-05 09:51:17.363 Using SSH protocol version 2
. 2024-02-05 09:51:17.378 Doing Diffie-Hellman group exchange
. 2024-02-05 09:51:17.411 Doing Diffie-Hellman key exchange using 4096-bit modulus and hash SHA-256 with a server-supplied group
. 2024-02-05 09:51:19.744 Server also has ssh-dss host key, but we don't know it
. 2024-02-05 09:51:19.744 Host key fingerprint is:
. 2024-02-05 09:51:19.744 ssh-rsa 2048 SHA256:eelF88eFuOlODwKGUpnnqatJdFSTRhBSqEJAos67GqQ
< 2024-02-05 09:51:19.744 Script: Autenticazione ...
< 2024-02-05 09:51:19.744 Script: ATTENZIONE! Stai rinunciando alla sicurezza e accettando ogni chiave come configurato!
* 2024-02-05 09:51:19.744 ATTENZIONE! Stai rinunciando alla sicurezza e accettando ogni chiave come configurato!
. 2024-02-05 09:51:19.744 Initialised AES-256 SDCTR (unaccelerated) [aes256-ctr] outbound encryption
. 2024-02-05 09:51:19.744 Initialised HMAC-SHA-256 outbound MAC algorithm
. 2024-02-05 09:51:19.744 Initialised AES-256 SDCTR (unaccelerated) [aes256-ctr] inbound encryption
. 2024-02-05 09:51:19.744 Initialised HMAC-SHA-256 inbound MAC algorithm
! 2024-02-05 09:51:19.775 Using username "uniongas".
< 2024-02-05 09:51:19.775 Script: Usa nome utente "uniongas".
. 2024-02-05 09:51:19.806 Server offered these authentication methods: publickey,gssapi-keyex,gssapi-with-mic,password
. 2024-02-05 09:51:19.806 Using SSPI from SECUR32.DLL
. 2024-02-05 09:51:19.806 Trying gssapi-with-mic...
. 2024-02-05 09:51:19.806 Attempting GSSAPI authentication
. 2024-02-05 09:51:19.837 GSSAPI authentication request refused
. 2024-02-05 09:51:19.837 Server offered these authentication methods: publickey,gssapi-keyex,gssapi-with-mic,password
. 2024-02-05 09:51:19.837 Prompt (password, "SSH password", <no instructions>, "&Password: ")
. 2024-02-05 09:51:19.837 Using stored password.
< 2024-02-05 09:51:19.837 Script: Autenticazione con password preimpostata
. 2024-02-05 09:51:19.837 Sent password
. 2024-02-05 09:51:19.900 Access granted
. 2024-02-05 09:51:19.900 Opening main session channel
. 2024-02-05 09:51:20.087 Opened main channel
. 2024-02-05 09:51:20.103 Started a shell/command
< 2024-02-05 09:51:20.103 Script: Autenticato.
. 2024-02-05 09:51:20.103 --------------------------------------------------------------------------
. 2024-02-05 09:51:20.103 Using SFTP protocol.
. 2024-02-05 09:51:20.103 Doing startup conversation with host.
< 2024-02-05 09:51:20.103 Script: Avvio sessione ...
> 2024-02-05 09:51:20.103 Type: SSH_FXP_INIT, Size: 5, Number: -1
< 2024-02-05 09:51:20.134 Type: SSH_FXP_VERSION, Size: 95, Number: -1
. 2024-02-05 09:51:20.134 SFTP version 3 negotiated.
. 2024-02-05 09:51:20.134 Unknown server extension posix-rename@openssh.com="1"
. 2024-02-05 09:51:20.134 Supports statvfs@openssh.com extension version 2
. 2024-02-05 09:51:20.134 Unknown server extension fstatvfs@openssh.com="2"
. 2024-02-05 09:51:20.134 We believe the server has signed timestamps bug
. 2024-02-05 09:51:20.134 We will use UTF-8 strings until server sends an invalid UTF-8 string as with SFTP version 3 and older UTF-8 strings are not mandatory
. 2024-02-05 09:51:20.134 Limiting packet size to OpenSSH sftp-server limit of 262148 bytes
. 2024-02-05 09:51:20.134 Getting current directory name.
. 2024-02-05 09:51:20.134 Getting real path for '.'
> 2024-02-05 09:51:20.134 Type: SSH_FXP_REALPATH, Size: 10, Number: 16
< 2024-02-05 09:51:20.166 Type: SSH_FXP_NAME, Size: 39, Number: 16
. 2024-02-05 09:51:20.166 Real path is '/uniongas'
. 2024-02-05 09:51:20.166 Startup conversation with host finished.
< 2024-02-05 09:51:20.166 Script: Sessione avviata.
< 2024-02-05 09:51:20.166 Script: Sessione attiva: [1] uniongas@sftp.sandsiv.com
> 2024-02-05 09:51:20.166 Script: cd /uniongas/InputFiles
. 2024-02-05 09:51:20.166 Cached directory change via "/uniongas/InputFiles" to "/uniongas/InputFiles".
. 2024-02-05 09:51:20.166 Getting current directory name.
< 2024-02-05 09:51:20.166 Script: /uniongas/InputFiles
> 2024-02-05 09:51:20.166 Script: ls
. 2024-02-05 09:51:20.166 Listing directory "/uniongas/InputFiles".
> 2024-02-05 09:51:20.166 Type: SSH_FXP_OPENDIR, Size: 29, Number: 267
< 2024-02-05 09:51:20.197 Type: SSH_FXP_HANDLE, Size: 13, Number: 267
> 2024-02-05 09:51:20.197 Type: SSH_FXP_READDIR, Size: 13, Number: 524
< 2024-02-05 09:51:20.244 Type: SSH_FXP_NAME, Size: 607, Number: 524
> 2024-02-05 09:51:20.244 Type: SSH_FXP_READDIR, Size: 13, Number: 780
< 2024-02-05 09:51:20.259 Type: SSH_FXP_STATUS, Size: 28, Number: 780
< 2024-02-05 09:51:20.259 Status code: 1
> 2024-02-05 09:51:20.259 Type: SSH_FXP_CLOSE, Size: 13, Number: 1028
. 2024-02-05 09:51:20.259 .;d;0;2024-02-05T08:51:16.000Z;4;"760" [760];"768" [768];rwxrwx---;0
. 2024-02-05 09:51:20.259 ..;d;0;2023-06-21T14:45:19.000Z;4;"760" [760];"768" [768];rwxrwx---;0
. 2024-02-05 09:51:20.259 switchin_240205.csv;-;309220;2024-02-05T09:49:55.000Z;4;"760" [760];"753" [753];rw-r--r--;0
. 2024-02-05 09:51:20.259 voltura_240205.csv;-;51898;2024-02-05T09:50:53.000Z;4;"760" [760];"753" [753];rw-r--r--;0
. 2024-02-05 09:51:20.259 subentro_240205.csv;-;304911;2024-02-05T09:49:54.000Z;4;"760" [760];"753" [753];rw-r--r--;0
< 2024-02-05 09:51:20.259 Script: drwxrwx---   2 760      768           4096 Feb  5  9:51:16 2024 .
< 2024-02-05 09:51:20.259 Script: drwxrwx---   5 760      768           4096 Jun 21 16:45:19 2023 ..
< 2024-02-05 09:51:20.259 Script: -rw-r--r--   1 760      753         309220 Feb  5 10:49:55 2024 switchin_240205.csv
< 2024-02-05 09:51:20.259 Script: -rw-r--r--   1 760      753          51898 Feb  5 10:50:53 2024 voltura_240205.csv
< 2024-02-05 09:51:20.259 Script: -rw-r--r--   1 760      753         304911 Feb  5 10:49:54 2024 subentro_240205.csv
> 2024-02-05 09:51:20.259 Script: close
. 2024-02-05 09:51:20.259 Closing connection.
. 2024-02-05 09:51:20.259 Sending special code: 1
. 2024-02-05 09:51:20.306 Session sent command exit status 0
. 2024-02-05 09:51:20.306 Main session channel closed
. 2024-02-05 09:51:20.322 All channels closed
