. 2024-02-19 08:58:43.623 --------------------------------------------------------------------------
. 2024-02-19 08:58:43.623 WinSCP Versione 6.1.1 (Build 13736 2023-06-21) (OS 10.0.17763 – Windows Server 2019 Standard)
. 2024-02-19 08:58:43.623 Configuration: HKCU\Software\Martin Prikryl\WinSCP 2\
. 2024-02-19 08:58:43.623 Log level: Normal
. 2024-02-19 08:58:43.623 Local account: DB-BI\Administrator
. 2024-02-19 08:58:43.623 Working directory: C:\VOC_2.0
. 2024-02-19 08:58:43.623 Process ID: 10636
. 2024-02-19 08:58:43.639 Ancestor processes: cmd, explorer, ...
. 2024-02-19 08:58:43.639 Command-line: "C:\Program Files (x86)\WinSCP\WinSCP.exe"  /log="C:\VOC\log.log" /command "open sftp://uniongas:***@sftp.sandsiv.com -hostkey=*"     "lcd C:\VOC\download"     "cd /uniongas/InputFiles"     "put *"     "close"     "exit"
. 2024-02-19 08:58:43.639 Time zone: Current: GMT+1, Standard: GMT+1 (ora solare Europa occidentale), DST: GMT+2 (ora legale Europa occidentale), DST Start: 31/03/2024, DST End: 27/10/2024
. 2024-02-19 08:58:43.639 Login time: lunedì 19 febbraio 2024 08:58:43
. 2024-02-19 08:58:43.639 --------------------------------------------------------------------------
. 2024-02-19 08:58:43.639 Script: Retrospectively logging previous script records:
> 2024-02-19 08:58:43.639 Script: open sftp://uniongas:***@sftp.sandsiv.com -hostkey=*
. 2024-02-19 08:58:43.639 --------------------------------------------------------------------------
. 2024-02-19 08:58:43.639 Session name: uniongas@sftp.sandsiv.com (Ad-Hoc site)
. 2024-02-19 08:58:43.639 Host name: sftp.sandsiv.com (Port: 22)
. 2024-02-19 08:58:43.639 User name: uniongas (Password: Yes, Key file: No, Passphrase: No)
. 2024-02-19 08:58:43.639 Tunnel: No
. 2024-02-19 08:58:43.639 Transfer Protocol: SFTP
. 2024-02-19 08:58:43.639 Ping type: Off, Ping interval: 30 sec; Timeout: 15 sec
. 2024-02-19 08:58:43.639 Disable Nagle: No
. 2024-02-19 08:58:43.639 Proxy: None
. 2024-02-19 08:58:43.639 Send buffer: 262144
. 2024-02-19 08:58:43.639 Compression: No
. 2024-02-19 08:58:43.639 Bypass authentication: No
. 2024-02-19 08:58:43.639 Try agent: Yes; Agent forwarding: No; KI: Yes; GSSAPI: Yes
. 2024-02-19 08:58:43.639 GSSAPI: KEX: No; Forwarding: No; Libs: gssapi32,sspi,custom; Custom: 
. 2024-02-19 08:58:43.639 Ciphers: aes,chacha20,aesgcm,3des,WARN,des,blowfish,arcfour; Ssh2DES: No
. 2024-02-19 08:58:43.639 KEX: ntru-curve25519,ecdh,dh-gex-sha1,dh-group18-sha512,dh-group17-sha512,dh-group16-sha512,dh-group15-sha512,dh-group14-sha1,rsa,WARN,dh-group1-sha1
. 2024-02-19 08:58:43.639 SSH Bugs: Auto,Auto,Auto,Auto,Auto,Auto,Auto,Auto,Auto,Auto
. 2024-02-19 08:58:43.639 Simple channel: Yes
. 2024-02-19 08:58:43.639 Return code variable: Autodetect; Lookup user groups: Auto
. 2024-02-19 08:58:43.639 Shell: default
. 2024-02-19 08:58:43.639 EOL: LF, UTF: Auto
. 2024-02-19 08:58:43.639 Clear aliases: Yes, Unset nat.vars: Yes, Resolve symlinks: Yes; Follow directory symlinks: No
. 2024-02-19 08:58:43.639 LS: ls -la, Ign LS warn: Yes, Scp1 Comp: No; Exit code 1 is error: No
. 2024-02-19 08:58:43.639 SFTP Bugs: Auto,Auto
. 2024-02-19 08:58:43.639 SFTP Server: default
. 2024-02-19 08:58:43.639 Local directory: default, Remote directory: home, Update: Yes, Cache: Yes
. 2024-02-19 08:58:43.639 Cache directory changes: Yes, Permanent: Yes
. 2024-02-19 08:58:43.639 Recycle bin: Delete to: No, Overwritten to: No, Bin path: 
. 2024-02-19 08:58:43.639 DST mode: Unix
. 2024-02-19 08:58:43.639 --------------------------------------------------------------------------
< 2024-02-19 08:58:43.639 Script: Ricerca host ...
. 2024-02-19 08:58:43.639 Looking up host "sftp.sandsiv.com" for SSH connection
. 2024-02-19 08:58:43.654 Connecting to 77.109.144.51 port 22
. 2024-02-19 08:58:43.701 Connected to 77.109.144.51
< 2024-02-19 08:58:43.701 Script: Connessione host ...
. 2024-02-19 08:58:43.701 We claim version: SSH-2.0-WinSCP_release_6.1.1
. 2024-02-19 08:58:43.701 Connected to 77.109.144.51
. 2024-02-19 08:58:43.748 Remote version: SSH-2.0-OpenSSH_5.3
. 2024-02-19 08:58:43.748 We believe remote version has SSH-2 channel request bug
. 2024-02-19 08:58:43.748 Using SSH protocol version 2
. 2024-02-19 08:58:43.795 Doing Diffie-Hellman group exchange
. 2024-02-19 08:58:43.826 Doing Diffie-Hellman key exchange using 4096-bit modulus and hash SHA-256 with a server-supplied group
. 2024-02-19 08:58:46.016 Server also has ssh-dss host key, but we don't know it
. 2024-02-19 08:58:46.016 Host key fingerprint is:
. 2024-02-19 08:58:46.016 ssh-rsa 2048 SHA256:eelF88eFuOlODwKGUpnnqatJdFSTRhBSqEJAos67GqQ
< 2024-02-19 08:58:46.016 Script: Autenticazione ...
< 2024-02-19 08:58:46.016 Script: ATTENZIONE! Stai rinunciando alla sicurezza e accettando ogni chiave come configurato!
* 2024-02-19 08:58:46.016 ATTENZIONE! Stai rinunciando alla sicurezza e accettando ogni chiave come configurato!
. 2024-02-19 08:58:46.016 Initialised AES-256 SDCTR (unaccelerated) [aes256-ctr] outbound encryption
. 2024-02-19 08:58:46.016 Initialised HMAC-SHA-256 outbound MAC algorithm
. 2024-02-19 08:58:46.016 Initialised AES-256 SDCTR (unaccelerated) [aes256-ctr] inbound encryption
. 2024-02-19 08:58:46.016 Initialised HMAC-SHA-256 inbound MAC algorithm
! 2024-02-19 08:58:46.062 Using username "uniongas".
< 2024-02-19 08:58:46.062 Script: Usa nome utente "uniongas".
. 2024-02-19 08:58:46.109 Server offered these authentication methods: publickey,gssapi-keyex,gssapi-with-mic,password
. 2024-02-19 08:58:46.109 Using SSPI from SECUR32.DLL
. 2024-02-19 08:58:46.109 Trying gssapi-with-mic...
. 2024-02-19 08:58:46.109 Attempting GSSAPI authentication
. 2024-02-19 08:58:46.141 GSSAPI authentication request refused
. 2024-02-19 08:58:46.141 Server offered these authentication methods: publickey,gssapi-keyex,gssapi-with-mic,password
. 2024-02-19 08:58:46.141 Prompt (password, "SSH password", <no instructions>, "&Password: ")
. 2024-02-19 08:58:46.141 Using stored password.
< 2024-02-19 08:58:46.141 Script: Autenticazione con password preimpostata
. 2024-02-19 08:58:46.141 Sent password
. 2024-02-19 08:58:46.219 Access granted
. 2024-02-19 08:58:46.219 Opening main session channel
. 2024-02-19 08:58:46.406 Opened main channel
. 2024-02-19 08:58:46.453 Started a shell/command
< 2024-02-19 08:58:46.453 Script: Autenticato.
. 2024-02-19 08:58:46.453 --------------------------------------------------------------------------
. 2024-02-19 08:58:46.453 Using SFTP protocol.
. 2024-02-19 08:58:46.453 Doing startup conversation with host.
< 2024-02-19 08:58:46.453 Script: Avvio sessione ...
> 2024-02-19 08:58:46.453 Type: SSH_FXP_INIT, Size: 5, Number: -1
< 2024-02-19 08:58:46.484 Type: SSH_FXP_VERSION, Size: 95, Number: -1
. 2024-02-19 08:58:46.484 SFTP version 3 negotiated.
. 2024-02-19 08:58:46.484 Unknown server extension posix-rename@openssh.com="1"
. 2024-02-19 08:58:46.484 Supports statvfs@openssh.com extension version 2
. 2024-02-19 08:58:46.484 Unknown server extension fstatvfs@openssh.com="2"
. 2024-02-19 08:58:46.484 We believe the server has signed timestamps bug
. 2024-02-19 08:58:46.484 We will use UTF-8 strings until server sends an invalid UTF-8 string as with SFTP version 3 and older UTF-8 strings are not mandatory
. 2024-02-19 08:58:46.484 Limiting packet size to OpenSSH sftp-server limit of 262148 bytes
. 2024-02-19 08:58:46.500 Getting current directory name.
. 2024-02-19 08:58:46.500 Getting real path for '.'
> 2024-02-19 08:58:46.500 Type: SSH_FXP_REALPATH, Size: 10, Number: 16
< 2024-02-19 08:58:46.531 Type: SSH_FXP_NAME, Size: 39, Number: 16
. 2024-02-19 08:58:46.531 Real path is '/uniongas'
. 2024-02-19 08:58:46.531 Startup conversation with host finished.
< 2024-02-19 08:58:46.531 Script: Sessione avviata.
< 2024-02-19 08:58:46.531 Script: Sessione attiva: [1] uniongas@sftp.sandsiv.com
> 2024-02-19 08:58:46.531 Script: lcd C:\VOC\download
< 2024-02-19 08:58:46.531 Script: C:\VOC\download
> 2024-02-19 08:58:46.531 Script: cd /uniongas/InputFiles
. 2024-02-19 08:58:46.531 Cached directory change via "/uniongas/InputFiles" to "/uniongas/InputFiles".
. 2024-02-19 08:58:46.531 Getting current directory name.
< 2024-02-19 08:58:46.531 Script: /uniongas/InputFiles
> 2024-02-19 08:58:46.531 Script: put *
. 2024-02-19 08:58:46.531 Copying 3 files/directories to remote directory "/uniongas/InputFiles" - total size: 736.809
. 2024-02-19 08:58:46.531   PrTime: Yes; PrRO: No; Rght: rw-r--r--; PrR: No (No); FnCs: N; RIC: 0100; Resume: S (102400); CalcS: No; Mask: 
. 2024-02-19 08:58:46.531   TM: B; ClAr: No; RemEOF: No; RemBOM: No; CPS: 0; NewerOnly: No; EncryptNewFiles: Yes; ExcludeHiddenFiles: No; ExcludeEmptyDirectories: No; InclM: ; ResumeL: 0
. 2024-02-19 08:58:46.531   AscM: *.*html; *.htm; *.txt; *.php; *.php3; *.cgi; *.c; *.cpp; *.h; *.pas; *.bas; *.tex; *.pl; *.js; .htaccess; *.xtml; *.css; *.cfg; *.ini; *.sh; *.xml
. 2024-02-19 08:58:46.531 File: 'subentro_240219.csv' [2024-02-19T08:47:02.000Z] [301556]
. 2024-02-19 08:58:46.531 Copying "subentro_240219.csv" to remote directory started.
. 2024-02-19 08:58:46.531 Binary transfer mode selected.
. 2024-02-19 08:58:46.531 Checking existence of file.
> 2024-02-19 08:58:46.531 Type: SSH_FXP_LSTAT, Size: 49, Number: 263
< 2024-02-19 08:58:46.578 Type: SSH_FXP_STATUS, Size: 29, Number: 263
< 2024-02-19 08:58:46.578 Status code: 2
. 2024-02-19 08:58:46.578 Checking existence of partially transferred file.
> 2024-02-19 08:58:46.578 Type: SSH_FXP_LSTAT, Size: 58, Number: 519
< 2024-02-19 08:58:46.625 Type: SSH_FXP_STATUS, Size: 29, Number: 519
< 2024-02-19 08:58:46.625 Status code: 2
. 2024-02-19 08:58:46.625 Opening remote file.
> 2024-02-19 08:58:46.625 Type: SSH_FXP_OPEN, Size: 74, Number: 771
< 2024-02-19 08:58:46.688 Type: SSH_FXP_HANDLE, Size: 13, Number: 771
> 2024-02-19 08:58:46.688 Type: SSH_FXP_WRITE, Size: 32761, Number: 1286
. 2024-02-19 08:58:46.688 Skipped 9 SSH_FXP_WRITE packets
> 2024-02-19 08:58:46.688 Type: SSH_FXP_CLOSE, Size: 13, Number: 3844
< 2024-02-19 08:58:46.767 Type: SSH_FXP_STATUS, Size: 24, Number: 1286
< 2024-02-19 08:58:46.767 Status code: 0
. 2024-02-19 08:58:47.565 Skipped 9 SSH_FXP_STATUS packets
< 2024-02-19 08:58:47.565 Type: SSH_FXP_STATUS, Size: 24, Number: 3844
< 2024-02-19 08:58:47.565 Status code: 0
> 2024-02-19 08:58:47.565 Type: SSH_FXP_RENAME, Size: 102, Number: 4114
< 2024-02-19 08:58:47.706 Type: SSH_FXP_STATUS, Size: 24, Number: 4114
< 2024-02-19 08:58:47.706 Status code: 0
. 2024-02-19 08:58:47.706 Preserving timestamp [2024-02-19T08:47:02.000Z]
> 2024-02-19 08:58:47.706 Type: SSH_FXP_SETSTAT, Size: 61, Number: 1033
< 2024-02-19 08:58:47.753 Type: SSH_FXP_STATUS, Size: 24, Number: 1033
< 2024-02-19 08:58:47.753 Status code: 0
. 2024-02-19 08:58:47.753 Transfer done: 'subentro_240219.csv' => '/uniongas/InputFiles/subentro_240219.csv' [301556]
. 2024-02-19 08:58:47.753 File: 'switchin_240219.csv' [2024-02-19T08:57:24.000Z] [382578]
. 2024-02-19 08:58:47.753 Copying "switchin_240219.csv" to remote directory started.
. 2024-02-19 08:58:47.753 Binary transfer mode selected.
. 2024-02-19 08:58:47.753 Checking existence of file.
> 2024-02-19 08:58:47.753 Type: SSH_FXP_LSTAT, Size: 49, Number: 4359
< 2024-02-19 08:58:48.114 Type: SSH_FXP_STATUS, Size: 29, Number: 4359
< 2024-02-19 08:58:48.114 Status code: 2
. 2024-02-19 08:58:48.114 Checking existence of partially transferred file.
> 2024-02-19 08:58:48.114 Type: SSH_FXP_LSTAT, Size: 58, Number: 4615
< 2024-02-19 08:58:48.208 Type: SSH_FXP_STATUS, Size: 29, Number: 4615
< 2024-02-19 08:58:48.208 Status code: 2
. 2024-02-19 08:58:48.208 Opening remote file.
> 2024-02-19 08:58:48.208 Type: SSH_FXP_OPEN, Size: 74, Number: 4867
< 2024-02-19 08:58:48.301 Type: SSH_FXP_HANDLE, Size: 13, Number: 4867
> 2024-02-19 08:58:48.301 Type: SSH_FXP_WRITE, Size: 32761, Number: 5382
. 2024-02-19 08:58:48.301 Skipped 11 SSH_FXP_WRITE packets
> 2024-02-19 08:58:48.301 Type: SSH_FXP_CLOSE, Size: 13, Number: 8452
< 2024-02-19 08:58:48.489 Type: SSH_FXP_STATUS, Size: 24, Number: 5382
< 2024-02-19 08:58:48.489 Status code: 0
. 2024-02-19 08:58:49.153 Skipped 11 SSH_FXP_STATUS packets
< 2024-02-19 08:58:49.153 Type: SSH_FXP_STATUS, Size: 24, Number: 8452
< 2024-02-19 08:58:49.153 Status code: 0
> 2024-02-19 08:58:49.153 Type: SSH_FXP_RENAME, Size: 102, Number: 8722
< 2024-02-19 08:58:49.262 Type: SSH_FXP_STATUS, Size: 24, Number: 8722
< 2024-02-19 08:58:49.262 Status code: 0
. 2024-02-19 08:58:49.262 Preserving timestamp [2024-02-19T08:57:24.000Z]
> 2024-02-19 08:58:49.262 Type: SSH_FXP_SETSTAT, Size: 61, Number: 5129
< 2024-02-19 08:58:49.372 Type: SSH_FXP_STATUS, Size: 24, Number: 5129
< 2024-02-19 08:58:49.372 Status code: 0
. 2024-02-19 08:58:49.372 Transfer done: 'switchin_240219.csv' => '/uniongas/InputFiles/switchin_240219.csv' [382578]
. 2024-02-19 08:58:49.372 File: 'voltura_240219.csv' [2024-02-19T08:58:23.000Z] [52675]
. 2024-02-19 08:58:49.372 Copying "voltura_240219.csv" to remote directory started.
. 2024-02-19 08:58:49.372 Binary transfer mode selected.
. 2024-02-19 08:58:49.372 Opening remote file.
> 2024-02-19 08:58:49.372 Type: SSH_FXP_OPEN, Size: 64, Number: 8963
< 2024-02-19 08:58:49.481 Type: SSH_FXP_HANDLE, Size: 13, Number: 8963
> 2024-02-19 08:58:49.481 Type: SSH_FXP_WRITE, Size: 32761, Number: 9478
. 2024-02-19 08:58:49.481 Skipped 1 SSH_FXP_WRITE packets
> 2024-02-19 08:58:49.481 Type: SSH_FXP_CLOSE, Size: 13, Number: 9988
> 2024-02-19 08:58:49.497 Type: SSH_FXP_SETSTAT, Size: 60, Number: 9225
< 2024-02-19 08:58:49.606 Type: SSH_FXP_STATUS, Size: 24, Number: 9478
< 2024-02-19 08:58:49.606 Status code: 0
. 2024-02-19 08:58:49.702 Skipped 1 SSH_FXP_STATUS packets
< 2024-02-19 08:58:49.702 Type: SSH_FXP_STATUS, Size: 24, Number: 9988
< 2024-02-19 08:58:49.702 Status code: 0
. 2024-02-19 08:58:49.702 Preserving timestamp [2024-02-19T08:58:23.000Z]
< 2024-02-19 08:58:49.717 Type: SSH_FXP_STATUS, Size: 24, Number: 9225
< 2024-02-19 08:58:49.717 Status code: 0
. 2024-02-19 08:58:49.717 Transfer done: 'voltura_240219.csv' => '/uniongas/InputFiles/voltura_240219.csv' [52675]
. 2024-02-19 08:58:49.717 Copying finished: Transferred: 736.809, Elapsed: 0:00:03, CPS: 231.264/s
> 2024-02-19 08:58:49.717 Script: close
. 2024-02-19 08:58:49.717 Closing connection.
. 2024-02-19 08:58:49.717 Sending special code: 1
. 2024-02-19 08:58:49.827 Session sent command exit status 0
. 2024-02-19 08:58:49.827 Main session channel closed
. 2024-02-19 08:58:49.827 All channels closed
. 2024-02-19 08:58:49.952 --------------------------------------------------------------------------
. 2024-02-19 08:58:49.952 WinSCP Versione 6.1.1 (Build 13736 2023-06-21) (OS 10.0.17763 – Windows Server 2019 Standard)
. 2024-02-19 08:58:49.952 Configuration: HKCU\Software\Martin Prikryl\WinSCP 2\
. 2024-02-19 08:58:49.952 Log level: Normal
. 2024-02-19 08:58:49.952 Local account: DB-BI\Administrator
. 2024-02-19 08:58:49.952 Working directory: C:\VOC_2.0
. 2024-02-19 08:58:49.952 Process ID: 10364
. 2024-02-19 08:58:49.952 Ancestor processes: cmd, explorer, ...
. 2024-02-19 08:58:49.952 Command-line: "C:\Program Files (x86)\WinSCP\WinSCP.exe"  /log="C:\VOC\log.log" /command "open sftp://uniongas:***@sftp.sandsiv.com -hostkey=*" 	"cd /uniongas/InputFiles"     "ls" 	"close"     "exit"
. 2024-02-19 08:58:49.952 Time zone: Current: GMT+1, Standard: GMT+1 (ora solare Europa occidentale), DST: GMT+2 (ora legale Europa occidentale), DST Start: 31/03/2024, DST End: 27/10/2024
. 2024-02-19 08:58:49.952 Login time: lunedì 19 febbraio 2024 08:58:49
. 2024-02-19 08:58:49.952 --------------------------------------------------------------------------
. 2024-02-19 08:58:49.952 Script: Retrospectively logging previous script records:
> 2024-02-19 08:58:49.952 Script: open sftp://uniongas:***@sftp.sandsiv.com -hostkey=*
. 2024-02-19 08:58:49.952 --------------------------------------------------------------------------
. 2024-02-19 08:58:49.952 Session name: uniongas@sftp.sandsiv.com (Ad-Hoc site)
. 2024-02-19 08:58:49.952 Host name: sftp.sandsiv.com (Port: 22)
. 2024-02-19 08:58:49.952 User name: uniongas (Password: Yes, Key file: No, Passphrase: No)
. 2024-02-19 08:58:49.952 Tunnel: No
. 2024-02-19 08:58:49.952 Transfer Protocol: SFTP
. 2024-02-19 08:58:49.952 Ping type: Off, Ping interval: 30 sec; Timeout: 15 sec
. 2024-02-19 08:58:49.952 Disable Nagle: No
. 2024-02-19 08:58:49.952 Proxy: None
. 2024-02-19 08:58:49.952 Send buffer: 262144
. 2024-02-19 08:58:49.952 Compression: No
. 2024-02-19 08:58:49.952 Bypass authentication: No
. 2024-02-19 08:58:49.952 Try agent: Yes; Agent forwarding: No; KI: Yes; GSSAPI: Yes
. 2024-02-19 08:58:49.952 GSSAPI: KEX: No; Forwarding: No; Libs: gssapi32,sspi,custom; Custom: 
. 2024-02-19 08:58:49.952 Ciphers: aes,chacha20,aesgcm,3des,WARN,des,blowfish,arcfour; Ssh2DES: No
. 2024-02-19 08:58:49.952 KEX: ntru-curve25519,ecdh,dh-gex-sha1,dh-group18-sha512,dh-group17-sha512,dh-group16-sha512,dh-group15-sha512,dh-group14-sha1,rsa,WARN,dh-group1-sha1
. 2024-02-19 08:58:49.952 SSH Bugs: Auto,Auto,Auto,Auto,Auto,Auto,Auto,Auto,Auto,Auto
. 2024-02-19 08:58:49.952 Simple channel: Yes
. 2024-02-19 08:58:49.952 Return code variable: Autodetect; Lookup user groups: Auto
. 2024-02-19 08:58:49.952 Shell: default
. 2024-02-19 08:58:49.952 EOL: LF, UTF: Auto
. 2024-02-19 08:58:49.952 Clear aliases: Yes, Unset nat.vars: Yes, Resolve symlinks: Yes; Follow directory symlinks: No
. 2024-02-19 08:58:49.952 LS: ls -la, Ign LS warn: Yes, Scp1 Comp: No; Exit code 1 is error: No
. 2024-02-19 08:58:49.952 SFTP Bugs: Auto,Auto
. 2024-02-19 08:58:49.952 SFTP Server: default
. 2024-02-19 08:58:49.952 Local directory: default, Remote directory: home, Update: Yes, Cache: Yes
. 2024-02-19 08:58:49.952 Cache directory changes: Yes, Permanent: Yes
. 2024-02-19 08:58:49.952 Recycle bin: Delete to: No, Overwritten to: No, Bin path: 
. 2024-02-19 08:58:49.952 DST mode: Unix
. 2024-02-19 08:58:49.952 --------------------------------------------------------------------------
< 2024-02-19 08:58:49.952 Script: Ricerca host ...
. 2024-02-19 08:58:49.952 Looking up host "sftp.sandsiv.com" for SSH connection
. 2024-02-19 08:58:49.967 Connecting to 77.109.144.51 port 22
. 2024-02-19 08:58:50.047 Connected to 77.109.144.51
< 2024-02-19 08:58:50.047 Script: Connessione host ...
. 2024-02-19 08:58:50.047 We claim version: SSH-2.0-WinSCP_release_6.1.1
. 2024-02-19 08:58:50.047 Connected to 77.109.144.51
. 2024-02-19 08:58:50.109 Remote version: SSH-2.0-OpenSSH_5.3
. 2024-02-19 08:58:50.109 We believe remote version has SSH-2 channel request bug
. 2024-02-19 08:58:50.109 Using SSH protocol version 2
. 2024-02-19 08:58:50.141 Doing Diffie-Hellman group exchange
. 2024-02-19 08:58:50.172 Doing Diffie-Hellman key exchange using 4096-bit modulus and hash SHA-256 with a server-supplied group
. 2024-02-19 08:58:52.306 Server also has ssh-dss host key, but we don't know it
. 2024-02-19 08:58:52.306 Host key fingerprint is:
. 2024-02-19 08:58:52.306 ssh-rsa 2048 SHA256:eelF88eFuOlODwKGUpnnqatJdFSTRhBSqEJAos67GqQ
< 2024-02-19 08:58:52.306 Script: Autenticazione ...
< 2024-02-19 08:58:52.306 Script: ATTENZIONE! Stai rinunciando alla sicurezza e accettando ogni chiave come configurato!
* 2024-02-19 08:58:52.306 ATTENZIONE! Stai rinunciando alla sicurezza e accettando ogni chiave come configurato!
. 2024-02-19 08:58:52.306 Initialised AES-256 SDCTR (unaccelerated) [aes256-ctr] outbound encryption
. 2024-02-19 08:58:52.306 Initialised HMAC-SHA-256 outbound MAC algorithm
. 2024-02-19 08:58:52.306 Initialised AES-256 SDCTR (unaccelerated) [aes256-ctr] inbound encryption
. 2024-02-19 08:58:52.306 Initialised HMAC-SHA-256 inbound MAC algorithm
! 2024-02-19 08:58:52.337 Using username "uniongas".
< 2024-02-19 08:58:52.337 Script: Usa nome utente "uniongas".
. 2024-02-19 08:58:52.368 Server offered these authentication methods: publickey,gssapi-keyex,gssapi-with-mic,password
. 2024-02-19 08:58:52.368 Using SSPI from SECUR32.DLL
. 2024-02-19 08:58:52.368 Trying gssapi-with-mic...
. 2024-02-19 08:58:52.368 Attempting GSSAPI authentication
. 2024-02-19 08:58:52.400 GSSAPI authentication request refused
. 2024-02-19 08:58:52.400 Server offered these authentication methods: publickey,gssapi-keyex,gssapi-with-mic,password
. 2024-02-19 08:58:52.400 Prompt (password, "SSH password", <no instructions>, "&Password: ")
. 2024-02-19 08:58:52.400 Using stored password.
< 2024-02-19 08:58:52.400 Script: Autenticazione con password preimpostata
. 2024-02-19 08:58:52.400 Sent password
. 2024-02-19 08:58:52.462 Access granted
. 2024-02-19 08:58:52.462 Opening main session channel
. 2024-02-19 08:58:52.634 Opened main channel
. 2024-02-19 08:58:52.667 Started a shell/command
< 2024-02-19 08:58:52.667 Script: Autenticato.
. 2024-02-19 08:58:52.667 --------------------------------------------------------------------------
. 2024-02-19 08:58:52.667 Using SFTP protocol.
. 2024-02-19 08:58:52.667 Doing startup conversation with host.
< 2024-02-19 08:58:52.667 Script: Avvio sessione ...
> 2024-02-19 08:58:52.667 Type: SSH_FXP_INIT, Size: 5, Number: -1
< 2024-02-19 08:58:52.698 Type: SSH_FXP_VERSION, Size: 95, Number: -1
. 2024-02-19 08:58:52.698 SFTP version 3 negotiated.
. 2024-02-19 08:58:52.698 Unknown server extension posix-rename@openssh.com="1"
. 2024-02-19 08:58:52.698 Supports statvfs@openssh.com extension version 2
. 2024-02-19 08:58:52.698 Unknown server extension fstatvfs@openssh.com="2"
. 2024-02-19 08:58:52.698 We believe the server has signed timestamps bug
. 2024-02-19 08:58:52.698 We will use UTF-8 strings until server sends an invalid UTF-8 string as with SFTP version 3 and older UTF-8 strings are not mandatory
. 2024-02-19 08:58:52.698 Limiting packet size to OpenSSH sftp-server limit of 262148 bytes
. 2024-02-19 08:58:52.698 Getting current directory name.
. 2024-02-19 08:58:52.698 Getting real path for '.'
> 2024-02-19 08:58:52.698 Type: SSH_FXP_REALPATH, Size: 10, Number: 16
< 2024-02-19 08:58:52.729 Type: SSH_FXP_NAME, Size: 39, Number: 16
. 2024-02-19 08:58:52.729 Real path is '/uniongas'
. 2024-02-19 08:58:52.729 Startup conversation with host finished.
< 2024-02-19 08:58:52.729 Script: Sessione avviata.
< 2024-02-19 08:58:52.729 Script: Sessione attiva: [1] uniongas@sftp.sandsiv.com
> 2024-02-19 08:58:52.729 Script: cd /uniongas/InputFiles
. 2024-02-19 08:58:52.729 Cached directory change via "/uniongas/InputFiles" to "/uniongas/InputFiles".
. 2024-02-19 08:58:52.729 Getting current directory name.
< 2024-02-19 08:58:52.729 Script: /uniongas/InputFiles
> 2024-02-19 08:58:52.729 Script: ls
. 2024-02-19 08:58:52.729 Listing directory "/uniongas/InputFiles".
> 2024-02-19 08:58:52.729 Type: SSH_FXP_OPENDIR, Size: 29, Number: 267
< 2024-02-19 08:58:52.760 Type: SSH_FXP_HANDLE, Size: 13, Number: 267
> 2024-02-19 08:58:52.760 Type: SSH_FXP_READDIR, Size: 13, Number: 524
< 2024-02-19 08:58:52.807 Type: SSH_FXP_NAME, Size: 607, Number: 524
> 2024-02-19 08:58:52.807 Type: SSH_FXP_READDIR, Size: 13, Number: 780
< 2024-02-19 08:58:52.838 Type: SSH_FXP_STATUS, Size: 28, Number: 780
< 2024-02-19 08:58:52.838 Status code: 1
> 2024-02-19 08:58:52.838 Type: SSH_FXP_CLOSE, Size: 13, Number: 1028
. 2024-02-19 08:58:52.838 .;d;0;2024-02-19T07:58:49.000Z;4;"760" [760];"768" [768];rwxrwx---;0
. 2024-02-19 08:58:52.838 ..;d;0;2023-06-21T14:45:19.000Z;4;"760" [760];"768" [768];rwxrwx---;0
. 2024-02-19 08:58:52.838 subentro_240219.csv;-;301556;2024-02-19T08:47:02.000Z;4;"760" [760];"753" [753];rw-r--r--;0
. 2024-02-19 08:58:52.838 voltura_240219.csv;-;52675;2024-02-19T08:58:23.000Z;4;"760" [760];"753" [753];rw-r--r--;0
. 2024-02-19 08:58:52.838 switchin_240219.csv;-;382578;2024-02-19T08:57:24.000Z;4;"760" [760];"753" [753];rw-r--r--;0
< 2024-02-19 08:58:52.838 Script: drwxrwx---   2 760      768           4096 Feb 19  8:58:49 2024 .
< 2024-02-19 08:58:52.838 Script: drwxrwx---   5 760      768           4096 Jun 21 16:45:19 2023 ..
< 2024-02-19 08:58:52.838 Script: -rw-r--r--   1 760      753         301556 Feb 19  9:47:02 2024 subentro_240219.csv
< 2024-02-19 08:58:52.838 Script: -rw-r--r--   1 760      753          52675 Feb 19  9:58:23 2024 voltura_240219.csv
< 2024-02-19 08:58:52.838 Script: -rw-r--r--   1 760      753         382578 Feb 19  9:57:24 2024 switchin_240219.csv
> 2024-02-19 08:58:52.838 Script: close
. 2024-02-19 08:58:52.838 Closing connection.
. 2024-02-19 08:58:52.838 Sending special code: 1
. 2024-02-19 08:58:52.885 Session sent command exit status 0
. 2024-02-19 08:58:52.885 Main session channel closed
. 2024-02-19 08:58:52.885 All channels closed
