. 2023-10-02 08:01:12.923 --------------------------------------------------------------------------
. 2023-10-02 08:01:12.923 WinSCP Versione 6.1.1 (Build 13736 2023-06-21) (OS 10.0.17763 – Windows Server 2019 Standard)
. 2023-10-02 08:01:12.923 Configuration: HKCU\Software\Martin Prikryl\WinSCP 2\
. 2023-10-02 08:01:12.923 Log level: Normal
. 2023-10-02 08:01:12.923 Local account: DB-BI\Administrator
. 2023-10-02 08:01:12.923 Working directory: C:\Windows\system32
. 2023-10-02 08:01:12.923 Process ID: 3944
. 2023-10-02 08:01:12.923 Ancestor processes: cmd, ...
. 2023-10-02 08:01:12.923 Command-line: "C:\Program Files (x86)\WinSCP\WinSCP.exe"  /log="C:\VOC\log.log" /command "open sftp://uniongas:***@sftp.sandsiv.com -hostkey=*"     "lcd C:\VOC\download"     "cd /uniongas/InputFiles"     "put *"     "close"     "exit"
. 2023-10-02 08:01:12.939 Time zone: Current: GMT+2, Standard: GMT+1 (ora solare Europa occidentale), DST: GMT+2 (ora legale Europa occidentale), DST Start: 26/03/2023, DST End: 29/10/2023
. 2023-10-02 08:01:12.939 Login time: lunedì 2 ottobre 2023 08:01:12
. 2023-10-02 08:01:12.939 --------------------------------------------------------------------------
. 2023-10-02 08:01:12.939 Script: Retrospectively logging previous script records:
> 2023-10-02 08:01:12.939 Script: open sftp://uniongas:***@sftp.sandsiv.com -hostkey=*
. 2023-10-02 08:01:12.939 --------------------------------------------------------------------------
. 2023-10-02 08:01:12.939 Session name: uniongas@sftp.sandsiv.com (Ad-Hoc site)
. 2023-10-02 08:01:12.939 Host name: sftp.sandsiv.com (Port: 22)
. 2023-10-02 08:01:12.939 User name: uniongas (Password: Yes, Key file: No, Passphrase: No)
. 2023-10-02 08:01:12.939 Tunnel: No
. 2023-10-02 08:01:12.939 Transfer Protocol: SFTP
. 2023-10-02 08:01:12.939 Ping type: Off, Ping interval: 30 sec; Timeout: 15 sec
. 2023-10-02 08:01:12.939 Disable Nagle: No
. 2023-10-02 08:01:12.939 Proxy: None
. 2023-10-02 08:01:12.939 Send buffer: 262144
. 2023-10-02 08:01:12.939 Compression: No
. 2023-10-02 08:01:12.939 Bypass authentication: No
. 2023-10-02 08:01:12.939 Try agent: Yes; Agent forwarding: No; KI: Yes; GSSAPI: Yes
. 2023-10-02 08:01:12.939 GSSAPI: KEX: No; Forwarding: No; Libs: gssapi32,sspi,custom; Custom: 
. 2023-10-02 08:01:12.939 Ciphers: aes,chacha20,aesgcm,3des,WARN,des,blowfish,arcfour; Ssh2DES: No
. 2023-10-02 08:01:12.939 KEX: ntru-curve25519,ecdh,dh-gex-sha1,dh-group18-sha512,dh-group17-sha512,dh-group16-sha512,dh-group15-sha512,dh-group14-sha1,rsa,WARN,dh-group1-sha1
. 2023-10-02 08:01:12.939 SSH Bugs: Auto,Auto,Auto,Auto,Auto,Auto,Auto,Auto,Auto,Auto
. 2023-10-02 08:01:12.939 Simple channel: Yes
. 2023-10-02 08:01:12.939 Return code variable: Autodetect; Lookup user groups: Auto
. 2023-10-02 08:01:12.939 Shell: default
. 2023-10-02 08:01:12.939 EOL: LF, UTF: Auto
. 2023-10-02 08:01:12.939 Clear aliases: Yes, Unset nat.vars: Yes, Resolve symlinks: Yes; Follow directory symlinks: No
. 2023-10-02 08:01:12.939 LS: ls -la, Ign LS warn: Yes, Scp1 Comp: No; Exit code 1 is error: No
. 2023-10-02 08:01:12.939 SFTP Bugs: Auto,Auto
. 2023-10-02 08:01:12.939 SFTP Server: default
. 2023-10-02 08:01:12.939 Local directory: default, Remote directory: home, Update: Yes, Cache: Yes
. 2023-10-02 08:01:12.939 Cache directory changes: Yes, Permanent: Yes
. 2023-10-02 08:01:12.939 Recycle bin: Delete to: No, Overwritten to: No, Bin path: 
. 2023-10-02 08:01:12.939 DST mode: Unix
. 2023-10-02 08:01:12.939 --------------------------------------------------------------------------
< 2023-10-02 08:01:12.970 Script: Ricerca host ...
. 2023-10-02 08:01:13.142 Looking up host "sftp.sandsiv.com" for SSH connection
. 2023-10-02 08:01:13.173 Connecting to 77.109.144.51 port 22
. 2023-10-02 08:01:13.315 Connected to 77.109.144.51
< 2023-10-02 08:01:13.346 Script: Connessione host ...
. 2023-10-02 08:01:13.346 We claim version: SSH-2.0-WinSCP_release_6.1.1
. 2023-10-02 08:01:13.346 Connected to 77.109.144.51
. 2023-10-02 08:01:13.346 Remote version: SSH-2.0-OpenSSH_5.3
. 2023-10-02 08:01:13.346 We believe remote version has SSH-2 channel request bug
. 2023-10-02 08:01:13.346 Using SSH protocol version 2
. 2023-10-02 08:01:13.643 Doing Diffie-Hellman group exchange
. 2023-10-02 08:01:13.705 Doing Diffie-Hellman key exchange using 4096-bit modulus and hash SHA-256 with a server-supplied group
. 2023-10-02 08:01:15.881 Server also has ssh-dss host key, but we don't know it
. 2023-10-02 08:01:15.881 Host key fingerprint is:
. 2023-10-02 08:01:15.881 ssh-rsa 2048 SHA256:eelF88eFuOlODwKGUpnnqatJdFSTRhBSqEJAos67GqQ
< 2023-10-02 08:01:15.881 Script: Autenticazione ...
< 2023-10-02 08:01:15.881 Script: ATTENZIONE! Stai rinunciando alla sicurezza e accettando ogni chiave come configurato!
* 2023-10-02 08:01:15.881 ATTENZIONE! Stai rinunciando alla sicurezza e accettando ogni chiave come configurato!
. 2023-10-02 08:01:15.881 Initialised AES-256 SDCTR (unaccelerated) [aes256-ctr] outbound encryption
. 2023-10-02 08:01:15.881 Initialised HMAC-SHA-256 outbound MAC algorithm
. 2023-10-02 08:01:15.881 Initialised AES-256 SDCTR (unaccelerated) [aes256-ctr] inbound encryption
. 2023-10-02 08:01:15.881 Initialised HMAC-SHA-256 inbound MAC algorithm
! 2023-10-02 08:01:15.912 Using username "uniongas".
< 2023-10-02 08:01:15.912 Script: Usa nome utente "uniongas".
. 2023-10-02 08:01:15.944 Server offered these authentication methods: publickey,gssapi-keyex,gssapi-with-mic,password
. 2023-10-02 08:01:15.944 Using SSPI from SECUR32.DLL
. 2023-10-02 08:01:15.944 Trying gssapi-with-mic...
. 2023-10-02 08:01:15.944 Attempting GSSAPI authentication
. 2023-10-02 08:01:15.975 GSSAPI authentication request refused
. 2023-10-02 08:01:15.975 Server offered these authentication methods: publickey,gssapi-keyex,gssapi-with-mic,password
. 2023-10-02 08:01:15.975 Prompt (password, "SSH password", <no instructions>, "&Password: ")
. 2023-10-02 08:01:15.975 Using stored password.
< 2023-10-02 08:01:15.975 Script: Autenticazione con password preimpostata
. 2023-10-02 08:01:15.975 Sent password
. 2023-10-02 08:01:16.047 Access granted
. 2023-10-02 08:01:16.048 Opening main session channel
. 2023-10-02 08:01:16.220 Opened main channel
. 2023-10-02 08:01:16.251 Started a shell/command
< 2023-10-02 08:01:16.251 Script: Autenticato.
. 2023-10-02 08:01:16.251 --------------------------------------------------------------------------
. 2023-10-02 08:01:16.346 Using SFTP protocol.
. 2023-10-02 08:01:16.440 Doing startup conversation with host.
< 2023-10-02 08:01:16.440 Script: Avvio sessione ...
> 2023-10-02 08:01:16.440 Type: SSH_FXP_INIT, Size: 5, Number: -1
< 2023-10-02 08:01:16.471 Type: SSH_FXP_VERSION, Size: 95, Number: -1
. 2023-10-02 08:01:16.471 SFTP version 3 negotiated.
. 2023-10-02 08:01:16.471 Unknown server extension posix-rename@openssh.com="1"
. 2023-10-02 08:01:16.471 Supports statvfs@openssh.com extension version 2
. 2023-10-02 08:01:16.471 Unknown server extension fstatvfs@openssh.com="2"
. 2023-10-02 08:01:16.471 We believe the server has signed timestamps bug
. 2023-10-02 08:01:16.471 We will use UTF-8 strings until server sends an invalid UTF-8 string as with SFTP version 3 and older UTF-8 strings are not mandatory
. 2023-10-02 08:01:16.471 Limiting packet size to OpenSSH sftp-server limit of 262148 bytes
. 2023-10-02 08:01:16.487 Getting current directory name.
. 2023-10-02 08:01:16.550 Getting real path for '.'
> 2023-10-02 08:01:16.596 Type: SSH_FXP_REALPATH, Size: 10, Number: 16
< 2023-10-02 08:01:16.612 Type: SSH_FXP_NAME, Size: 39, Number: 16
. 2023-10-02 08:01:16.612 Real path is '/uniongas'
. 2023-10-02 08:01:16.612 Startup conversation with host finished.
< 2023-10-02 08:01:16.612 Script: Sessione avviata.
< 2023-10-02 08:01:16.612 Script: Sessione attiva: [1] uniongas@sftp.sandsiv.com
> 2023-10-02 08:01:16.612 Script: lcd C:\VOC\download
< 2023-10-02 08:01:16.612 Script: C:\VOC\download
> 2023-10-02 08:01:16.612 Script: cd /uniongas/InputFiles
. 2023-10-02 08:01:16.612 Cached directory change via "/uniongas/InputFiles" to "/uniongas/InputFiles".
. 2023-10-02 08:01:16.612 Getting current directory name.
< 2023-10-02 08:01:16.612 Script: /uniongas/InputFiles
> 2023-10-02 08:01:16.612 Script: put *
. 2023-10-02 08:01:16.768 Copying 3 files/directories to remote directory "/uniongas/InputFiles" - total size: 119.263
. 2023-10-02 08:01:16.768   PrTime: Yes; PrRO: No; Rght: rw-r--r--; PrR: No (No); FnCs: N; RIC: 0100; Resume: S (102400); CalcS: No; Mask: 
. 2023-10-02 08:01:16.768   TM: B; ClAr: No; RemEOF: No; RemBOM: No; CPS: 0; NewerOnly: No; EncryptNewFiles: Yes; ExcludeHiddenFiles: No; ExcludeEmptyDirectories: No; InclM: ; ResumeL: 0
. 2023-10-02 08:01:16.768   AscM: *.*html; *.htm; *.txt; *.php; *.php3; *.cgi; *.c; *.cpp; *.h; *.pas; *.bas; *.tex; *.pl; *.js; .htaccess; *.xtml; *.css; *.cfg; *.ini; *.sh; *.xml
. 2023-10-02 08:01:16.815 File: 'subentro_231002.csv' [2023-10-02T08:00:10.000Z] [27183]
. 2023-10-02 08:01:16.815 Copying "subentro_231002.csv" to remote directory started.
. 2023-10-02 08:01:16.815 Binary transfer mode selected.
. 2023-10-02 08:01:16.815 Opening remote file.
> 2023-10-02 08:01:16.815 Type: SSH_FXP_OPEN, Size: 65, Number: 259
< 2023-10-02 08:01:16.862 Type: SSH_FXP_HANDLE, Size: 13, Number: 259
> 2023-10-02 08:01:16.862 Type: SSH_FXP_WRITE, Size: 27208, Number: 774
> 2023-10-02 08:01:16.862 Type: SSH_FXP_CLOSE, Size: 13, Number: 1028
> 2023-10-02 08:01:16.862 Type: SSH_FXP_SETSTAT, Size: 61, Number: 521
< 2023-10-02 08:01:16.940 Type: SSH_FXP_STATUS, Size: 24, Number: 774
< 2023-10-02 08:01:16.940 Status code: 0
< 2023-10-02 08:01:16.971 Type: SSH_FXP_STATUS, Size: 24, Number: 1028
< 2023-10-02 08:01:16.971 Status code: 0
. 2023-10-02 08:01:16.971 Preserving timestamp [2023-10-02T08:00:10.000Z]
< 2023-10-02 08:01:16.987 Type: SSH_FXP_STATUS, Size: 24, Number: 521
< 2023-10-02 08:01:16.987 Status code: 0
. 2023-10-02 08:01:16.987 Transfer done: 'subentro_231002.csv' => '/uniongas/InputFiles/subentro_231002.csv' [27183]
. 2023-10-02 08:01:16.987 File: 'switchin_231002.csv' [2023-10-02T08:00:26.000Z] [91511]
. 2023-10-02 08:01:16.987 Copying "switchin_231002.csv" to remote directory started.
. 2023-10-02 08:01:16.987 Binary transfer mode selected.
. 2023-10-02 08:01:16.987 Opening remote file.
> 2023-10-02 08:01:16.987 Type: SSH_FXP_OPEN, Size: 65, Number: 1283
< 2023-10-02 08:01:17.018 Type: SSH_FXP_HANDLE, Size: 13, Number: 1283
> 2023-10-02 08:01:17.018 Type: SSH_FXP_WRITE, Size: 32761, Number: 1798
. 2023-10-02 08:01:17.018 Skipped 2 SSH_FXP_WRITE packets
> 2023-10-02 08:01:17.018 Type: SSH_FXP_CLOSE, Size: 13, Number: 2564
> 2023-10-02 08:01:17.018 Type: SSH_FXP_SETSTAT, Size: 61, Number: 1545
< 2023-10-02 08:01:17.050 Type: SSH_FXP_STATUS, Size: 24, Number: 1798
< 2023-10-02 08:01:17.050 Status code: 0
. 2023-10-02 08:01:17.128 Skipped 2 SSH_FXP_STATUS packets
< 2023-10-02 08:01:17.128 Type: SSH_FXP_STATUS, Size: 24, Number: 2564
< 2023-10-02 08:01:17.128 Status code: 0
. 2023-10-02 08:01:17.128 Preserving timestamp [2023-10-02T08:00:26.000Z]
< 2023-10-02 08:01:17.143 Type: SSH_FXP_STATUS, Size: 24, Number: 1545
< 2023-10-02 08:01:17.143 Status code: 0
. 2023-10-02 08:01:17.143 Transfer done: 'switchin_231002.csv' => '/uniongas/InputFiles/switchin_231002.csv' [91511]
. 2023-10-02 08:01:17.143 File: 'voltura_231002.csv' [2023-10-02T08:00:39.000Z] [569]
. 2023-10-02 08:01:17.143 Copying "voltura_231002.csv" to remote directory started.
. 2023-10-02 08:01:17.143 Binary transfer mode selected.
. 2023-10-02 08:01:17.143 Opening remote file.
> 2023-10-02 08:01:17.143 Type: SSH_FXP_OPEN, Size: 64, Number: 2819
< 2023-10-02 08:01:17.190 Type: SSH_FXP_HANDLE, Size: 13, Number: 2819
> 2023-10-02 08:01:17.190 Type: SSH_FXP_WRITE, Size: 594, Number: 3334
> 2023-10-02 08:01:17.190 Type: SSH_FXP_CLOSE, Size: 13, Number: 3588
> 2023-10-02 08:01:17.190 Type: SSH_FXP_SETSTAT, Size: 60, Number: 3081
< 2023-10-02 08:01:17.206 Type: SSH_FXP_STATUS, Size: 24, Number: 3334
< 2023-10-02 08:01:17.206 Status code: 0
< 2023-10-02 08:01:17.237 Type: SSH_FXP_STATUS, Size: 24, Number: 3588
< 2023-10-02 08:01:17.237 Status code: 0
. 2023-10-02 08:01:17.237 Preserving timestamp [2023-10-02T08:00:39.000Z]
< 2023-10-02 08:01:17.253 Type: SSH_FXP_STATUS, Size: 24, Number: 3081
< 2023-10-02 08:01:17.253 Status code: 0
. 2023-10-02 08:01:17.253 Transfer done: 'voltura_231002.csv' => '/uniongas/InputFiles/voltura_231002.csv' [569]
. 2023-10-02 08:01:17.253 Copying finished: Transferred: 119.263, Elapsed: 0:00:00, CPS: 195.513/s
> 2023-10-02 08:01:17.253 Script: close
. 2023-10-02 08:01:17.253 Closing connection.
. 2023-10-02 08:01:17.253 Sending special code: 1
. 2023-10-02 08:01:17.285 Session sent command exit status 0
. 2023-10-02 08:01:17.285 Main session channel closed
. 2023-10-02 08:01:17.285 All channels closed
. 2023-10-02 08:01:17.894 --------------------------------------------------------------------------
. 2023-10-02 08:01:17.894 WinSCP Versione 6.1.1 (Build 13736 2023-06-21) (OS 10.0.17763 – Windows Server 2019 Standard)
. 2023-10-02 08:01:17.894 Configuration: HKCU\Software\Martin Prikryl\WinSCP 2\
. 2023-10-02 08:01:17.894 Log level: Normal
. 2023-10-02 08:01:17.894 Local account: DB-BI\Administrator
. 2023-10-02 08:01:17.894 Working directory: C:\Windows\system32
. 2023-10-02 08:01:17.894 Process ID: 8200
. 2023-10-02 08:01:17.910 Ancestor processes: cmd, ...
. 2023-10-02 08:01:17.910 Command-line: "C:\Program Files (x86)\WinSCP\WinSCP.exe"  /log="C:\VOC\log.log" /command "open sftp://uniongas:***@sftp.sandsiv.com -hostkey=*" 	"cd /uniongas/InputFiles"     "ls" 	"close"     "exit"
. 2023-10-02 08:01:17.910 Time zone: Current: GMT+2, Standard: GMT+1 (ora solare Europa occidentale), DST: GMT+2 (ora legale Europa occidentale), DST Start: 26/03/2023, DST End: 29/10/2023
. 2023-10-02 08:01:17.910 Login time: lunedì 2 ottobre 2023 08:01:17
. 2023-10-02 08:01:17.910 --------------------------------------------------------------------------
. 2023-10-02 08:01:17.910 Script: Retrospectively logging previous script records:
> 2023-10-02 08:01:17.910 Script: open sftp://uniongas:***@sftp.sandsiv.com -hostkey=*
. 2023-10-02 08:01:17.910 --------------------------------------------------------------------------
. 2023-10-02 08:01:17.910 Session name: uniongas@sftp.sandsiv.com (Ad-Hoc site)
. 2023-10-02 08:01:17.910 Host name: sftp.sandsiv.com (Port: 22)
. 2023-10-02 08:01:17.910 User name: uniongas (Password: Yes, Key file: No, Passphrase: No)
. 2023-10-02 08:01:17.910 Tunnel: No
. 2023-10-02 08:01:17.910 Transfer Protocol: SFTP
. 2023-10-02 08:01:17.910 Ping type: Off, Ping interval: 30 sec; Timeout: 15 sec
. 2023-10-02 08:01:17.910 Disable Nagle: No
. 2023-10-02 08:01:17.910 Proxy: None
. 2023-10-02 08:01:17.910 Send buffer: 262144
. 2023-10-02 08:01:17.910 Compression: No
. 2023-10-02 08:01:17.910 Bypass authentication: No
. 2023-10-02 08:01:17.910 Try agent: Yes; Agent forwarding: No; KI: Yes; GSSAPI: Yes
. 2023-10-02 08:01:17.910 GSSAPI: KEX: No; Forwarding: No; Libs: gssapi32,sspi,custom; Custom: 
. 2023-10-02 08:01:17.910 Ciphers: aes,chacha20,aesgcm,3des,WARN,des,blowfish,arcfour; Ssh2DES: No
. 2023-10-02 08:01:17.910 KEX: ntru-curve25519,ecdh,dh-gex-sha1,dh-group18-sha512,dh-group17-sha512,dh-group16-sha512,dh-group15-sha512,dh-group14-sha1,rsa,WARN,dh-group1-sha1
. 2023-10-02 08:01:17.910 SSH Bugs: Auto,Auto,Auto,Auto,Auto,Auto,Auto,Auto,Auto,Auto
. 2023-10-02 08:01:17.910 Simple channel: Yes
. 2023-10-02 08:01:17.910 Return code variable: Autodetect; Lookup user groups: Auto
. 2023-10-02 08:01:17.910 Shell: default
. 2023-10-02 08:01:17.910 EOL: LF, UTF: Auto
. 2023-10-02 08:01:17.910 Clear aliases: Yes, Unset nat.vars: Yes, Resolve symlinks: Yes; Follow directory symlinks: No
. 2023-10-02 08:01:17.910 LS: ls -la, Ign LS warn: Yes, Scp1 Comp: No; Exit code 1 is error: No
. 2023-10-02 08:01:17.910 SFTP Bugs: Auto,Auto
. 2023-10-02 08:01:17.910 SFTP Server: default
. 2023-10-02 08:01:17.910 Local directory: default, Remote directory: home, Update: Yes, Cache: Yes
. 2023-10-02 08:01:17.910 Cache directory changes: Yes, Permanent: Yes
. 2023-10-02 08:01:17.910 Recycle bin: Delete to: No, Overwritten to: No, Bin path: 
. 2023-10-02 08:01:17.910 DST mode: Unix
. 2023-10-02 08:01:17.910 --------------------------------------------------------------------------
< 2023-10-02 08:01:17.910 Script: Ricerca host ...
. 2023-10-02 08:01:17.910 Looking up host "sftp.sandsiv.com" for SSH connection
. 2023-10-02 08:01:17.910 Connecting to 77.109.144.51 port 22
. 2023-10-02 08:01:17.926 Connected to 77.109.144.51
< 2023-10-02 08:01:17.926 Script: Connessione host ...
. 2023-10-02 08:01:17.926 We claim version: SSH-2.0-WinSCP_release_6.1.1
. 2023-10-02 08:01:17.926 Connected to 77.109.144.51
. 2023-10-02 08:01:17.957 Remote version: SSH-2.0-OpenSSH_5.3
. 2023-10-02 08:01:17.957 We believe remote version has SSH-2 channel request bug
. 2023-10-02 08:01:17.957 Using SSH protocol version 2
. 2023-10-02 08:01:17.973 Doing Diffie-Hellman group exchange
. 2023-10-02 08:01:18.056 Doing Diffie-Hellman key exchange using 4096-bit modulus and hash SHA-256 with a server-supplied group
. 2023-10-02 08:01:20.608 Server also has ssh-dss host key, but we don't know it
. 2023-10-02 08:01:20.608 Host key fingerprint is:
. 2023-10-02 08:01:20.608 ssh-rsa 2048 SHA256:eelF88eFuOlODwKGUpnnqatJdFSTRhBSqEJAos67GqQ
< 2023-10-02 08:01:20.608 Script: Autenticazione ...
< 2023-10-02 08:01:20.608 Script: ATTENZIONE! Stai rinunciando alla sicurezza e accettando ogni chiave come configurato!
* 2023-10-02 08:01:20.608 ATTENZIONE! Stai rinunciando alla sicurezza e accettando ogni chiave come configurato!
. 2023-10-02 08:01:20.608 Initialised AES-256 SDCTR (unaccelerated) [aes256-ctr] outbound encryption
. 2023-10-02 08:01:20.608 Initialised HMAC-SHA-256 outbound MAC algorithm
. 2023-10-02 08:01:20.608 Initialised AES-256 SDCTR (unaccelerated) [aes256-ctr] inbound encryption
. 2023-10-02 08:01:20.608 Initialised HMAC-SHA-256 inbound MAC algorithm
! 2023-10-02 08:01:20.624 Using username "uniongas".
< 2023-10-02 08:01:20.624 Script: Usa nome utente "uniongas".
. 2023-10-02 08:01:20.655 Server offered these authentication methods: publickey,gssapi-keyex,gssapi-with-mic,password
. 2023-10-02 08:01:20.655 Using SSPI from SECUR32.DLL
. 2023-10-02 08:01:20.655 Trying gssapi-with-mic...
. 2023-10-02 08:01:20.655 Attempting GSSAPI authentication
. 2023-10-02 08:01:20.670 GSSAPI authentication request refused
. 2023-10-02 08:01:20.670 Server offered these authentication methods: publickey,gssapi-keyex,gssapi-with-mic,password
. 2023-10-02 08:01:20.670 Prompt (password, "SSH password", <no instructions>, "&Password: ")
. 2023-10-02 08:01:20.670 Using stored password.
< 2023-10-02 08:01:20.670 Script: Autenticazione con password preimpostata
. 2023-10-02 08:01:20.670 Sent password
. 2023-10-02 08:01:20.733 Access granted
. 2023-10-02 08:01:20.733 Opening main session channel
. 2023-10-02 08:01:20.905 Opened main channel
. 2023-10-02 08:01:20.936 Started a shell/command
< 2023-10-02 08:01:20.936 Script: Autenticato.
. 2023-10-02 08:01:20.936 --------------------------------------------------------------------------
. 2023-10-02 08:01:20.936 Using SFTP protocol.
. 2023-10-02 08:01:20.936 Doing startup conversation with host.
< 2023-10-02 08:01:20.936 Script: Avvio sessione ...
> 2023-10-02 08:01:20.936 Type: SSH_FXP_INIT, Size: 5, Number: -1
< 2023-10-02 08:01:20.952 Type: SSH_FXP_VERSION, Size: 95, Number: -1
. 2023-10-02 08:01:20.952 SFTP version 3 negotiated.
. 2023-10-02 08:01:20.952 Unknown server extension posix-rename@openssh.com="1"
. 2023-10-02 08:01:20.952 Supports statvfs@openssh.com extension version 2
. 2023-10-02 08:01:20.952 Unknown server extension fstatvfs@openssh.com="2"
. 2023-10-02 08:01:20.952 We believe the server has signed timestamps bug
. 2023-10-02 08:01:20.952 We will use UTF-8 strings until server sends an invalid UTF-8 string as with SFTP version 3 and older UTF-8 strings are not mandatory
. 2023-10-02 08:01:20.952 Limiting packet size to OpenSSH sftp-server limit of 262148 bytes
. 2023-10-02 08:01:20.952 Getting current directory name.
. 2023-10-02 08:01:20.952 Getting real path for '.'
> 2023-10-02 08:01:20.952 Type: SSH_FXP_REALPATH, Size: 10, Number: 16
< 2023-10-02 08:01:20.967 Type: SSH_FXP_NAME, Size: 39, Number: 16
. 2023-10-02 08:01:20.967 Real path is '/uniongas'
. 2023-10-02 08:01:20.967 Startup conversation with host finished.
< 2023-10-02 08:01:20.967 Script: Sessione avviata.
< 2023-10-02 08:01:20.967 Script: Sessione attiva: [1] uniongas@sftp.sandsiv.com
> 2023-10-02 08:01:20.967 Script: cd /uniongas/InputFiles
. 2023-10-02 08:01:20.967 Cached directory change via "/uniongas/InputFiles" to "/uniongas/InputFiles".
. 2023-10-02 08:01:20.967 Getting current directory name.
< 2023-10-02 08:01:20.967 Script: /uniongas/InputFiles
> 2023-10-02 08:01:20.967 Script: ls
. 2023-10-02 08:01:20.967 Listing directory "/uniongas/InputFiles".
> 2023-10-02 08:01:20.967 Type: SSH_FXP_OPENDIR, Size: 29, Number: 267
< 2023-10-02 08:01:20.999 Type: SSH_FXP_HANDLE, Size: 13, Number: 267
> 2023-10-02 08:01:20.999 Type: SSH_FXP_READDIR, Size: 13, Number: 524
< 2023-10-02 08:01:21.031 Type: SSH_FXP_NAME, Size: 607, Number: 524
> 2023-10-02 08:01:21.031 Type: SSH_FXP_READDIR, Size: 13, Number: 780
< 2023-10-02 08:01:21.047 Type: SSH_FXP_STATUS, Size: 28, Number: 780
< 2023-10-02 08:01:21.047 Status code: 1
> 2023-10-02 08:01:21.047 Type: SSH_FXP_CLOSE, Size: 13, Number: 1028
. 2023-10-02 08:01:21.047 .;d;0;2023-10-02T06:01:17.000Z;4;"760" [760];"768" [768];rwxrwx---;0
. 2023-10-02 08:01:21.047 ..;d;0;2023-06-21T14:45:19.000Z;4;"760" [760];"768" [768];rwxrwx---;0
. 2023-10-02 08:01:21.047 switchin_231002.csv;-;91511;2023-10-02T08:00:26.000Z;4;"760" [760];"753" [753];rw-r--r--;0
. 2023-10-02 08:01:21.047 voltura_231002.csv;-;569;2023-10-02T08:00:39.000Z;4;"760" [760];"753" [753];rw-r--r--;0
. 2023-10-02 08:01:21.047 subentro_231002.csv;-;27183;2023-10-02T08:00:10.000Z;4;"760" [760];"753" [753];rw-r--r--;0
< 2023-10-02 08:01:21.047 Script: drwxrwx---   2 760      768           4096 Oct  2  8:01:17 2023 .
< 2023-10-02 08:01:21.047 Script: drwxrwx---   5 760      768           4096 Jun 21 16:45:19 2023 ..
< 2023-10-02 08:01:21.047 Script: -rw-r--r--   1 760      753          91511 Oct  2 10:00:26 2023 switchin_231002.csv
< 2023-10-02 08:01:21.047 Script: -rw-r--r--   1 760      753            569 Oct  2 10:00:39 2023 voltura_231002.csv
< 2023-10-02 08:01:21.047 Script: -rw-r--r--   1 760      753          27183 Oct  2 10:00:10 2023 subentro_231002.csv
> 2023-10-02 08:01:21.047 Script: close
. 2023-10-02 08:01:21.047 Closing connection.
. 2023-10-02 08:01:21.047 Sending special code: 1
. 2023-10-02 08:01:21.078 Session sent command exit status 0
. 2023-10-02 08:01:21.078 Main session channel closed
. 2023-10-02 08:01:21.078 All channels closed
