. 2023-10-16 08:57:43.261 --------------------------------------------------------------------------
. 2023-10-16 08:57:43.261 WinSCP Versione 6.1.1 (Build 13736 2023-06-21) (OS 10.0.17763 – Windows Server 2019 Standard)
. 2023-10-16 08:57:43.261 Configuration: HKCU\Software\Martin Prikryl\WinSCP 2\
. 2023-10-16 08:57:43.261 Log level: Normal
. 2023-10-16 08:57:43.261 Local account: DB-BI\Administrator
. 2023-10-16 08:57:43.261 Working directory: C:\VOC
. 2023-10-16 08:57:43.261 Process ID: 11208
. 2023-10-16 08:57:43.276 Ancestor processes: cmd, explorer, ...
. 2023-10-16 08:57:43.276 Command-line: "C:\Program Files (x86)\WinSCP\WinSCP.exe"  /log="C:\VOC\log.log" /command "open sftp://uniongas:***@sftp.sandsiv.com -hostkey=*"     "lcd C:\VOC\download"     "cd /uniongas/InputFiles"     "put *"     "close"     "exit"
. 2023-10-16 08:57:43.276 Time zone: Current: GMT+2, Standard: GMT+1 (ora solare Europa occidentale), DST: GMT+2 (ora legale Europa occidentale), DST Start: 26/03/2023, DST End: 29/10/2023
. 2023-10-16 08:57:43.276 Login time: lunedì 16 ottobre 2023 08:57:43
. 2023-10-16 08:57:43.276 --------------------------------------------------------------------------
. 2023-10-16 08:57:43.276 Script: Retrospectively logging previous script records:
> 2023-10-16 08:57:43.276 Script: open sftp://uniongas:***@sftp.sandsiv.com -hostkey=*
. 2023-10-16 08:57:43.276 --------------------------------------------------------------------------
. 2023-10-16 08:57:43.276 Session name: uniongas@sftp.sandsiv.com (Ad-Hoc site)
. 2023-10-16 08:57:43.276 Host name: sftp.sandsiv.com (Port: 22)
. 2023-10-16 08:57:43.276 User name: uniongas (Password: Yes, Key file: No, Passphrase: No)
. 2023-10-16 08:57:43.276 Tunnel: No
. 2023-10-16 08:57:43.276 Transfer Protocol: SFTP
. 2023-10-16 08:57:43.276 Ping type: Off, Ping interval: 30 sec; Timeout: 15 sec
. 2023-10-16 08:57:43.276 Disable Nagle: No
. 2023-10-16 08:57:43.276 Proxy: None
. 2023-10-16 08:57:43.276 Send buffer: 262144
. 2023-10-16 08:57:43.276 Compression: No
. 2023-10-16 08:57:43.276 Bypass authentication: No
. 2023-10-16 08:57:43.276 Try agent: Yes; Agent forwarding: No; KI: Yes; GSSAPI: Yes
. 2023-10-16 08:57:43.276 GSSAPI: KEX: No; Forwarding: No; Libs: gssapi32,sspi,custom; Custom: 
. 2023-10-16 08:57:43.276 Ciphers: aes,chacha20,aesgcm,3des,WARN,des,blowfish,arcfour; Ssh2DES: No
. 2023-10-16 08:57:43.276 KEX: ntru-curve25519,ecdh,dh-gex-sha1,dh-group18-sha512,dh-group17-sha512,dh-group16-sha512,dh-group15-sha512,dh-group14-sha1,rsa,WARN,dh-group1-sha1
. 2023-10-16 08:57:43.276 SSH Bugs: Auto,Auto,Auto,Auto,Auto,Auto,Auto,Auto,Auto,Auto
. 2023-10-16 08:57:43.276 Simple channel: Yes
. 2023-10-16 08:57:43.276 Return code variable: Autodetect; Lookup user groups: Auto
. 2023-10-16 08:57:43.276 Shell: default
. 2023-10-16 08:57:43.276 EOL: LF, UTF: Auto
. 2023-10-16 08:57:43.276 Clear aliases: Yes, Unset nat.vars: Yes, Resolve symlinks: Yes; Follow directory symlinks: No
. 2023-10-16 08:57:43.276 LS: ls -la, Ign LS warn: Yes, Scp1 Comp: No; Exit code 1 is error: No
. 2023-10-16 08:57:43.276 SFTP Bugs: Auto,Auto
. 2023-10-16 08:57:43.276 SFTP Server: default
. 2023-10-16 08:57:43.276 Local directory: default, Remote directory: home, Update: Yes, Cache: Yes
. 2023-10-16 08:57:43.276 Cache directory changes: Yes, Permanent: Yes
. 2023-10-16 08:57:43.276 Recycle bin: Delete to: No, Overwritten to: No, Bin path: 
. 2023-10-16 08:57:43.276 DST mode: Unix
. 2023-10-16 08:57:43.276 --------------------------------------------------------------------------
< 2023-10-16 08:57:43.276 Script: Ricerca host ...
. 2023-10-16 08:57:43.276 Looking up host "sftp.sandsiv.com" for SSH connection
. 2023-10-16 08:57:43.307 Connecting to 77.109.144.51 port 22
. 2023-10-16 08:57:43.339 Connected to 77.109.144.51
< 2023-10-16 08:57:43.339 Script: Connessione host ...
. 2023-10-16 08:57:43.339 We claim version: SSH-2.0-WinSCP_release_6.1.1
. 2023-10-16 08:57:43.339 Connected to 77.109.144.51
. 2023-10-16 08:57:43.386 Remote version: SSH-2.0-OpenSSH_5.3
. 2023-10-16 08:57:43.386 We believe remote version has SSH-2 channel request bug
. 2023-10-16 08:57:43.386 Using SSH protocol version 2
. 2023-10-16 08:57:43.417 Doing Diffie-Hellman group exchange
. 2023-10-16 08:57:43.464 Doing Diffie-Hellman key exchange using 4096-bit modulus and hash SHA-256 with a server-supplied group
. 2023-10-16 08:57:45.607 Server also has ssh-dss host key, but we don't know it
. 2023-10-16 08:57:45.607 Host key fingerprint is:
. 2023-10-16 08:57:45.607 ssh-rsa 2048 SHA256:eelF88eFuOlODwKGUpnnqatJdFSTRhBSqEJAos67GqQ
< 2023-10-16 08:57:45.607 Script: Autenticazione ...
< 2023-10-16 08:57:45.607 Script: ATTENZIONE! Stai rinunciando alla sicurezza e accettando ogni chiave come configurato!
* 2023-10-16 08:57:45.607 ATTENZIONE! Stai rinunciando alla sicurezza e accettando ogni chiave come configurato!
. 2023-10-16 08:57:45.607 Initialised AES-256 SDCTR (unaccelerated) [aes256-ctr] outbound encryption
. 2023-10-16 08:57:45.607 Initialised HMAC-SHA-256 outbound MAC algorithm
. 2023-10-16 08:57:45.607 Initialised AES-256 SDCTR (unaccelerated) [aes256-ctr] inbound encryption
. 2023-10-16 08:57:45.607 Initialised HMAC-SHA-256 inbound MAC algorithm
! 2023-10-16 08:57:45.638 Using username "uniongas".
< 2023-10-16 08:57:45.654 Script: Usa nome utente "uniongas".
. 2023-10-16 08:57:45.682 Server offered these authentication methods: publickey,gssapi-keyex,gssapi-with-mic,password
. 2023-10-16 08:57:45.682 Using SSPI from SECUR32.DLL
. 2023-10-16 08:57:45.682 Trying gssapi-with-mic...
. 2023-10-16 08:57:45.682 Attempting GSSAPI authentication
. 2023-10-16 08:57:45.729 GSSAPI authentication request refused
. 2023-10-16 08:57:45.729 Server offered these authentication methods: publickey,gssapi-keyex,gssapi-with-mic,password
. 2023-10-16 08:57:45.729 Prompt (password, "SSH password", <no instructions>, "&Password: ")
. 2023-10-16 08:57:45.729 Using stored password.
< 2023-10-16 08:57:45.729 Script: Autenticazione con password preimpostata
. 2023-10-16 08:57:45.729 Sent password
. 2023-10-16 08:57:45.807 Access granted
. 2023-10-16 08:57:45.807 Opening main session channel
. 2023-10-16 08:57:45.994 Opened main channel
. 2023-10-16 08:57:46.041 Started a shell/command
< 2023-10-16 08:57:46.041 Script: Autenticato.
. 2023-10-16 08:57:46.041 --------------------------------------------------------------------------
. 2023-10-16 08:57:46.041 Using SFTP protocol.
. 2023-10-16 08:57:46.041 Doing startup conversation with host.
< 2023-10-16 08:57:46.041 Script: Avvio sessione ...
> 2023-10-16 08:57:46.041 Type: SSH_FXP_INIT, Size: 5, Number: -1
< 2023-10-16 08:57:46.104 Type: SSH_FXP_VERSION, Size: 95, Number: -1
. 2023-10-16 08:57:46.104 SFTP version 3 negotiated.
. 2023-10-16 08:57:46.104 Unknown server extension posix-rename@openssh.com="1"
. 2023-10-16 08:57:46.104 Supports statvfs@openssh.com extension version 2
. 2023-10-16 08:57:46.104 Unknown server extension fstatvfs@openssh.com="2"
. 2023-10-16 08:57:46.104 We believe the server has signed timestamps bug
. 2023-10-16 08:57:46.104 We will use UTF-8 strings until server sends an invalid UTF-8 string as with SFTP version 3 and older UTF-8 strings are not mandatory
. 2023-10-16 08:57:46.104 Limiting packet size to OpenSSH sftp-server limit of 262148 bytes
. 2023-10-16 08:57:46.104 Getting current directory name.
. 2023-10-16 08:57:46.104 Getting real path for '.'
> 2023-10-16 08:57:46.104 Type: SSH_FXP_REALPATH, Size: 10, Number: 16
< 2023-10-16 08:57:46.152 Type: SSH_FXP_NAME, Size: 39, Number: 16
. 2023-10-16 08:57:46.152 Real path is '/uniongas'
. 2023-10-16 08:57:46.152 Startup conversation with host finished.
< 2023-10-16 08:57:46.152 Script: Sessione avviata.
< 2023-10-16 08:57:46.152 Script: Sessione attiva: [1] uniongas@sftp.sandsiv.com
> 2023-10-16 08:57:46.152 Script: lcd C:\VOC\download
< 2023-10-16 08:57:46.152 Script: C:\VOC\download
> 2023-10-16 08:57:46.152 Script: cd /uniongas/InputFiles
. 2023-10-16 08:57:46.152 Cached directory change via "/uniongas/InputFiles" to "/uniongas/InputFiles".
. 2023-10-16 08:57:46.152 Getting current directory name.
< 2023-10-16 08:57:46.152 Script: /uniongas/InputFiles
> 2023-10-16 08:57:46.152 Script: put *
. 2023-10-16 08:57:46.152 Copying 3 files/directories to remote directory "/uniongas/InputFiles" - total size: 110.544
. 2023-10-16 08:57:46.152   PrTime: Yes; PrRO: No; Rght: rw-r--r--; PrR: No (No); FnCs: N; RIC: 0100; Resume: S (102400); CalcS: No; Mask: 
. 2023-10-16 08:57:46.152   TM: B; ClAr: No; RemEOF: No; RemBOM: No; CPS: 0; NewerOnly: No; EncryptNewFiles: Yes; ExcludeHiddenFiles: No; ExcludeEmptyDirectories: No; InclM: ; ResumeL: 0
. 2023-10-16 08:57:46.152   AscM: *.*html; *.htm; *.txt; *.php; *.php3; *.cgi; *.c; *.cpp; *.h; *.pas; *.bas; *.tex; *.pl; *.js; .htaccess; *.xtml; *.css; *.cfg; *.ini; *.sh; *.xml
. 2023-10-16 08:57:46.152 File: 'subentro_231016.csv' [2023-10-16T08:57:33.000Z] [31534]
. 2023-10-16 08:57:46.152 Copying "subentro_231016.csv" to remote directory started.
. 2023-10-16 08:57:46.152 Binary transfer mode selected.
. 2023-10-16 08:57:46.152 Opening remote file.
> 2023-10-16 08:57:46.152 Type: SSH_FXP_OPEN, Size: 65, Number: 259
< 2023-10-16 08:57:46.215 Type: SSH_FXP_HANDLE, Size: 13, Number: 259
> 2023-10-16 08:57:46.215 Type: SSH_FXP_WRITE, Size: 31559, Number: 774
> 2023-10-16 08:57:46.215 Type: SSH_FXP_CLOSE, Size: 13, Number: 1028
> 2023-10-16 08:57:46.215 Type: SSH_FXP_SETSTAT, Size: 61, Number: 521
< 2023-10-16 08:57:46.308 Type: SSH_FXP_STATUS, Size: 24, Number: 774
< 2023-10-16 08:57:46.308 Status code: 0
< 2023-10-16 08:57:46.355 Type: SSH_FXP_STATUS, Size: 24, Number: 1028
< 2023-10-16 08:57:46.355 Status code: 0
. 2023-10-16 08:57:46.355 Preserving timestamp [2023-10-16T08:57:33.000Z]
< 2023-10-16 08:57:46.355 Type: SSH_FXP_STATUS, Size: 24, Number: 521
< 2023-10-16 08:57:46.355 Status code: 0
. 2023-10-16 08:57:46.355 Transfer done: 'subentro_231016.csv' => '/uniongas/InputFiles/subentro_231016.csv' [31534]
. 2023-10-16 08:57:46.355 File: 'switchin_231016.csv' [2023-10-16T08:57:33.000Z] [78429]
. 2023-10-16 08:57:46.355 Copying "switchin_231016.csv" to remote directory started.
. 2023-10-16 08:57:46.355 Binary transfer mode selected.
. 2023-10-16 08:57:46.355 Opening remote file.
> 2023-10-16 08:57:46.355 Type: SSH_FXP_OPEN, Size: 65, Number: 1283
< 2023-10-16 08:57:46.418 Type: SSH_FXP_HANDLE, Size: 13, Number: 1283
> 2023-10-16 08:57:46.418 Type: SSH_FXP_WRITE, Size: 32761, Number: 1798
. 2023-10-16 08:57:46.418 Skipped 2 SSH_FXP_WRITE packets
> 2023-10-16 08:57:46.418 Type: SSH_FXP_CLOSE, Size: 13, Number: 2564
> 2023-10-16 08:57:46.418 Type: SSH_FXP_SETSTAT, Size: 61, Number: 1545
< 2023-10-16 08:57:46.465 Type: SSH_FXP_STATUS, Size: 24, Number: 1798
< 2023-10-16 08:57:46.465 Status code: 0
. 2023-10-16 08:57:46.558 Skipped 2 SSH_FXP_STATUS packets
< 2023-10-16 08:57:46.558 Type: SSH_FXP_STATUS, Size: 24, Number: 2564
< 2023-10-16 08:57:46.558 Status code: 0
. 2023-10-16 08:57:46.558 Preserving timestamp [2023-10-16T08:57:33.000Z]
< 2023-10-16 08:57:46.558 Type: SSH_FXP_STATUS, Size: 24, Number: 1545
< 2023-10-16 08:57:46.558 Status code: 0
. 2023-10-16 08:57:46.558 Transfer done: 'switchin_231016.csv' => '/uniongas/InputFiles/switchin_231016.csv' [78429]
. 2023-10-16 08:57:46.558 File: 'voltura_231016.csv' [2023-10-16T08:57:33.000Z] [581]
. 2023-10-16 08:57:46.558 Copying "voltura_231016.csv" to remote directory started.
. 2023-10-16 08:57:46.558 Binary transfer mode selected.
. 2023-10-16 08:57:46.558 Opening remote file.
> 2023-10-16 08:57:46.558 Type: SSH_FXP_OPEN, Size: 64, Number: 2819
< 2023-10-16 08:57:46.637 Type: SSH_FXP_HANDLE, Size: 13, Number: 2819
> 2023-10-16 08:57:46.637 Type: SSH_FXP_WRITE, Size: 606, Number: 3334
> 2023-10-16 08:57:46.637 Type: SSH_FXP_CLOSE, Size: 13, Number: 3588
> 2023-10-16 08:57:46.637 Type: SSH_FXP_SETSTAT, Size: 60, Number: 3081
< 2023-10-16 08:57:46.699 Type: SSH_FXP_STATUS, Size: 24, Number: 3334
< 2023-10-16 08:57:46.699 Status code: 0
< 2023-10-16 08:57:46.715 Type: SSH_FXP_STATUS, Size: 24, Number: 3588
< 2023-10-16 08:57:46.715 Status code: 0
. 2023-10-16 08:57:46.715 Preserving timestamp [2023-10-16T08:57:33.000Z]
< 2023-10-16 08:57:46.746 Type: SSH_FXP_STATUS, Size: 24, Number: 3081
< 2023-10-16 08:57:46.746 Status code: 0
. 2023-10-16 08:57:46.746 Transfer done: 'voltura_231016.csv' => '/uniongas/InputFiles/voltura_231016.csv' [581]
. 2023-10-16 08:57:46.746 Copying finished: Transferred: 110.544, Elapsed: 0:00:00, CPS: 186.101/s
> 2023-10-16 08:57:46.746 Script: close
. 2023-10-16 08:57:46.746 Closing connection.
. 2023-10-16 08:57:46.746 Sending special code: 1
. 2023-10-16 08:57:46.808 Session sent command exit status 0
. 2023-10-16 08:57:46.808 Main session channel closed
. 2023-10-16 08:57:46.808 All channels closed
. 2023-10-16 08:57:46.902 --------------------------------------------------------------------------
. 2023-10-16 08:57:46.902 WinSCP Versione 6.1.1 (Build 13736 2023-06-21) (OS 10.0.17763 – Windows Server 2019 Standard)
. 2023-10-16 08:57:46.902 Configuration: HKCU\Software\Martin Prikryl\WinSCP 2\
. 2023-10-16 08:57:46.902 Log level: Normal
. 2023-10-16 08:57:46.902 Local account: DB-BI\Administrator
. 2023-10-16 08:57:46.902 Working directory: C:\VOC
. 2023-10-16 08:57:46.902 Process ID: 10300
. 2023-10-16 08:57:46.902 Ancestor processes: cmd, explorer, ...
. 2023-10-16 08:57:46.918 Command-line: "C:\Program Files (x86)\WinSCP\WinSCP.exe"  /log="C:\VOC\log.log" /command "open sftp://uniongas:***@sftp.sandsiv.com -hostkey=*" 	"cd /uniongas/InputFiles"     "ls" 	"close"     "exit"
. 2023-10-16 08:57:46.918 Time zone: Current: GMT+2, Standard: GMT+1 (ora solare Europa occidentale), DST: GMT+2 (ora legale Europa occidentale), DST Start: 26/03/2023, DST End: 29/10/2023
. 2023-10-16 08:57:46.918 Login time: lunedì 16 ottobre 2023 08:57:46
. 2023-10-16 08:57:46.918 --------------------------------------------------------------------------
. 2023-10-16 08:57:46.918 Script: Retrospectively logging previous script records:
> 2023-10-16 08:57:46.918 Script: open sftp://uniongas:***@sftp.sandsiv.com -hostkey=*
. 2023-10-16 08:57:46.918 --------------------------------------------------------------------------
. 2023-10-16 08:57:46.918 Session name: uniongas@sftp.sandsiv.com (Ad-Hoc site)
. 2023-10-16 08:57:46.918 Host name: sftp.sandsiv.com (Port: 22)
. 2023-10-16 08:57:46.918 User name: uniongas (Password: Yes, Key file: No, Passphrase: No)
. 2023-10-16 08:57:46.918 Tunnel: No
. 2023-10-16 08:57:46.918 Transfer Protocol: SFTP
. 2023-10-16 08:57:46.918 Ping type: Off, Ping interval: 30 sec; Timeout: 15 sec
. 2023-10-16 08:57:46.918 Disable Nagle: No
. 2023-10-16 08:57:46.918 Proxy: None
. 2023-10-16 08:57:46.918 Send buffer: 262144
. 2023-10-16 08:57:46.918 Compression: No
. 2023-10-16 08:57:46.918 Bypass authentication: No
. 2023-10-16 08:57:46.918 Try agent: Yes; Agent forwarding: No; KI: Yes; GSSAPI: Yes
. 2023-10-16 08:57:46.918 GSSAPI: KEX: No; Forwarding: No; Libs: gssapi32,sspi,custom; Custom: 
. 2023-10-16 08:57:46.918 Ciphers: aes,chacha20,aesgcm,3des,WARN,des,blowfish,arcfour; Ssh2DES: No
. 2023-10-16 08:57:46.918 KEX: ntru-curve25519,ecdh,dh-gex-sha1,dh-group18-sha512,dh-group17-sha512,dh-group16-sha512,dh-group15-sha512,dh-group14-sha1,rsa,WARN,dh-group1-sha1
. 2023-10-16 08:57:46.918 SSH Bugs: Auto,Auto,Auto,Auto,Auto,Auto,Auto,Auto,Auto,Auto
. 2023-10-16 08:57:46.918 Simple channel: Yes
. 2023-10-16 08:57:46.918 Return code variable: Autodetect; Lookup user groups: Auto
. 2023-10-16 08:57:46.918 Shell: default
. 2023-10-16 08:57:46.918 EOL: LF, UTF: Auto
. 2023-10-16 08:57:46.918 Clear aliases: Yes, Unset nat.vars: Yes, Resolve symlinks: Yes; Follow directory symlinks: No
. 2023-10-16 08:57:46.918 LS: ls -la, Ign LS warn: Yes, Scp1 Comp: No; Exit code 1 is error: No
. 2023-10-16 08:57:46.918 SFTP Bugs: Auto,Auto
. 2023-10-16 08:57:46.918 SFTP Server: default
. 2023-10-16 08:57:46.918 Local directory: default, Remote directory: home, Update: Yes, Cache: Yes
. 2023-10-16 08:57:46.918 Cache directory changes: Yes, Permanent: Yes
. 2023-10-16 08:57:46.918 Recycle bin: Delete to: No, Overwritten to: No, Bin path: 
. 2023-10-16 08:57:46.918 DST mode: Unix
. 2023-10-16 08:57:46.918 --------------------------------------------------------------------------
< 2023-10-16 08:57:46.918 Script: Ricerca host ...
. 2023-10-16 08:57:46.918 Looking up host "sftp.sandsiv.com" for SSH connection
. 2023-10-16 08:57:46.918 Connecting to 77.109.144.51 port 22
. 2023-10-16 08:57:46.949 Connected to 77.109.144.51
< 2023-10-16 08:57:46.949 Script: Connessione host ...
. 2023-10-16 08:57:46.949 We claim version: SSH-2.0-WinSCP_release_6.1.1
. 2023-10-16 08:57:46.949 Connected to 77.109.144.51
. 2023-10-16 08:57:46.996 Remote version: SSH-2.0-OpenSSH_5.3
. 2023-10-16 08:57:46.996 We believe remote version has SSH-2 channel request bug
. 2023-10-16 08:57:46.996 Using SSH protocol version 2
. 2023-10-16 08:57:47.043 Doing Diffie-Hellman group exchange
. 2023-10-16 08:57:47.090 Doing Diffie-Hellman key exchange using 4096-bit modulus and hash SHA-256 with a server-supplied group
. 2023-10-16 08:57:49.250 Server also has ssh-dss host key, but we don't know it
. 2023-10-16 08:57:49.250 Host key fingerprint is:
. 2023-10-16 08:57:49.250 ssh-rsa 2048 SHA256:eelF88eFuOlODwKGUpnnqatJdFSTRhBSqEJAos67GqQ
< 2023-10-16 08:57:49.250 Script: Autenticazione ...
< 2023-10-16 08:57:49.250 Script: ATTENZIONE! Stai rinunciando alla sicurezza e accettando ogni chiave come configurato!
* 2023-10-16 08:57:49.250 ATTENZIONE! Stai rinunciando alla sicurezza e accettando ogni chiave come configurato!
. 2023-10-16 08:57:49.250 Initialised AES-256 SDCTR (unaccelerated) [aes256-ctr] outbound encryption
. 2023-10-16 08:57:49.250 Initialised HMAC-SHA-256 outbound MAC algorithm
. 2023-10-16 08:57:49.250 Initialised AES-256 SDCTR (unaccelerated) [aes256-ctr] inbound encryption
. 2023-10-16 08:57:49.250 Initialised HMAC-SHA-256 inbound MAC algorithm
! 2023-10-16 08:57:49.563 Using username "uniongas".
< 2023-10-16 08:57:49.563 Script: Usa nome utente "uniongas".
. 2023-10-16 08:57:49.641 Server offered these authentication methods: publickey,gssapi-keyex,gssapi-with-mic,password
. 2023-10-16 08:57:49.641 Using SSPI from SECUR32.DLL
. 2023-10-16 08:57:49.641 Trying gssapi-with-mic...
. 2023-10-16 08:57:49.641 Attempting GSSAPI authentication
. 2023-10-16 08:57:49.735 GSSAPI authentication request refused
. 2023-10-16 08:57:49.735 Server offered these authentication methods: publickey,gssapi-keyex,gssapi-with-mic,password
. 2023-10-16 08:57:49.735 Prompt (password, "SSH password", <no instructions>, "&Password: ")
. 2023-10-16 08:57:49.735 Using stored password.
< 2023-10-16 08:57:49.735 Script: Autenticazione con password preimpostata
. 2023-10-16 08:57:49.735 Sent password
. 2023-10-16 08:57:49.860 Access granted
. 2023-10-16 08:57:49.860 Opening main session channel
. 2023-10-16 08:57:49.985 Opened main channel
. 2023-10-16 08:57:50.063 Started a shell/command
< 2023-10-16 08:57:50.063 Script: Autenticato.
. 2023-10-16 08:57:50.063 --------------------------------------------------------------------------
. 2023-10-16 08:57:50.063 Using SFTP protocol.
. 2023-10-16 08:57:50.063 Doing startup conversation with host.
< 2023-10-16 08:57:50.063 Script: Avvio sessione ...
> 2023-10-16 08:57:50.063 Type: SSH_FXP_INIT, Size: 5, Number: -1
< 2023-10-16 08:57:50.158 Type: SSH_FXP_VERSION, Size: 95, Number: -1
. 2023-10-16 08:57:50.158 SFTP version 3 negotiated.
. 2023-10-16 08:57:50.158 Unknown server extension posix-rename@openssh.com="1"
. 2023-10-16 08:57:50.158 Supports statvfs@openssh.com extension version 2
. 2023-10-16 08:57:50.158 Unknown server extension fstatvfs@openssh.com="2"
. 2023-10-16 08:57:50.158 We believe the server has signed timestamps bug
. 2023-10-16 08:57:50.158 We will use UTF-8 strings until server sends an invalid UTF-8 string as with SFTP version 3 and older UTF-8 strings are not mandatory
. 2023-10-16 08:57:50.158 Limiting packet size to OpenSSH sftp-server limit of 262148 bytes
. 2023-10-16 08:57:50.158 Getting current directory name.
. 2023-10-16 08:57:50.158 Getting real path for '.'
> 2023-10-16 08:57:50.158 Type: SSH_FXP_REALPATH, Size: 10, Number: 16
< 2023-10-16 08:57:50.236 Type: SSH_FXP_NAME, Size: 39, Number: 16
. 2023-10-16 08:57:50.236 Real path is '/uniongas'
. 2023-10-16 08:57:50.236 Startup conversation with host finished.
< 2023-10-16 08:57:50.236 Script: Sessione avviata.
< 2023-10-16 08:57:50.236 Script: Sessione attiva: [1] uniongas@sftp.sandsiv.com
> 2023-10-16 08:57:50.236 Script: cd /uniongas/InputFiles
. 2023-10-16 08:57:50.236 Cached directory change via "/uniongas/InputFiles" to "/uniongas/InputFiles".
. 2023-10-16 08:57:50.236 Getting current directory name.
< 2023-10-16 08:57:50.236 Script: /uniongas/InputFiles
> 2023-10-16 08:57:50.236 Script: ls
. 2023-10-16 08:57:50.236 Listing directory "/uniongas/InputFiles".
> 2023-10-16 08:57:50.236 Type: SSH_FXP_OPENDIR, Size: 29, Number: 267
< 2023-10-16 08:57:50.330 Type: SSH_FXP_HANDLE, Size: 13, Number: 267
> 2023-10-16 08:57:50.330 Type: SSH_FXP_READDIR, Size: 13, Number: 524
< 2023-10-16 08:57:50.707 Type: SSH_FXP_NAME, Size: 607, Number: 524
> 2023-10-16 08:57:50.707 Type: SSH_FXP_READDIR, Size: 13, Number: 780
< 2023-10-16 08:57:50.801 Type: SSH_FXP_STATUS, Size: 28, Number: 780
< 2023-10-16 08:57:50.801 Status code: 1
> 2023-10-16 08:57:50.801 Type: SSH_FXP_CLOSE, Size: 13, Number: 1028
. 2023-10-16 08:57:50.801 .;d;0;2023-10-16T06:57:46.000Z;4;"760" [760];"768" [768];rwxrwx---;0
. 2023-10-16 08:57:50.801 ..;d;0;2023-06-21T14:45:19.000Z;4;"760" [760];"768" [768];rwxrwx---;0
. 2023-10-16 08:57:50.801 switchin_231016.csv;-;78429;2023-10-16T08:57:33.000Z;4;"760" [760];"753" [753];rw-r--r--;0
. 2023-10-16 08:57:50.801 voltura_231016.csv;-;581;2023-10-16T08:57:33.000Z;4;"760" [760];"753" [753];rw-r--r--;0
. 2023-10-16 08:57:50.801 subentro_231016.csv;-;31534;2023-10-16T08:57:33.000Z;4;"760" [760];"753" [753];rw-r--r--;0
< 2023-10-16 08:57:50.801 Script: drwxrwx---   2 760      768           4096 Oct 16  8:57:46 2023 .
< 2023-10-16 08:57:50.801 Script: drwxrwx---   5 760      768           4096 Jun 21 16:45:19 2023 ..
< 2023-10-16 08:57:50.801 Script: -rw-r--r--   1 760      753          78429 Oct 16 10:57:33 2023 switchin_231016.csv
< 2023-10-16 08:57:50.801 Script: -rw-r--r--   1 760      753            581 Oct 16 10:57:33 2023 voltura_231016.csv
< 2023-10-16 08:57:50.801 Script: -rw-r--r--   1 760      753          31534 Oct 16 10:57:33 2023 subentro_231016.csv
> 2023-10-16 08:57:50.801 Script: close
. 2023-10-16 08:57:50.801 Closing connection.
. 2023-10-16 08:57:50.801 Sending special code: 1
. 2023-10-16 08:57:50.973 Session sent command exit status 0
. 2023-10-16 08:57:50.973 Main session channel closed
. 2023-10-16 08:57:50.973 All channels closed
