. 2023-12-25 08:01:16.789 --------------------------------------------------------------------------
. 2023-12-25 08:01:16.789 WinSCP Versione 6.1.1 (Build 13736 2023-06-21) (OS 10.0.17763 – Windows Server 2019 Standard)
. 2023-12-25 08:01:16.789 Configuration: HKCU\Software\Martin Prikryl\WinSCP 2\
. 2023-12-25 08:01:16.789 Log level: Normal
. 2023-12-25 08:01:16.789 Local account: DB-BI\Administrator
. 2023-12-25 08:01:16.789 Working directory: C:\Windows\system32
. 2023-12-25 08:01:16.789 Process ID: 8132
. 2023-12-25 08:01:16.789 Ancestor processes: cmd, ...
. 2023-12-25 08:01:16.789 Command-line: "C:\Program Files (x86)\WinSCP\WinSCP.exe"  /log="C:\VOC\log.log" /command "open sftp://uniongas:***@sftp.sandsiv.com -hostkey=*"     "lcd C:\VOC\download"     "cd /uniongas/InputFiles"     "put *"     "close"     "exit"
. 2023-12-25 08:01:16.789 Time zone: Current: GMT+1, Standard: GMT+1 (ora solare Europa occidentale), DST: GMT+2 (ora legale Europa occidentale), DST Start: 26/03/2023, DST End: 29/10/2023
. 2023-12-25 08:01:16.789 Login time: lunedì 25 dicembre 2023 08:01:16
. 2023-12-25 08:01:16.789 --------------------------------------------------------------------------
. 2023-12-25 08:01:16.789 Script: Retrospectively logging previous script records:
> 2023-12-25 08:01:16.789 Script: open sftp://uniongas:***@sftp.sandsiv.com -hostkey=*
. 2023-12-25 08:01:16.789 --------------------------------------------------------------------------
. 2023-12-25 08:01:16.789 Session name: uniongas@sftp.sandsiv.com (Ad-Hoc site)
. 2023-12-25 08:01:16.789 Host name: sftp.sandsiv.com (Port: 22)
. 2023-12-25 08:01:16.789 User name: uniongas (Password: Yes, Key file: No, Passphrase: No)
. 2023-12-25 08:01:16.789 Tunnel: No
. 2023-12-25 08:01:16.789 Transfer Protocol: SFTP
. 2023-12-25 08:01:16.789 Ping type: Off, Ping interval: 30 sec; Timeout: 15 sec
. 2023-12-25 08:01:16.789 Disable Nagle: No
. 2023-12-25 08:01:16.789 Proxy: None
. 2023-12-25 08:01:16.789 Send buffer: 262144
. 2023-12-25 08:01:16.789 Compression: No
. 2023-12-25 08:01:16.789 Bypass authentication: No
. 2023-12-25 08:01:16.789 Try agent: Yes; Agent forwarding: No; KI: Yes; GSSAPI: Yes
. 2023-12-25 08:01:16.789 GSSAPI: KEX: No; Forwarding: No; Libs: gssapi32,sspi,custom; Custom: 
. 2023-12-25 08:01:16.789 Ciphers: aes,chacha20,aesgcm,3des,WARN,des,blowfish,arcfour; Ssh2DES: No
. 2023-12-25 08:01:16.789 KEX: ntru-curve25519,ecdh,dh-gex-sha1,dh-group18-sha512,dh-group17-sha512,dh-group16-sha512,dh-group15-sha512,dh-group14-sha1,rsa,WARN,dh-group1-sha1
. 2023-12-25 08:01:16.789 SSH Bugs: Auto,Auto,Auto,Auto,Auto,Auto,Auto,Auto,Auto,Auto
. 2023-12-25 08:01:16.789 Simple channel: Yes
. 2023-12-25 08:01:16.789 Return code variable: Autodetect; Lookup user groups: Auto
. 2023-12-25 08:01:16.789 Shell: default
. 2023-12-25 08:01:16.789 EOL: LF, UTF: Auto
. 2023-12-25 08:01:16.789 Clear aliases: Yes, Unset nat.vars: Yes, Resolve symlinks: Yes; Follow directory symlinks: No
. 2023-12-25 08:01:16.789 LS: ls -la, Ign LS warn: Yes, Scp1 Comp: No; Exit code 1 is error: No
. 2023-12-25 08:01:16.789 SFTP Bugs: Auto,Auto
. 2023-12-25 08:01:16.789 SFTP Server: default
. 2023-12-25 08:01:16.789 Local directory: default, Remote directory: home, Update: Yes, Cache: Yes
. 2023-12-25 08:01:16.789 Cache directory changes: Yes, Permanent: Yes
. 2023-12-25 08:01:16.789 Recycle bin: Delete to: No, Overwritten to: No, Bin path: 
. 2023-12-25 08:01:16.789 DST mode: Unix
. 2023-12-25 08:01:16.789 --------------------------------------------------------------------------
< 2023-12-25 08:01:16.789 Script: Ricerca host ...
. 2023-12-25 08:01:16.789 Looking up host "sftp.sandsiv.com" for SSH connection
. 2023-12-25 08:01:16.835 Connecting to 77.109.144.51 port 22
. 2023-12-25 08:01:16.851 Connected to 77.109.144.51
< 2023-12-25 08:01:16.867 Script: Connessione host ...
. 2023-12-25 08:01:16.867 We claim version: SSH-2.0-WinSCP_release_6.1.1
. 2023-12-25 08:01:16.867 Connected to 77.109.144.51
. 2023-12-25 08:01:16.898 Remote version: SSH-2.0-OpenSSH_5.3
. 2023-12-25 08:01:16.898 We believe remote version has SSH-2 channel request bug
. 2023-12-25 08:01:16.898 Using SSH protocol version 2
. 2023-12-25 08:01:16.945 Doing Diffie-Hellman group exchange
. 2023-12-25 08:01:16.960 Doing Diffie-Hellman key exchange using 4096-bit modulus and hash SHA-256 with a server-supplied group
. 2023-12-25 08:01:19.351 Server also has ssh-dss host key, but we don't know it
. 2023-12-25 08:01:19.351 Host key fingerprint is:
. 2023-12-25 08:01:19.351 ssh-rsa 2048 SHA256:eelF88eFuOlODwKGUpnnqatJdFSTRhBSqEJAos67GqQ
< 2023-12-25 08:01:19.351 Script: Autenticazione ...
< 2023-12-25 08:01:19.351 Script: ATTENZIONE! Stai rinunciando alla sicurezza e accettando ogni chiave come configurato!
* 2023-12-25 08:01:19.351 ATTENZIONE! Stai rinunciando alla sicurezza e accettando ogni chiave come configurato!
. 2023-12-25 08:01:19.351 Initialised AES-256 SDCTR (unaccelerated) [aes256-ctr] outbound encryption
. 2023-12-25 08:01:19.351 Initialised HMAC-SHA-256 outbound MAC algorithm
. 2023-12-25 08:01:19.351 Initialised AES-256 SDCTR (unaccelerated) [aes256-ctr] inbound encryption
. 2023-12-25 08:01:19.351 Initialised HMAC-SHA-256 inbound MAC algorithm
! 2023-12-25 08:01:19.383 Using username "uniongas".
< 2023-12-25 08:01:19.383 Script: Usa nome utente "uniongas".
. 2023-12-25 08:01:19.414 Server offered these authentication methods: publickey,gssapi-keyex,gssapi-with-mic,password
. 2023-12-25 08:01:19.414 Using SSPI from SECUR32.DLL
. 2023-12-25 08:01:19.414 Trying gssapi-with-mic...
. 2023-12-25 08:01:19.414 Attempting GSSAPI authentication
. 2023-12-25 08:01:19.445 GSSAPI authentication request refused
. 2023-12-25 08:01:19.445 Server offered these authentication methods: publickey,gssapi-keyex,gssapi-with-mic,password
. 2023-12-25 08:01:19.445 Prompt (password, "SSH password", <no instructions>, "&Password: ")
. 2023-12-25 08:01:19.445 Using stored password.
< 2023-12-25 08:01:19.445 Script: Autenticazione con password preimpostata
. 2023-12-25 08:01:19.445 Sent password
. 2023-12-25 08:01:19.508 Access granted
. 2023-12-25 08:01:19.508 Opening main session channel
. 2023-12-25 08:01:19.695 Opened main channel
. 2023-12-25 08:01:19.727 Started a shell/command
< 2023-12-25 08:01:19.727 Script: Autenticato.
. 2023-12-25 08:01:19.727 --------------------------------------------------------------------------
. 2023-12-25 08:01:19.728 Using SFTP protocol.
. 2023-12-25 08:01:19.728 Doing startup conversation with host.
< 2023-12-25 08:01:19.728 Script: Avvio sessione ...
> 2023-12-25 08:01:19.728 Type: SSH_FXP_INIT, Size: 5, Number: -1
< 2023-12-25 08:01:19.743 Type: SSH_FXP_VERSION, Size: 95, Number: -1
. 2023-12-25 08:01:19.743 SFTP version 3 negotiated.
. 2023-12-25 08:01:19.743 Unknown server extension posix-rename@openssh.com="1"
. 2023-12-25 08:01:19.743 Supports statvfs@openssh.com extension version 2
. 2023-12-25 08:01:19.743 Unknown server extension fstatvfs@openssh.com="2"
. 2023-12-25 08:01:19.743 We believe the server has signed timestamps bug
. 2023-12-25 08:01:19.743 We will use UTF-8 strings until server sends an invalid UTF-8 string as with SFTP version 3 and older UTF-8 strings are not mandatory
. 2023-12-25 08:01:19.743 Limiting packet size to OpenSSH sftp-server limit of 262148 bytes
. 2023-12-25 08:01:19.743 Getting current directory name.
. 2023-12-25 08:01:19.743 Getting real path for '.'
> 2023-12-25 08:01:19.743 Type: SSH_FXP_REALPATH, Size: 10, Number: 16
< 2023-12-25 08:01:19.775 Type: SSH_FXP_NAME, Size: 39, Number: 16
. 2023-12-25 08:01:19.775 Real path is '/uniongas'
. 2023-12-25 08:01:19.775 Startup conversation with host finished.
< 2023-12-25 08:01:19.775 Script: Sessione avviata.
< 2023-12-25 08:01:19.775 Script: Sessione attiva: [1] uniongas@sftp.sandsiv.com
> 2023-12-25 08:01:19.775 Script: lcd C:\VOC\download
< 2023-12-25 08:01:19.775 Script: C:\VOC\download
> 2023-12-25 08:01:19.775 Script: cd /uniongas/InputFiles
. 2023-12-25 08:01:19.775 Cached directory change via "/uniongas/InputFiles" to "/uniongas/InputFiles".
. 2023-12-25 08:01:19.775 Getting current directory name.
< 2023-12-25 08:01:19.775 Script: /uniongas/InputFiles
> 2023-12-25 08:01:19.775 Script: put *
. 2023-12-25 08:01:19.775 Copying 3 files/directories to remote directory "/uniongas/InputFiles" - total size: 666.832
. 2023-12-25 08:01:19.775   PrTime: Yes; PrRO: No; Rght: rw-r--r--; PrR: No (No); FnCs: N; RIC: 0100; Resume: S (102400); CalcS: No; Mask: 
. 2023-12-25 08:01:19.775   TM: B; ClAr: No; RemEOF: No; RemBOM: No; CPS: 0; NewerOnly: No; EncryptNewFiles: Yes; ExcludeHiddenFiles: No; ExcludeEmptyDirectories: No; InclM: ; ResumeL: 0
. 2023-12-25 08:01:19.775   AscM: *.*html; *.htm; *.txt; *.php; *.php3; *.cgi; *.c; *.cpp; *.h; *.pas; *.bas; *.tex; *.pl; *.js; .htaccess; *.xtml; *.css; *.cfg; *.ini; *.sh; *.xml
. 2023-12-25 08:01:19.775 File: 'subentro_231225.csv' [2023-12-25T08:00:01.000Z] [348084]
. 2023-12-25 08:01:19.775 Copying "subentro_231225.csv" to remote directory started.
. 2023-12-25 08:01:19.775 Binary transfer mode selected.
. 2023-12-25 08:01:19.775 Checking existence of file.
> 2023-12-25 08:01:19.775 Type: SSH_FXP_LSTAT, Size: 49, Number: 263
< 2023-12-25 08:01:19.822 Type: SSH_FXP_STATUS, Size: 29, Number: 263
< 2023-12-25 08:01:19.822 Status code: 2
. 2023-12-25 08:01:19.822 Checking existence of partially transferred file.
> 2023-12-25 08:01:19.822 Type: SSH_FXP_LSTAT, Size: 58, Number: 519
< 2023-12-25 08:01:19.868 Type: SSH_FXP_STATUS, Size: 29, Number: 519
< 2023-12-25 08:01:19.868 Status code: 2
. 2023-12-25 08:01:19.868 Opening remote file.
> 2023-12-25 08:01:19.868 Type: SSH_FXP_OPEN, Size: 74, Number: 771
< 2023-12-25 08:01:19.906 Type: SSH_FXP_HANDLE, Size: 13, Number: 771
> 2023-12-25 08:01:19.906 Type: SSH_FXP_WRITE, Size: 32761, Number: 1286
. 2023-12-25 08:01:19.921 Skipped 10 SSH_FXP_WRITE packets
> 2023-12-25 08:01:19.921 Type: SSH_FXP_CLOSE, Size: 13, Number: 4100
< 2023-12-25 08:01:19.968 Type: SSH_FXP_STATUS, Size: 24, Number: 1286
< 2023-12-25 08:01:19.968 Status code: 0
. 2023-12-25 08:01:20.189 Skipped 10 SSH_FXP_STATUS packets
< 2023-12-25 08:01:20.189 Type: SSH_FXP_STATUS, Size: 24, Number: 4100
< 2023-12-25 08:01:20.189 Status code: 0
> 2023-12-25 08:01:20.189 Type: SSH_FXP_RENAME, Size: 102, Number: 4370
< 2023-12-25 08:01:20.252 Type: SSH_FXP_STATUS, Size: 24, Number: 4370
< 2023-12-25 08:01:20.252 Status code: 0
. 2023-12-25 08:01:20.252 Preserving timestamp [2023-12-25T08:00:01.000Z]
> 2023-12-25 08:01:20.252 Type: SSH_FXP_SETSTAT, Size: 61, Number: 1033
< 2023-12-25 08:01:20.283 Type: SSH_FXP_STATUS, Size: 24, Number: 1033
< 2023-12-25 08:01:20.283 Status code: 0
. 2023-12-25 08:01:20.283 Transfer done: 'subentro_231225.csv' => '/uniongas/InputFiles/subentro_231225.csv' [348084]
. 2023-12-25 08:01:20.283 File: 'switchin_231225.csv' [2023-12-25T08:00:24.000Z] [264116]
. 2023-12-25 08:01:20.283 Copying "switchin_231225.csv" to remote directory started.
. 2023-12-25 08:01:20.283 Binary transfer mode selected.
. 2023-12-25 08:01:20.283 Checking existence of file.
> 2023-12-25 08:01:20.283 Type: SSH_FXP_LSTAT, Size: 49, Number: 4615
< 2023-12-25 08:01:20.314 Type: SSH_FXP_STATUS, Size: 29, Number: 4615
< 2023-12-25 08:01:20.314 Status code: 2
. 2023-12-25 08:01:20.314 Checking existence of partially transferred file.
> 2023-12-25 08:01:20.314 Type: SSH_FXP_LSTAT, Size: 58, Number: 4871
< 2023-12-25 08:01:20.361 Type: SSH_FXP_STATUS, Size: 29, Number: 4871
< 2023-12-25 08:01:20.361 Status code: 2
. 2023-12-25 08:01:20.361 Opening remote file.
> 2023-12-25 08:01:20.361 Type: SSH_FXP_OPEN, Size: 74, Number: 5123
< 2023-12-25 08:01:20.393 Type: SSH_FXP_HANDLE, Size: 13, Number: 5123
> 2023-12-25 08:01:20.393 Type: SSH_FXP_WRITE, Size: 32761, Number: 5638
. 2023-12-25 08:01:20.393 Skipped 8 SSH_FXP_WRITE packets
> 2023-12-25 08:01:20.393 Type: SSH_FXP_CLOSE, Size: 13, Number: 7940
< 2023-12-25 08:01:20.424 Type: SSH_FXP_STATUS, Size: 24, Number: 5638
< 2023-12-25 08:01:20.424 Status code: 0
. 2023-12-25 08:01:20.957 Skipped 8 SSH_FXP_STATUS packets
< 2023-12-25 08:01:20.957 Type: SSH_FXP_STATUS, Size: 24, Number: 7940
< 2023-12-25 08:01:20.957 Status code: 0
> 2023-12-25 08:01:20.957 Type: SSH_FXP_RENAME, Size: 102, Number: 8210
< 2023-12-25 08:01:21.004 Type: SSH_FXP_STATUS, Size: 24, Number: 8210
< 2023-12-25 08:01:21.004 Status code: 0
. 2023-12-25 08:01:21.004 Preserving timestamp [2023-12-25T08:00:24.000Z]
> 2023-12-25 08:01:21.004 Type: SSH_FXP_SETSTAT, Size: 61, Number: 5385
< 2023-12-25 08:01:21.051 Type: SSH_FXP_STATUS, Size: 24, Number: 5385
< 2023-12-25 08:01:21.051 Status code: 0
. 2023-12-25 08:01:21.051 Transfer done: 'switchin_231225.csv' => '/uniongas/InputFiles/switchin_231225.csv' [264116]
. 2023-12-25 08:01:21.051 File: 'voltura_231225.csv' [2023-12-25T08:00:36.000Z] [54632]
. 2023-12-25 08:01:21.051 Copying "voltura_231225.csv" to remote directory started.
. 2023-12-25 08:01:21.051 Binary transfer mode selected.
. 2023-12-25 08:01:21.051 Opening remote file.
> 2023-12-25 08:01:21.051 Type: SSH_FXP_OPEN, Size: 64, Number: 8451
< 2023-12-25 08:01:21.082 Type: SSH_FXP_HANDLE, Size: 13, Number: 8451
> 2023-12-25 08:01:21.082 Type: SSH_FXP_WRITE, Size: 32761, Number: 8966
. 2023-12-25 08:01:21.082 Skipped 1 SSH_FXP_WRITE packets
> 2023-12-25 08:01:21.082 Type: SSH_FXP_CLOSE, Size: 13, Number: 9476
> 2023-12-25 08:01:21.082 Type: SSH_FXP_SETSTAT, Size: 60, Number: 8713
< 2023-12-25 08:01:21.115 Type: SSH_FXP_STATUS, Size: 24, Number: 8966
< 2023-12-25 08:01:21.115 Status code: 0
. 2023-12-25 08:01:21.162 Skipped 1 SSH_FXP_STATUS packets
< 2023-12-25 08:01:21.162 Type: SSH_FXP_STATUS, Size: 24, Number: 9476
< 2023-12-25 08:01:21.162 Status code: 0
. 2023-12-25 08:01:21.162 Preserving timestamp [2023-12-25T08:00:36.000Z]
< 2023-12-25 08:01:21.177 Type: SSH_FXP_STATUS, Size: 24, Number: 8713
< 2023-12-25 08:01:21.177 Status code: 0
. 2023-12-25 08:01:21.177 Transfer done: 'voltura_231225.csv' => '/uniongas/InputFiles/voltura_231225.csv' [54632]
. 2023-12-25 08:01:21.177 Copying finished: Transferred: 666.832, Elapsed: 0:00:01, CPS: 475.629/s
> 2023-12-25 08:01:21.177 Script: close
. 2023-12-25 08:01:21.177 Closing connection.
. 2023-12-25 08:01:21.177 Sending special code: 1
. 2023-12-25 08:01:21.209 Session sent command exit status 0
. 2023-12-25 08:01:21.209 Main session channel closed
. 2023-12-25 08:01:21.209 All channels closed
. 2023-12-25 08:01:21.349 --------------------------------------------------------------------------
. 2023-12-25 08:01:21.349 WinSCP Versione 6.1.1 (Build 13736 2023-06-21) (OS 10.0.17763 – Windows Server 2019 Standard)
. 2023-12-25 08:01:21.349 Configuration: HKCU\Software\Martin Prikryl\WinSCP 2\
. 2023-12-25 08:01:21.349 Log level: Normal
. 2023-12-25 08:01:21.349 Local account: DB-BI\Administrator
. 2023-12-25 08:01:21.349 Working directory: C:\Windows\system32
. 2023-12-25 08:01:21.349 Process ID: 7596
. 2023-12-25 08:01:21.349 Ancestor processes: cmd, ...
. 2023-12-25 08:01:21.349 Command-line: "C:\Program Files (x86)\WinSCP\WinSCP.exe"  /log="C:\VOC\log.log" /command "open sftp://uniongas:***@sftp.sandsiv.com -hostkey=*" 	"cd /uniongas/InputFiles"     "ls" 	"close"     "exit"
. 2023-12-25 08:01:21.349 Time zone: Current: GMT+1, Standard: GMT+1 (ora solare Europa occidentale), DST: GMT+2 (ora legale Europa occidentale), DST Start: 26/03/2023, DST End: 29/10/2023
. 2023-12-25 08:01:21.349 Login time: lunedì 25 dicembre 2023 08:01:21
. 2023-12-25 08:01:21.349 --------------------------------------------------------------------------
. 2023-12-25 08:01:21.349 Script: Retrospectively logging previous script records:
> 2023-12-25 08:01:21.349 Script: open sftp://uniongas:***@sftp.sandsiv.com -hostkey=*
. 2023-12-25 08:01:21.349 --------------------------------------------------------------------------
. 2023-12-25 08:01:21.349 Session name: uniongas@sftp.sandsiv.com (Ad-Hoc site)
. 2023-12-25 08:01:21.349 Host name: sftp.sandsiv.com (Port: 22)
. 2023-12-25 08:01:21.349 User name: uniongas (Password: Yes, Key file: No, Passphrase: No)
. 2023-12-25 08:01:21.349 Tunnel: No
. 2023-12-25 08:01:21.349 Transfer Protocol: SFTP
. 2023-12-25 08:01:21.349 Ping type: Off, Ping interval: 30 sec; Timeout: 15 sec
. 2023-12-25 08:01:21.349 Disable Nagle: No
. 2023-12-25 08:01:21.349 Proxy: None
. 2023-12-25 08:01:21.349 Send buffer: 262144
. 2023-12-25 08:01:21.349 Compression: No
. 2023-12-25 08:01:21.349 Bypass authentication: No
. 2023-12-25 08:01:21.349 Try agent: Yes; Agent forwarding: No; KI: Yes; GSSAPI: Yes
. 2023-12-25 08:01:21.349 GSSAPI: KEX: No; Forwarding: No; Libs: gssapi32,sspi,custom; Custom: 
. 2023-12-25 08:01:21.349 Ciphers: aes,chacha20,aesgcm,3des,WARN,des,blowfish,arcfour; Ssh2DES: No
. 2023-12-25 08:01:21.349 KEX: ntru-curve25519,ecdh,dh-gex-sha1,dh-group18-sha512,dh-group17-sha512,dh-group16-sha512,dh-group15-sha512,dh-group14-sha1,rsa,WARN,dh-group1-sha1
. 2023-12-25 08:01:21.349 SSH Bugs: Auto,Auto,Auto,Auto,Auto,Auto,Auto,Auto,Auto,Auto
. 2023-12-25 08:01:21.349 Simple channel: Yes
. 2023-12-25 08:01:21.349 Return code variable: Autodetect; Lookup user groups: Auto
. 2023-12-25 08:01:21.349 Shell: default
. 2023-12-25 08:01:21.349 EOL: LF, UTF: Auto
. 2023-12-25 08:01:21.349 Clear aliases: Yes, Unset nat.vars: Yes, Resolve symlinks: Yes; Follow directory symlinks: No
. 2023-12-25 08:01:21.349 LS: ls -la, Ign LS warn: Yes, Scp1 Comp: No; Exit code 1 is error: No
. 2023-12-25 08:01:21.349 SFTP Bugs: Auto,Auto
. 2023-12-25 08:01:21.349 SFTP Server: default
. 2023-12-25 08:01:21.349 Local directory: default, Remote directory: home, Update: Yes, Cache: Yes
. 2023-12-25 08:01:21.349 Cache directory changes: Yes, Permanent: Yes
. 2023-12-25 08:01:21.349 Recycle bin: Delete to: No, Overwritten to: No, Bin path: 
. 2023-12-25 08:01:21.349 DST mode: Unix
. 2023-12-25 08:01:21.349 --------------------------------------------------------------------------
< 2023-12-25 08:01:21.349 Script: Ricerca host ...
. 2023-12-25 08:01:21.349 Looking up host "sftp.sandsiv.com" for SSH connection
. 2023-12-25 08:01:21.365 Connecting to 77.109.144.51 port 22
. 2023-12-25 08:01:21.396 Connected to 77.109.144.51
< 2023-12-25 08:01:21.396 Script: Connessione host ...
. 2023-12-25 08:01:21.396 We claim version: SSH-2.0-WinSCP_release_6.1.1
. 2023-12-25 08:01:21.396 Connected to 77.109.144.51
. 2023-12-25 08:01:21.427 Remote version: SSH-2.0-OpenSSH_5.3
. 2023-12-25 08:01:21.427 We believe remote version has SSH-2 channel request bug
. 2023-12-25 08:01:21.427 Using SSH protocol version 2
. 2023-12-25 08:01:21.459 Doing Diffie-Hellman group exchange
. 2023-12-25 08:01:21.490 Doing Diffie-Hellman key exchange using 4096-bit modulus and hash SHA-256 with a server-supplied group
. 2023-12-25 08:01:23.939 Server also has ssh-dss host key, but we don't know it
. 2023-12-25 08:01:23.939 Host key fingerprint is:
. 2023-12-25 08:01:23.939 ssh-rsa 2048 SHA256:eelF88eFuOlODwKGUpnnqatJdFSTRhBSqEJAos67GqQ
< 2023-12-25 08:01:23.939 Script: Autenticazione ...
< 2023-12-25 08:01:23.939 Script: ATTENZIONE! Stai rinunciando alla sicurezza e accettando ogni chiave come configurato!
* 2023-12-25 08:01:23.939 ATTENZIONE! Stai rinunciando alla sicurezza e accettando ogni chiave come configurato!
. 2023-12-25 08:01:23.939 Initialised AES-256 SDCTR (unaccelerated) [aes256-ctr] outbound encryption
. 2023-12-25 08:01:23.939 Initialised HMAC-SHA-256 outbound MAC algorithm
. 2023-12-25 08:01:23.939 Initialised AES-256 SDCTR (unaccelerated) [aes256-ctr] inbound encryption
. 2023-12-25 08:01:23.939 Initialised HMAC-SHA-256 inbound MAC algorithm
! 2023-12-25 08:01:23.970 Using username "uniongas".
< 2023-12-25 08:01:23.970 Script: Usa nome utente "uniongas".
. 2023-12-25 08:01:24.002 Server offered these authentication methods: publickey,gssapi-keyex,gssapi-with-mic,password
. 2023-12-25 08:01:24.002 Using SSPI from SECUR32.DLL
. 2023-12-25 08:01:24.002 Trying gssapi-with-mic...
. 2023-12-25 08:01:24.002 Attempting GSSAPI authentication
. 2023-12-25 08:01:24.033 GSSAPI authentication request refused
. 2023-12-25 08:01:24.033 Server offered these authentication methods: publickey,gssapi-keyex,gssapi-with-mic,password
. 2023-12-25 08:01:24.033 Prompt (password, "SSH password", <no instructions>, "&Password: ")
. 2023-12-25 08:01:24.033 Using stored password.
< 2023-12-25 08:01:24.033 Script: Autenticazione con password preimpostata
. 2023-12-25 08:01:24.033 Sent password
. 2023-12-25 08:01:24.095 Access granted
. 2023-12-25 08:01:24.095 Opening main session channel
. 2023-12-25 08:01:24.270 Opened main channel
. 2023-12-25 08:01:24.301 Started a shell/command
< 2023-12-25 08:01:24.301 Script: Autenticato.
. 2023-12-25 08:01:24.301 --------------------------------------------------------------------------
. 2023-12-25 08:01:24.301 Using SFTP protocol.
. 2023-12-25 08:01:24.301 Doing startup conversation with host.
< 2023-12-25 08:01:24.301 Script: Avvio sessione ...
> 2023-12-25 08:01:24.301 Type: SSH_FXP_INIT, Size: 5, Number: -1
< 2023-12-25 08:01:24.333 Type: SSH_FXP_VERSION, Size: 95, Number: -1
. 2023-12-25 08:01:24.333 SFTP version 3 negotiated.
. 2023-12-25 08:01:24.333 Unknown server extension posix-rename@openssh.com="1"
. 2023-12-25 08:01:24.333 Supports statvfs@openssh.com extension version 2
. 2023-12-25 08:01:24.333 Unknown server extension fstatvfs@openssh.com="2"
. 2023-12-25 08:01:24.333 We believe the server has signed timestamps bug
. 2023-12-25 08:01:24.333 We will use UTF-8 strings until server sends an invalid UTF-8 string as with SFTP version 3 and older UTF-8 strings are not mandatory
. 2023-12-25 08:01:24.333 Limiting packet size to OpenSSH sftp-server limit of 262148 bytes
. 2023-12-25 08:01:24.333 Getting current directory name.
. 2023-12-25 08:01:24.333 Getting real path for '.'
> 2023-12-25 08:01:24.333 Type: SSH_FXP_REALPATH, Size: 10, Number: 16
< 2023-12-25 08:01:24.364 Type: SSH_FXP_NAME, Size: 39, Number: 16
. 2023-12-25 08:01:24.364 Real path is '/uniongas'
. 2023-12-25 08:01:24.364 Startup conversation with host finished.
< 2023-12-25 08:01:24.364 Script: Sessione avviata.
< 2023-12-25 08:01:24.364 Script: Sessione attiva: [1] uniongas@sftp.sandsiv.com
> 2023-12-25 08:01:24.364 Script: cd /uniongas/InputFiles
. 2023-12-25 08:01:24.364 Cached directory change via "/uniongas/InputFiles" to "/uniongas/InputFiles".
. 2023-12-25 08:01:24.364 Getting current directory name.
< 2023-12-25 08:01:24.364 Script: /uniongas/InputFiles
> 2023-12-25 08:01:24.364 Script: ls
. 2023-12-25 08:01:24.364 Listing directory "/uniongas/InputFiles".
> 2023-12-25 08:01:24.364 Type: SSH_FXP_OPENDIR, Size: 29, Number: 267
< 2023-12-25 08:01:24.395 Type: SSH_FXP_HANDLE, Size: 13, Number: 267
> 2023-12-25 08:01:24.395 Type: SSH_FXP_READDIR, Size: 13, Number: 524
< 2023-12-25 08:01:24.442 Type: SSH_FXP_NAME, Size: 607, Number: 524
> 2023-12-25 08:01:24.442 Type: SSH_FXP_READDIR, Size: 13, Number: 780
< 2023-12-25 08:01:24.473 Type: SSH_FXP_STATUS, Size: 28, Number: 780
< 2023-12-25 08:01:24.473 Status code: 1
> 2023-12-25 08:01:24.473 Type: SSH_FXP_CLOSE, Size: 13, Number: 1028
. 2023-12-25 08:01:24.473 .;d;0;2023-12-25T07:01:21.000Z;4;"760" [760];"768" [768];rwxrwx---;0
. 2023-12-25 08:01:24.473 ..;d;0;2023-06-21T14:45:19.000Z;4;"760" [760];"768" [768];rwxrwx---;0
. 2023-12-25 08:01:24.473 switchin_231225.csv;-;264116;2023-12-25T08:00:24.000Z;4;"760" [760];"753" [753];rw-r--r--;0
. 2023-12-25 08:01:24.473 voltura_231225.csv;-;54632;2023-12-25T08:00:36.000Z;4;"760" [760];"753" [753];rw-r--r--;0
. 2023-12-25 08:01:24.473 subentro_231225.csv;-;348084;2023-12-25T08:00:01.000Z;4;"760" [760];"753" [753];rw-r--r--;0
< 2023-12-25 08:01:24.473 Script: drwxrwx---   2 760      768           4096 Dec 25  8:01:21 2023 .
< 2023-12-25 08:01:24.473 Script: drwxrwx---   5 760      768           4096 Jun 21 16:45:19 2023 ..
< 2023-12-25 08:01:24.473 Script: -rw-r--r--   1 760      753         264116 Dec 25  9:00:24 2023 switchin_231225.csv
< 2023-12-25 08:01:24.473 Script: -rw-r--r--   1 760      753          54632 Dec 25  9:00:36 2023 voltura_231225.csv
< 2023-12-25 08:01:24.473 Script: -rw-r--r--   1 760      753         348084 Dec 25  9:00:01 2023 subentro_231225.csv
> 2023-12-25 08:01:24.473 Script: close
. 2023-12-25 08:01:24.473 Closing connection.
. 2023-12-25 08:01:24.473 Sending special code: 1
. 2023-12-25 08:01:24.551 Session sent command exit status 0
. 2023-12-25 08:01:24.551 Main session channel closed
. 2023-12-25 08:01:24.551 All channels closed
