. 2024-03-25 08:07:23.894 --------------------------------------------------------------------------
. 2024-03-25 08:07:23.894 WinSCP Versione 6.1.1 (Build 13736 2023-06-21) (OS 10.0.17763 – Windows Server 2019 Standard)
. 2024-03-25 08:07:23.894 Configuration: HKCU\Software\Martin Prikryl\WinSCP 2\
. 2024-03-25 08:07:23.894 Log level: Normal
. 2024-03-25 08:07:23.894 Local account: DB-BI\Administrator
. 2024-03-25 08:07:23.894 Working directory: C:\Windows\system32
. 2024-03-25 08:07:23.894 Process ID: 2228
. 2024-03-25 08:07:23.894 Ancestor processes: cmd, ...
. 2024-03-25 08:07:23.894 Command-line: "C:\Program Files (x86)\WinSCP\WinSCP.exe"  /log="C:\VOC\log.log" /command "open sftp://uniongas:***@sftp.sandsiv.com -hostkey=*"     "lcd C:\VOC\download"     "cd /uniongas/InputFiles"     "put *"     "close"     "exit"
. 2024-03-25 08:07:24.322 Time zone: Current: GMT+1, Standard: GMT+1 (ora solare Europa occidentale), DST: GMT+2 (ora legale Europa occidentale), DST Start: 31/03/2024, DST End: 27/10/2024
. 2024-03-25 08:07:24.322 Login time: lunedì 25 marzo 2024 08:07:24
. 2024-03-25 08:07:24.322 --------------------------------------------------------------------------
. 2024-03-25 08:07:24.322 Script: Retrospectively logging previous script records:
> 2024-03-25 08:07:24.322 Script: open sftp://uniongas:***@sftp.sandsiv.com -hostkey=*
. 2024-03-25 08:07:24.322 --------------------------------------------------------------------------
. 2024-03-25 08:07:24.322 Session name: uniongas@sftp.sandsiv.com (Ad-Hoc site)
. 2024-03-25 08:07:24.322 Host name: sftp.sandsiv.com (Port: 22)
. 2024-03-25 08:07:24.322 User name: uniongas (Password: Yes, Key file: No, Passphrase: No)
. 2024-03-25 08:07:24.322 Tunnel: No
. 2024-03-25 08:07:24.322 Transfer Protocol: SFTP
. 2024-03-25 08:07:24.322 Ping type: Off, Ping interval: 30 sec; Timeout: 15 sec
. 2024-03-25 08:07:24.322 Disable Nagle: No
. 2024-03-25 08:07:24.322 Proxy: None
. 2024-03-25 08:07:24.322 Send buffer: 262144
. 2024-03-25 08:07:24.322 Compression: No
. 2024-03-25 08:07:24.322 Bypass authentication: No
. 2024-03-25 08:07:24.322 Try agent: Yes; Agent forwarding: No; KI: Yes; GSSAPI: Yes
. 2024-03-25 08:07:24.322 GSSAPI: KEX: No; Forwarding: No; Libs: gssapi32,sspi,custom; Custom: 
. 2024-03-25 08:07:24.322 Ciphers: aes,chacha20,aesgcm,3des,WARN,des,blowfish,arcfour; Ssh2DES: No
. 2024-03-25 08:07:24.322 KEX: ntru-curve25519,ecdh,dh-gex-sha1,dh-group18-sha512,dh-group17-sha512,dh-group16-sha512,dh-group15-sha512,dh-group14-sha1,rsa,WARN,dh-group1-sha1
. 2024-03-25 08:07:24.322 SSH Bugs: Auto,Auto,Auto,Auto,Auto,Auto,Auto,Auto,Auto,Auto
. 2024-03-25 08:07:24.322 Simple channel: Yes
. 2024-03-25 08:07:24.322 Return code variable: Autodetect; Lookup user groups: Auto
. 2024-03-25 08:07:24.322 Shell: default
. 2024-03-25 08:07:24.322 EOL: LF, UTF: Auto
. 2024-03-25 08:07:24.322 Clear aliases: Yes, Unset nat.vars: Yes, Resolve symlinks: Yes; Follow directory symlinks: No
. 2024-03-25 08:07:24.322 LS: ls -la, Ign LS warn: Yes, Scp1 Comp: No; Exit code 1 is error: No
. 2024-03-25 08:07:24.322 SFTP Bugs: Auto,Auto
. 2024-03-25 08:07:24.322 SFTP Server: default
. 2024-03-25 08:07:24.322 Local directory: default, Remote directory: home, Update: Yes, Cache: Yes
. 2024-03-25 08:07:24.322 Cache directory changes: Yes, Permanent: Yes
. 2024-03-25 08:07:24.322 Recycle bin: Delete to: No, Overwritten to: No, Bin path: 
. 2024-03-25 08:07:24.322 DST mode: Unix
. 2024-03-25 08:07:24.322 --------------------------------------------------------------------------
< 2024-03-25 08:07:24.322 Script: Ricerca host ...
. 2024-03-25 08:07:24.322 Looking up host "sftp.sandsiv.com" for SSH connection
. 2024-03-25 08:07:24.337 Connecting to 77.109.144.51 port 22
. 2024-03-25 08:07:24.369 Connected to 77.109.144.51
< 2024-03-25 08:07:24.369 Script: Connessione host ...
. 2024-03-25 08:07:24.369 We claim version: SSH-2.0-WinSCP_release_6.1.1
. 2024-03-25 08:07:24.369 Connected to 77.109.144.51
. 2024-03-25 08:07:24.384 Remote version: SSH-2.0-OpenSSH_5.3
. 2024-03-25 08:07:24.384 We believe remote version has SSH-2 channel request bug
. 2024-03-25 08:07:24.384 Using SSH protocol version 2
. 2024-03-25 08:07:24.415 Doing Diffie-Hellman group exchange
. 2024-03-25 08:07:24.431 Doing Diffie-Hellman key exchange using 4096-bit modulus and hash SHA-256 with a server-supplied group
. 2024-03-25 08:07:27.209 Server also has ssh-dss host key, but we don't know it
. 2024-03-25 08:07:27.209 Host key fingerprint is:
. 2024-03-25 08:07:27.209 ssh-rsa 2048 SHA256:eelF88eFuOlODwKGUpnnqatJdFSTRhBSqEJAos67GqQ
< 2024-03-25 08:07:27.209 Script: Autenticazione ...
< 2024-03-25 08:07:27.209 Script: ATTENZIONE! Stai rinunciando alla sicurezza e accettando ogni chiave come configurato!
* 2024-03-25 08:07:27.209 ATTENZIONE! Stai rinunciando alla sicurezza e accettando ogni chiave come configurato!
. 2024-03-25 08:07:27.209 Initialised AES-256 SDCTR (unaccelerated) [aes256-ctr] outbound encryption
. 2024-03-25 08:07:27.209 Initialised HMAC-SHA-256 outbound MAC algorithm
. 2024-03-25 08:07:27.209 Initialised AES-256 SDCTR (unaccelerated) [aes256-ctr] inbound encryption
. 2024-03-25 08:07:27.209 Initialised HMAC-SHA-256 inbound MAC algorithm
! 2024-03-25 08:07:27.225 Using username "uniongas".
< 2024-03-25 08:07:27.225 Script: Usa nome utente "uniongas".
. 2024-03-25 08:07:27.256 Server offered these authentication methods: publickey,gssapi-keyex,gssapi-with-mic,password
. 2024-03-25 08:07:27.256 Using SSPI from SECUR32.DLL
. 2024-03-25 08:07:27.256 Trying gssapi-with-mic...
. 2024-03-25 08:07:27.256 Attempting GSSAPI authentication
. 2024-03-25 08:07:27.288 GSSAPI authentication request refused
. 2024-03-25 08:07:27.288 Server offered these authentication methods: publickey,gssapi-keyex,gssapi-with-mic,password
. 2024-03-25 08:07:27.288 Prompt (password, "SSH password", <no instructions>, "&Password: ")
. 2024-03-25 08:07:27.288 Using stored password.
< 2024-03-25 08:07:27.288 Script: Autenticazione con password preimpostata
. 2024-03-25 08:07:27.288 Sent password
. 2024-03-25 08:07:27.357 Access granted
. 2024-03-25 08:07:27.357 Opening main session channel
. 2024-03-25 08:07:27.511 Opened main channel
. 2024-03-25 08:07:27.542 Started a shell/command
< 2024-03-25 08:07:27.542 Script: Autenticato.
. 2024-03-25 08:07:27.542 --------------------------------------------------------------------------
. 2024-03-25 08:07:27.542 Using SFTP protocol.
. 2024-03-25 08:07:27.542 Doing startup conversation with host.
< 2024-03-25 08:07:27.542 Script: Avvio sessione ...
> 2024-03-25 08:07:27.542 Type: SSH_FXP_INIT, Size: 5, Number: -1
< 2024-03-25 08:07:27.558 Type: SSH_FXP_VERSION, Size: 95, Number: -1
. 2024-03-25 08:07:27.558 SFTP version 3 negotiated.
. 2024-03-25 08:07:27.558 Unknown server extension posix-rename@openssh.com="1"
. 2024-03-25 08:07:27.558 Supports statvfs@openssh.com extension version 2
. 2024-03-25 08:07:27.558 Unknown server extension fstatvfs@openssh.com="2"
. 2024-03-25 08:07:27.558 We believe the server has signed timestamps bug
. 2024-03-25 08:07:27.558 We will use UTF-8 strings until server sends an invalid UTF-8 string as with SFTP version 3 and older UTF-8 strings are not mandatory
. 2024-03-25 08:07:27.558 Limiting packet size to OpenSSH sftp-server limit of 262148 bytes
. 2024-03-25 08:07:27.558 Getting current directory name.
. 2024-03-25 08:07:27.558 Getting real path for '.'
> 2024-03-25 08:07:27.558 Type: SSH_FXP_REALPATH, Size: 10, Number: 16
< 2024-03-25 08:07:27.574 Type: SSH_FXP_NAME, Size: 39, Number: 16
. 2024-03-25 08:07:27.574 Real path is '/uniongas'
. 2024-03-25 08:07:27.574 Startup conversation with host finished.
< 2024-03-25 08:07:27.574 Script: Sessione avviata.
< 2024-03-25 08:07:27.574 Script: Sessione attiva: [1] uniongas@sftp.sandsiv.com
> 2024-03-25 08:07:27.574 Script: lcd C:\VOC\download
< 2024-03-25 08:07:27.574 Script: C:\VOC\download
> 2024-03-25 08:07:27.574 Script: cd /uniongas/InputFiles
. 2024-03-25 08:07:27.574 Cached directory change via "/uniongas/InputFiles" to "/uniongas/InputFiles".
. 2024-03-25 08:07:27.574 Getting current directory name.
< 2024-03-25 08:07:27.574 Script: /uniongas/InputFiles
> 2024-03-25 08:07:27.574 Script: put *
. 2024-03-25 08:07:27.574 Copying 3 files/directories to remote directory "/uniongas/InputFiles" - total size: 801.273
. 2024-03-25 08:07:27.574   PrTime: Yes; PrRO: No; Rght: rw-r--r--; PrR: No (No); FnCs: N; RIC: 0100; Resume: S (102400); CalcS: No; Mask: 
. 2024-03-25 08:07:27.574   TM: B; ClAr: No; RemEOF: No; RemBOM: No; CPS: 0; NewerOnly: No; EncryptNewFiles: Yes; ExcludeHiddenFiles: No; ExcludeEmptyDirectories: No; InclM: ; ResumeL: 0
. 2024-03-25 08:07:27.574   AscM: *.*html; *.htm; *.txt; *.php; *.php3; *.cgi; *.c; *.cpp; *.h; *.pas; *.bas; *.tex; *.pl; *.js; .htaccess; *.xtml; *.css; *.cfg; *.ini; *.sh; *.xml
. 2024-03-25 08:07:27.574 File: 'subentro_240325.csv' [2024-03-25T08:00:26.000Z] [302835]
. 2024-03-25 08:07:27.574 Copying "subentro_240325.csv" to remote directory started.
. 2024-03-25 08:07:27.574 Binary transfer mode selected.
. 2024-03-25 08:07:27.574 Checking existence of file.
> 2024-03-25 08:07:27.574 Type: SSH_FXP_LSTAT, Size: 49, Number: 263
< 2024-03-25 08:07:27.620 Type: SSH_FXP_STATUS, Size: 29, Number: 263
< 2024-03-25 08:07:27.620 Status code: 2
. 2024-03-25 08:07:27.620 Checking existence of partially transferred file.
> 2024-03-25 08:07:27.620 Type: SSH_FXP_LSTAT, Size: 58, Number: 519
< 2024-03-25 08:07:27.637 Type: SSH_FXP_STATUS, Size: 29, Number: 519
< 2024-03-25 08:07:27.637 Status code: 2
. 2024-03-25 08:07:27.637 Opening remote file.
> 2024-03-25 08:07:27.637 Type: SSH_FXP_OPEN, Size: 74, Number: 771
< 2024-03-25 08:07:27.683 Type: SSH_FXP_HANDLE, Size: 13, Number: 771
> 2024-03-25 08:07:27.683 Type: SSH_FXP_WRITE, Size: 32761, Number: 1286
. 2024-03-25 08:07:27.683 Skipped 9 SSH_FXP_WRITE packets
> 2024-03-25 08:07:27.683 Type: SSH_FXP_CLOSE, Size: 13, Number: 3844
< 2024-03-25 08:07:27.730 Type: SSH_FXP_STATUS, Size: 24, Number: 1286
< 2024-03-25 08:07:27.730 Status code: 0
. 2024-03-25 08:07:27.902 Skipped 9 SSH_FXP_STATUS packets
< 2024-03-25 08:07:27.902 Type: SSH_FXP_STATUS, Size: 24, Number: 3844
< 2024-03-25 08:07:27.902 Status code: 0
> 2024-03-25 08:07:27.902 Type: SSH_FXP_RENAME, Size: 102, Number: 4114
< 2024-03-25 08:07:27.949 Type: SSH_FXP_STATUS, Size: 24, Number: 4114
< 2024-03-25 08:07:27.949 Status code: 0
. 2024-03-25 08:07:27.949 Preserving timestamp [2024-03-25T08:00:26.000Z]
> 2024-03-25 08:07:27.949 Type: SSH_FXP_SETSTAT, Size: 61, Number: 1033
< 2024-03-25 08:07:27.980 Type: SSH_FXP_STATUS, Size: 24, Number: 1033
< 2024-03-25 08:07:27.980 Status code: 0
. 2024-03-25 08:07:27.980 Transfer done: 'subentro_240325.csv' => '/uniongas/InputFiles/subentro_240325.csv' [302835]
. 2024-03-25 08:07:27.980 File: 'switchin_240325.csv' [2024-03-25T08:06:18.000Z] [452745]
. 2024-03-25 08:07:27.980 Copying "switchin_240325.csv" to remote directory started.
. 2024-03-25 08:07:27.980 Binary transfer mode selected.
. 2024-03-25 08:07:27.980 Checking existence of file.
> 2024-03-25 08:07:27.980 Type: SSH_FXP_LSTAT, Size: 49, Number: 4359
< 2024-03-25 08:07:28.011 Type: SSH_FXP_STATUS, Size: 29, Number: 4359
< 2024-03-25 08:07:28.011 Status code: 2
. 2024-03-25 08:07:28.011 Checking existence of partially transferred file.
> 2024-03-25 08:07:28.011 Type: SSH_FXP_LSTAT, Size: 58, Number: 4615
< 2024-03-25 08:07:28.027 Type: SSH_FXP_STATUS, Size: 29, Number: 4615
< 2024-03-25 08:07:28.027 Status code: 2
. 2024-03-25 08:07:28.027 Opening remote file.
> 2024-03-25 08:07:28.027 Type: SSH_FXP_OPEN, Size: 74, Number: 4867
< 2024-03-25 08:07:28.058 Type: SSH_FXP_HANDLE, Size: 13, Number: 4867
> 2024-03-25 08:07:28.058 Type: SSH_FXP_WRITE, Size: 32761, Number: 5382
. 2024-03-25 08:07:28.074 Skipped 13 SSH_FXP_WRITE packets
> 2024-03-25 08:07:28.074 Type: SSH_FXP_CLOSE, Size: 13, Number: 8964
< 2024-03-25 08:07:28.089 Type: SSH_FXP_STATUS, Size: 24, Number: 5382
< 2024-03-25 08:07:28.089 Status code: 0
. 2024-03-25 08:07:28.658 Skipped 13 SSH_FXP_STATUS packets
< 2024-03-25 08:07:28.658 Type: SSH_FXP_STATUS, Size: 24, Number: 8964
< 2024-03-25 08:07:28.658 Status code: 0
> 2024-03-25 08:07:28.658 Type: SSH_FXP_RENAME, Size: 102, Number: 9234
< 2024-03-25 08:07:28.702 Type: SSH_FXP_STATUS, Size: 24, Number: 9234
< 2024-03-25 08:07:28.702 Status code: 0
. 2024-03-25 08:07:28.702 Preserving timestamp [2024-03-25T08:06:18.000Z]
> 2024-03-25 08:07:28.702 Type: SSH_FXP_SETSTAT, Size: 61, Number: 5129
< 2024-03-25 08:07:28.734 Type: SSH_FXP_STATUS, Size: 24, Number: 5129
< 2024-03-25 08:07:28.734 Status code: 0
. 2024-03-25 08:07:28.734 Transfer done: 'switchin_240325.csv' => '/uniongas/InputFiles/switchin_240325.csv' [452745]
. 2024-03-25 08:07:28.734 File: 'voltura_240325.csv' [2024-03-25T08:07:01.000Z] [45693]
. 2024-03-25 08:07:28.734 Copying "voltura_240325.csv" to remote directory started.
. 2024-03-25 08:07:28.734 Binary transfer mode selected.
. 2024-03-25 08:07:28.734 Opening remote file.
> 2024-03-25 08:07:28.734 Type: SSH_FXP_OPEN, Size: 64, Number: 9475
< 2024-03-25 08:07:28.765 Type: SSH_FXP_HANDLE, Size: 13, Number: 9475
> 2024-03-25 08:07:28.765 Type: SSH_FXP_WRITE, Size: 32761, Number: 9990
. 2024-03-25 08:07:28.765 Skipped 1 SSH_FXP_WRITE packets
> 2024-03-25 08:07:28.765 Type: SSH_FXP_CLOSE, Size: 13, Number: 10500
> 2024-03-25 08:07:28.765 Type: SSH_FXP_SETSTAT, Size: 60, Number: 9737
< 2024-03-25 08:07:28.781 Type: SSH_FXP_STATUS, Size: 24, Number: 9990
< 2024-03-25 08:07:28.781 Status code: 0
. 2024-03-25 08:07:28.812 Skipped 1 SSH_FXP_STATUS packets
< 2024-03-25 08:07:28.812 Type: SSH_FXP_STATUS, Size: 24, Number: 10500
< 2024-03-25 08:07:28.812 Status code: 0
. 2024-03-25 08:07:28.812 Preserving timestamp [2024-03-25T08:07:01.000Z]
< 2024-03-25 08:07:28.828 Type: SSH_FXP_STATUS, Size: 24, Number: 9737
< 2024-03-25 08:07:28.828 Status code: 0
. 2024-03-25 08:07:28.828 Transfer done: 'voltura_240325.csv' => '/uniongas/InputFiles/voltura_240325.csv' [45693]
. 2024-03-25 08:07:28.828 Copying finished: Transferred: 801.273, Elapsed: 0:00:01, CPS: 638.973/s
> 2024-03-25 08:07:28.828 Script: close
. 2024-03-25 08:07:28.828 Closing connection.
. 2024-03-25 08:07:28.828 Sending special code: 1
. 2024-03-25 08:07:28.843 Session sent command exit status 0
. 2024-03-25 08:07:28.843 Main session channel closed
. 2024-03-25 08:07:28.843 All channels closed
. 2024-03-25 08:07:29.046 --------------------------------------------------------------------------
. 2024-03-25 08:07:29.062 WinSCP Versione 6.1.1 (Build 13736 2023-06-21) (OS 10.0.17763 – Windows Server 2019 Standard)
. 2024-03-25 08:07:29.062 Configuration: HKCU\Software\Martin Prikryl\WinSCP 2\
. 2024-03-25 08:07:29.062 Log level: Normal
. 2024-03-25 08:07:29.062 Local account: DB-BI\Administrator
. 2024-03-25 08:07:29.062 Working directory: C:\Windows\system32
. 2024-03-25 08:07:29.062 Process ID: 2296
. 2024-03-25 08:07:29.062 Ancestor processes: cmd, ...
. 2024-03-25 08:07:29.062 Command-line: "C:\Program Files (x86)\WinSCP\WinSCP.exe"  /log="C:\VOC\log.log" /command "open sftp://uniongas:***@sftp.sandsiv.com -hostkey=*" 	"cd /uniongas/InputFiles"     "ls" 	"close"     "exit"
. 2024-03-25 08:07:29.062 Time zone: Current: GMT+1, Standard: GMT+1 (ora solare Europa occidentale), DST: GMT+2 (ora legale Europa occidentale), DST Start: 31/03/2024, DST End: 27/10/2024
. 2024-03-25 08:07:29.062 Login time: lunedì 25 marzo 2024 08:07:29
. 2024-03-25 08:07:29.062 --------------------------------------------------------------------------
. 2024-03-25 08:07:29.062 Script: Retrospectively logging previous script records:
> 2024-03-25 08:07:29.062 Script: open sftp://uniongas:***@sftp.sandsiv.com -hostkey=*
. 2024-03-25 08:07:29.062 --------------------------------------------------------------------------
. 2024-03-25 08:07:29.062 Session name: uniongas@sftp.sandsiv.com (Ad-Hoc site)
. 2024-03-25 08:07:29.062 Host name: sftp.sandsiv.com (Port: 22)
. 2024-03-25 08:07:29.062 User name: uniongas (Password: Yes, Key file: No, Passphrase: No)
. 2024-03-25 08:07:29.062 Tunnel: No
. 2024-03-25 08:07:29.062 Transfer Protocol: SFTP
. 2024-03-25 08:07:29.062 Ping type: Off, Ping interval: 30 sec; Timeout: 15 sec
. 2024-03-25 08:07:29.062 Disable Nagle: No
. 2024-03-25 08:07:29.062 Proxy: None
. 2024-03-25 08:07:29.062 Send buffer: 262144
. 2024-03-25 08:07:29.062 Compression: No
. 2024-03-25 08:07:29.062 Bypass authentication: No
. 2024-03-25 08:07:29.062 Try agent: Yes; Agent forwarding: No; KI: Yes; GSSAPI: Yes
. 2024-03-25 08:07:29.062 GSSAPI: KEX: No; Forwarding: No; Libs: gssapi32,sspi,custom; Custom: 
. 2024-03-25 08:07:29.062 Ciphers: aes,chacha20,aesgcm,3des,WARN,des,blowfish,arcfour; Ssh2DES: No
. 2024-03-25 08:07:29.062 KEX: ntru-curve25519,ecdh,dh-gex-sha1,dh-group18-sha512,dh-group17-sha512,dh-group16-sha512,dh-group15-sha512,dh-group14-sha1,rsa,WARN,dh-group1-sha1
. 2024-03-25 08:07:29.062 SSH Bugs: Auto,Auto,Auto,Auto,Auto,Auto,Auto,Auto,Auto,Auto
. 2024-03-25 08:07:29.062 Simple channel: Yes
. 2024-03-25 08:07:29.062 Return code variable: Autodetect; Lookup user groups: Auto
. 2024-03-25 08:07:29.062 Shell: default
. 2024-03-25 08:07:29.062 EOL: LF, UTF: Auto
. 2024-03-25 08:07:29.062 Clear aliases: Yes, Unset nat.vars: Yes, Resolve symlinks: Yes; Follow directory symlinks: No
. 2024-03-25 08:07:29.062 LS: ls -la, Ign LS warn: Yes, Scp1 Comp: No; Exit code 1 is error: No
. 2024-03-25 08:07:29.062 SFTP Bugs: Auto,Auto
. 2024-03-25 08:07:29.062 SFTP Server: default
. 2024-03-25 08:07:29.062 Local directory: default, Remote directory: home, Update: Yes, Cache: Yes
. 2024-03-25 08:07:29.062 Cache directory changes: Yes, Permanent: Yes
. 2024-03-25 08:07:29.062 Recycle bin: Delete to: No, Overwritten to: No, Bin path: 
. 2024-03-25 08:07:29.062 DST mode: Unix
. 2024-03-25 08:07:29.062 --------------------------------------------------------------------------
< 2024-03-25 08:07:29.062 Script: Ricerca host ...
. 2024-03-25 08:07:29.062 Looking up host "sftp.sandsiv.com" for SSH connection
. 2024-03-25 08:07:29.078 Connecting to 77.109.144.51 port 22
. 2024-03-25 08:07:29.109 Connected to 77.109.144.51
< 2024-03-25 08:07:29.109 Script: Connessione host ...
. 2024-03-25 08:07:29.109 We claim version: SSH-2.0-WinSCP_release_6.1.1
. 2024-03-25 08:07:29.109 Connected to 77.109.144.51
. 2024-03-25 08:07:29.142 Remote version: SSH-2.0-OpenSSH_5.3
. 2024-03-25 08:07:29.142 We believe remote version has SSH-2 channel request bug
. 2024-03-25 08:07:29.142 Using SSH protocol version 2
. 2024-03-25 08:07:29.174 Doing Diffie-Hellman group exchange
. 2024-03-25 08:07:29.206 Doing Diffie-Hellman key exchange using 4096-bit modulus and hash SHA-256 with a server-supplied group
. 2024-03-25 08:07:32.156 Server also has ssh-dss host key, but we don't know it
. 2024-03-25 08:07:32.156 Host key fingerprint is:
. 2024-03-25 08:07:32.156 ssh-rsa 2048 SHA256:eelF88eFuOlODwKGUpnnqatJdFSTRhBSqEJAos67GqQ
< 2024-03-25 08:07:32.156 Script: Autenticazione ...
< 2024-03-25 08:07:32.156 Script: ATTENZIONE! Stai rinunciando alla sicurezza e accettando ogni chiave come configurato!
* 2024-03-25 08:07:32.156 ATTENZIONE! Stai rinunciando alla sicurezza e accettando ogni chiave come configurato!
. 2024-03-25 08:07:32.156 Initialised AES-256 SDCTR (unaccelerated) [aes256-ctr] outbound encryption
. 2024-03-25 08:07:32.156 Initialised HMAC-SHA-256 outbound MAC algorithm
. 2024-03-25 08:07:32.156 Initialised AES-256 SDCTR (unaccelerated) [aes256-ctr] inbound encryption
. 2024-03-25 08:07:32.156 Initialised HMAC-SHA-256 inbound MAC algorithm
! 2024-03-25 08:07:32.187 Using username "uniongas".
< 2024-03-25 08:07:32.187 Script: Usa nome utente "uniongas".
. 2024-03-25 08:07:32.220 Server offered these authentication methods: publickey,gssapi-keyex,gssapi-with-mic,password
. 2024-03-25 08:07:32.220 Using SSPI from SECUR32.DLL
. 2024-03-25 08:07:32.220 Trying gssapi-with-mic...
. 2024-03-25 08:07:32.220 Attempting GSSAPI authentication
. 2024-03-25 08:07:32.251 GSSAPI authentication request refused
. 2024-03-25 08:07:32.251 Server offered these authentication methods: publickey,gssapi-keyex,gssapi-with-mic,password
. 2024-03-25 08:07:32.251 Prompt (password, "SSH password", <no instructions>, "&Password: ")
. 2024-03-25 08:07:32.251 Using stored password.
< 2024-03-25 08:07:32.251 Script: Autenticazione con password preimpostata
. 2024-03-25 08:07:32.251 Sent password
. 2024-03-25 08:07:32.330 Access granted
. 2024-03-25 08:07:32.330 Opening main session channel
. 2024-03-25 08:07:32.486 Opened main channel
. 2024-03-25 08:07:32.517 Started a shell/command
< 2024-03-25 08:07:32.517 Script: Autenticato.
. 2024-03-25 08:07:32.517 --------------------------------------------------------------------------
. 2024-03-25 08:07:32.517 Using SFTP protocol.
. 2024-03-25 08:07:32.517 Doing startup conversation with host.
< 2024-03-25 08:07:32.517 Script: Avvio sessione ...
> 2024-03-25 08:07:32.517 Type: SSH_FXP_INIT, Size: 5, Number: -1
< 2024-03-25 08:07:32.549 Type: SSH_FXP_VERSION, Size: 95, Number: -1
. 2024-03-25 08:07:32.549 SFTP version 3 negotiated.
. 2024-03-25 08:07:32.549 Unknown server extension posix-rename@openssh.com="1"
. 2024-03-25 08:07:32.549 Supports statvfs@openssh.com extension version 2
. 2024-03-25 08:07:32.549 Unknown server extension fstatvfs@openssh.com="2"
. 2024-03-25 08:07:32.549 We believe the server has signed timestamps bug
. 2024-03-25 08:07:32.549 We will use UTF-8 strings until server sends an invalid UTF-8 string as with SFTP version 3 and older UTF-8 strings are not mandatory
. 2024-03-25 08:07:32.549 Limiting packet size to OpenSSH sftp-server limit of 262148 bytes
. 2024-03-25 08:07:32.549 Getting current directory name.
. 2024-03-25 08:07:32.549 Getting real path for '.'
> 2024-03-25 08:07:32.549 Type: SSH_FXP_REALPATH, Size: 10, Number: 16
< 2024-03-25 08:07:32.580 Type: SSH_FXP_NAME, Size: 39, Number: 16
. 2024-03-25 08:07:32.580 Real path is '/uniongas'
. 2024-03-25 08:07:32.580 Startup conversation with host finished.
< 2024-03-25 08:07:32.580 Script: Sessione avviata.
< 2024-03-25 08:07:32.580 Script: Sessione attiva: [1] uniongas@sftp.sandsiv.com
> 2024-03-25 08:07:32.580 Script: cd /uniongas/InputFiles
. 2024-03-25 08:07:32.580 Cached directory change via "/uniongas/InputFiles" to "/uniongas/InputFiles".
. 2024-03-25 08:07:32.580 Getting current directory name.
< 2024-03-25 08:07:32.580 Script: /uniongas/InputFiles
> 2024-03-25 08:07:32.580 Script: ls
. 2024-03-25 08:07:32.580 Listing directory "/uniongas/InputFiles".
> 2024-03-25 08:07:32.580 Type: SSH_FXP_OPENDIR, Size: 29, Number: 267
< 2024-03-25 08:07:32.629 Type: SSH_FXP_HANDLE, Size: 13, Number: 267
> 2024-03-25 08:07:32.629 Type: SSH_FXP_READDIR, Size: 13, Number: 524
< 2024-03-25 08:07:32.674 Type: SSH_FXP_NAME, Size: 607, Number: 524
> 2024-03-25 08:07:32.674 Type: SSH_FXP_READDIR, Size: 13, Number: 780
< 2024-03-25 08:07:32.721 Type: SSH_FXP_STATUS, Size: 28, Number: 780
< 2024-03-25 08:07:32.721 Status code: 1
> 2024-03-25 08:07:32.721 Type: SSH_FXP_CLOSE, Size: 13, Number: 1028
. 2024-03-25 08:07:32.721 .;d;0;2024-03-25T07:07:28.000Z;4;"760" [760];"768" [768];rwxrwx---;0
. 2024-03-25 08:07:32.721 ..;d;0;2023-06-21T14:45:19.000Z;4;"760" [760];"768" [768];rwxrwx---;0
. 2024-03-25 08:07:32.721 switchin_240325.csv;-;452745;2024-03-25T08:06:18.000Z;4;"760" [760];"753" [753];rw-r--r--;0
. 2024-03-25 08:07:32.721 subentro_240325.csv;-;302835;2024-03-25T08:00:26.000Z;4;"760" [760];"753" [753];rw-r--r--;0
. 2024-03-25 08:07:32.721 voltura_240325.csv;-;45693;2024-03-25T08:07:01.000Z;4;"760" [760];"753" [753];rw-r--r--;0
< 2024-03-25 08:07:32.721 Script: drwxrwx---   2 760      768           4096 Mar 25  8:07:28 2024 .
< 2024-03-25 08:07:32.721 Script: drwxrwx---   5 760      768           4096 Jun 21 16:45:19 2023 ..
< 2024-03-25 08:07:32.721 Script: -rw-r--r--   1 760      753         452745 Mar 25  9:06:18 2024 switchin_240325.csv
< 2024-03-25 08:07:32.721 Script: -rw-r--r--   1 760      753         302835 Mar 25  9:00:26 2024 subentro_240325.csv
< 2024-03-25 08:07:32.721 Script: -rw-r--r--   1 760      753          45693 Mar 25  9:07:01 2024 voltura_240325.csv
> 2024-03-25 08:07:32.721 Script: close
. 2024-03-25 08:07:32.721 Closing connection.
. 2024-03-25 08:07:32.721 Sending special code: 1
. 2024-03-25 08:07:32.785 Session sent command exit status 0
. 2024-03-25 08:07:32.785 Main session channel closed
. 2024-03-25 08:07:32.785 All channels closed
